2020-02-05 12:48:19.611 parsl:592 Rank:0 [INFO]  Python version: 3.6.4 (default, Feb 10 2018, 20:32:45) 
[GCC 4.8.5 20150623 (Red Hat 4.8.5-16)]
2020-02-05 12:48:19.612 parsl:593 Rank:0 [INFO]  Debug logging: True
2020-02-05 12:48:19.612 parsl:594 Rank:0 [INFO]  Log dir: /home/users/ellenrichards/GRETA/runinfo/101/workers
2020-02-05 12:48:19.612 parsl:595 Rank:0 [INFO]  Manager ID: a5a0a0a1e7ba
2020-02-05 12:48:19.612 parsl:596 Rank:0 [INFO]  Block ID: 3
2020-02-05 12:48:19.612 parsl:597 Rank:0 [INFO]  cores_per_worker: 1.0
2020-02-05 12:48:19.612 parsl:598 Rank:0 [INFO]  mem_per_worker: None
2020-02-05 12:48:19.612 parsl:599 Rank:0 [INFO]  task_url: tcp://172.16.52.2:54991
2020-02-05 12:48:19.612 parsl:600 Rank:0 [INFO]  result_url: tcp://172.16.52.2:54613
2020-02-05 12:48:19.612 parsl:601 Rank:0 [INFO]  max_workers: inf
2020-02-05 12:48:19.612 parsl:602 Rank:0 [INFO]  poll_period: 10
2020-02-05 12:48:19.613 parsl:603 Rank:0 [INFO]  Prefetch capacity: 0
2020-02-05 12:48:19.613 parsl:108 Rank:0 [INFO]  Manager started
2020-02-05 12:48:19.614 parsl:122 Rank:0 [INFO]  Manager connected
2020-02-05 12:48:19.614 parsl:148 Rank:0 [INFO]  Manager will spawn 48 workers
2020-02-05 12:48:19.757 parsl:370 Rank:0 [DEBUG]  Manager synced with workers
2020-02-05 12:48:19.758 parsl:199 Rank:0 [INFO]  [TASK PULL THREAD] starting
2020-02-05 12:48:19.759 parsl:279 Rank:0 [DEBUG]  [RESULT_PUSH_THREAD] Starting thread
2020-02-05 12:48:19.759 parsl:315 Rank:0 [DEBUG]  [WORKER_WATCHDOG_THREAD] Starting thread
2020-02-05 12:48:19.759 parsl:282 Rank:0 [DEBUG]  [RESULT_PUSH_THREAD] push poll period: 0.01
2020-02-05 12:48:19.760 parsl:385 Rank:0 [INFO]  Loop start
2020-02-05 12:48:19.764 parsl:205 Rank:0 [DEBUG]  Sending registration message: b'{"parsl_v": "0.9.0", "python_v": "3.6.4", "worker_count": 48, "block_id": "3", "prefetch_capacity": 0, "max_capacity": 48, "os": "Linux", "hostname": "lettuce.blt.lclark.local", "dir": "/home/users/ellenrichards/GRETA", "cpu_count": 12, "total_memory": 540756623360, "reg_time": "2020-02-05 12:48:19"}'
2020-02-05 12:48:19.764 parsl:218 Rank:0 [DEBUG]  [TASK_PULL_THREAD] ready workers:3, pending tasks:0
2020-02-05 12:48:19.764 parsl:225 Rank:0 [DEBUG]  [TASK_PULL_THREAD] Requesting tasks: 3
2020-02-05 12:48:19.774 parsl:256 Rank:0 [DEBUG]  [TASK_PULL_THREAD] No incoming tasks
2020-02-05 12:48:19.774 parsl:218 Rank:0 [DEBUG]  [TASK_PULL_THREAD] ready workers:3, pending tasks:0
2020-02-05 12:48:19.774 parsl:225 Rank:0 [DEBUG]  [TASK_PULL_THREAD] Requesting tasks: 3
2020-02-05 12:48:19.795 parsl:256 Rank:0 [DEBUG]  [TASK_PULL_THREAD] No incoming tasks
2020-02-05 12:48:19.795 parsl:218 Rank:0 [DEBUG]  [TASK_PULL_THREAD] ready workers:3, pending tasks:0
2020-02-05 12:48:19.795 parsl:225 Rank:0 [DEBUG]  [TASK_PULL_THREAD] Requesting tasks: 3
2020-02-05 12:48:19.835 parsl:256 Rank:0 [DEBUG]  [TASK_PULL_THREAD] No incoming tasks
2020-02-05 12:48:19.835 parsl:218 Rank:0 [DEBUG]  [TASK_PULL_THREAD] ready workers:3, pending tasks:0
2020-02-05 12:48:19.835 parsl:225 Rank:0 [DEBUG]  [TASK_PULL_THREAD] Requesting tasks: 3
2020-02-05 12:48:19.915 parsl:256 Rank:0 [DEBUG]  [TASK_PULL_THREAD] No incoming tasks
2020-02-05 12:48:19.915 parsl:218 Rank:0 [DEBUG]  [TASK_PULL_THREAD] ready workers:48, pending tasks:0
2020-02-05 12:48:19.916 parsl:225 Rank:0 [DEBUG]  [TASK_PULL_THREAD] Requesting tasks: 48
2020-02-05 12:48:20.076 parsl:256 Rank:0 [DEBUG]  [TASK_PULL_THREAD] No incoming tasks
2020-02-05 12:48:20.076 parsl:218 Rank:0 [DEBUG]  [TASK_PULL_THREAD] ready workers:48, pending tasks:0
2020-02-05 12:48:20.076 parsl:225 Rank:0 [DEBUG]  [TASK_PULL_THREAD] Requesting tasks: 48
2020-02-05 12:48:20.397 parsl:256 Rank:0 [DEBUG]  [TASK_PULL_THREAD] No incoming tasks
2020-02-05 12:48:20.397 parsl:218 Rank:0 [DEBUG]  [TASK_PULL_THREAD] ready workers:48, pending tasks:0
2020-02-05 12:48:20.397 parsl:225 Rank:0 [DEBUG]  [TASK_PULL_THREAD] Requesting tasks: 48
2020-02-05 12:48:21.037 parsl:256 Rank:0 [DEBUG]  [TASK_PULL_THREAD] No incoming tasks
2020-02-05 12:48:21.038 parsl:218 Rank:0 [DEBUG]  [TASK_PULL_THREAD] ready workers:48, pending tasks:0
2020-02-05 12:48:21.038 parsl:225 Rank:0 [DEBUG]  [TASK_PULL_THREAD] Requesting tasks: 48
2020-02-05 12:48:22.319 parsl:256 Rank:0 [DEBUG]  [TASK_PULL_THREAD] No incoming tasks
2020-02-05 12:48:22.319 parsl:218 Rank:0 [DEBUG]  [TASK_PULL_THREAD] ready workers:48, pending tasks:0
2020-02-05 12:48:22.319 parsl:225 Rank:0 [DEBUG]  [TASK_PULL_THREAD] Requesting tasks: 48
2020-02-05 12:48:24.882 parsl:256 Rank:0 [DEBUG]  [TASK_PULL_THREAD] No incoming tasks
2020-02-05 12:48:24.883 parsl:218 Rank:0 [DEBUG]  [TASK_PULL_THREAD] ready workers:48, pending tasks:0
2020-02-05 12:48:24.883 parsl:225 Rank:0 [DEBUG]  [TASK_PULL_THREAD] Requesting tasks: 48
2020-02-05 12:48:30.009 parsl:256 Rank:0 [DEBUG]  [TASK_PULL_THREAD] No incoming tasks
2020-02-05 12:48:30.009 parsl:218 Rank:0 [DEBUG]  [TASK_PULL_THREAD] ready workers:48, pending tasks:0
2020-02-05 12:48:30.009 parsl:225 Rank:0 [DEBUG]  [TASK_PULL_THREAD] Requesting tasks: 48
2020-02-05 12:48:40.260 parsl:256 Rank:0 [DEBUG]  [TASK_PULL_THREAD] No incoming tasks
2020-02-05 12:48:40.260 parsl:218 Rank:0 [DEBUG]  [TASK_PULL_THREAD] ready workers:48, pending tasks:0
2020-02-05 12:48:40.261 parsl:225 Rank:0 [DEBUG]  [TASK_PULL_THREAD] Requesting tasks: 48
2020-02-05 12:49:00.753 parsl:256 Rank:0 [DEBUG]  [TASK_PULL_THREAD] No incoming tasks
2020-02-05 12:49:00.753 parsl:218 Rank:0 [DEBUG]  [TASK_PULL_THREAD] ready workers:48, pending tasks:0
2020-02-05 12:49:00.754 parsl:188 Rank:0 [DEBUG]  Return from heartbeat: None
2020-02-05 12:49:00.754 parsl:225 Rank:0 [DEBUG]  [TASK_PULL_THREAD] Requesting tasks: 48
2020-02-05 12:49:00.755 parsl:243 Rank:0 [DEBUG]  Got heartbeat from interchange
2020-02-05 12:49:00.755 parsl:218 Rank:0 [DEBUG]  [TASK_PULL_THREAD] ready workers:48, pending tasks:0
2020-02-05 12:49:00.756 parsl:225 Rank:0 [DEBUG]  [TASK_PULL_THREAD] Requesting tasks: 48
2020-02-05 12:49:00.756 parsl:256 Rank:0 [DEBUG]  [TASK_PULL_THREAD] No incoming tasks
2020-02-05 12:49:00.756 parsl:218 Rank:0 [DEBUG]  [TASK_PULL_THREAD] ready workers:48, pending tasks:0
2020-02-05 12:49:00.756 parsl:225 Rank:0 [DEBUG]  [TASK_PULL_THREAD] Requesting tasks: 48
2020-02-05 12:49:00.776 parsl:256 Rank:0 [DEBUG]  [TASK_PULL_THREAD] No incoming tasks
2020-02-05 12:49:00.776 parsl:218 Rank:0 [DEBUG]  [TASK_PULL_THREAD] ready workers:48, pending tasks:0
2020-02-05 12:49:00.776 parsl:225 Rank:0 [DEBUG]  [TASK_PULL_THREAD] Requesting tasks: 48
2020-02-05 12:49:00.817 parsl:256 Rank:0 [DEBUG]  [TASK_PULL_THREAD] No incoming tasks
2020-02-05 12:49:00.817 parsl:218 Rank:0 [DEBUG]  [TASK_PULL_THREAD] ready workers:48, pending tasks:0
2020-02-05 12:49:00.817 parsl:225 Rank:0 [DEBUG]  [TASK_PULL_THREAD] Requesting tasks: 48
2020-02-05 12:49:00.897 parsl:256 Rank:0 [DEBUG]  [TASK_PULL_THREAD] No incoming tasks
2020-02-05 12:49:00.897 parsl:218 Rank:0 [DEBUG]  [TASK_PULL_THREAD] ready workers:48, pending tasks:0
2020-02-05 12:49:00.897 parsl:225 Rank:0 [DEBUG]  [TASK_PULL_THREAD] Requesting tasks: 48
2020-02-05 12:49:01.058 parsl:256 Rank:0 [DEBUG]  [TASK_PULL_THREAD] No incoming tasks
2020-02-05 12:49:01.058 parsl:218 Rank:0 [DEBUG]  [TASK_PULL_THREAD] ready workers:48, pending tasks:0
2020-02-05 12:49:01.058 parsl:225 Rank:0 [DEBUG]  [TASK_PULL_THREAD] Requesting tasks: 48
2020-02-05 12:49:01.379 parsl:256 Rank:0 [DEBUG]  [TASK_PULL_THREAD] No incoming tasks
2020-02-05 12:49:01.379 parsl:218 Rank:0 [DEBUG]  [TASK_PULL_THREAD] ready workers:48, pending tasks:0
2020-02-05 12:49:01.379 parsl:225 Rank:0 [DEBUG]  [TASK_PULL_THREAD] Requesting tasks: 48
2020-02-05 12:49:02.020 parsl:256 Rank:0 [DEBUG]  [TASK_PULL_THREAD] No incoming tasks
2020-02-05 12:49:02.020 parsl:218 Rank:0 [DEBUG]  [TASK_PULL_THREAD] ready workers:48, pending tasks:0
2020-02-05 12:49:02.020 parsl:225 Rank:0 [DEBUG]  [TASK_PULL_THREAD] Requesting tasks: 48
2020-02-05 12:49:03.302 parsl:256 Rank:0 [DEBUG]  [TASK_PULL_THREAD] No incoming tasks
2020-02-05 12:49:03.302 parsl:218 Rank:0 [DEBUG]  [TASK_PULL_THREAD] ready workers:48, pending tasks:0
2020-02-05 12:49:03.302 parsl:225 Rank:0 [DEBUG]  [TASK_PULL_THREAD] Requesting tasks: 48
2020-02-05 12:49:05.865 parsl:256 Rank:0 [DEBUG]  [TASK_PULL_THREAD] No incoming tasks
2020-02-05 12:49:05.865 parsl:218 Rank:0 [DEBUG]  [TASK_PULL_THREAD] ready workers:48, pending tasks:0
2020-02-05 12:49:05.865 parsl:225 Rank:0 [DEBUG]  [TASK_PULL_THREAD] Requesting tasks: 48
2020-02-05 12:49:10.990 parsl:256 Rank:0 [DEBUG]  [TASK_PULL_THREAD] No incoming tasks
2020-02-05 12:49:10.990 parsl:218 Rank:0 [DEBUG]  [TASK_PULL_THREAD] ready workers:48, pending tasks:0
2020-02-05 12:49:10.990 parsl:225 Rank:0 [DEBUG]  [TASK_PULL_THREAD] Requesting tasks: 48
2020-02-05 12:49:21.241 parsl:256 Rank:0 [DEBUG]  [TASK_PULL_THREAD] No incoming tasks
2020-02-05 12:49:21.241 parsl:218 Rank:0 [DEBUG]  [TASK_PULL_THREAD] ready workers:48, pending tasks:0
2020-02-05 12:49:21.242 parsl:225 Rank:0 [DEBUG]  [TASK_PULL_THREAD] Requesting tasks: 48
2020-02-05 12:49:41.740 parsl:256 Rank:0 [DEBUG]  [TASK_PULL_THREAD] No incoming tasks
2020-02-05 12:49:41.741 parsl:218 Rank:0 [DEBUG]  [TASK_PULL_THREAD] ready workers:48, pending tasks:0
2020-02-05 12:49:41.742 parsl:188 Rank:0 [DEBUG]  Return from heartbeat: None
2020-02-05 12:49:41.742 parsl:225 Rank:0 [DEBUG]  [TASK_PULL_THREAD] Requesting tasks: 48
2020-02-05 12:49:41.742 parsl:243 Rank:0 [DEBUG]  Got heartbeat from interchange
2020-02-05 12:49:41.743 parsl:218 Rank:0 [DEBUG]  [TASK_PULL_THREAD] ready workers:48, pending tasks:0
2020-02-05 12:49:41.743 parsl:225 Rank:0 [DEBUG]  [TASK_PULL_THREAD] Requesting tasks: 48
2020-02-05 12:49:41.743 parsl:256 Rank:0 [DEBUG]  [TASK_PULL_THREAD] No incoming tasks
2020-02-05 12:49:41.743 parsl:218 Rank:0 [DEBUG]  [TASK_PULL_THREAD] ready workers:48, pending tasks:0
2020-02-05 12:49:41.743 parsl:225 Rank:0 [DEBUG]  [TASK_PULL_THREAD] Requesting tasks: 48
2020-02-05 12:49:41.763 parsl:256 Rank:0 [DEBUG]  [TASK_PULL_THREAD] No incoming tasks
2020-02-05 12:49:41.763 parsl:218 Rank:0 [DEBUG]  [TASK_PULL_THREAD] ready workers:48, pending tasks:0
2020-02-05 12:49:41.764 parsl:225 Rank:0 [DEBUG]  [TASK_PULL_THREAD] Requesting tasks: 48
2020-02-05 12:49:41.804 parsl:256 Rank:0 [DEBUG]  [TASK_PULL_THREAD] No incoming tasks
2020-02-05 12:49:41.804 parsl:218 Rank:0 [DEBUG]  [TASK_PULL_THREAD] ready workers:48, pending tasks:0
2020-02-05 12:49:41.804 parsl:225 Rank:0 [DEBUG]  [TASK_PULL_THREAD] Requesting tasks: 48
2020-02-05 12:49:41.884 parsl:256 Rank:0 [DEBUG]  [TASK_PULL_THREAD] No incoming tasks
2020-02-05 12:49:41.885 parsl:218 Rank:0 [DEBUG]  [TASK_PULL_THREAD] ready workers:48, pending tasks:0
2020-02-05 12:49:41.885 parsl:225 Rank:0 [DEBUG]  [TASK_PULL_THREAD] Requesting tasks: 48
2020-02-05 12:49:42.045 parsl:256 Rank:0 [DEBUG]  [TASK_PULL_THREAD] No incoming tasks
2020-02-05 12:49:42.045 parsl:218 Rank:0 [DEBUG]  [TASK_PULL_THREAD] ready workers:48, pending tasks:0
2020-02-05 12:49:42.045 parsl:225 Rank:0 [DEBUG]  [TASK_PULL_THREAD] Requesting tasks: 48
2020-02-05 12:49:42.366 parsl:256 Rank:0 [DEBUG]  [TASK_PULL_THREAD] No incoming tasks
2020-02-05 12:49:42.366 parsl:218 Rank:0 [DEBUG]  [TASK_PULL_THREAD] ready workers:48, pending tasks:0
2020-02-05 12:49:42.366 parsl:225 Rank:0 [DEBUG]  [TASK_PULL_THREAD] Requesting tasks: 48
2020-02-05 12:49:43.007 parsl:256 Rank:0 [DEBUG]  [TASK_PULL_THREAD] No incoming tasks
2020-02-05 12:49:43.007 parsl:218 Rank:0 [DEBUG]  [TASK_PULL_THREAD] ready workers:48, pending tasks:0
2020-02-05 12:49:43.007 parsl:225 Rank:0 [DEBUG]  [TASK_PULL_THREAD] Requesting tasks: 48
2020-02-05 12:49:44.289 parsl:256 Rank:0 [DEBUG]  [TASK_PULL_THREAD] No incoming tasks
2020-02-05 12:49:44.289 parsl:218 Rank:0 [DEBUG]  [TASK_PULL_THREAD] ready workers:48, pending tasks:0
2020-02-05 12:49:44.289 parsl:225 Rank:0 [DEBUG]  [TASK_PULL_THREAD] Requesting tasks: 48
2020-02-05 12:49:46.852 parsl:256 Rank:0 [DEBUG]  [TASK_PULL_THREAD] No incoming tasks
2020-02-05 12:49:46.852 parsl:218 Rank:0 [DEBUG]  [TASK_PULL_THREAD] ready workers:48, pending tasks:0
2020-02-05 12:49:46.852 parsl:225 Rank:0 [DEBUG]  [TASK_PULL_THREAD] Requesting tasks: 48
2020-02-05 12:49:51.979 parsl:256 Rank:0 [DEBUG]  [TASK_PULL_THREAD] No incoming tasks
2020-02-05 12:49:51.981 parsl:218 Rank:0 [DEBUG]  [TASK_PULL_THREAD] ready workers:48, pending tasks:0
2020-02-05 12:49:51.981 parsl:225 Rank:0 [DEBUG]  [TASK_PULL_THREAD] Requesting tasks: 48
2020-02-05 12:50:02.229 parsl:256 Rank:0 [DEBUG]  [TASK_PULL_THREAD] No incoming tasks
2020-02-05 12:50:02.229 parsl:218 Rank:0 [DEBUG]  [TASK_PULL_THREAD] ready workers:48, pending tasks:0
2020-02-05 12:50:02.230 parsl:225 Rank:0 [DEBUG]  [TASK_PULL_THREAD] Requesting tasks: 48
2020-02-05 12:50:22.721 parsl:256 Rank:0 [DEBUG]  [TASK_PULL_THREAD] No incoming tasks
2020-02-05 12:50:22.722 parsl:218 Rank:0 [DEBUG]  [TASK_PULL_THREAD] ready workers:48, pending tasks:0
2020-02-05 12:50:22.722 parsl:188 Rank:0 [DEBUG]  Return from heartbeat: None
2020-02-05 12:50:22.722 parsl:225 Rank:0 [DEBUG]  [TASK_PULL_THREAD] Requesting tasks: 48
2020-02-05 12:50:22.723 parsl:243 Rank:0 [DEBUG]  Got heartbeat from interchange
2020-02-05 12:50:22.723 parsl:218 Rank:0 [DEBUG]  [TASK_PULL_THREAD] ready workers:48, pending tasks:0
2020-02-05 12:50:22.723 parsl:225 Rank:0 [DEBUG]  [TASK_PULL_THREAD] Requesting tasks: 48
2020-02-05 12:50:22.724 parsl:256 Rank:0 [DEBUG]  [TASK_PULL_THREAD] No incoming tasks
2020-02-05 12:50:22.724 parsl:218 Rank:0 [DEBUG]  [TASK_PULL_THREAD] ready workers:48, pending tasks:0
2020-02-05 12:50:22.724 parsl:225 Rank:0 [DEBUG]  [TASK_PULL_THREAD] Requesting tasks: 48
2020-02-05 12:50:22.744 parsl:256 Rank:0 [DEBUG]  [TASK_PULL_THREAD] No incoming tasks
2020-02-05 12:50:22.744 parsl:218 Rank:0 [DEBUG]  [TASK_PULL_THREAD] ready workers:48, pending tasks:0
2020-02-05 12:50:22.744 parsl:225 Rank:0 [DEBUG]  [TASK_PULL_THREAD] Requesting tasks: 48
2020-02-05 12:50:22.785 parsl:256 Rank:0 [DEBUG]  [TASK_PULL_THREAD] No incoming tasks
2020-02-05 12:50:22.785 parsl:218 Rank:0 [DEBUG]  [TASK_PULL_THREAD] ready workers:48, pending tasks:0
2020-02-05 12:50:22.785 parsl:225 Rank:0 [DEBUG]  [TASK_PULL_THREAD] Requesting tasks: 48
2020-02-05 12:50:22.865 parsl:256 Rank:0 [DEBUG]  [TASK_PULL_THREAD] No incoming tasks
2020-02-05 12:50:22.865 parsl:218 Rank:0 [DEBUG]  [TASK_PULL_THREAD] ready workers:48, pending tasks:0
2020-02-05 12:50:22.865 parsl:225 Rank:0 [DEBUG]  [TASK_PULL_THREAD] Requesting tasks: 48
2020-02-05 12:50:23.026 parsl:256 Rank:0 [DEBUG]  [TASK_PULL_THREAD] No incoming tasks
2020-02-05 12:50:23.026 parsl:218 Rank:0 [DEBUG]  [TASK_PULL_THREAD] ready workers:48, pending tasks:0
2020-02-05 12:50:23.026 parsl:225 Rank:0 [DEBUG]  [TASK_PULL_THREAD] Requesting tasks: 48
2020-02-05 12:50:23.347 parsl:256 Rank:0 [DEBUG]  [TASK_PULL_THREAD] No incoming tasks
2020-02-05 12:50:23.347 parsl:218 Rank:0 [DEBUG]  [TASK_PULL_THREAD] ready workers:48, pending tasks:0
2020-02-05 12:50:23.347 parsl:225 Rank:0 [DEBUG]  [TASK_PULL_THREAD] Requesting tasks: 48
2020-02-05 12:50:23.988 parsl:256 Rank:0 [DEBUG]  [TASK_PULL_THREAD] No incoming tasks
2020-02-05 12:50:23.988 parsl:218 Rank:0 [DEBUG]  [TASK_PULL_THREAD] ready workers:48, pending tasks:0
2020-02-05 12:50:23.988 parsl:225 Rank:0 [DEBUG]  [TASK_PULL_THREAD] Requesting tasks: 48
2020-02-05 12:50:25.270 parsl:256 Rank:0 [DEBUG]  [TASK_PULL_THREAD] No incoming tasks
2020-02-05 12:50:25.270 parsl:218 Rank:0 [DEBUG]  [TASK_PULL_THREAD] ready workers:48, pending tasks:0
2020-02-05 12:50:25.270 parsl:225 Rank:0 [DEBUG]  [TASK_PULL_THREAD] Requesting tasks: 48
2020-02-05 12:50:27.830 parsl:256 Rank:0 [DEBUG]  [TASK_PULL_THREAD] No incoming tasks
2020-02-05 12:50:27.831 parsl:218 Rank:0 [DEBUG]  [TASK_PULL_THREAD] ready workers:48, pending tasks:0
2020-02-05 12:50:27.831 parsl:225 Rank:0 [DEBUG]  [TASK_PULL_THREAD] Requesting tasks: 48
2020-02-05 12:50:32.951 parsl:256 Rank:0 [DEBUG]  [TASK_PULL_THREAD] No incoming tasks
2020-02-05 12:50:32.951 parsl:218 Rank:0 [DEBUG]  [TASK_PULL_THREAD] ready workers:48, pending tasks:0
2020-02-05 12:50:32.952 parsl:225 Rank:0 [DEBUG]  [TASK_PULL_THREAD] Requesting tasks: 48
2020-02-05 12:50:43.202 parsl:256 Rank:0 [DEBUG]  [TASK_PULL_THREAD] No incoming tasks
2020-02-05 12:50:43.203 parsl:218 Rank:0 [DEBUG]  [TASK_PULL_THREAD] ready workers:48, pending tasks:0
2020-02-05 12:50:43.203 parsl:225 Rank:0 [DEBUG]  [TASK_PULL_THREAD] Requesting tasks: 48
2020-02-05 12:51:03.700 parsl:256 Rank:0 [DEBUG]  [TASK_PULL_THREAD] No incoming tasks
2020-02-05 12:51:03.700 parsl:218 Rank:0 [DEBUG]  [TASK_PULL_THREAD] ready workers:48, pending tasks:0
2020-02-05 12:51:03.700 parsl:188 Rank:0 [DEBUG]  Return from heartbeat: None
2020-02-05 12:51:03.701 parsl:225 Rank:0 [DEBUG]  [TASK_PULL_THREAD] Requesting tasks: 48
2020-02-05 12:51:03.703 parsl:243 Rank:0 [DEBUG]  Got heartbeat from interchange
2020-02-05 12:51:03.703 parsl:218 Rank:0 [DEBUG]  [TASK_PULL_THREAD] ready workers:48, pending tasks:0
2020-02-05 12:51:03.703 parsl:225 Rank:0 [DEBUG]  [TASK_PULL_THREAD] Requesting tasks: 48
2020-02-05 12:51:03.703 parsl:256 Rank:0 [DEBUG]  [TASK_PULL_THREAD] No incoming tasks
2020-02-05 12:51:03.703 parsl:218 Rank:0 [DEBUG]  [TASK_PULL_THREAD] ready workers:48, pending tasks:0
2020-02-05 12:51:03.703 parsl:225 Rank:0 [DEBUG]  [TASK_PULL_THREAD] Requesting tasks: 48
2020-02-05 12:51:03.723 parsl:256 Rank:0 [DEBUG]  [TASK_PULL_THREAD] No incoming tasks
2020-02-05 12:51:03.724 parsl:218 Rank:0 [DEBUG]  [TASK_PULL_THREAD] ready workers:48, pending tasks:0
2020-02-05 12:51:03.724 parsl:225 Rank:0 [DEBUG]  [TASK_PULL_THREAD] Requesting tasks: 48
2020-02-05 12:51:03.764 parsl:256 Rank:0 [DEBUG]  [TASK_PULL_THREAD] No incoming tasks
2020-02-05 12:51:03.764 parsl:218 Rank:0 [DEBUG]  [TASK_PULL_THREAD] ready workers:48, pending tasks:0
2020-02-05 12:51:03.764 parsl:225 Rank:0 [DEBUG]  [TASK_PULL_THREAD] Requesting tasks: 48
2020-02-05 12:51:03.845 parsl:256 Rank:0 [DEBUG]  [TASK_PULL_THREAD] No incoming tasks
2020-02-05 12:51:03.845 parsl:218 Rank:0 [DEBUG]  [TASK_PULL_THREAD] ready workers:48, pending tasks:0
2020-02-05 12:51:03.845 parsl:225 Rank:0 [DEBUG]  [TASK_PULL_THREAD] Requesting tasks: 48
2020-02-05 12:51:04.005 parsl:256 Rank:0 [DEBUG]  [TASK_PULL_THREAD] No incoming tasks
2020-02-05 12:51:04.005 parsl:218 Rank:0 [DEBUG]  [TASK_PULL_THREAD] ready workers:48, pending tasks:0
2020-02-05 12:51:04.006 parsl:225 Rank:0 [DEBUG]  [TASK_PULL_THREAD] Requesting tasks: 48
2020-02-05 12:51:04.326 parsl:256 Rank:0 [DEBUG]  [TASK_PULL_THREAD] No incoming tasks
2020-02-05 12:51:04.326 parsl:218 Rank:0 [DEBUG]  [TASK_PULL_THREAD] ready workers:48, pending tasks:0
2020-02-05 12:51:04.326 parsl:225 Rank:0 [DEBUG]  [TASK_PULL_THREAD] Requesting tasks: 48
2020-02-05 12:51:04.967 parsl:256 Rank:0 [DEBUG]  [TASK_PULL_THREAD] No incoming tasks
2020-02-05 12:51:04.967 parsl:218 Rank:0 [DEBUG]  [TASK_PULL_THREAD] ready workers:48, pending tasks:0
2020-02-05 12:51:04.967 parsl:225 Rank:0 [DEBUG]  [TASK_PULL_THREAD] Requesting tasks: 48
2020-02-05 12:51:06.249 parsl:256 Rank:0 [DEBUG]  [TASK_PULL_THREAD] No incoming tasks
2020-02-05 12:51:06.249 parsl:218 Rank:0 [DEBUG]  [TASK_PULL_THREAD] ready workers:48, pending tasks:0
2020-02-05 12:51:06.249 parsl:225 Rank:0 [DEBUG]  [TASK_PULL_THREAD] Requesting tasks: 48
2020-02-05 12:51:08.812 parsl:256 Rank:0 [DEBUG]  [TASK_PULL_THREAD] No incoming tasks
2020-02-05 12:51:08.812 parsl:218 Rank:0 [DEBUG]  [TASK_PULL_THREAD] ready workers:48, pending tasks:0
2020-02-05 12:51:08.812 parsl:225 Rank:0 [DEBUG]  [TASK_PULL_THREAD] Requesting tasks: 48
2020-02-05 12:51:13.938 parsl:256 Rank:0 [DEBUG]  [TASK_PULL_THREAD] No incoming tasks
2020-02-05 12:51:13.938 parsl:218 Rank:0 [DEBUG]  [TASK_PULL_THREAD] ready workers:48, pending tasks:0
2020-02-05 12:51:13.938 parsl:225 Rank:0 [DEBUG]  [TASK_PULL_THREAD] Requesting tasks: 48
2020-02-05 12:51:24.182 parsl:256 Rank:0 [DEBUG]  [TASK_PULL_THREAD] No incoming tasks
2020-02-05 12:51:24.182 parsl:218 Rank:0 [DEBUG]  [TASK_PULL_THREAD] ready workers:48, pending tasks:0
2020-02-05 12:51:24.183 parsl:225 Rank:0 [DEBUG]  [TASK_PULL_THREAD] Requesting tasks: 48
2020-02-05 12:51:44.684 parsl:256 Rank:0 [DEBUG]  [TASK_PULL_THREAD] No incoming tasks
2020-02-05 12:51:44.684 parsl:218 Rank:0 [DEBUG]  [TASK_PULL_THREAD] ready workers:48, pending tasks:0
2020-02-05 12:51:44.685 parsl:188 Rank:0 [DEBUG]  Return from heartbeat: None
2020-02-05 12:51:44.685 parsl:225 Rank:0 [DEBUG]  [TASK_PULL_THREAD] Requesting tasks: 48
2020-02-05 12:51:44.687 parsl:243 Rank:0 [DEBUG]  Got heartbeat from interchange
2020-02-05 12:51:44.687 parsl:218 Rank:0 [DEBUG]  [TASK_PULL_THREAD] ready workers:48, pending tasks:0
2020-02-05 12:51:44.687 parsl:225 Rank:0 [DEBUG]  [TASK_PULL_THREAD] Requesting tasks: 48
2020-02-05 12:51:44.687 parsl:256 Rank:0 [DEBUG]  [TASK_PULL_THREAD] No incoming tasks
2020-02-05 12:51:44.687 parsl:218 Rank:0 [DEBUG]  [TASK_PULL_THREAD] ready workers:48, pending tasks:0
2020-02-05 12:51:44.687 parsl:225 Rank:0 [DEBUG]  [TASK_PULL_THREAD] Requesting tasks: 48
2020-02-05 12:51:44.708 parsl:256 Rank:0 [DEBUG]  [TASK_PULL_THREAD] No incoming tasks
2020-02-05 12:51:44.708 parsl:218 Rank:0 [DEBUG]  [TASK_PULL_THREAD] ready workers:48, pending tasks:0
2020-02-05 12:51:44.708 parsl:225 Rank:0 [DEBUG]  [TASK_PULL_THREAD] Requesting tasks: 48
2020-02-05 12:51:44.748 parsl:256 Rank:0 [DEBUG]  [TASK_PULL_THREAD] No incoming tasks
2020-02-05 12:51:44.748 parsl:218 Rank:0 [DEBUG]  [TASK_PULL_THREAD] ready workers:48, pending tasks:0
2020-02-05 12:51:44.748 parsl:225 Rank:0 [DEBUG]  [TASK_PULL_THREAD] Requesting tasks: 48
2020-02-05 12:51:44.829 parsl:256 Rank:0 [DEBUG]  [TASK_PULL_THREAD] No incoming tasks
2020-02-05 12:51:44.829 parsl:218 Rank:0 [DEBUG]  [TASK_PULL_THREAD] ready workers:48, pending tasks:0
2020-02-05 12:51:44.829 parsl:225 Rank:0 [DEBUG]  [TASK_PULL_THREAD] Requesting tasks: 48
2020-02-05 12:51:44.989 parsl:256 Rank:0 [DEBUG]  [TASK_PULL_THREAD] No incoming tasks
2020-02-05 12:51:44.990 parsl:218 Rank:0 [DEBUG]  [TASK_PULL_THREAD] ready workers:48, pending tasks:0
2020-02-05 12:51:44.990 parsl:225 Rank:0 [DEBUG]  [TASK_PULL_THREAD] Requesting tasks: 48
2020-02-05 12:51:45.310 parsl:256 Rank:0 [DEBUG]  [TASK_PULL_THREAD] No incoming tasks
2020-02-05 12:51:45.311 parsl:218 Rank:0 [DEBUG]  [TASK_PULL_THREAD] ready workers:48, pending tasks:0
2020-02-05 12:51:45.311 parsl:225 Rank:0 [DEBUG]  [TASK_PULL_THREAD] Requesting tasks: 48
2020-02-05 12:51:45.952 parsl:256 Rank:0 [DEBUG]  [TASK_PULL_THREAD] No incoming tasks
2020-02-05 12:51:45.952 parsl:218 Rank:0 [DEBUG]  [TASK_PULL_THREAD] ready workers:48, pending tasks:0
2020-02-05 12:51:45.952 parsl:225 Rank:0 [DEBUG]  [TASK_PULL_THREAD] Requesting tasks: 48
2020-02-05 12:51:47.233 parsl:256 Rank:0 [DEBUG]  [TASK_PULL_THREAD] No incoming tasks
2020-02-05 12:51:47.234 parsl:218 Rank:0 [DEBUG]  [TASK_PULL_THREAD] ready workers:48, pending tasks:0
2020-02-05 12:51:47.234 parsl:225 Rank:0 [DEBUG]  [TASK_PULL_THREAD] Requesting tasks: 48
2020-02-05 12:51:49.796 parsl:256 Rank:0 [DEBUG]  [TASK_PULL_THREAD] No incoming tasks
2020-02-05 12:51:49.797 parsl:218 Rank:0 [DEBUG]  [TASK_PULL_THREAD] ready workers:48, pending tasks:0
2020-02-05 12:51:49.797 parsl:225 Rank:0 [DEBUG]  [TASK_PULL_THREAD] Requesting tasks: 48
2020-02-05 12:51:54.922 parsl:256 Rank:0 [DEBUG]  [TASK_PULL_THREAD] No incoming tasks
2020-02-05 12:51:54.922 parsl:218 Rank:0 [DEBUG]  [TASK_PULL_THREAD] ready workers:48, pending tasks:0
2020-02-05 12:51:54.922 parsl:225 Rank:0 [DEBUG]  [TASK_PULL_THREAD] Requesting tasks: 48
2020-02-05 12:52:05.172 parsl:256 Rank:0 [DEBUG]  [TASK_PULL_THREAD] No incoming tasks
2020-02-05 12:52:05.173 parsl:218 Rank:0 [DEBUG]  [TASK_PULL_THREAD] ready workers:48, pending tasks:0
2020-02-05 12:52:05.173 parsl:225 Rank:0 [DEBUG]  [TASK_PULL_THREAD] Requesting tasks: 48
2020-02-05 12:52:25.664 parsl:256 Rank:0 [DEBUG]  [TASK_PULL_THREAD] No incoming tasks
2020-02-05 12:52:25.665 parsl:218 Rank:0 [DEBUG]  [TASK_PULL_THREAD] ready workers:48, pending tasks:0
2020-02-05 12:52:25.665 parsl:188 Rank:0 [DEBUG]  Return from heartbeat: None
2020-02-05 12:52:25.665 parsl:225 Rank:0 [DEBUG]  [TASK_PULL_THREAD] Requesting tasks: 48
2020-02-05 12:52:25.666 parsl:243 Rank:0 [DEBUG]  Got heartbeat from interchange
2020-02-05 12:52:25.666 parsl:218 Rank:0 [DEBUG]  [TASK_PULL_THREAD] ready workers:48, pending tasks:0
2020-02-05 12:52:25.666 parsl:225 Rank:0 [DEBUG]  [TASK_PULL_THREAD] Requesting tasks: 48
2020-02-05 12:52:25.666 parsl:256 Rank:0 [DEBUG]  [TASK_PULL_THREAD] No incoming tasks
2020-02-05 12:52:25.666 parsl:218 Rank:0 [DEBUG]  [TASK_PULL_THREAD] ready workers:48, pending tasks:0
2020-02-05 12:52:25.666 parsl:225 Rank:0 [DEBUG]  [TASK_PULL_THREAD] Requesting tasks: 48
2020-02-05 12:52:25.686 parsl:256 Rank:0 [DEBUG]  [TASK_PULL_THREAD] No incoming tasks
2020-02-05 12:52:25.687 parsl:218 Rank:0 [DEBUG]  [TASK_PULL_THREAD] ready workers:48, pending tasks:0
2020-02-05 12:52:25.687 parsl:225 Rank:0 [DEBUG]  [TASK_PULL_THREAD] Requesting tasks: 48
2020-02-05 12:52:25.727 parsl:256 Rank:0 [DEBUG]  [TASK_PULL_THREAD] No incoming tasks
2020-02-05 12:52:25.727 parsl:218 Rank:0 [DEBUG]  [TASK_PULL_THREAD] ready workers:48, pending tasks:0
2020-02-05 12:52:25.727 parsl:225 Rank:0 [DEBUG]  [TASK_PULL_THREAD] Requesting tasks: 48
2020-02-05 12:52:25.808 parsl:256 Rank:0 [DEBUG]  [TASK_PULL_THREAD] No incoming tasks
2020-02-05 12:52:25.808 parsl:218 Rank:0 [DEBUG]  [TASK_PULL_THREAD] ready workers:48, pending tasks:0
2020-02-05 12:52:25.808 parsl:225 Rank:0 [DEBUG]  [TASK_PULL_THREAD] Requesting tasks: 48
2020-02-05 12:52:25.968 parsl:256 Rank:0 [DEBUG]  [TASK_PULL_THREAD] No incoming tasks
2020-02-05 12:52:25.968 parsl:218 Rank:0 [DEBUG]  [TASK_PULL_THREAD] ready workers:48, pending tasks:0
2020-02-05 12:52:25.969 parsl:225 Rank:0 [DEBUG]  [TASK_PULL_THREAD] Requesting tasks: 48
2020-02-05 12:52:26.289 parsl:256 Rank:0 [DEBUG]  [TASK_PULL_THREAD] No incoming tasks
2020-02-05 12:52:26.289 parsl:218 Rank:0 [DEBUG]  [TASK_PULL_THREAD] ready workers:48, pending tasks:0
2020-02-05 12:52:26.289 parsl:225 Rank:0 [DEBUG]  [TASK_PULL_THREAD] Requesting tasks: 48
2020-02-05 12:52:26.930 parsl:256 Rank:0 [DEBUG]  [TASK_PULL_THREAD] No incoming tasks
2020-02-05 12:52:26.931 parsl:218 Rank:0 [DEBUG]  [TASK_PULL_THREAD] ready workers:48, pending tasks:0
2020-02-05 12:52:26.931 parsl:225 Rank:0 [DEBUG]  [TASK_PULL_THREAD] Requesting tasks: 48
2020-02-05 12:52:28.212 parsl:256 Rank:0 [DEBUG]  [TASK_PULL_THREAD] No incoming tasks
2020-02-05 12:52:28.212 parsl:218 Rank:0 [DEBUG]  [TASK_PULL_THREAD] ready workers:48, pending tasks:0
2020-02-05 12:52:28.212 parsl:225 Rank:0 [DEBUG]  [TASK_PULL_THREAD] Requesting tasks: 48
2020-02-05 12:52:30.775 parsl:256 Rank:0 [DEBUG]  [TASK_PULL_THREAD] No incoming tasks
2020-02-05 12:52:30.775 parsl:218 Rank:0 [DEBUG]  [TASK_PULL_THREAD] ready workers:48, pending tasks:0
2020-02-05 12:52:30.776 parsl:225 Rank:0 [DEBUG]  [TASK_PULL_THREAD] Requesting tasks: 48
2020-02-05 12:52:35.901 parsl:256 Rank:0 [DEBUG]  [TASK_PULL_THREAD] No incoming tasks
2020-02-05 12:52:35.901 parsl:218 Rank:0 [DEBUG]  [TASK_PULL_THREAD] ready workers:48, pending tasks:0
2020-02-05 12:52:35.901 parsl:225 Rank:0 [DEBUG]  [TASK_PULL_THREAD] Requesting tasks: 48
2020-02-05 12:52:46.152 parsl:256 Rank:0 [DEBUG]  [TASK_PULL_THREAD] No incoming tasks
2020-02-05 12:52:46.152 parsl:218 Rank:0 [DEBUG]  [TASK_PULL_THREAD] ready workers:48, pending tasks:0
2020-02-05 12:52:46.153 parsl:225 Rank:0 [DEBUG]  [TASK_PULL_THREAD] Requesting tasks: 48
2020-02-05 12:53:06.643 parsl:256 Rank:0 [DEBUG]  [TASK_PULL_THREAD] No incoming tasks
2020-02-05 12:53:06.643 parsl:218 Rank:0 [DEBUG]  [TASK_PULL_THREAD] ready workers:48, pending tasks:0
2020-02-05 12:53:06.643 parsl:188 Rank:0 [DEBUG]  Return from heartbeat: None
2020-02-05 12:53:06.644 parsl:225 Rank:0 [DEBUG]  [TASK_PULL_THREAD] Requesting tasks: 48
2020-02-05 12:53:06.644 parsl:243 Rank:0 [DEBUG]  Got heartbeat from interchange
2020-02-05 12:53:06.644 parsl:218 Rank:0 [DEBUG]  [TASK_PULL_THREAD] ready workers:48, pending tasks:0
2020-02-05 12:53:06.644 parsl:225 Rank:0 [DEBUG]  [TASK_PULL_THREAD] Requesting tasks: 48
2020-02-05 12:53:06.644 parsl:256 Rank:0 [DEBUG]  [TASK_PULL_THREAD] No incoming tasks
2020-02-05 12:53:06.645 parsl:218 Rank:0 [DEBUG]  [TASK_PULL_THREAD] ready workers:48, pending tasks:0
2020-02-05 12:53:06.645 parsl:225 Rank:0 [DEBUG]  [TASK_PULL_THREAD] Requesting tasks: 48
2020-02-05 12:53:06.665 parsl:256 Rank:0 [DEBUG]  [TASK_PULL_THREAD] No incoming tasks
2020-02-05 12:53:06.665 parsl:218 Rank:0 [DEBUG]  [TASK_PULL_THREAD] ready workers:48, pending tasks:0
2020-02-05 12:53:06.665 parsl:225 Rank:0 [DEBUG]  [TASK_PULL_THREAD] Requesting tasks: 48
2020-02-05 12:53:06.705 parsl:256 Rank:0 [DEBUG]  [TASK_PULL_THREAD] No incoming tasks
2020-02-05 12:53:06.706 parsl:218 Rank:0 [DEBUG]  [TASK_PULL_THREAD] ready workers:48, pending tasks:0
2020-02-05 12:53:06.706 parsl:225 Rank:0 [DEBUG]  [TASK_PULL_THREAD] Requesting tasks: 48
2020-02-05 12:53:06.786 parsl:256 Rank:0 [DEBUG]  [TASK_PULL_THREAD] No incoming tasks
2020-02-05 12:53:06.786 parsl:218 Rank:0 [DEBUG]  [TASK_PULL_THREAD] ready workers:48, pending tasks:0
2020-02-05 12:53:06.786 parsl:225 Rank:0 [DEBUG]  [TASK_PULL_THREAD] Requesting tasks: 48
2020-02-05 12:53:06.947 parsl:256 Rank:0 [DEBUG]  [TASK_PULL_THREAD] No incoming tasks
2020-02-05 12:53:06.947 parsl:218 Rank:0 [DEBUG]  [TASK_PULL_THREAD] ready workers:48, pending tasks:0
2020-02-05 12:53:06.947 parsl:225 Rank:0 [DEBUG]  [TASK_PULL_THREAD] Requesting tasks: 48
2020-02-05 12:53:07.267 parsl:256 Rank:0 [DEBUG]  [TASK_PULL_THREAD] No incoming tasks
2020-02-05 12:53:07.268 parsl:218 Rank:0 [DEBUG]  [TASK_PULL_THREAD] ready workers:48, pending tasks:0
2020-02-05 12:53:07.268 parsl:225 Rank:0 [DEBUG]  [TASK_PULL_THREAD] Requesting tasks: 48
2020-02-05 12:53:07.909 parsl:256 Rank:0 [DEBUG]  [TASK_PULL_THREAD] No incoming tasks
2020-02-05 12:53:07.909 parsl:218 Rank:0 [DEBUG]  [TASK_PULL_THREAD] ready workers:48, pending tasks:0
2020-02-05 12:53:07.909 parsl:225 Rank:0 [DEBUG]  [TASK_PULL_THREAD] Requesting tasks: 48
2020-02-05 12:53:09.191 parsl:256 Rank:0 [DEBUG]  [TASK_PULL_THREAD] No incoming tasks
2020-02-05 12:53:09.191 parsl:218 Rank:0 [DEBUG]  [TASK_PULL_THREAD] ready workers:48, pending tasks:0
2020-02-05 12:53:09.191 parsl:225 Rank:0 [DEBUG]  [TASK_PULL_THREAD] Requesting tasks: 48
2020-02-05 12:53:11.754 parsl:256 Rank:0 [DEBUG]  [TASK_PULL_THREAD] No incoming tasks
2020-02-05 12:53:11.754 parsl:218 Rank:0 [DEBUG]  [TASK_PULL_THREAD] ready workers:48, pending tasks:0
2020-02-05 12:53:11.754 parsl:225 Rank:0 [DEBUG]  [TASK_PULL_THREAD] Requesting tasks: 48
2020-02-05 12:53:16.880 parsl:256 Rank:0 [DEBUG]  [TASK_PULL_THREAD] No incoming tasks
2020-02-05 12:53:16.880 parsl:218 Rank:0 [DEBUG]  [TASK_PULL_THREAD] ready workers:48, pending tasks:0
2020-02-05 12:53:16.880 parsl:225 Rank:0 [DEBUG]  [TASK_PULL_THREAD] Requesting tasks: 48
2020-02-05 12:53:27.131 parsl:256 Rank:0 [DEBUG]  [TASK_PULL_THREAD] No incoming tasks
2020-02-05 12:53:27.131 parsl:218 Rank:0 [DEBUG]  [TASK_PULL_THREAD] ready workers:48, pending tasks:0
2020-02-05 12:53:27.131 parsl:225 Rank:0 [DEBUG]  [TASK_PULL_THREAD] Requesting tasks: 48
2020-02-05 12:53:47.619 parsl:256 Rank:0 [DEBUG]  [TASK_PULL_THREAD] No incoming tasks
2020-02-05 12:53:47.620 parsl:218 Rank:0 [DEBUG]  [TASK_PULL_THREAD] ready workers:48, pending tasks:0
2020-02-05 12:53:47.620 parsl:188 Rank:0 [DEBUG]  Return from heartbeat: None
2020-02-05 12:53:47.620 parsl:225 Rank:0 [DEBUG]  [TASK_PULL_THREAD] Requesting tasks: 48
2020-02-05 12:53:47.621 parsl:243 Rank:0 [DEBUG]  Got heartbeat from interchange
2020-02-05 12:53:47.621 parsl:218 Rank:0 [DEBUG]  [TASK_PULL_THREAD] ready workers:48, pending tasks:0
2020-02-05 12:53:47.621 parsl:225 Rank:0 [DEBUG]  [TASK_PULL_THREAD] Requesting tasks: 48
2020-02-05 12:53:47.621 parsl:256 Rank:0 [DEBUG]  [TASK_PULL_THREAD] No incoming tasks
2020-02-05 12:53:47.621 parsl:218 Rank:0 [DEBUG]  [TASK_PULL_THREAD] ready workers:48, pending tasks:0
2020-02-05 12:53:47.621 parsl:225 Rank:0 [DEBUG]  [TASK_PULL_THREAD] Requesting tasks: 48
2020-02-05 12:53:47.642 parsl:256 Rank:0 [DEBUG]  [TASK_PULL_THREAD] No incoming tasks
2020-02-05 12:53:47.642 parsl:218 Rank:0 [DEBUG]  [TASK_PULL_THREAD] ready workers:48, pending tasks:0
2020-02-05 12:53:47.642 parsl:225 Rank:0 [DEBUG]  [TASK_PULL_THREAD] Requesting tasks: 48
2020-02-05 12:53:47.682 parsl:256 Rank:0 [DEBUG]  [TASK_PULL_THREAD] No incoming tasks
2020-02-05 12:53:47.682 parsl:218 Rank:0 [DEBUG]  [TASK_PULL_THREAD] ready workers:48, pending tasks:0
2020-02-05 12:53:47.682 parsl:225 Rank:0 [DEBUG]  [TASK_PULL_THREAD] Requesting tasks: 48
2020-02-05 12:53:47.763 parsl:256 Rank:0 [DEBUG]  [TASK_PULL_THREAD] No incoming tasks
2020-02-05 12:53:47.763 parsl:218 Rank:0 [DEBUG]  [TASK_PULL_THREAD] ready workers:48, pending tasks:0
2020-02-05 12:53:47.763 parsl:225 Rank:0 [DEBUG]  [TASK_PULL_THREAD] Requesting tasks: 48
2020-02-05 12:53:47.923 parsl:256 Rank:0 [DEBUG]  [TASK_PULL_THREAD] No incoming tasks
2020-02-05 12:53:47.924 parsl:218 Rank:0 [DEBUG]  [TASK_PULL_THREAD] ready workers:48, pending tasks:0
2020-02-05 12:53:47.924 parsl:225 Rank:0 [DEBUG]  [TASK_PULL_THREAD] Requesting tasks: 48
2020-02-05 12:53:48.244 parsl:256 Rank:0 [DEBUG]  [TASK_PULL_THREAD] No incoming tasks
2020-02-05 12:53:48.244 parsl:218 Rank:0 [DEBUG]  [TASK_PULL_THREAD] ready workers:48, pending tasks:0
2020-02-05 12:53:48.244 parsl:225 Rank:0 [DEBUG]  [TASK_PULL_THREAD] Requesting tasks: 48
2020-02-05 12:53:48.885 parsl:256 Rank:0 [DEBUG]  [TASK_PULL_THREAD] No incoming tasks
2020-02-05 12:53:48.885 parsl:218 Rank:0 [DEBUG]  [TASK_PULL_THREAD] ready workers:48, pending tasks:0
2020-02-05 12:53:48.885 parsl:225 Rank:0 [DEBUG]  [TASK_PULL_THREAD] Requesting tasks: 48
2020-02-05 12:53:50.167 parsl:256 Rank:0 [DEBUG]  [TASK_PULL_THREAD] No incoming tasks
2020-02-05 12:53:50.167 parsl:218 Rank:0 [DEBUG]  [TASK_PULL_THREAD] ready workers:48, pending tasks:0
2020-02-05 12:53:50.167 parsl:225 Rank:0 [DEBUG]  [TASK_PULL_THREAD] Requesting tasks: 48
2020-02-05 12:53:52.730 parsl:256 Rank:0 [DEBUG]  [TASK_PULL_THREAD] No incoming tasks
2020-02-05 12:53:52.730 parsl:218 Rank:0 [DEBUG]  [TASK_PULL_THREAD] ready workers:48, pending tasks:0
2020-02-05 12:53:52.730 parsl:225 Rank:0 [DEBUG]  [TASK_PULL_THREAD] Requesting tasks: 48
2020-02-05 12:53:57.856 parsl:256 Rank:0 [DEBUG]  [TASK_PULL_THREAD] No incoming tasks
2020-02-05 12:53:57.856 parsl:218 Rank:0 [DEBUG]  [TASK_PULL_THREAD] ready workers:48, pending tasks:0
2020-02-05 12:53:57.856 parsl:225 Rank:0 [DEBUG]  [TASK_PULL_THREAD] Requesting tasks: 48
2020-02-05 12:54:08.106 parsl:256 Rank:0 [DEBUG]  [TASK_PULL_THREAD] No incoming tasks
2020-02-05 12:54:08.107 parsl:218 Rank:0 [DEBUG]  [TASK_PULL_THREAD] ready workers:48, pending tasks:0
2020-02-05 12:54:08.107 parsl:225 Rank:0 [DEBUG]  [TASK_PULL_THREAD] Requesting tasks: 48
2020-02-05 12:54:28.608 parsl:256 Rank:0 [DEBUG]  [TASK_PULL_THREAD] No incoming tasks
2020-02-05 12:54:28.608 parsl:218 Rank:0 [DEBUG]  [TASK_PULL_THREAD] ready workers:48, pending tasks:0
2020-02-05 12:54:28.608 parsl:188 Rank:0 [DEBUG]  Return from heartbeat: None
2020-02-05 12:54:28.609 parsl:225 Rank:0 [DEBUG]  [TASK_PULL_THREAD] Requesting tasks: 48
2020-02-05 12:54:28.609 parsl:243 Rank:0 [DEBUG]  Got heartbeat from interchange
2020-02-05 12:54:28.609 parsl:218 Rank:0 [DEBUG]  [TASK_PULL_THREAD] ready workers:48, pending tasks:0
2020-02-05 12:54:28.610 parsl:225 Rank:0 [DEBUG]  [TASK_PULL_THREAD] Requesting tasks: 48
2020-02-05 12:54:28.610 parsl:256 Rank:0 [DEBUG]  [TASK_PULL_THREAD] No incoming tasks
2020-02-05 12:54:28.610 parsl:218 Rank:0 [DEBUG]  [TASK_PULL_THREAD] ready workers:48, pending tasks:0
2020-02-05 12:54:28.610 parsl:225 Rank:0 [DEBUG]  [TASK_PULL_THREAD] Requesting tasks: 48
2020-02-05 12:54:28.630 parsl:256 Rank:0 [DEBUG]  [TASK_PULL_THREAD] No incoming tasks
2020-02-05 12:54:28.630 parsl:218 Rank:0 [DEBUG]  [TASK_PULL_THREAD] ready workers:48, pending tasks:0
2020-02-05 12:54:28.630 parsl:225 Rank:0 [DEBUG]  [TASK_PULL_THREAD] Requesting tasks: 48
2020-02-05 12:54:28.671 parsl:256 Rank:0 [DEBUG]  [TASK_PULL_THREAD] No incoming tasks
2020-02-05 12:54:28.671 parsl:218 Rank:0 [DEBUG]  [TASK_PULL_THREAD] ready workers:48, pending tasks:0
2020-02-05 12:54:28.671 parsl:225 Rank:0 [DEBUG]  [TASK_PULL_THREAD] Requesting tasks: 48
2020-02-05 12:54:28.751 parsl:256 Rank:0 [DEBUG]  [TASK_PULL_THREAD] No incoming tasks
2020-02-05 12:54:28.751 parsl:218 Rank:0 [DEBUG]  [TASK_PULL_THREAD] ready workers:48, pending tasks:0
2020-02-05 12:54:28.751 parsl:225 Rank:0 [DEBUG]  [TASK_PULL_THREAD] Requesting tasks: 48
2020-02-05 12:54:28.912 parsl:256 Rank:0 [DEBUG]  [TASK_PULL_THREAD] No incoming tasks
2020-02-05 12:54:28.912 parsl:218 Rank:0 [DEBUG]  [TASK_PULL_THREAD] ready workers:48, pending tasks:0
2020-02-05 12:54:28.912 parsl:225 Rank:0 [DEBUG]  [TASK_PULL_THREAD] Requesting tasks: 48
2020-02-05 12:54:29.233 parsl:256 Rank:0 [DEBUG]  [TASK_PULL_THREAD] No incoming tasks
2020-02-05 12:54:29.233 parsl:218 Rank:0 [DEBUG]  [TASK_PULL_THREAD] ready workers:48, pending tasks:0
2020-02-05 12:54:29.233 parsl:225 Rank:0 [DEBUG]  [TASK_PULL_THREAD] Requesting tasks: 48
2020-02-05 12:54:29.874 parsl:256 Rank:0 [DEBUG]  [TASK_PULL_THREAD] No incoming tasks
2020-02-05 12:54:29.874 parsl:218 Rank:0 [DEBUG]  [TASK_PULL_THREAD] ready workers:48, pending tasks:0
2020-02-05 12:54:29.874 parsl:225 Rank:0 [DEBUG]  [TASK_PULL_THREAD] Requesting tasks: 48
2020-02-05 12:54:31.155 parsl:256 Rank:0 [DEBUG]  [TASK_PULL_THREAD] No incoming tasks
2020-02-05 12:54:31.155 parsl:218 Rank:0 [DEBUG]  [TASK_PULL_THREAD] ready workers:48, pending tasks:0
2020-02-05 12:54:31.156 parsl:225 Rank:0 [DEBUG]  [TASK_PULL_THREAD] Requesting tasks: 48
2020-02-05 12:54:33.718 parsl:256 Rank:0 [DEBUG]  [TASK_PULL_THREAD] No incoming tasks
2020-02-05 12:54:33.719 parsl:218 Rank:0 [DEBUG]  [TASK_PULL_THREAD] ready workers:48, pending tasks:0
2020-02-05 12:54:33.719 parsl:225 Rank:0 [DEBUG]  [TASK_PULL_THREAD] Requesting tasks: 48
2020-02-05 12:54:38.844 parsl:256 Rank:0 [DEBUG]  [TASK_PULL_THREAD] No incoming tasks
2020-02-05 12:54:38.844 parsl:218 Rank:0 [DEBUG]  [TASK_PULL_THREAD] ready workers:48, pending tasks:0
2020-02-05 12:54:38.844 parsl:225 Rank:0 [DEBUG]  [TASK_PULL_THREAD] Requesting tasks: 48
2020-02-05 12:54:49.091 parsl:256 Rank:0 [DEBUG]  [TASK_PULL_THREAD] No incoming tasks
2020-02-05 12:54:49.091 parsl:218 Rank:0 [DEBUG]  [TASK_PULL_THREAD] ready workers:48, pending tasks:0
2020-02-05 12:54:49.091 parsl:225 Rank:0 [DEBUG]  [TASK_PULL_THREAD] Requesting tasks: 48
2020-02-05 12:55:09.583 parsl:256 Rank:0 [DEBUG]  [TASK_PULL_THREAD] No incoming tasks
2020-02-05 12:55:09.583 parsl:218 Rank:0 [DEBUG]  [TASK_PULL_THREAD] ready workers:48, pending tasks:0
2020-02-05 12:55:09.583 parsl:188 Rank:0 [DEBUG]  Return from heartbeat: None
2020-02-05 12:55:09.584 parsl:225 Rank:0 [DEBUG]  [TASK_PULL_THREAD] Requesting tasks: 48
2020-02-05 12:55:09.584 parsl:243 Rank:0 [DEBUG]  Got heartbeat from interchange
2020-02-05 12:55:09.584 parsl:218 Rank:0 [DEBUG]  [TASK_PULL_THREAD] ready workers:48, pending tasks:0
2020-02-05 12:55:09.584 parsl:225 Rank:0 [DEBUG]  [TASK_PULL_THREAD] Requesting tasks: 48
2020-02-05 12:55:09.584 parsl:256 Rank:0 [DEBUG]  [TASK_PULL_THREAD] No incoming tasks
2020-02-05 12:55:09.585 parsl:218 Rank:0 [DEBUG]  [TASK_PULL_THREAD] ready workers:48, pending tasks:0
2020-02-05 12:55:09.585 parsl:225 Rank:0 [DEBUG]  [TASK_PULL_THREAD] Requesting tasks: 48
2020-02-05 12:55:09.605 parsl:256 Rank:0 [DEBUG]  [TASK_PULL_THREAD] No incoming tasks
2020-02-05 12:55:09.605 parsl:218 Rank:0 [DEBUG]  [TASK_PULL_THREAD] ready workers:48, pending tasks:0
2020-02-05 12:55:09.605 parsl:225 Rank:0 [DEBUG]  [TASK_PULL_THREAD] Requesting tasks: 48
2020-02-05 12:55:09.645 parsl:256 Rank:0 [DEBUG]  [TASK_PULL_THREAD] No incoming tasks
2020-02-05 12:55:09.646 parsl:218 Rank:0 [DEBUG]  [TASK_PULL_THREAD] ready workers:48, pending tasks:0
2020-02-05 12:55:09.646 parsl:225 Rank:0 [DEBUG]  [TASK_PULL_THREAD] Requesting tasks: 48
2020-02-05 12:55:09.726 parsl:256 Rank:0 [DEBUG]  [TASK_PULL_THREAD] No incoming tasks
2020-02-05 12:55:09.726 parsl:218 Rank:0 [DEBUG]  [TASK_PULL_THREAD] ready workers:48, pending tasks:0
2020-02-05 12:55:09.726 parsl:225 Rank:0 [DEBUG]  [TASK_PULL_THREAD] Requesting tasks: 48
2020-02-05 12:55:09.887 parsl:256 Rank:0 [DEBUG]  [TASK_PULL_THREAD] No incoming tasks
2020-02-05 12:55:09.887 parsl:218 Rank:0 [DEBUG]  [TASK_PULL_THREAD] ready workers:48, pending tasks:0
2020-02-05 12:55:09.887 parsl:225 Rank:0 [DEBUG]  [TASK_PULL_THREAD] Requesting tasks: 48
2020-02-05 12:55:10.207 parsl:256 Rank:0 [DEBUG]  [TASK_PULL_THREAD] No incoming tasks
2020-02-05 12:55:10.208 parsl:218 Rank:0 [DEBUG]  [TASK_PULL_THREAD] ready workers:48, pending tasks:0
2020-02-05 12:55:10.208 parsl:225 Rank:0 [DEBUG]  [TASK_PULL_THREAD] Requesting tasks: 48
2020-02-05 12:55:10.849 parsl:256 Rank:0 [DEBUG]  [TASK_PULL_THREAD] No incoming tasks
2020-02-05 12:55:10.849 parsl:218 Rank:0 [DEBUG]  [TASK_PULL_THREAD] ready workers:48, pending tasks:0
2020-02-05 12:55:10.849 parsl:225 Rank:0 [DEBUG]  [TASK_PULL_THREAD] Requesting tasks: 48
2020-02-05 12:55:12.130 parsl:256 Rank:0 [DEBUG]  [TASK_PULL_THREAD] No incoming tasks
2020-02-05 12:55:12.131 parsl:218 Rank:0 [DEBUG]  [TASK_PULL_THREAD] ready workers:48, pending tasks:0
2020-02-05 12:55:12.131 parsl:225 Rank:0 [DEBUG]  [TASK_PULL_THREAD] Requesting tasks: 48
2020-02-05 12:55:14.693 parsl:256 Rank:0 [DEBUG]  [TASK_PULL_THREAD] No incoming tasks
2020-02-05 12:55:14.694 parsl:218 Rank:0 [DEBUG]  [TASK_PULL_THREAD] ready workers:48, pending tasks:0
2020-02-05 12:55:14.694 parsl:225 Rank:0 [DEBUG]  [TASK_PULL_THREAD] Requesting tasks: 48
2020-02-05 12:55:19.819 parsl:256 Rank:0 [DEBUG]  [TASK_PULL_THREAD] No incoming tasks
2020-02-05 12:55:19.819 parsl:218 Rank:0 [DEBUG]  [TASK_PULL_THREAD] ready workers:48, pending tasks:0
2020-02-05 12:55:19.819 parsl:225 Rank:0 [DEBUG]  [TASK_PULL_THREAD] Requesting tasks: 48
2020-02-05 12:55:30.060 parsl:256 Rank:0 [DEBUG]  [TASK_PULL_THREAD] No incoming tasks
2020-02-05 12:55:30.060 parsl:218 Rank:0 [DEBUG]  [TASK_PULL_THREAD] ready workers:48, pending tasks:0
2020-02-05 12:55:30.060 parsl:225 Rank:0 [DEBUG]  [TASK_PULL_THREAD] Requesting tasks: 48
2020-02-05 12:55:50.561 parsl:256 Rank:0 [DEBUG]  [TASK_PULL_THREAD] No incoming tasks
2020-02-05 12:55:50.562 parsl:218 Rank:0 [DEBUG]  [TASK_PULL_THREAD] ready workers:48, pending tasks:0
2020-02-05 12:55:50.562 parsl:188 Rank:0 [DEBUG]  Return from heartbeat: None
2020-02-05 12:55:50.562 parsl:225 Rank:0 [DEBUG]  [TASK_PULL_THREAD] Requesting tasks: 48
2020-02-05 12:55:50.563 parsl:243 Rank:0 [DEBUG]  Got heartbeat from interchange
2020-02-05 12:55:50.563 parsl:218 Rank:0 [DEBUG]  [TASK_PULL_THREAD] ready workers:48, pending tasks:0
2020-02-05 12:55:50.563 parsl:225 Rank:0 [DEBUG]  [TASK_PULL_THREAD] Requesting tasks: 48
2020-02-05 12:55:50.563 parsl:256 Rank:0 [DEBUG]  [TASK_PULL_THREAD] No incoming tasks
2020-02-05 12:55:50.563 parsl:218 Rank:0 [DEBUG]  [TASK_PULL_THREAD] ready workers:48, pending tasks:0
2020-02-05 12:55:50.563 parsl:225 Rank:0 [DEBUG]  [TASK_PULL_THREAD] Requesting tasks: 48
2020-02-05 12:55:50.583 parsl:256 Rank:0 [DEBUG]  [TASK_PULL_THREAD] No incoming tasks
2020-02-05 12:55:50.583 parsl:218 Rank:0 [DEBUG]  [TASK_PULL_THREAD] ready workers:48, pending tasks:0
2020-02-05 12:55:50.584 parsl:225 Rank:0 [DEBUG]  [TASK_PULL_THREAD] Requesting tasks: 48
2020-02-05 12:55:50.624 parsl:256 Rank:0 [DEBUG]  [TASK_PULL_THREAD] No incoming tasks
2020-02-05 12:55:50.624 parsl:218 Rank:0 [DEBUG]  [TASK_PULL_THREAD] ready workers:48, pending tasks:0
2020-02-05 12:55:50.624 parsl:225 Rank:0 [DEBUG]  [TASK_PULL_THREAD] Requesting tasks: 48
2020-02-05 12:55:50.704 parsl:256 Rank:0 [DEBUG]  [TASK_PULL_THREAD] No incoming tasks
2020-02-05 12:55:50.704 parsl:218 Rank:0 [DEBUG]  [TASK_PULL_THREAD] ready workers:48, pending tasks:0
2020-02-05 12:55:50.704 parsl:225 Rank:0 [DEBUG]  [TASK_PULL_THREAD] Requesting tasks: 48
2020-02-05 12:55:50.865 parsl:256 Rank:0 [DEBUG]  [TASK_PULL_THREAD] No incoming tasks
2020-02-05 12:55:50.865 parsl:218 Rank:0 [DEBUG]  [TASK_PULL_THREAD] ready workers:48, pending tasks:0
2020-02-05 12:55:50.865 parsl:225 Rank:0 [DEBUG]  [TASK_PULL_THREAD] Requesting tasks: 48
2020-02-05 12:55:51.186 parsl:256 Rank:0 [DEBUG]  [TASK_PULL_THREAD] No incoming tasks
2020-02-05 12:55:51.186 parsl:218 Rank:0 [DEBUG]  [TASK_PULL_THREAD] ready workers:48, pending tasks:0
2020-02-05 12:55:51.186 parsl:225 Rank:0 [DEBUG]  [TASK_PULL_THREAD] Requesting tasks: 48
2020-02-05 12:55:51.827 parsl:256 Rank:0 [DEBUG]  [TASK_PULL_THREAD] No incoming tasks
2020-02-05 12:55:51.827 parsl:218 Rank:0 [DEBUG]  [TASK_PULL_THREAD] ready workers:48, pending tasks:0
2020-02-05 12:55:51.827 parsl:225 Rank:0 [DEBUG]  [TASK_PULL_THREAD] Requesting tasks: 48
2020-02-05 12:55:53.109 parsl:256 Rank:0 [DEBUG]  [TASK_PULL_THREAD] No incoming tasks
2020-02-05 12:55:53.109 parsl:218 Rank:0 [DEBUG]  [TASK_PULL_THREAD] ready workers:48, pending tasks:0
2020-02-05 12:55:53.109 parsl:225 Rank:0 [DEBUG]  [TASK_PULL_THREAD] Requesting tasks: 48
