STAR version=2.7.3a
STAR compilation time,server,dir=Mon Nov 11 15:29:10 EST 2019 mayo.blt.lclark.local:/local/cluster/STAR/source
##### Command Line:
STAR --runThreadN 1 --runMode genomeGenerate --genomeDir /home/users/ellenrichards/test_run_1/s008_c41703_g1_i1_m8507/gd --genomeFastaFiles /home/users/ellenrichards/test_run_1/s008_c41703_g1_i1_m8507.fasta --genomeSAindexNbases 2
##### Initial USER parameters from Command Line:
###### All USER parameters from Command Line:
runThreadN                    1     ~RE-DEFINED
runMode                       genomeGenerate     ~RE-DEFINED
genomeDir                     /home/users/ellenrichards/test_run_1/s008_c41703_g1_i1_m8507/gd     ~RE-DEFINED
genomeFastaFiles              /home/users/ellenrichards/test_run_1/s008_c41703_g1_i1_m8507.fasta        ~RE-DEFINED
genomeSAindexNbases           2     ~RE-DEFINED
##### Finished reading parameters from all sources

##### Final user re-defined parameters-----------------:
runMode                           genomeGenerate
runThreadN                        1
genomeDir                         /home/users/ellenrichards/test_run_1/s008_c41703_g1_i1_m8507/gd
genomeFastaFiles                  /home/users/ellenrichards/test_run_1/s008_c41703_g1_i1_m8507.fasta   
genomeSAindexNbases               2

-------------------------------
##### Final effective command line:
STAR   --runMode genomeGenerate   --runThreadN 1   --genomeDir /home/users/ellenrichards/test_run_1/s008_c41703_g1_i1_m8507/gd   --genomeFastaFiles /home/users/ellenrichards/test_run_1/s008_c41703_g1_i1_m8507.fasta      --genomeSAindexNbases 2
----------------------------------------

Finished loading and checking parameters
Feb 04 12:52:06 ... starting to generate Genome files
/home/users/ellenrichards/test_run_1/s008_c41703_g1_i1_m8507.fasta : chr # 0  "s008_c41703_g1_i1_m8507" chrStart: 0
Estimated genome size=201262144   262144   201000000
GstrandBit=32
Number of SA indices: 4206
Feb 04 12:52:06 ... starting to sort Suffix Array. This may take a long time...
Number of chunks: 1;   chunks size limit: 18599673424 bytes
Feb 04 12:52:06 ... sorting Suffix Array chunks and saving them to disk...
Writing 33648 bytes into /home/users/ellenrichards/test_run_1/s008_c41703_g1_i1_m8507/gd/SA_0 ; empty space on disk = 138150607323136 bytes ... done
Feb 04 12:52:06 ... loading chunks from disk, packing SA...
Feb 04 12:52:06 ... finished generating suffix array
Feb 04 12:52:06 ... generating Suffix Array index
Feb 04 12:52:06 ... completed Suffix Array index
Feb 04 12:52:06 ... writing Genome to disk ...
Writing 262144 bytes into /home/users/ellenrichards/test_run_1/s008_c41703_g1_i1_m8507/gd/Genome ; empty space on disk = 138150607323136 bytes ... done
SA size in bytes: 17353
Feb 04 12:52:06 ... writing Suffix Array to disk ...
Writing 17353 bytes into /home/users/ellenrichards/test_run_1/s008_c41703_g1_i1_m8507/gd/SA ; empty space on disk = 138150607323136 bytes ... done
Feb 04 12:52:06 ... writing SAindex to disk
Writing 8 bytes into /home/users/ellenrichards/test_run_1/s008_c41703_g1_i1_m8507/gd/SAindex ; empty space on disk = 138150607323136 bytes ... done
Writing 24 bytes into /home/users/ellenrichards/test_run_1/s008_c41703_g1_i1_m8507/gd/SAindex ; empty space on disk = 138150607323136 bytes ... done
Writing 91 bytes into /home/users/ellenrichards/test_run_1/s008_c41703_g1_i1_m8507/gd/SAindex ; empty space on disk = 138150607323136 bytes ... done
Feb 04 12:52:06 ..... finished successfully
DONE: Genome generation, EXITING
