Traceback (most recent call last):
  File "/local/cluster/bin/process_worker_pool.py", line 20, in <module>
    from parsl.version import VERSION as PARSL_VERSION
  File "/local/cluster/lib/python3.6/site-packages/parsl/__init__.py", line 38, in <module>
    from parsl.executors import ThreadPoolExecutor
  File "/local/cluster/lib/python3.6/site-packages/parsl/executors/__init__.py", line 2, in <module>
    from parsl.executors.ipp import IPyParallelExecutor
  File "/local/cluster/lib/python3.6/site-packages/parsl/executors/ipp.py", line 7, in <module>
    from parsl.providers import LocalProvider
  File "/local/cluster/lib/python3.6/site-packages/parsl/providers/__init__.py", line 2, in <module>
    from parsl.providers.local.local import LocalProvider
  File "/local/cluster/lib/python3.6/site-packages/parsl/providers/local/local.py", line 6, in <module>
    from parsl.channels import LocalChannel
  File "/local/cluster/lib/python3.6/site-packages/parsl/channels/__init__.py", line 1, in <module>
    from parsl.channels.ssh.ssh import SSHChannel
  File "/local/cluster/lib/python3.6/site-packages/parsl/channels/ssh/ssh.py", line 5, in <module>
    import paramiko
  File "/local/cluster/lib/python3.6/site-packages/paramiko/__init__.py", line 22, in <module>
    from paramiko.transport import SecurityOptions, Transport
  File "/local/cluster/lib/python3.6/site-packages/paramiko/transport.py", line 129, in <module>
    class Transport(threading.Thread, ClosingContextManager):
  File "/local/cluster/lib/python3.6/site-packages/paramiko/transport.py", line 187, in Transport
    if KexCurve25519.is_available():
  File "/local/cluster/lib/python3.6/site-packages/paramiko/kex_curve25519.py", line 30, in is_available
    X25519PrivateKey.generate()
  File "/local/cluster/lib/python3.6/site-packages/cryptography/hazmat/primitives/asymmetric/x25519.py", line 38, in generate
    from cryptography.hazmat.backends.openssl.backend import backend
  File "/local/cluster/lib/python3.6/site-packages/cryptography/hazmat/backends/openssl/__init__.py", line 7, in <module>
    from cryptography.hazmat.backends.openssl.backend import backend
  File "/local/cluster/lib/python3.6/site-packages/cryptography/hazmat/backends/openssl/backend.py", line 74, in <module>
    from cryptography.hazmat.bindings.openssl import binding
  File "/local/cluster/lib/python3.6/site-packages/cryptography/hazmat/bindings/openssl/binding.py", line 195, in <module>
    Binding.init_static_locks()
  File "/local/cluster/lib/python3.6/site-packages/cryptography/hazmat/bindings/openssl/binding.py", line 142, in init_static_locks
    __import__("_ssl")
ImportError: /usr/lib64/libcrypto.so.10: version `OPENSSL_1.0.2' not found (required by /local/cluster/lib/python3.6/lib-dynload/_ssl.cpython-36m-x86_64-linux-gnu.so)
