2020-02-05 12:48:19.609 parsl:592 Rank:0 [INFO]  Python version: 3.6.4 (default, Feb 10 2018, 20:32:45) 
[GCC 4.8.5 20150623 (Red Hat 4.8.5-16)]
2020-02-05 12:48:19.609 parsl:593 Rank:0 [INFO]  Debug logging: True
2020-02-05 12:48:19.609 parsl:594 Rank:0 [INFO]  Log dir: /home/users/ellenrichards/GRETA/runinfo/101/workers
2020-02-05 12:48:19.609 parsl:595 Rank:0 [INFO]  Manager ID: 845a6df2f11c
2020-02-05 12:48:19.609 parsl:596 Rank:0 [INFO]  Block ID: 12
2020-02-05 12:48:19.609 parsl:597 Rank:0 [INFO]  cores_per_worker: 1.0
2020-02-05 12:48:19.609 parsl:598 Rank:0 [INFO]  mem_per_worker: None
2020-02-05 12:48:19.609 parsl:599 Rank:0 [INFO]  task_url: tcp://172.16.52.2:54991
2020-02-05 12:48:19.609 parsl:600 Rank:0 [INFO]  result_url: tcp://172.16.52.2:54613
2020-02-05 12:48:19.609 parsl:601 Rank:0 [INFO]  max_workers: inf
2020-02-05 12:48:19.609 parsl:602 Rank:0 [INFO]  poll_period: 10
2020-02-05 12:48:19.609 parsl:603 Rank:0 [INFO]  Prefetch capacity: 0
2020-02-05 12:48:19.609 parsl:108 Rank:0 [INFO]  Manager started
2020-02-05 12:48:19.610 parsl:122 Rank:0 [INFO]  Manager connected
2020-02-05 12:48:19.610 parsl:148 Rank:0 [INFO]  Manager will spawn 48 workers
2020-02-05 12:48:19.743 parsl:370 Rank:0 [DEBUG]  Manager synced with workers
2020-02-05 12:48:19.744 parsl:199 Rank:0 [INFO]  [TASK PULL THREAD] starting
2020-02-05 12:48:19.744 parsl:279 Rank:0 [DEBUG]  [RESULT_PUSH_THREAD] Starting thread
2020-02-05 12:48:19.744 parsl:282 Rank:0 [DEBUG]  [RESULT_PUSH_THREAD] push poll period: 0.01
2020-02-05 12:48:19.745 parsl:315 Rank:0 [DEBUG]  [WORKER_WATCHDOG_THREAD] Starting thread
2020-02-05 12:48:19.745 parsl:385 Rank:0 [INFO]  Loop start
2020-02-05 12:48:19.748 parsl:205 Rank:0 [DEBUG]  Sending registration message: b'{"parsl_v": "0.9.0", "python_v": "3.6.4", "worker_count": 48, "block_id": "12", "prefetch_capacity": 0, "max_capacity": 48, "os": "Linux", "hostname": "lettuce.blt.lclark.local", "dir": "/home/users/ellenrichards/GRETA", "cpu_count": 12, "total_memory": 540756623360, "reg_time": "2020-02-05 12:48:19"}'
2020-02-05 12:48:19.749 parsl:218 Rank:0 [DEBUG]  [TASK_PULL_THREAD] ready workers:6, pending tasks:0
2020-02-05 12:48:19.749 parsl:225 Rank:0 [DEBUG]  [TASK_PULL_THREAD] Requesting tasks: 6
2020-02-05 12:48:19.759 parsl:256 Rank:0 [DEBUG]  [TASK_PULL_THREAD] No incoming tasks
2020-02-05 12:48:19.759 parsl:218 Rank:0 [DEBUG]  [TASK_PULL_THREAD] ready workers:6, pending tasks:0
2020-02-05 12:48:19.759 parsl:225 Rank:0 [DEBUG]  [TASK_PULL_THREAD] Requesting tasks: 6
2020-02-05 12:48:19.779 parsl:256 Rank:0 [DEBUG]  [TASK_PULL_THREAD] No incoming tasks
2020-02-05 12:48:19.779 parsl:218 Rank:0 [DEBUG]  [TASK_PULL_THREAD] ready workers:6, pending tasks:0
2020-02-05 12:48:19.779 parsl:225 Rank:0 [DEBUG]  [TASK_PULL_THREAD] Requesting tasks: 6
2020-02-05 12:48:19.819 parsl:256 Rank:0 [DEBUG]  [TASK_PULL_THREAD] No incoming tasks
2020-02-05 12:48:19.819 parsl:218 Rank:0 [DEBUG]  [TASK_PULL_THREAD] ready workers:6, pending tasks:0
2020-02-05 12:48:19.819 parsl:225 Rank:0 [DEBUG]  [TASK_PULL_THREAD] Requesting tasks: 6
2020-02-05 12:48:19.900 parsl:256 Rank:0 [DEBUG]  [TASK_PULL_THREAD] No incoming tasks
2020-02-05 12:48:19.900 parsl:218 Rank:0 [DEBUG]  [TASK_PULL_THREAD] ready workers:48, pending tasks:0
2020-02-05 12:48:19.900 parsl:225 Rank:0 [DEBUG]  [TASK_PULL_THREAD] Requesting tasks: 48
2020-02-05 12:48:20.060 parsl:256 Rank:0 [DEBUG]  [TASK_PULL_THREAD] No incoming tasks
2020-02-05 12:48:20.060 parsl:218 Rank:0 [DEBUG]  [TASK_PULL_THREAD] ready workers:48, pending tasks:0
2020-02-05 12:48:20.060 parsl:225 Rank:0 [DEBUG]  [TASK_PULL_THREAD] Requesting tasks: 48
2020-02-05 12:48:20.381 parsl:256 Rank:0 [DEBUG]  [TASK_PULL_THREAD] No incoming tasks
2020-02-05 12:48:20.381 parsl:218 Rank:0 [DEBUG]  [TASK_PULL_THREAD] ready workers:48, pending tasks:0
2020-02-05 12:48:20.381 parsl:225 Rank:0 [DEBUG]  [TASK_PULL_THREAD] Requesting tasks: 48
2020-02-05 12:48:21.022 parsl:256 Rank:0 [DEBUG]  [TASK_PULL_THREAD] No incoming tasks
2020-02-05 12:48:21.022 parsl:218 Rank:0 [DEBUG]  [TASK_PULL_THREAD] ready workers:48, pending tasks:0
2020-02-05 12:48:21.022 parsl:225 Rank:0 [DEBUG]  [TASK_PULL_THREAD] Requesting tasks: 48
2020-02-05 12:48:22.304 parsl:256 Rank:0 [DEBUG]  [TASK_PULL_THREAD] No incoming tasks
2020-02-05 12:48:22.304 parsl:218 Rank:0 [DEBUG]  [TASK_PULL_THREAD] ready workers:48, pending tasks:0
2020-02-05 12:48:22.304 parsl:225 Rank:0 [DEBUG]  [TASK_PULL_THREAD] Requesting tasks: 48
2020-02-05 12:48:24.867 parsl:256 Rank:0 [DEBUG]  [TASK_PULL_THREAD] No incoming tasks
2020-02-05 12:48:24.867 parsl:218 Rank:0 [DEBUG]  [TASK_PULL_THREAD] ready workers:48, pending tasks:0
2020-02-05 12:48:24.868 parsl:225 Rank:0 [DEBUG]  [TASK_PULL_THREAD] Requesting tasks: 48
2020-02-05 12:48:29.993 parsl:256 Rank:0 [DEBUG]  [TASK_PULL_THREAD] No incoming tasks
2020-02-05 12:48:29.994 parsl:218 Rank:0 [DEBUG]  [TASK_PULL_THREAD] ready workers:48, pending tasks:0
2020-02-05 12:48:29.994 parsl:225 Rank:0 [DEBUG]  [TASK_PULL_THREAD] Requesting tasks: 48
2020-02-05 12:48:40.244 parsl:256 Rank:0 [DEBUG]  [TASK_PULL_THREAD] No incoming tasks
2020-02-05 12:48:40.245 parsl:218 Rank:0 [DEBUG]  [TASK_PULL_THREAD] ready workers:48, pending tasks:0
2020-02-05 12:48:40.245 parsl:225 Rank:0 [DEBUG]  [TASK_PULL_THREAD] Requesting tasks: 48
2020-02-05 12:49:00.729 parsl:256 Rank:0 [DEBUG]  [TASK_PULL_THREAD] No incoming tasks
2020-02-05 12:49:00.729 parsl:218 Rank:0 [DEBUG]  [TASK_PULL_THREAD] ready workers:48, pending tasks:0
2020-02-05 12:49:00.729 parsl:188 Rank:0 [DEBUG]  Return from heartbeat: None
2020-02-05 12:49:00.730 parsl:225 Rank:0 [DEBUG]  [TASK_PULL_THREAD] Requesting tasks: 48
2020-02-05 12:49:00.730 parsl:243 Rank:0 [DEBUG]  Got heartbeat from interchange
2020-02-05 12:49:00.730 parsl:218 Rank:0 [DEBUG]  [TASK_PULL_THREAD] ready workers:48, pending tasks:0
2020-02-05 12:49:00.730 parsl:225 Rank:0 [DEBUG]  [TASK_PULL_THREAD] Requesting tasks: 48
2020-02-05 12:49:00.731 parsl:256 Rank:0 [DEBUG]  [TASK_PULL_THREAD] No incoming tasks
2020-02-05 12:49:00.731 parsl:218 Rank:0 [DEBUG]  [TASK_PULL_THREAD] ready workers:48, pending tasks:0
2020-02-05 12:49:00.731 parsl:225 Rank:0 [DEBUG]  [TASK_PULL_THREAD] Requesting tasks: 48
2020-02-05 12:49:00.751 parsl:256 Rank:0 [DEBUG]  [TASK_PULL_THREAD] No incoming tasks
2020-02-05 12:49:00.751 parsl:218 Rank:0 [DEBUG]  [TASK_PULL_THREAD] ready workers:48, pending tasks:0
2020-02-05 12:49:00.751 parsl:225 Rank:0 [DEBUG]  [TASK_PULL_THREAD] Requesting tasks: 48
2020-02-05 12:49:00.792 parsl:256 Rank:0 [DEBUG]  [TASK_PULL_THREAD] No incoming tasks
2020-02-05 12:49:00.792 parsl:218 Rank:0 [DEBUG]  [TASK_PULL_THREAD] ready workers:48, pending tasks:0
2020-02-05 12:49:00.792 parsl:225 Rank:0 [DEBUG]  [TASK_PULL_THREAD] Requesting tasks: 48
2020-02-05 12:49:00.872 parsl:256 Rank:0 [DEBUG]  [TASK_PULL_THREAD] No incoming tasks
2020-02-05 12:49:00.872 parsl:218 Rank:0 [DEBUG]  [TASK_PULL_THREAD] ready workers:48, pending tasks:0
2020-02-05 12:49:00.872 parsl:225 Rank:0 [DEBUG]  [TASK_PULL_THREAD] Requesting tasks: 48
2020-02-05 12:49:01.033 parsl:256 Rank:0 [DEBUG]  [TASK_PULL_THREAD] No incoming tasks
2020-02-05 12:49:01.033 parsl:218 Rank:0 [DEBUG]  [TASK_PULL_THREAD] ready workers:48, pending tasks:0
2020-02-05 12:49:01.033 parsl:225 Rank:0 [DEBUG]  [TASK_PULL_THREAD] Requesting tasks: 48
2020-02-05 12:49:01.354 parsl:256 Rank:0 [DEBUG]  [TASK_PULL_THREAD] No incoming tasks
2020-02-05 12:49:01.354 parsl:218 Rank:0 [DEBUG]  [TASK_PULL_THREAD] ready workers:48, pending tasks:0
2020-02-05 12:49:01.354 parsl:225 Rank:0 [DEBUG]  [TASK_PULL_THREAD] Requesting tasks: 48
2020-02-05 12:49:01.995 parsl:256 Rank:0 [DEBUG]  [TASK_PULL_THREAD] No incoming tasks
2020-02-05 12:49:01.995 parsl:218 Rank:0 [DEBUG]  [TASK_PULL_THREAD] ready workers:48, pending tasks:0
2020-02-05 12:49:01.995 parsl:225 Rank:0 [DEBUG]  [TASK_PULL_THREAD] Requesting tasks: 48
2020-02-05 12:49:03.276 parsl:256 Rank:0 [DEBUG]  [TASK_PULL_THREAD] No incoming tasks
2020-02-05 12:49:03.276 parsl:218 Rank:0 [DEBUG]  [TASK_PULL_THREAD] ready workers:48, pending tasks:0
2020-02-05 12:49:03.276 parsl:225 Rank:0 [DEBUG]  [TASK_PULL_THREAD] Requesting tasks: 48
2020-02-05 12:49:05.839 parsl:256 Rank:0 [DEBUG]  [TASK_PULL_THREAD] No incoming tasks
2020-02-05 12:49:05.839 parsl:218 Rank:0 [DEBUG]  [TASK_PULL_THREAD] ready workers:48, pending tasks:0
2020-02-05 12:49:05.839 parsl:225 Rank:0 [DEBUG]  [TASK_PULL_THREAD] Requesting tasks: 48
2020-02-05 12:49:10.964 parsl:256 Rank:0 [DEBUG]  [TASK_PULL_THREAD] No incoming tasks
2020-02-05 12:49:10.964 parsl:218 Rank:0 [DEBUG]  [TASK_PULL_THREAD] ready workers:48, pending tasks:0
2020-02-05 12:49:10.965 parsl:225 Rank:0 [DEBUG]  [TASK_PULL_THREAD] Requesting tasks: 48
2020-02-05 12:49:21.210 parsl:256 Rank:0 [DEBUG]  [TASK_PULL_THREAD] No incoming tasks
2020-02-05 12:49:21.211 parsl:218 Rank:0 [DEBUG]  [TASK_PULL_THREAD] ready workers:48, pending tasks:0
2020-02-05 12:49:21.211 parsl:225 Rank:0 [DEBUG]  [TASK_PULL_THREAD] Requesting tasks: 48
2020-02-05 12:49:41.693 parsl:256 Rank:0 [DEBUG]  [TASK_PULL_THREAD] No incoming tasks
2020-02-05 12:49:41.694 parsl:218 Rank:0 [DEBUG]  [TASK_PULL_THREAD] ready workers:48, pending tasks:0
2020-02-05 12:49:41.694 parsl:188 Rank:0 [DEBUG]  Return from heartbeat: None
2020-02-05 12:49:41.694 parsl:225 Rank:0 [DEBUG]  [TASK_PULL_THREAD] Requesting tasks: 48
2020-02-05 12:49:41.695 parsl:243 Rank:0 [DEBUG]  Got heartbeat from interchange
2020-02-05 12:49:41.695 parsl:218 Rank:0 [DEBUG]  [TASK_PULL_THREAD] ready workers:48, pending tasks:0
2020-02-05 12:49:41.695 parsl:225 Rank:0 [DEBUG]  [TASK_PULL_THREAD] Requesting tasks: 48
2020-02-05 12:49:41.696 parsl:256 Rank:0 [DEBUG]  [TASK_PULL_THREAD] No incoming tasks
2020-02-05 12:49:41.696 parsl:218 Rank:0 [DEBUG]  [TASK_PULL_THREAD] ready workers:48, pending tasks:0
2020-02-05 12:49:41.696 parsl:225 Rank:0 [DEBUG]  [TASK_PULL_THREAD] Requesting tasks: 48
2020-02-05 12:49:41.716 parsl:256 Rank:0 [DEBUG]  [TASK_PULL_THREAD] No incoming tasks
2020-02-05 12:49:41.716 parsl:218 Rank:0 [DEBUG]  [TASK_PULL_THREAD] ready workers:48, pending tasks:0
2020-02-05 12:49:41.716 parsl:225 Rank:0 [DEBUG]  [TASK_PULL_THREAD] Requesting tasks: 48
2020-02-05 12:49:41.757 parsl:256 Rank:0 [DEBUG]  [TASK_PULL_THREAD] No incoming tasks
2020-02-05 12:49:41.757 parsl:218 Rank:0 [DEBUG]  [TASK_PULL_THREAD] ready workers:48, pending tasks:0
2020-02-05 12:49:41.757 parsl:225 Rank:0 [DEBUG]  [TASK_PULL_THREAD] Requesting tasks: 48
2020-02-05 12:49:41.837 parsl:256 Rank:0 [DEBUG]  [TASK_PULL_THREAD] No incoming tasks
2020-02-05 12:49:41.837 parsl:218 Rank:0 [DEBUG]  [TASK_PULL_THREAD] ready workers:48, pending tasks:0
2020-02-05 12:49:41.837 parsl:225 Rank:0 [DEBUG]  [TASK_PULL_THREAD] Requesting tasks: 48
2020-02-05 12:49:41.998 parsl:256 Rank:0 [DEBUG]  [TASK_PULL_THREAD] No incoming tasks
2020-02-05 12:49:41.998 parsl:218 Rank:0 [DEBUG]  [TASK_PULL_THREAD] ready workers:48, pending tasks:0
2020-02-05 12:49:41.998 parsl:225 Rank:0 [DEBUG]  [TASK_PULL_THREAD] Requesting tasks: 48
2020-02-05 12:49:42.319 parsl:256 Rank:0 [DEBUG]  [TASK_PULL_THREAD] No incoming tasks
2020-02-05 12:49:42.319 parsl:218 Rank:0 [DEBUG]  [TASK_PULL_THREAD] ready workers:48, pending tasks:0
2020-02-05 12:49:42.319 parsl:225 Rank:0 [DEBUG]  [TASK_PULL_THREAD] Requesting tasks: 48
2020-02-05 12:49:42.960 parsl:256 Rank:0 [DEBUG]  [TASK_PULL_THREAD] No incoming tasks
2020-02-05 12:49:42.960 parsl:218 Rank:0 [DEBUG]  [TASK_PULL_THREAD] ready workers:48, pending tasks:0
2020-02-05 12:49:42.960 parsl:225 Rank:0 [DEBUG]  [TASK_PULL_THREAD] Requesting tasks: 48
2020-02-05 12:49:44.241 parsl:256 Rank:0 [DEBUG]  [TASK_PULL_THREAD] No incoming tasks
2020-02-05 12:49:44.242 parsl:218 Rank:0 [DEBUG]  [TASK_PULL_THREAD] ready workers:48, pending tasks:0
2020-02-05 12:49:44.242 parsl:225 Rank:0 [DEBUG]  [TASK_PULL_THREAD] Requesting tasks: 48
2020-02-05 12:49:46.804 parsl:256 Rank:0 [DEBUG]  [TASK_PULL_THREAD] No incoming tasks
2020-02-05 12:49:46.805 parsl:218 Rank:0 [DEBUG]  [TASK_PULL_THREAD] ready workers:48, pending tasks:0
2020-02-05 12:49:46.805 parsl:225 Rank:0 [DEBUG]  [TASK_PULL_THREAD] Requesting tasks: 48
2020-02-05 12:49:51.931 parsl:256 Rank:0 [DEBUG]  [TASK_PULL_THREAD] No incoming tasks
2020-02-05 12:49:51.931 parsl:218 Rank:0 [DEBUG]  [TASK_PULL_THREAD] ready workers:48, pending tasks:0
2020-02-05 12:49:51.932 parsl:225 Rank:0 [DEBUG]  [TASK_PULL_THREAD] Requesting tasks: 48
2020-02-05 12:50:02.177 parsl:256 Rank:0 [DEBUG]  [TASK_PULL_THREAD] No incoming tasks
2020-02-05 12:50:02.178 parsl:218 Rank:0 [DEBUG]  [TASK_PULL_THREAD] ready workers:48, pending tasks:0
2020-02-05 12:50:02.178 parsl:225 Rank:0 [DEBUG]  [TASK_PULL_THREAD] Requesting tasks: 48
2020-02-05 12:50:22.679 parsl:256 Rank:0 [DEBUG]  [TASK_PULL_THREAD] No incoming tasks
2020-02-05 12:50:22.680 parsl:218 Rank:0 [DEBUG]  [TASK_PULL_THREAD] ready workers:48, pending tasks:0
2020-02-05 12:50:22.681 parsl:188 Rank:0 [DEBUG]  Return from heartbeat: None
2020-02-05 12:50:22.681 parsl:225 Rank:0 [DEBUG]  [TASK_PULL_THREAD] Requesting tasks: 48
2020-02-05 12:50:22.683 parsl:243 Rank:0 [DEBUG]  Got heartbeat from interchange
2020-02-05 12:50:22.683 parsl:218 Rank:0 [DEBUG]  [TASK_PULL_THREAD] ready workers:48, pending tasks:0
2020-02-05 12:50:22.683 parsl:225 Rank:0 [DEBUG]  [TASK_PULL_THREAD] Requesting tasks: 48
2020-02-05 12:50:22.683 parsl:256 Rank:0 [DEBUG]  [TASK_PULL_THREAD] No incoming tasks
2020-02-05 12:50:22.683 parsl:218 Rank:0 [DEBUG]  [TASK_PULL_THREAD] ready workers:48, pending tasks:0
2020-02-05 12:50:22.683 parsl:225 Rank:0 [DEBUG]  [TASK_PULL_THREAD] Requesting tasks: 48
2020-02-05 12:50:22.703 parsl:256 Rank:0 [DEBUG]  [TASK_PULL_THREAD] No incoming tasks
2020-02-05 12:50:22.704 parsl:218 Rank:0 [DEBUG]  [TASK_PULL_THREAD] ready workers:48, pending tasks:0
2020-02-05 12:50:22.704 parsl:225 Rank:0 [DEBUG]  [TASK_PULL_THREAD] Requesting tasks: 48
2020-02-05 12:50:22.744 parsl:256 Rank:0 [DEBUG]  [TASK_PULL_THREAD] No incoming tasks
2020-02-05 12:50:22.744 parsl:218 Rank:0 [DEBUG]  [TASK_PULL_THREAD] ready workers:48, pending tasks:0
2020-02-05 12:50:22.744 parsl:225 Rank:0 [DEBUG]  [TASK_PULL_THREAD] Requesting tasks: 48
2020-02-05 12:50:22.824 parsl:256 Rank:0 [DEBUG]  [TASK_PULL_THREAD] No incoming tasks
2020-02-05 12:50:22.825 parsl:218 Rank:0 [DEBUG]  [TASK_PULL_THREAD] ready workers:48, pending tasks:0
2020-02-05 12:50:22.825 parsl:225 Rank:0 [DEBUG]  [TASK_PULL_THREAD] Requesting tasks: 48
2020-02-05 12:50:22.985 parsl:256 Rank:0 [DEBUG]  [TASK_PULL_THREAD] No incoming tasks
2020-02-05 12:50:22.985 parsl:218 Rank:0 [DEBUG]  [TASK_PULL_THREAD] ready workers:48, pending tasks:0
2020-02-05 12:50:22.985 parsl:225 Rank:0 [DEBUG]  [TASK_PULL_THREAD] Requesting tasks: 48
2020-02-05 12:50:23.306 parsl:256 Rank:0 [DEBUG]  [TASK_PULL_THREAD] No incoming tasks
2020-02-05 12:50:23.306 parsl:218 Rank:0 [DEBUG]  [TASK_PULL_THREAD] ready workers:48, pending tasks:0
2020-02-05 12:50:23.306 parsl:225 Rank:0 [DEBUG]  [TASK_PULL_THREAD] Requesting tasks: 48
2020-02-05 12:50:23.947 parsl:256 Rank:0 [DEBUG]  [TASK_PULL_THREAD] No incoming tasks
2020-02-05 12:50:23.947 parsl:218 Rank:0 [DEBUG]  [TASK_PULL_THREAD] ready workers:48, pending tasks:0
2020-02-05 12:50:23.947 parsl:225 Rank:0 [DEBUG]  [TASK_PULL_THREAD] Requesting tasks: 48
2020-02-05 12:50:25.229 parsl:256 Rank:0 [DEBUG]  [TASK_PULL_THREAD] No incoming tasks
2020-02-05 12:50:25.229 parsl:218 Rank:0 [DEBUG]  [TASK_PULL_THREAD] ready workers:48, pending tasks:0
2020-02-05 12:50:25.229 parsl:225 Rank:0 [DEBUG]  [TASK_PULL_THREAD] Requesting tasks: 48
2020-02-05 12:50:27.792 parsl:256 Rank:0 [DEBUG]  [TASK_PULL_THREAD] No incoming tasks
2020-02-05 12:50:27.792 parsl:218 Rank:0 [DEBUG]  [TASK_PULL_THREAD] ready workers:48, pending tasks:0
2020-02-05 12:50:27.792 parsl:225 Rank:0 [DEBUG]  [TASK_PULL_THREAD] Requesting tasks: 48
2020-02-05 12:50:32.918 parsl:256 Rank:0 [DEBUG]  [TASK_PULL_THREAD] No incoming tasks
2020-02-05 12:50:32.918 parsl:218 Rank:0 [DEBUG]  [TASK_PULL_THREAD] ready workers:48, pending tasks:0
2020-02-05 12:50:32.918 parsl:225 Rank:0 [DEBUG]  [TASK_PULL_THREAD] Requesting tasks: 48
2020-02-05 12:50:43.169 parsl:256 Rank:0 [DEBUG]  [TASK_PULL_THREAD] No incoming tasks
2020-02-05 12:50:43.169 parsl:218 Rank:0 [DEBUG]  [TASK_PULL_THREAD] ready workers:48, pending tasks:0
2020-02-05 12:50:43.169 parsl:225 Rank:0 [DEBUG]  [TASK_PULL_THREAD] Requesting tasks: 48
2020-02-05 12:51:03.665 parsl:256 Rank:0 [DEBUG]  [TASK_PULL_THREAD] No incoming tasks
2020-02-05 12:51:03.665 parsl:218 Rank:0 [DEBUG]  [TASK_PULL_THREAD] ready workers:48, pending tasks:0
2020-02-05 12:51:03.666 parsl:188 Rank:0 [DEBUG]  Return from heartbeat: None
2020-02-05 12:51:03.666 parsl:225 Rank:0 [DEBUG]  [TASK_PULL_THREAD] Requesting tasks: 48
2020-02-05 12:51:03.668 parsl:243 Rank:0 [DEBUG]  Got heartbeat from interchange
2020-02-05 12:51:03.668 parsl:218 Rank:0 [DEBUG]  [TASK_PULL_THREAD] ready workers:48, pending tasks:0
2020-02-05 12:51:03.668 parsl:225 Rank:0 [DEBUG]  [TASK_PULL_THREAD] Requesting tasks: 48
2020-02-05 12:51:03.668 parsl:256 Rank:0 [DEBUG]  [TASK_PULL_THREAD] No incoming tasks
2020-02-05 12:51:03.668 parsl:218 Rank:0 [DEBUG]  [TASK_PULL_THREAD] ready workers:48, pending tasks:0
2020-02-05 12:51:03.668 parsl:225 Rank:0 [DEBUG]  [TASK_PULL_THREAD] Requesting tasks: 48
2020-02-05 12:51:03.689 parsl:256 Rank:0 [DEBUG]  [TASK_PULL_THREAD] No incoming tasks
2020-02-05 12:51:03.689 parsl:218 Rank:0 [DEBUG]  [TASK_PULL_THREAD] ready workers:48, pending tasks:0
2020-02-05 12:51:03.689 parsl:225 Rank:0 [DEBUG]  [TASK_PULL_THREAD] Requesting tasks: 48
2020-02-05 12:51:03.729 parsl:256 Rank:0 [DEBUG]  [TASK_PULL_THREAD] No incoming tasks
2020-02-05 12:51:03.729 parsl:218 Rank:0 [DEBUG]  [TASK_PULL_THREAD] ready workers:48, pending tasks:0
2020-02-05 12:51:03.729 parsl:225 Rank:0 [DEBUG]  [TASK_PULL_THREAD] Requesting tasks: 48
2020-02-05 12:51:03.810 parsl:256 Rank:0 [DEBUG]  [TASK_PULL_THREAD] No incoming tasks
2020-02-05 12:51:03.810 parsl:218 Rank:0 [DEBUG]  [TASK_PULL_THREAD] ready workers:48, pending tasks:0
2020-02-05 12:51:03.810 parsl:225 Rank:0 [DEBUG]  [TASK_PULL_THREAD] Requesting tasks: 48
2020-02-05 12:51:03.970 parsl:256 Rank:0 [DEBUG]  [TASK_PULL_THREAD] No incoming tasks
2020-02-05 12:51:03.970 parsl:218 Rank:0 [DEBUG]  [TASK_PULL_THREAD] ready workers:48, pending tasks:0
2020-02-05 12:51:03.971 parsl:225 Rank:0 [DEBUG]  [TASK_PULL_THREAD] Requesting tasks: 48
2020-02-05 12:51:04.291 parsl:256 Rank:0 [DEBUG]  [TASK_PULL_THREAD] No incoming tasks
2020-02-05 12:51:04.291 parsl:218 Rank:0 [DEBUG]  [TASK_PULL_THREAD] ready workers:48, pending tasks:0
2020-02-05 12:51:04.291 parsl:225 Rank:0 [DEBUG]  [TASK_PULL_THREAD] Requesting tasks: 48
2020-02-05 12:51:04.932 parsl:256 Rank:0 [DEBUG]  [TASK_PULL_THREAD] No incoming tasks
2020-02-05 12:51:04.933 parsl:218 Rank:0 [DEBUG]  [TASK_PULL_THREAD] ready workers:48, pending tasks:0
2020-02-05 12:51:04.933 parsl:225 Rank:0 [DEBUG]  [TASK_PULL_THREAD] Requesting tasks: 48
2020-02-05 12:51:06.214 parsl:256 Rank:0 [DEBUG]  [TASK_PULL_THREAD] No incoming tasks
2020-02-05 12:51:06.214 parsl:218 Rank:0 [DEBUG]  [TASK_PULL_THREAD] ready workers:48, pending tasks:0
2020-02-05 12:51:06.214 parsl:225 Rank:0 [DEBUG]  [TASK_PULL_THREAD] Requesting tasks: 48
2020-02-05 12:51:08.777 parsl:256 Rank:0 [DEBUG]  [TASK_PULL_THREAD] No incoming tasks
2020-02-05 12:51:08.777 parsl:218 Rank:0 [DEBUG]  [TASK_PULL_THREAD] ready workers:48, pending tasks:0
2020-02-05 12:51:08.778 parsl:225 Rank:0 [DEBUG]  [TASK_PULL_THREAD] Requesting tasks: 48
2020-02-05 12:51:13.903 parsl:256 Rank:0 [DEBUG]  [TASK_PULL_THREAD] No incoming tasks
2020-02-05 12:51:13.903 parsl:218 Rank:0 [DEBUG]  [TASK_PULL_THREAD] ready workers:48, pending tasks:0
2020-02-05 12:51:13.903 parsl:225 Rank:0 [DEBUG]  [TASK_PULL_THREAD] Requesting tasks: 48
2020-02-05 12:51:24.145 parsl:256 Rank:0 [DEBUG]  [TASK_PULL_THREAD] No incoming tasks
2020-02-05 12:51:24.146 parsl:218 Rank:0 [DEBUG]  [TASK_PULL_THREAD] ready workers:48, pending tasks:0
2020-02-05 12:51:24.146 parsl:225 Rank:0 [DEBUG]  [TASK_PULL_THREAD] Requesting tasks: 48
2020-02-05 12:51:44.631 parsl:256 Rank:0 [DEBUG]  [TASK_PULL_THREAD] No incoming tasks
2020-02-05 12:51:44.632 parsl:218 Rank:0 [DEBUG]  [TASK_PULL_THREAD] ready workers:48, pending tasks:0
2020-02-05 12:51:44.633 parsl:188 Rank:0 [DEBUG]  Return from heartbeat: None
2020-02-05 12:51:44.633 parsl:225 Rank:0 [DEBUG]  [TASK_PULL_THREAD] Requesting tasks: 48
2020-02-05 12:51:44.634 parsl:243 Rank:0 [DEBUG]  Got heartbeat from interchange
2020-02-05 12:51:44.634 parsl:218 Rank:0 [DEBUG]  [TASK_PULL_THREAD] ready workers:48, pending tasks:0
2020-02-05 12:51:44.634 parsl:225 Rank:0 [DEBUG]  [TASK_PULL_THREAD] Requesting tasks: 48
2020-02-05 12:51:44.634 parsl:256 Rank:0 [DEBUG]  [TASK_PULL_THREAD] No incoming tasks
2020-02-05 12:51:44.634 parsl:218 Rank:0 [DEBUG]  [TASK_PULL_THREAD] ready workers:48, pending tasks:0
2020-02-05 12:51:44.634 parsl:225 Rank:0 [DEBUG]  [TASK_PULL_THREAD] Requesting tasks: 48
2020-02-05 12:51:44.655 parsl:256 Rank:0 [DEBUG]  [TASK_PULL_THREAD] No incoming tasks
2020-02-05 12:51:44.655 parsl:218 Rank:0 [DEBUG]  [TASK_PULL_THREAD] ready workers:48, pending tasks:0
2020-02-05 12:51:44.655 parsl:225 Rank:0 [DEBUG]  [TASK_PULL_THREAD] Requesting tasks: 48
2020-02-05 12:51:44.695 parsl:256 Rank:0 [DEBUG]  [TASK_PULL_THREAD] No incoming tasks
2020-02-05 12:51:44.696 parsl:218 Rank:0 [DEBUG]  [TASK_PULL_THREAD] ready workers:48, pending tasks:0
2020-02-05 12:51:44.696 parsl:225 Rank:0 [DEBUG]  [TASK_PULL_THREAD] Requesting tasks: 48
2020-02-05 12:51:44.776 parsl:256 Rank:0 [DEBUG]  [TASK_PULL_THREAD] No incoming tasks
2020-02-05 12:51:44.776 parsl:218 Rank:0 [DEBUG]  [TASK_PULL_THREAD] ready workers:48, pending tasks:0
2020-02-05 12:51:44.776 parsl:225 Rank:0 [DEBUG]  [TASK_PULL_THREAD] Requesting tasks: 48
2020-02-05 12:51:44.937 parsl:256 Rank:0 [DEBUG]  [TASK_PULL_THREAD] No incoming tasks
2020-02-05 12:51:44.937 parsl:218 Rank:0 [DEBUG]  [TASK_PULL_THREAD] ready workers:48, pending tasks:0
2020-02-05 12:51:44.937 parsl:225 Rank:0 [DEBUG]  [TASK_PULL_THREAD] Requesting tasks: 48
2020-02-05 12:51:45.257 parsl:256 Rank:0 [DEBUG]  [TASK_PULL_THREAD] No incoming tasks
2020-02-05 12:51:45.258 parsl:218 Rank:0 [DEBUG]  [TASK_PULL_THREAD] ready workers:48, pending tasks:0
2020-02-05 12:51:45.258 parsl:225 Rank:0 [DEBUG]  [TASK_PULL_THREAD] Requesting tasks: 48
2020-02-05 12:51:45.899 parsl:256 Rank:0 [DEBUG]  [TASK_PULL_THREAD] No incoming tasks
2020-02-05 12:51:45.899 parsl:218 Rank:0 [DEBUG]  [TASK_PULL_THREAD] ready workers:48, pending tasks:0
2020-02-05 12:51:45.899 parsl:225 Rank:0 [DEBUG]  [TASK_PULL_THREAD] Requesting tasks: 48
2020-02-05 12:51:47.180 parsl:256 Rank:0 [DEBUG]  [TASK_PULL_THREAD] No incoming tasks
2020-02-05 12:51:47.180 parsl:218 Rank:0 [DEBUG]  [TASK_PULL_THREAD] ready workers:48, pending tasks:0
2020-02-05 12:51:47.181 parsl:225 Rank:0 [DEBUG]  [TASK_PULL_THREAD] Requesting tasks: 48
2020-02-05 12:51:49.743 parsl:256 Rank:0 [DEBUG]  [TASK_PULL_THREAD] No incoming tasks
2020-02-05 12:51:49.743 parsl:218 Rank:0 [DEBUG]  [TASK_PULL_THREAD] ready workers:48, pending tasks:0
2020-02-05 12:51:49.744 parsl:225 Rank:0 [DEBUG]  [TASK_PULL_THREAD] Requesting tasks: 48
2020-02-05 12:51:54.869 parsl:256 Rank:0 [DEBUG]  [TASK_PULL_THREAD] No incoming tasks
2020-02-05 12:51:54.869 parsl:218 Rank:0 [DEBUG]  [TASK_PULL_THREAD] ready workers:48, pending tasks:0
2020-02-05 12:51:54.869 parsl:225 Rank:0 [DEBUG]  [TASK_PULL_THREAD] Requesting tasks: 48
2020-02-05 12:52:05.120 parsl:256 Rank:0 [DEBUG]  [TASK_PULL_THREAD] No incoming tasks
2020-02-05 12:52:05.120 parsl:218 Rank:0 [DEBUG]  [TASK_PULL_THREAD] ready workers:48, pending tasks:0
2020-02-05 12:52:05.121 parsl:225 Rank:0 [DEBUG]  [TASK_PULL_THREAD] Requesting tasks: 48
2020-02-05 12:52:25.621 parsl:256 Rank:0 [DEBUG]  [TASK_PULL_THREAD] No incoming tasks
2020-02-05 12:52:25.622 parsl:218 Rank:0 [DEBUG]  [TASK_PULL_THREAD] ready workers:48, pending tasks:0
2020-02-05 12:52:25.622 parsl:188 Rank:0 [DEBUG]  Return from heartbeat: None
2020-02-05 12:52:25.622 parsl:225 Rank:0 [DEBUG]  [TASK_PULL_THREAD] Requesting tasks: 48
2020-02-05 12:52:25.623 parsl:243 Rank:0 [DEBUG]  Got heartbeat from interchange
2020-02-05 12:52:25.623 parsl:218 Rank:0 [DEBUG]  [TASK_PULL_THREAD] ready workers:48, pending tasks:0
2020-02-05 12:52:25.623 parsl:225 Rank:0 [DEBUG]  [TASK_PULL_THREAD] Requesting tasks: 48
2020-02-05 12:52:25.623 parsl:256 Rank:0 [DEBUG]  [TASK_PULL_THREAD] No incoming tasks
2020-02-05 12:52:25.623 parsl:218 Rank:0 [DEBUG]  [TASK_PULL_THREAD] ready workers:48, pending tasks:0
2020-02-05 12:52:25.623 parsl:225 Rank:0 [DEBUG]  [TASK_PULL_THREAD] Requesting tasks: 48
2020-02-05 12:52:25.644 parsl:256 Rank:0 [DEBUG]  [TASK_PULL_THREAD] No incoming tasks
2020-02-05 12:52:25.644 parsl:218 Rank:0 [DEBUG]  [TASK_PULL_THREAD] ready workers:48, pending tasks:0
2020-02-05 12:52:25.644 parsl:225 Rank:0 [DEBUG]  [TASK_PULL_THREAD] Requesting tasks: 48
2020-02-05 12:52:25.684 parsl:256 Rank:0 [DEBUG]  [TASK_PULL_THREAD] No incoming tasks
2020-02-05 12:52:25.684 parsl:218 Rank:0 [DEBUG]  [TASK_PULL_THREAD] ready workers:48, pending tasks:0
2020-02-05 12:52:25.684 parsl:225 Rank:0 [DEBUG]  [TASK_PULL_THREAD] Requesting tasks: 48
2020-02-05 12:52:25.765 parsl:256 Rank:0 [DEBUG]  [TASK_PULL_THREAD] No incoming tasks
2020-02-05 12:52:25.765 parsl:218 Rank:0 [DEBUG]  [TASK_PULL_THREAD] ready workers:48, pending tasks:0
2020-02-05 12:52:25.765 parsl:225 Rank:0 [DEBUG]  [TASK_PULL_THREAD] Requesting tasks: 48
2020-02-05 12:52:25.925 parsl:256 Rank:0 [DEBUG]  [TASK_PULL_THREAD] No incoming tasks
2020-02-05 12:52:25.926 parsl:218 Rank:0 [DEBUG]  [TASK_PULL_THREAD] ready workers:48, pending tasks:0
2020-02-05 12:52:25.926 parsl:225 Rank:0 [DEBUG]  [TASK_PULL_THREAD] Requesting tasks: 48
2020-02-05 12:52:26.246 parsl:256 Rank:0 [DEBUG]  [TASK_PULL_THREAD] No incoming tasks
2020-02-05 12:52:26.246 parsl:218 Rank:0 [DEBUG]  [TASK_PULL_THREAD] ready workers:48, pending tasks:0
2020-02-05 12:52:26.246 parsl:225 Rank:0 [DEBUG]  [TASK_PULL_THREAD] Requesting tasks: 48
2020-02-05 12:52:26.887 parsl:256 Rank:0 [DEBUG]  [TASK_PULL_THREAD] No incoming tasks
2020-02-05 12:52:26.888 parsl:218 Rank:0 [DEBUG]  [TASK_PULL_THREAD] ready workers:48, pending tasks:0
2020-02-05 12:52:26.888 parsl:225 Rank:0 [DEBUG]  [TASK_PULL_THREAD] Requesting tasks: 48
2020-02-05 12:52:28.169 parsl:256 Rank:0 [DEBUG]  [TASK_PULL_THREAD] No incoming tasks
2020-02-05 12:52:28.169 parsl:218 Rank:0 [DEBUG]  [TASK_PULL_THREAD] ready workers:48, pending tasks:0
2020-02-05 12:52:28.169 parsl:225 Rank:0 [DEBUG]  [TASK_PULL_THREAD] Requesting tasks: 48
2020-02-05 12:52:30.732 parsl:256 Rank:0 [DEBUG]  [TASK_PULL_THREAD] No incoming tasks
2020-02-05 12:52:30.732 parsl:218 Rank:0 [DEBUG]  [TASK_PULL_THREAD] ready workers:48, pending tasks:0
2020-02-05 12:52:30.732 parsl:225 Rank:0 [DEBUG]  [TASK_PULL_THREAD] Requesting tasks: 48
2020-02-05 12:52:35.858 parsl:256 Rank:0 [DEBUG]  [TASK_PULL_THREAD] No incoming tasks
2020-02-05 12:52:35.858 parsl:218 Rank:0 [DEBUG]  [TASK_PULL_THREAD] ready workers:48, pending tasks:0
2020-02-05 12:52:35.859 parsl:225 Rank:0 [DEBUG]  [TASK_PULL_THREAD] Requesting tasks: 48
2020-02-05 12:52:46.109 parsl:256 Rank:0 [DEBUG]  [TASK_PULL_THREAD] No incoming tasks
2020-02-05 12:52:46.110 parsl:218 Rank:0 [DEBUG]  [TASK_PULL_THREAD] ready workers:48, pending tasks:0
2020-02-05 12:52:46.110 parsl:225 Rank:0 [DEBUG]  [TASK_PULL_THREAD] Requesting tasks: 48
2020-02-05 12:53:06.602 parsl:256 Rank:0 [DEBUG]  [TASK_PULL_THREAD] No incoming tasks
2020-02-05 12:53:06.603 parsl:218 Rank:0 [DEBUG]  [TASK_PULL_THREAD] ready workers:48, pending tasks:0
2020-02-05 12:53:06.603 parsl:188 Rank:0 [DEBUG]  Return from heartbeat: None
2020-02-05 12:53:06.603 parsl:225 Rank:0 [DEBUG]  [TASK_PULL_THREAD] Requesting tasks: 48
2020-02-05 12:53:06.605 parsl:243 Rank:0 [DEBUG]  Got heartbeat from interchange
2020-02-05 12:53:06.605 parsl:218 Rank:0 [DEBUG]  [TASK_PULL_THREAD] ready workers:48, pending tasks:0
2020-02-05 12:53:06.605 parsl:225 Rank:0 [DEBUG]  [TASK_PULL_THREAD] Requesting tasks: 48
2020-02-05 12:53:06.605 parsl:256 Rank:0 [DEBUG]  [TASK_PULL_THREAD] No incoming tasks
2020-02-05 12:53:06.605 parsl:218 Rank:0 [DEBUG]  [TASK_PULL_THREAD] ready workers:48, pending tasks:0
2020-02-05 12:53:06.606 parsl:225 Rank:0 [DEBUG]  [TASK_PULL_THREAD] Requesting tasks: 48
2020-02-05 12:53:06.626 parsl:256 Rank:0 [DEBUG]  [TASK_PULL_THREAD] No incoming tasks
2020-02-05 12:53:06.626 parsl:218 Rank:0 [DEBUG]  [TASK_PULL_THREAD] ready workers:48, pending tasks:0
2020-02-05 12:53:06.626 parsl:225 Rank:0 [DEBUG]  [TASK_PULL_THREAD] Requesting tasks: 48
2020-02-05 12:53:06.666 parsl:256 Rank:0 [DEBUG]  [TASK_PULL_THREAD] No incoming tasks
2020-02-05 12:53:06.667 parsl:218 Rank:0 [DEBUG]  [TASK_PULL_THREAD] ready workers:48, pending tasks:0
2020-02-05 12:53:06.667 parsl:225 Rank:0 [DEBUG]  [TASK_PULL_THREAD] Requesting tasks: 48
2020-02-05 12:53:06.747 parsl:256 Rank:0 [DEBUG]  [TASK_PULL_THREAD] No incoming tasks
2020-02-05 12:53:06.747 parsl:218 Rank:0 [DEBUG]  [TASK_PULL_THREAD] ready workers:48, pending tasks:0
2020-02-05 12:53:06.747 parsl:225 Rank:0 [DEBUG]  [TASK_PULL_THREAD] Requesting tasks: 48
2020-02-05 12:53:06.908 parsl:256 Rank:0 [DEBUG]  [TASK_PULL_THREAD] No incoming tasks
2020-02-05 12:53:06.908 parsl:218 Rank:0 [DEBUG]  [TASK_PULL_THREAD] ready workers:48, pending tasks:0
2020-02-05 12:53:06.908 parsl:225 Rank:0 [DEBUG]  [TASK_PULL_THREAD] Requesting tasks: 48
2020-02-05 12:53:07.228 parsl:256 Rank:0 [DEBUG]  [TASK_PULL_THREAD] No incoming tasks
2020-02-05 12:53:07.229 parsl:218 Rank:0 [DEBUG]  [TASK_PULL_THREAD] ready workers:48, pending tasks:0
2020-02-05 12:53:07.229 parsl:225 Rank:0 [DEBUG]  [TASK_PULL_THREAD] Requesting tasks: 48
2020-02-05 12:53:07.870 parsl:256 Rank:0 [DEBUG]  [TASK_PULL_THREAD] No incoming tasks
2020-02-05 12:53:07.870 parsl:218 Rank:0 [DEBUG]  [TASK_PULL_THREAD] ready workers:48, pending tasks:0
2020-02-05 12:53:07.870 parsl:225 Rank:0 [DEBUG]  [TASK_PULL_THREAD] Requesting tasks: 48
2020-02-05 12:53:09.151 parsl:256 Rank:0 [DEBUG]  [TASK_PULL_THREAD] No incoming tasks
2020-02-05 12:53:09.151 parsl:218 Rank:0 [DEBUG]  [TASK_PULL_THREAD] ready workers:48, pending tasks:0
2020-02-05 12:53:09.152 parsl:225 Rank:0 [DEBUG]  [TASK_PULL_THREAD] Requesting tasks: 48
2020-02-05 12:53:11.714 parsl:256 Rank:0 [DEBUG]  [TASK_PULL_THREAD] No incoming tasks
2020-02-05 12:53:11.715 parsl:218 Rank:0 [DEBUG]  [TASK_PULL_THREAD] ready workers:48, pending tasks:0
2020-02-05 12:53:11.715 parsl:225 Rank:0 [DEBUG]  [TASK_PULL_THREAD] Requesting tasks: 48
2020-02-05 12:53:16.840 parsl:256 Rank:0 [DEBUG]  [TASK_PULL_THREAD] No incoming tasks
2020-02-05 12:53:16.840 parsl:218 Rank:0 [DEBUG]  [TASK_PULL_THREAD] ready workers:48, pending tasks:0
2020-02-05 12:53:16.840 parsl:225 Rank:0 [DEBUG]  [TASK_PULL_THREAD] Requesting tasks: 48
2020-02-05 12:53:27.081 parsl:256 Rank:0 [DEBUG]  [TASK_PULL_THREAD] No incoming tasks
2020-02-05 12:53:27.081 parsl:218 Rank:0 [DEBUG]  [TASK_PULL_THREAD] ready workers:48, pending tasks:0
2020-02-05 12:53:27.081 parsl:225 Rank:0 [DEBUG]  [TASK_PULL_THREAD] Requesting tasks: 48
2020-02-05 12:53:47.564 parsl:256 Rank:0 [DEBUG]  [TASK_PULL_THREAD] No incoming tasks
2020-02-05 12:53:47.565 parsl:218 Rank:0 [DEBUG]  [TASK_PULL_THREAD] ready workers:48, pending tasks:0
2020-02-05 12:53:47.565 parsl:188 Rank:0 [DEBUG]  Return from heartbeat: None
2020-02-05 12:53:47.565 parsl:225 Rank:0 [DEBUG]  [TASK_PULL_THREAD] Requesting tasks: 48
2020-02-05 12:53:47.566 parsl:243 Rank:0 [DEBUG]  Got heartbeat from interchange
2020-02-05 12:53:47.566 parsl:218 Rank:0 [DEBUG]  [TASK_PULL_THREAD] ready workers:48, pending tasks:0
2020-02-05 12:53:47.566 parsl:225 Rank:0 [DEBUG]  [TASK_PULL_THREAD] Requesting tasks: 48
2020-02-05 12:53:47.566 parsl:256 Rank:0 [DEBUG]  [TASK_PULL_THREAD] No incoming tasks
2020-02-05 12:53:47.567 parsl:218 Rank:0 [DEBUG]  [TASK_PULL_THREAD] ready workers:48, pending tasks:0
2020-02-05 12:53:47.567 parsl:225 Rank:0 [DEBUG]  [TASK_PULL_THREAD] Requesting tasks: 48
2020-02-05 12:53:47.587 parsl:256 Rank:0 [DEBUG]  [TASK_PULL_THREAD] No incoming tasks
2020-02-05 12:53:47.587 parsl:218 Rank:0 [DEBUG]  [TASK_PULL_THREAD] ready workers:48, pending tasks:0
2020-02-05 12:53:47.587 parsl:225 Rank:0 [DEBUG]  [TASK_PULL_THREAD] Requesting tasks: 48
2020-02-05 12:53:47.627 parsl:256 Rank:0 [DEBUG]  [TASK_PULL_THREAD] No incoming tasks
2020-02-05 12:53:47.628 parsl:218 Rank:0 [DEBUG]  [TASK_PULL_THREAD] ready workers:48, pending tasks:0
2020-02-05 12:53:47.628 parsl:225 Rank:0 [DEBUG]  [TASK_PULL_THREAD] Requesting tasks: 48
2020-02-05 12:53:47.708 parsl:256 Rank:0 [DEBUG]  [TASK_PULL_THREAD] No incoming tasks
2020-02-05 12:53:47.708 parsl:218 Rank:0 [DEBUG]  [TASK_PULL_THREAD] ready workers:48, pending tasks:0
2020-02-05 12:53:47.708 parsl:225 Rank:0 [DEBUG]  [TASK_PULL_THREAD] Requesting tasks: 48
2020-02-05 12:53:47.869 parsl:256 Rank:0 [DEBUG]  [TASK_PULL_THREAD] No incoming tasks
2020-02-05 12:53:47.869 parsl:218 Rank:0 [DEBUG]  [TASK_PULL_THREAD] ready workers:48, pending tasks:0
2020-02-05 12:53:47.869 parsl:225 Rank:0 [DEBUG]  [TASK_PULL_THREAD] Requesting tasks: 48
2020-02-05 12:53:48.189 parsl:256 Rank:0 [DEBUG]  [TASK_PULL_THREAD] No incoming tasks
2020-02-05 12:53:48.190 parsl:218 Rank:0 [DEBUG]  [TASK_PULL_THREAD] ready workers:48, pending tasks:0
2020-02-05 12:53:48.190 parsl:225 Rank:0 [DEBUG]  [TASK_PULL_THREAD] Requesting tasks: 48
2020-02-05 12:53:48.831 parsl:256 Rank:0 [DEBUG]  [TASK_PULL_THREAD] No incoming tasks
2020-02-05 12:53:48.831 parsl:218 Rank:0 [DEBUG]  [TASK_PULL_THREAD] ready workers:48, pending tasks:0
2020-02-05 12:53:48.831 parsl:225 Rank:0 [DEBUG]  [TASK_PULL_THREAD] Requesting tasks: 48
2020-02-05 12:53:50.112 parsl:256 Rank:0 [DEBUG]  [TASK_PULL_THREAD] No incoming tasks
2020-02-05 12:53:50.112 parsl:218 Rank:0 [DEBUG]  [TASK_PULL_THREAD] ready workers:48, pending tasks:0
2020-02-05 12:53:50.113 parsl:225 Rank:0 [DEBUG]  [TASK_PULL_THREAD] Requesting tasks: 48
2020-02-05 12:53:52.675 parsl:256 Rank:0 [DEBUG]  [TASK_PULL_THREAD] No incoming tasks
2020-02-05 12:53:52.676 parsl:218 Rank:0 [DEBUG]  [TASK_PULL_THREAD] ready workers:48, pending tasks:0
2020-02-05 12:53:52.676 parsl:225 Rank:0 [DEBUG]  [TASK_PULL_THREAD] Requesting tasks: 48
2020-02-05 12:53:57.801 parsl:256 Rank:0 [DEBUG]  [TASK_PULL_THREAD] No incoming tasks
2020-02-05 12:53:57.801 parsl:218 Rank:0 [DEBUG]  [TASK_PULL_THREAD] ready workers:48, pending tasks:0
2020-02-05 12:53:57.801 parsl:225 Rank:0 [DEBUG]  [TASK_PULL_THREAD] Requesting tasks: 48
2020-02-05 12:54:08.044 parsl:256 Rank:0 [DEBUG]  [TASK_PULL_THREAD] No incoming tasks
2020-02-05 12:54:08.044 parsl:218 Rank:0 [DEBUG]  [TASK_PULL_THREAD] ready workers:48, pending tasks:0
2020-02-05 12:54:08.044 parsl:225 Rank:0 [DEBUG]  [TASK_PULL_THREAD] Requesting tasks: 48
2020-02-05 12:54:28.545 parsl:256 Rank:0 [DEBUG]  [TASK_PULL_THREAD] No incoming tasks
2020-02-05 12:54:28.545 parsl:218 Rank:0 [DEBUG]  [TASK_PULL_THREAD] ready workers:48, pending tasks:0
2020-02-05 12:54:28.546 parsl:188 Rank:0 [DEBUG]  Return from heartbeat: None
2020-02-05 12:54:28.546 parsl:225 Rank:0 [DEBUG]  [TASK_PULL_THREAD] Requesting tasks: 48
2020-02-05 12:54:28.547 parsl:243 Rank:0 [DEBUG]  Got heartbeat from interchange
2020-02-05 12:54:28.547 parsl:218 Rank:0 [DEBUG]  [TASK_PULL_THREAD] ready workers:48, pending tasks:0
2020-02-05 12:54:28.547 parsl:225 Rank:0 [DEBUG]  [TASK_PULL_THREAD] Requesting tasks: 48
2020-02-05 12:54:28.547 parsl:256 Rank:0 [DEBUG]  [TASK_PULL_THREAD] No incoming tasks
2020-02-05 12:54:28.547 parsl:218 Rank:0 [DEBUG]  [TASK_PULL_THREAD] ready workers:48, pending tasks:0
2020-02-05 12:54:28.547 parsl:225 Rank:0 [DEBUG]  [TASK_PULL_THREAD] Requesting tasks: 48
2020-02-05 12:54:28.568 parsl:256 Rank:0 [DEBUG]  [TASK_PULL_THREAD] No incoming tasks
2020-02-05 12:54:28.568 parsl:218 Rank:0 [DEBUG]  [TASK_PULL_THREAD] ready workers:48, pending tasks:0
2020-02-05 12:54:28.568 parsl:225 Rank:0 [DEBUG]  [TASK_PULL_THREAD] Requesting tasks: 48
2020-02-05 12:54:28.608 parsl:256 Rank:0 [DEBUG]  [TASK_PULL_THREAD] No incoming tasks
2020-02-05 12:54:28.608 parsl:218 Rank:0 [DEBUG]  [TASK_PULL_THREAD] ready workers:48, pending tasks:0
2020-02-05 12:54:28.608 parsl:225 Rank:0 [DEBUG]  [TASK_PULL_THREAD] Requesting tasks: 48
2020-02-05 12:54:28.689 parsl:256 Rank:0 [DEBUG]  [TASK_PULL_THREAD] No incoming tasks
2020-02-05 12:54:28.689 parsl:218 Rank:0 [DEBUG]  [TASK_PULL_THREAD] ready workers:48, pending tasks:0
2020-02-05 12:54:28.689 parsl:225 Rank:0 [DEBUG]  [TASK_PULL_THREAD] Requesting tasks: 48
2020-02-05 12:54:28.849 parsl:256 Rank:0 [DEBUG]  [TASK_PULL_THREAD] No incoming tasks
2020-02-05 12:54:28.849 parsl:218 Rank:0 [DEBUG]  [TASK_PULL_THREAD] ready workers:48, pending tasks:0
2020-02-05 12:54:28.850 parsl:225 Rank:0 [DEBUG]  [TASK_PULL_THREAD] Requesting tasks: 48
2020-02-05 12:54:29.170 parsl:256 Rank:0 [DEBUG]  [TASK_PULL_THREAD] No incoming tasks
2020-02-05 12:54:29.170 parsl:218 Rank:0 [DEBUG]  [TASK_PULL_THREAD] ready workers:48, pending tasks:0
2020-02-05 12:54:29.170 parsl:225 Rank:0 [DEBUG]  [TASK_PULL_THREAD] Requesting tasks: 48
2020-02-05 12:54:29.811 parsl:256 Rank:0 [DEBUG]  [TASK_PULL_THREAD] No incoming tasks
2020-02-05 12:54:29.811 parsl:218 Rank:0 [DEBUG]  [TASK_PULL_THREAD] ready workers:48, pending tasks:0
2020-02-05 12:54:29.811 parsl:225 Rank:0 [DEBUG]  [TASK_PULL_THREAD] Requesting tasks: 48
2020-02-05 12:54:31.093 parsl:256 Rank:0 [DEBUG]  [TASK_PULL_THREAD] No incoming tasks
2020-02-05 12:54:31.093 parsl:218 Rank:0 [DEBUG]  [TASK_PULL_THREAD] ready workers:48, pending tasks:0
2020-02-05 12:54:31.093 parsl:225 Rank:0 [DEBUG]  [TASK_PULL_THREAD] Requesting tasks: 48
2020-02-05 12:54:33.656 parsl:256 Rank:0 [DEBUG]  [TASK_PULL_THREAD] No incoming tasks
2020-02-05 12:54:33.657 parsl:218 Rank:0 [DEBUG]  [TASK_PULL_THREAD] ready workers:48, pending tasks:0
2020-02-05 12:54:33.657 parsl:225 Rank:0 [DEBUG]  [TASK_PULL_THREAD] Requesting tasks: 48
2020-02-05 12:54:38.782 parsl:256 Rank:0 [DEBUG]  [TASK_PULL_THREAD] No incoming tasks
2020-02-05 12:54:38.782 parsl:218 Rank:0 [DEBUG]  [TASK_PULL_THREAD] ready workers:48, pending tasks:0
2020-02-05 12:54:38.782 parsl:225 Rank:0 [DEBUG]  [TASK_PULL_THREAD] Requesting tasks: 48
2020-02-05 12:54:49.029 parsl:256 Rank:0 [DEBUG]  [TASK_PULL_THREAD] No incoming tasks
2020-02-05 12:54:49.030 parsl:218 Rank:0 [DEBUG]  [TASK_PULL_THREAD] ready workers:48, pending tasks:0
2020-02-05 12:54:49.030 parsl:225 Rank:0 [DEBUG]  [TASK_PULL_THREAD] Requesting tasks: 48
2020-02-05 12:55:09.531 parsl:256 Rank:0 [DEBUG]  [TASK_PULL_THREAD] No incoming tasks
2020-02-05 12:55:09.531 parsl:218 Rank:0 [DEBUG]  [TASK_PULL_THREAD] ready workers:48, pending tasks:0
2020-02-05 12:55:09.532 parsl:188 Rank:0 [DEBUG]  Return from heartbeat: None
2020-02-05 12:55:09.533 parsl:225 Rank:0 [DEBUG]  [TASK_PULL_THREAD] Requesting tasks: 48
2020-02-05 12:55:09.534 parsl:243 Rank:0 [DEBUG]  Got heartbeat from interchange
2020-02-05 12:55:09.534 parsl:218 Rank:0 [DEBUG]  [TASK_PULL_THREAD] ready workers:48, pending tasks:0
2020-02-05 12:55:09.534 parsl:225 Rank:0 [DEBUG]  [TASK_PULL_THREAD] Requesting tasks: 48
2020-02-05 12:55:09.534 parsl:256 Rank:0 [DEBUG]  [TASK_PULL_THREAD] No incoming tasks
2020-02-05 12:55:09.534 parsl:218 Rank:0 [DEBUG]  [TASK_PULL_THREAD] ready workers:48, pending tasks:0
2020-02-05 12:55:09.535 parsl:225 Rank:0 [DEBUG]  [TASK_PULL_THREAD] Requesting tasks: 48
2020-02-05 12:55:09.555 parsl:256 Rank:0 [DEBUG]  [TASK_PULL_THREAD] No incoming tasks
2020-02-05 12:55:09.555 parsl:218 Rank:0 [DEBUG]  [TASK_PULL_THREAD] ready workers:48, pending tasks:0
2020-02-05 12:55:09.555 parsl:225 Rank:0 [DEBUG]  [TASK_PULL_THREAD] Requesting tasks: 48
2020-02-05 12:55:09.595 parsl:256 Rank:0 [DEBUG]  [TASK_PULL_THREAD] No incoming tasks
2020-02-05 12:55:09.596 parsl:218 Rank:0 [DEBUG]  [TASK_PULL_THREAD] ready workers:48, pending tasks:0
2020-02-05 12:55:09.596 parsl:225 Rank:0 [DEBUG]  [TASK_PULL_THREAD] Requesting tasks: 48
2020-02-05 12:55:09.676 parsl:256 Rank:0 [DEBUG]  [TASK_PULL_THREAD] No incoming tasks
2020-02-05 12:55:09.676 parsl:218 Rank:0 [DEBUG]  [TASK_PULL_THREAD] ready workers:48, pending tasks:0
2020-02-05 12:55:09.676 parsl:225 Rank:0 [DEBUG]  [TASK_PULL_THREAD] Requesting tasks: 48
2020-02-05 12:55:09.837 parsl:256 Rank:0 [DEBUG]  [TASK_PULL_THREAD] No incoming tasks
2020-02-05 12:55:09.837 parsl:218 Rank:0 [DEBUG]  [TASK_PULL_THREAD] ready workers:48, pending tasks:0
2020-02-05 12:55:09.837 parsl:225 Rank:0 [DEBUG]  [TASK_PULL_THREAD] Requesting tasks: 48
2020-02-05 12:55:10.157 parsl:256 Rank:0 [DEBUG]  [TASK_PULL_THREAD] No incoming tasks
2020-02-05 12:55:10.158 parsl:218 Rank:0 [DEBUG]  [TASK_PULL_THREAD] ready workers:48, pending tasks:0
2020-02-05 12:55:10.158 parsl:225 Rank:0 [DEBUG]  [TASK_PULL_THREAD] Requesting tasks: 48
2020-02-05 12:55:10.799 parsl:256 Rank:0 [DEBUG]  [TASK_PULL_THREAD] No incoming tasks
2020-02-05 12:55:10.799 parsl:218 Rank:0 [DEBUG]  [TASK_PULL_THREAD] ready workers:48, pending tasks:0
2020-02-05 12:55:10.799 parsl:225 Rank:0 [DEBUG]  [TASK_PULL_THREAD] Requesting tasks: 48
2020-02-05 12:55:12.080 parsl:256 Rank:0 [DEBUG]  [TASK_PULL_THREAD] No incoming tasks
2020-02-05 12:55:12.081 parsl:218 Rank:0 [DEBUG]  [TASK_PULL_THREAD] ready workers:48, pending tasks:0
2020-02-05 12:55:12.081 parsl:225 Rank:0 [DEBUG]  [TASK_PULL_THREAD] Requesting tasks: 48
2020-02-05 12:55:14.643 parsl:256 Rank:0 [DEBUG]  [TASK_PULL_THREAD] No incoming tasks
2020-02-05 12:55:14.644 parsl:218 Rank:0 [DEBUG]  [TASK_PULL_THREAD] ready workers:48, pending tasks:0
2020-02-05 12:55:14.644 parsl:225 Rank:0 [DEBUG]  [TASK_PULL_THREAD] Requesting tasks: 48
2020-02-05 12:55:19.766 parsl:256 Rank:0 [DEBUG]  [TASK_PULL_THREAD] No incoming tasks
2020-02-05 12:55:19.766 parsl:218 Rank:0 [DEBUG]  [TASK_PULL_THREAD] ready workers:48, pending tasks:0
2020-02-05 12:55:19.766 parsl:225 Rank:0 [DEBUG]  [TASK_PULL_THREAD] Requesting tasks: 48
2020-02-05 12:55:30.016 parsl:256 Rank:0 [DEBUG]  [TASK_PULL_THREAD] No incoming tasks
2020-02-05 12:55:30.016 parsl:218 Rank:0 [DEBUG]  [TASK_PULL_THREAD] ready workers:48, pending tasks:0
2020-02-05 12:55:30.016 parsl:225 Rank:0 [DEBUG]  [TASK_PULL_THREAD] Requesting tasks: 48
2020-02-05 12:55:50.507 parsl:256 Rank:0 [DEBUG]  [TASK_PULL_THREAD] No incoming tasks
2020-02-05 12:55:50.508 parsl:218 Rank:0 [DEBUG]  [TASK_PULL_THREAD] ready workers:48, pending tasks:0
2020-02-05 12:55:50.508 parsl:188 Rank:0 [DEBUG]  Return from heartbeat: None
2020-02-05 12:55:50.508 parsl:225 Rank:0 [DEBUG]  [TASK_PULL_THREAD] Requesting tasks: 48
2020-02-05 12:55:50.509 parsl:243 Rank:0 [DEBUG]  Got heartbeat from interchange
2020-02-05 12:55:50.510 parsl:218 Rank:0 [DEBUG]  [TASK_PULL_THREAD] ready workers:48, pending tasks:0
2020-02-05 12:55:50.510 parsl:225 Rank:0 [DEBUG]  [TASK_PULL_THREAD] Requesting tasks: 48
2020-02-05 12:55:50.510 parsl:256 Rank:0 [DEBUG]  [TASK_PULL_THREAD] No incoming tasks
2020-02-05 12:55:50.510 parsl:218 Rank:0 [DEBUG]  [TASK_PULL_THREAD] ready workers:48, pending tasks:0
2020-02-05 12:55:50.510 parsl:225 Rank:0 [DEBUG]  [TASK_PULL_THREAD] Requesting tasks: 48
2020-02-05 12:55:50.530 parsl:256 Rank:0 [DEBUG]  [TASK_PULL_THREAD] No incoming tasks
2020-02-05 12:55:50.530 parsl:218 Rank:0 [DEBUG]  [TASK_PULL_THREAD] ready workers:48, pending tasks:0
2020-02-05 12:55:50.530 parsl:225 Rank:0 [DEBUG]  [TASK_PULL_THREAD] Requesting tasks: 48
2020-02-05 12:55:50.571 parsl:256 Rank:0 [DEBUG]  [TASK_PULL_THREAD] No incoming tasks
2020-02-05 12:55:50.571 parsl:218 Rank:0 [DEBUG]  [TASK_PULL_THREAD] ready workers:48, pending tasks:0
2020-02-05 12:55:50.571 parsl:225 Rank:0 [DEBUG]  [TASK_PULL_THREAD] Requesting tasks: 48
2020-02-05 12:55:50.651 parsl:256 Rank:0 [DEBUG]  [TASK_PULL_THREAD] No incoming tasks
2020-02-05 12:55:50.651 parsl:218 Rank:0 [DEBUG]  [TASK_PULL_THREAD] ready workers:48, pending tasks:0
2020-02-05 12:55:50.651 parsl:225 Rank:0 [DEBUG]  [TASK_PULL_THREAD] Requesting tasks: 48
2020-02-05 12:55:50.812 parsl:256 Rank:0 [DEBUG]  [TASK_PULL_THREAD] No incoming tasks
2020-02-05 12:55:50.812 parsl:218 Rank:0 [DEBUG]  [TASK_PULL_THREAD] ready workers:48, pending tasks:0
2020-02-05 12:55:50.812 parsl:225 Rank:0 [DEBUG]  [TASK_PULL_THREAD] Requesting tasks: 48
2020-02-05 12:55:51.133 parsl:256 Rank:0 [DEBUG]  [TASK_PULL_THREAD] No incoming tasks
2020-02-05 12:55:51.133 parsl:218 Rank:0 [DEBUG]  [TASK_PULL_THREAD] ready workers:48, pending tasks:0
2020-02-05 12:55:51.133 parsl:225 Rank:0 [DEBUG]  [TASK_PULL_THREAD] Requesting tasks: 48
2020-02-05 12:55:51.773 parsl:256 Rank:0 [DEBUG]  [TASK_PULL_THREAD] No incoming tasks
2020-02-05 12:55:51.774 parsl:218 Rank:0 [DEBUG]  [TASK_PULL_THREAD] ready workers:48, pending tasks:0
2020-02-05 12:55:51.774 parsl:225 Rank:0 [DEBUG]  [TASK_PULL_THREAD] Requesting tasks: 48
2020-02-05 12:55:53.055 parsl:256 Rank:0 [DEBUG]  [TASK_PULL_THREAD] No incoming tasks
2020-02-05 12:55:53.056 parsl:218 Rank:0 [DEBUG]  [TASK_PULL_THREAD] ready workers:48, pending tasks:0
2020-02-05 12:55:53.056 parsl:225 Rank:0 [DEBUG]  [TASK_PULL_THREAD] Requesting tasks: 48
