Found cores : 48
Launching worker: 1
Feb 05 12:48:18 ..... started STAR run
Feb 05 12:48:18 ... starting to generate Genome files
Feb 05 12:48:18 ..... started STAR run
Feb 05 12:48:18 ..... started STAR run
Feb 05 12:48:18 ... starting to generate Genome files
Feb 05 12:48:18 ... starting to generate Genome files
Feb 05 12:48:18 ..... started STAR run
Feb 05 12:48:18 ... starting to generate Genome files
Feb 05 12:48:18 ..... started STAR run
Feb 05 12:48:18 ... starting to generate Genome files
Feb 05 12:48:18 ..... started STAR run
Feb 05 12:48:18 ... starting to generate Genome files
Feb 05 12:48:18 ..... started STAR run
Feb 05 12:48:18 ..... started STAR run
Feb 05 12:48:18 ... starting to generate Genome files
Feb 05 12:48:18 ... starting to generate Genome files
Feb 05 12:48:18 ..... started STAR run
Feb 05 12:48:18 ..... started STAR run
Feb 05 12:48:18 ... starting to generate Genome files
Feb 05 12:48:18 ... starting to generate Genome files
Feb 05 12:48:18 ..... started STAR run
Feb 05 12:48:18 ..... started STAR run
Feb 05 12:48:18 ..... started STAR run
Feb 05 12:48:18 ... starting to generate Genome files
Feb 05 12:48:18 ... starting to generate Genome files
Feb 05 12:48:18 ..... started STAR run
Feb 05 12:48:18 ..... started STAR run
Feb 05 12:48:18 ... starting to generate Genome files
Feb 05 12:48:18 ... starting to generate Genome files
Feb 05 12:48:18 ... starting to generate Genome files
Feb 05 12:48:18 ..... started STAR run
Feb 05 12:48:18 ... starting to generate Genome files
Feb 05 12:48:18 ..... started STAR run
Feb 05 12:48:18 ..... started STAR run
Feb 05 12:48:18 ... starting to generate Genome files
Feb 05 12:48:18 ..... started STAR run
Feb 05 12:48:18 ..... started STAR run
Feb 05 12:48:18 ... starting to generate Genome files
Feb 05 12:48:18 ... starting to generate Genome files
Feb 05 12:48:18 ..... started STAR run
Feb 05 12:48:18 ... starting to generate Genome files
Feb 05 12:48:18 ..... started STAR run
Feb 05 12:48:18 ... starting to generate Genome files
Feb 05 12:48:18 ..... started STAR run
Feb 05 12:48:18 ... starting to generate Genome files
Feb 05 12:48:18 ... starting to generate Genome files
Feb 05 12:48:18 ..... started STAR run
Feb 05 12:48:18 ..... started STAR run
Feb 05 12:48:18 ... starting to generate Genome files
Feb 05 12:48:18 ... starting to generate Genome files
Feb 05 12:48:18 ..... started STAR run
Feb 05 12:48:18 ... starting to generate Genome files
Feb 05 12:48:18 ..... started STAR run
Feb 05 12:48:18 ... starting to generate Genome files
Feb 05 12:48:18 ..... started STAR run
Feb 05 12:48:18 ... starting to generate Genome files
Feb 05 12:48:18 ..... started STAR run
Feb 05 12:48:18 ... starting to generate Genome files
Feb 05 12:48:18 ..... started STAR run
Feb 05 12:48:18 ..... started STAR run
Feb 05 12:48:18 ... starting to generate Genome files
Feb 05 12:48:18 ..... started STAR run
Feb 05 12:48:18 ... starting to generate Genome files
Feb 05 12:48:18 ... starting to generate Genome files
Feb 05 12:48:18 ..... started STAR run
Feb 05 12:48:18 ..... started STAR run
Feb 05 12:48:18 ... starting to generate Genome files
Feb 05 12:48:18 ... starting to generate Genome files
Feb 05 12:48:18 ..... started STAR run
Feb 05 12:48:18 ..... started STAR run
Feb 05 12:48:18 ..... started STAR run
Feb 05 12:48:18 ... starting to generate Genome files
Feb 05 12:48:18 ... starting to generate Genome files
Feb 05 12:48:18 ... starting to generate Genome files
Feb 05 12:48:18 ..... started STAR run
Feb 05 12:48:18 ..... started STAR run
Feb 05 12:48:18 ... starting to generate Genome files
Feb 05 12:48:18 ... starting to generate Genome files
Feb 05 12:48:18 ..... started STAR run
Feb 05 12:48:18 ... starting to generate Genome files
Feb 05 12:48:18 ..... started STAR run
Feb 05 12:48:18 ... starting to generate Genome files
Feb 05 12:48:18 ..... started STAR run
Feb 05 12:48:18 ..... started STAR run
Feb 05 12:48:18 ... starting to generate Genome files
Feb 05 12:48:18 ... starting to generate Genome files
Feb 05 12:48:18 ..... started STAR run
Feb 05 12:48:18 ... starting to generate Genome files
Feb 05 12:48:18 ..... started STAR run
Feb 05 12:48:18 ..... started STAR run
Feb 05 12:48:18 ... starting to generate Genome files
Feb 05 12:48:18 ..... started STAR run
Feb 05 12:48:18 ... starting to generate Genome files
Feb 05 12:48:18 ... starting to generate Genome files
Feb 05 12:48:18 ..... started STAR run
Feb 05 12:48:18 ... starting to generate Genome files
Feb 05 12:48:18 ... starting to sort Suffix Array. This may take a long time...
Feb 05 12:48:18 ... sorting Suffix Array chunks and saving them to disk...
Feb 05 12:48:18 ... starting to sort Suffix Array. This may take a long time...
Feb 05 12:48:18 ... starting to sort Suffix Array. This may take a long time...
Feb 05 12:48:18 ... sorting Suffix Array chunks and saving them to disk...
Feb 05 12:48:18 ... sorting Suffix Array chunks and saving them to disk...
Feb 05 12:48:18 ... starting to sort Suffix Array. This may take a long time...
Feb 05 12:48:18 ... sorting Suffix Array chunks and saving them to disk...
Feb 05 12:48:19 ... loading chunks from disk, packing SA...
Feb 05 12:48:19 ... loading chunks from disk, packing SA...
Feb 05 12:48:19 ... starting to sort Suffix Array. This may take a long time...
Feb 05 12:48:19 ... loading chunks from disk, packing SA...
Feb 05 12:48:19 ... sorting Suffix Array chunks and saving them to disk...
Feb 05 12:48:19 ... starting to sort Suffix Array. This may take a long time...
Feb 05 12:48:19 ... sorting Suffix Array chunks and saving them to disk...
Feb 05 12:48:19 ... loading chunks from disk, packing SA...
Feb 05 12:48:19 ... starting to sort Suffix Array. This may take a long time...
Feb 05 12:48:19 ... sorting Suffix Array chunks and saving them to disk...
Feb 05 12:48:19 ... starting to sort Suffix Array. This may take a long time...
Feb 05 12:48:19 ... sorting Suffix Array chunks and saving them to disk...
Feb 05 12:48:19 ... starting to sort Suffix Array. This may take a long time...
Feb 05 12:48:19 ... starting to sort Suffix Array. This may take a long time...
Feb 05 12:48:19 ... sorting Suffix Array chunks and saving them to disk...
Feb 05 12:48:19 ... starting to sort Suffix Array. This may take a long time...
Feb 05 12:48:19 ... sorting Suffix Array chunks and saving them to disk...
Feb 05 12:48:19 ... sorting Suffix Array chunks and saving them to disk...
Feb 05 12:48:19 ... starting to sort Suffix Array. This may take a long time...
Feb 05 12:48:19 ... starting to sort Suffix Array. This may take a long time...
Feb 05 12:48:19 ... starting to sort Suffix Array. This may take a long time...
Feb 05 12:48:19 ... sorting Suffix Array chunks and saving them to disk...
Feb 05 12:48:19 ... sorting Suffix Array chunks and saving them to disk...
Feb 05 12:48:19 ... starting to sort Suffix Array. This may take a long time...
Feb 05 12:48:19 ... finished generating suffix array
Feb 05 12:48:19 ... generating Suffix Array index
Feb 05 12:48:19 ... completed Suffix Array index
Feb 05 12:48:19 ... starting to sort Suffix Array. This may take a long time...
Feb 05 12:48:19 ... sorting Suffix Array chunks and saving them to disk...
Feb 05 12:48:19 ... loading chunks from disk, packing SA...
Feb 05 12:48:19 ... sorting Suffix Array chunks and saving them to disk...
Feb 05 12:48:19 ... finished generating suffix array
Feb 05 12:48:19 ... sorting Suffix Array chunks and saving them to disk...
Feb 05 12:48:19 ... starting to sort Suffix Array. This may take a long time...
Feb 05 12:48:19 ... generating Suffix Array index
Feb 05 12:48:19 ... completed Suffix Array index
Feb 05 12:48:19 ... finished generating suffix array
Feb 05 12:48:19 ... generating Suffix Array index
Feb 05 12:48:19 ... completed Suffix Array index
Feb 05 12:48:19 ... sorting Suffix Array chunks and saving them to disk...
Feb 05 12:48:19 ... starting to sort Suffix Array. This may take a long time...
Feb 05 12:48:19 ... starting to sort Suffix Array. This may take a long time...
Feb 05 12:48:19 ... sorting Suffix Array chunks and saving them to disk...
Feb 05 12:48:19 ... sorting Suffix Array chunks and saving them to disk...
Feb 05 12:48:19 ... loading chunks from disk, packing SA...
Feb 05 12:48:19 ... finished generating suffix array
Feb 05 12:48:19 ... generating Suffix Array index
Feb 05 12:48:19 ... completed Suffix Array index
Feb 05 12:48:19 ... starting to sort Suffix Array. This may take a long time...
Feb 05 12:48:19 ... starting to sort Suffix Array. This may take a long time...
Feb 05 12:48:19 ... starting to sort Suffix Array. This may take a long time...
Feb 05 12:48:19 ... sorting Suffix Array chunks and saving them to disk...
Feb 05 12:48:19 ... sorting Suffix Array chunks and saving them to disk...
Feb 05 12:48:19 ... sorting Suffix Array chunks and saving them to disk...
Feb 05 12:48:19 ... starting to sort Suffix Array. This may take a long time...
Feb 05 12:48:19 ... sorting Suffix Array chunks and saving them to disk...
Feb 05 12:48:19 ... starting to sort Suffix Array. This may take a long time...
Feb 05 12:48:19 ... starting to sort Suffix Array. This may take a long time...
Feb 05 12:48:19 ... loading chunks from disk, packing SA...
Feb 05 12:48:19 ... sorting Suffix Array chunks and saving them to disk...
Feb 05 12:48:19 ... loading chunks from disk, packing SA...
Feb 05 12:48:19 ... starting to sort Suffix Array. This may take a long time...
Feb 05 12:48:19 ... sorting Suffix Array chunks and saving them to disk...
Feb 05 12:48:19 ... loading chunks from disk, packing SA...
Feb 05 12:48:19 ... starting to sort Suffix Array. This may take a long time...
Feb 05 12:48:19 ... starting to sort Suffix Array. This may take a long time...
Feb 05 12:48:19 ... sorting Suffix Array chunks and saving them to disk...
Feb 05 12:48:19 ... sorting Suffix Array chunks and saving them to disk...
Feb 05 12:48:19 ... starting to sort Suffix Array. This may take a long time...
Feb 05 12:48:19 ... sorting Suffix Array chunks and saving them to disk...
Feb 05 12:48:19 ... sorting Suffix Array chunks and saving them to disk...
Feb 05 12:48:19 ... loading chunks from disk, packing SA...
Feb 05 12:48:19 ... writing Genome to disk ...
Feb 05 12:48:19 ... starting to sort Suffix Array. This may take a long time...
Feb 05 12:48:19 ... starting to sort Suffix Array. This may take a long time...
Feb 05 12:48:19 ... loading chunks from disk, packing SA...
Feb 05 12:48:19 ... sorting Suffix Array chunks and saving them to disk...
Feb 05 12:48:19 ... sorting Suffix Array chunks and saving them to disk...
Feb 05 12:48:19 ... loading chunks from disk, packing SA...
Feb 05 12:48:19 ... loading chunks from disk, packing SA...
Feb 05 12:48:19 ... writing Genome to disk ...
Feb 05 12:48:19 ... writing Genome to disk ...
Feb 05 12:48:19 ... finished generating suffix array
Feb 05 12:48:19 ... generating Suffix Array index
Feb 05 12:48:19 ... completed Suffix Array index
Feb 05 12:48:19 ... loading chunks from disk, packing SA...
Feb 05 12:48:19 ... loading chunks from disk, packing SA...
Feb 05 12:48:19 ... loading chunks from disk, packing SA...
Feb 05 12:48:19 ... writing Genome to disk ...
Feb 05 12:48:19 ... loading chunks from disk, packing SA...
Feb 05 12:48:19 ... loading chunks from disk, packing SA...
Feb 05 12:48:19 ... finished generating suffix array
Feb 05 12:48:19 ... generating Suffix Array index
Feb 05 12:48:19 ... completed Suffix Array index
Feb 05 12:48:19 ... loading chunks from disk, packing SA...
Feb 05 12:48:19 ... loading chunks from disk, packing SA...
Feb 05 12:48:19 ... finished generating suffix array
Feb 05 12:48:19 ... generating Suffix Array index
Feb 05 12:48:19 ... completed Suffix Array index
Feb 05 12:48:19 ... finished generating suffix array
Feb 05 12:48:19 ... generating Suffix Array index
Feb 05 12:48:19 ... completed Suffix Array index
Feb 05 12:48:19 ... loading chunks from disk, packing SA...
Feb 05 12:48:19 ... loading chunks from disk, packing SA...
Feb 05 12:48:19 ... loading chunks from disk, packing SA...
Feb 05 12:48:19 ... loading chunks from disk, packing SA...
Feb 05 12:48:19 ... loading chunks from disk, packing SA...
Feb 05 12:48:19 ... starting to sort Suffix Array. This may take a long time...
Feb 05 12:48:19 ... sorting Suffix Array chunks and saving them to disk...
Feb 05 12:48:19 ... writing Suffix Array to disk ...
Feb 05 12:48:19 ... writing Suffix Array to disk ...
Feb 05 12:48:19 ... finished generating suffix array
Feb 05 12:48:19 ... generating Suffix Array index
Feb 05 12:48:19 ... completed Suffix Array index
Feb 05 12:48:19 ... finished generating suffix array
Feb 05 12:48:19 ... generating Suffix Array index
Feb 05 12:48:19 ... completed Suffix Array index
Feb 05 12:48:19 ... finished generating suffix array
Feb 05 12:48:19 ... generating Suffix Array index
Feb 05 12:48:19 ... completed Suffix Array index
Feb 05 12:48:19 ... writing Genome to disk ...
Feb 05 12:48:19 ... loading chunks from disk, packing SA...
Feb 05 12:48:19 ... writing Suffix Array to disk ...
Feb 05 12:48:19 ... loading chunks from disk, packing SA...
Feb 05 12:48:19 ... finished generating suffix array
Feb 05 12:48:19 ... generating Suffix Array index
Feb 05 12:48:19 ... completed Suffix Array index
Feb 05 12:48:19 ... writing Genome to disk ...
Feb 05 12:48:19 ... finished generating suffix array
Feb 05 12:48:19 ... generating Suffix Array index
Feb 05 12:48:19 ... completed Suffix Array index
Feb 05 12:48:19 ... finished generating suffix array
Feb 05 12:48:19 ... generating Suffix Array index
Feb 05 12:48:19 ... completed Suffix Array index
Feb 05 12:48:19 ... starting to sort Suffix Array. This may take a long time...
Feb 05 12:48:19 ... writing Genome to disk ...
Feb 05 12:48:19 ... writing Genome to disk ...
Feb 05 12:48:19 ... finished generating suffix array
Feb 05 12:48:19 ... generating Suffix Array index
Feb 05 12:48:19 ... completed Suffix Array index
Feb 05 12:48:19 ... finished generating suffix array
Feb 05 12:48:19 ... generating Suffix Array index
Feb 05 12:48:19 ... completed Suffix Array index
Feb 05 12:48:19 ... loading chunks from disk, packing SA...
Feb 05 12:48:19 ... sorting Suffix Array chunks and saving them to disk...
Feb 05 12:48:19 ... finished generating suffix array
Feb 05 12:48:19 ... generating Suffix Array index
Feb 05 12:48:19 ... completed Suffix Array index
Feb 05 12:48:19 ... finished generating suffix array
Feb 05 12:48:19 ... generating Suffix Array index
Feb 05 12:48:19 ... completed Suffix Array index
Feb 05 12:48:19 ... finished generating suffix array
Feb 05 12:48:19 ... generating Suffix Array index
Feb 05 12:48:19 ... completed Suffix Array index
Feb 05 12:48:19 ... finished generating suffix array
Feb 05 12:48:19 ... generating Suffix Array index
Feb 05 12:48:19 ... completed Suffix Array index
Feb 05 12:48:19 ... finished generating suffix array
Feb 05 12:48:19 ... generating Suffix Array index
Feb 05 12:48:19 ... completed Suffix Array index
Feb 05 12:48:19 ... writing Suffix Array to disk ...
Feb 05 12:48:19 ... loading chunks from disk, packing SA...
Feb 05 12:48:19 ... writing SAindex to disk
Feb 05 12:48:19 ... writing SAindex to disk
Feb 05 12:48:19 ... writing Genome to disk ...
Feb 05 12:48:19 ... writing Genome to disk ...
Feb 05 12:48:19 ... writing Genome to disk ...
Feb 05 12:48:19 ... writing Suffix Array to disk ...
Feb 05 12:48:19 ... writing SAindex to disk
Feb 05 12:48:19 ... finished generating suffix array
Feb 05 12:48:19 ... generating Suffix Array index
Feb 05 12:48:19 ... completed Suffix Array index
Feb 05 12:48:19 ... writing Genome to disk ...
Feb 05 12:48:19 ... finished generating suffix array
Feb 05 12:48:19 ... generating Suffix Array index
Feb 05 12:48:19 ... completed Suffix Array index
Feb 05 12:48:19 ... writing Genome to disk ...
Feb 05 12:48:19 ... writing Genome to disk ...
Feb 05 12:48:19 ... writing Suffix Array to disk ...
Feb 05 12:48:19 ... writing Suffix Array to disk ...
Feb 05 12:48:19 ... writing Genome to disk ...
Feb 05 12:48:19 ... writing Genome to disk ...
Feb 05 12:48:19 ... writing Suffix Array to disk ...
Feb 05 12:48:19 ... loading chunks from disk, packing SA...
Feb 05 12:48:19 ... finished generating suffix array
Feb 05 12:48:19 ... generating Suffix Array index
Feb 05 12:48:19 ... completed Suffix Array index
Feb 05 12:48:19 ... writing Genome to disk ...
Feb 05 12:48:19 ... starting to sort Suffix Array. This may take a long time...
Feb 05 12:48:19 ... sorting Suffix Array chunks and saving them to disk...
Feb 05 12:48:19 ... writing Genome to disk ...
Feb 05 12:48:19 ... writing Genome to disk ...
Feb 05 12:48:19 ... writing Genome to disk ...
Feb 05 12:48:19 ... writing Genome to disk ...
Feb 05 12:48:19 ... writing SAindex to disk
Feb 05 12:48:19 ... finished generating suffix array
Feb 05 12:48:19 ... generating Suffix Array index
Feb 05 12:48:19 ... completed Suffix Array index
Feb 05 12:48:19 ..... finished successfully
Feb 05 12:48:19 ..... finished successfully
Feb 05 12:48:19 ... starting to sort Suffix Array. This may take a long time...
Feb 05 12:48:19 ... writing Suffix Array to disk ...
Feb 05 12:48:19 ... writing Genome to disk ...
Feb 05 12:48:19 ... writing SAindex to disk
Feb 05 12:48:19 ... sorting Suffix Array chunks and saving them to disk...
Feb 05 12:48:19 ... writing Suffix Array to disk ...
Feb 05 12:48:19 ..... finished successfully
Feb 05 12:48:19 ... writing Suffix Array to disk ...
Feb 05 12:48:19 ... writing Genome to disk ...
Feb 05 12:48:19 ... writing Suffix Array to disk ...
Feb 05 12:48:19 ... writing SAindex to disk
Feb 05 12:48:19 ... writing Suffix Array to disk ...
Feb 05 12:48:19 ... writing SAindex to disk
Feb 05 12:48:19 ... loading chunks from disk, packing SA...
Feb 05 12:48:19 ... writing Suffix Array to disk ...
Feb 05 12:48:19 ... writing Genome to disk ...
Feb 05 12:48:19 ... writing SAindex to disk
Feb 05 12:48:19 ... finished generating suffix array
Feb 05 12:48:19 ... generating Suffix Array index
Feb 05 12:48:19 ... completed Suffix Array index
Feb 05 12:48:19 ... writing Suffix Array to disk ...
Feb 05 12:48:19 ... writing SAindex to disk
Feb 05 12:48:19 ... loading chunks from disk, packing SA...
Feb 05 12:48:19 ... writing Suffix Array to disk ...
Feb 05 12:48:19 ... writing Suffix Array to disk ...
Feb 05 12:48:19 ... writing Genome to disk ...
Feb 05 12:48:19 ..... finished successfully
Feb 05 12:48:19 ... starting to sort Suffix Array. This may take a long time...
Feb 05 12:48:19 ... writing Suffix Array to disk ...
Feb 05 12:48:19 ... sorting Suffix Array chunks and saving them to disk...
Feb 05 12:48:19 ... writing SAindex to disk
Feb 05 12:48:19 ..... finished successfully
Feb 05 12:48:19 ... loading chunks from disk, packing SA...
Feb 05 12:48:19 ... writing SAindex to disk
Feb 05 12:48:19 ... writing SAindex to disk
Feb 05 12:48:19 ... writing SAindex to disk
Feb 05 12:48:19 ..... finished successfully
Feb 05 12:48:19 ..... finished successfully
Feb 05 12:48:19 ... writing SAindex to disk
Feb 05 12:48:19 ... writing Genome to disk ...
Feb 05 12:48:19 ..... finished successfully
Feb 05 12:48:19 ... writing Suffix Array to disk ...
Feb 05 12:48:19 ... writing Suffix Array to disk ...
Feb 05 12:48:19 ... writing SAindex to disk
Feb 05 12:48:19 ... finished generating suffix array
Feb 05 12:48:19 ... generating Suffix Array index
Feb 05 12:48:19 ... completed Suffix Array index
Feb 05 12:48:19 ..... finished successfully
Feb 05 12:48:19 ... writing SAindex to disk
Feb 05 12:48:19 ... writing SAindex to disk
Feb 05 12:48:19 ... loading chunks from disk, packing SA...
Feb 05 12:48:19 ... writing Suffix Array to disk ...
Feb 05 12:48:19 ... writing SAindex to disk
Feb 05 12:48:19 ... loading chunks from disk, packing SA...
Feb 05 12:48:19 ..... finished successfully
Feb 05 12:48:19 ... starting to sort Suffix Array. This may take a long time...
Feb 05 12:48:19 ... starting to sort Suffix Array. This may take a long time...
Feb 05 12:48:19 ... sorting Suffix Array chunks and saving them to disk...
Feb 05 12:48:19 ... sorting Suffix Array chunks and saving them to disk...
Feb 05 12:48:19 ... finished generating suffix array
Feb 05 12:48:19 ... generating Suffix Array index
Feb 05 12:48:19 ... completed Suffix Array index
Feb 05 12:48:19 ..... finished successfully
Feb 05 12:48:19 ..... finished successfully
Feb 05 12:48:19 ..... finished successfully
Feb 05 12:48:19 ..... finished successfully
Feb 05 12:48:19 ... loading chunks from disk, packing SA...
Feb 05 12:48:19 ... writing Suffix Array to disk ...
Feb 05 12:48:19 ... writing SAindex to disk
Feb 05 12:48:19 ... writing SAindex to disk
Feb 05 12:48:19 ... finished generating suffix array
Feb 05 12:48:19 ... generating Suffix Array index
Feb 05 12:48:19 ... completed Suffix Array index
Feb 05 12:48:19 ... writing Genome to disk ...
Feb 05 12:48:19 ..... finished successfully
Feb 05 12:48:19 ... writing SAindex to disk
Feb 05 12:48:19 ..... finished successfully
Feb 05 12:48:19 ..... finished successfully
Feb 05 12:48:19 ..... finished successfully
Feb 05 12:48:19 ... loading chunks from disk, packing SA...
Feb 05 12:48:19 ... writing Suffix Array to disk ...
Feb 05 12:48:19 ... writing SAindex to disk
Feb 05 12:48:19 ... loading chunks from disk, packing SA...
Feb 05 12:48:19 ... writing Genome to disk ...
Feb 05 12:48:19 ... starting to sort Suffix Array. This may take a long time...
Feb 05 12:48:19 ... starting to sort Suffix Array. This may take a long time...
Feb 05 12:48:19 ... sorting Suffix Array chunks and saving them to disk...
Feb 05 12:48:19 ... sorting Suffix Array chunks and saving them to disk...
Feb 05 12:48:19 ... loading chunks from disk, packing SA...
Feb 05 12:48:19 ... writing SAindex to disk
Feb 05 12:48:19 ... finished generating suffix array
Feb 05 12:48:19 ... generating Suffix Array index
Feb 05 12:48:19 ... completed Suffix Array index
Feb 05 12:48:19 ..... finished successfully
Feb 05 12:48:19 ... finished generating suffix array
Feb 05 12:48:19 ... generating Suffix Array index
Feb 05 12:48:19 ... completed Suffix Array index
Feb 05 12:48:19 ..... finished successfully
Feb 05 12:48:19 ... writing Genome to disk ...
Feb 05 12:48:19 ... writing Suffix Array to disk ...
Feb 05 12:48:19 ..... finished successfully
Feb 05 12:48:19 ..... finished successfully
Feb 05 12:48:19 ... loading chunks from disk, packing SA...
Feb 05 12:48:19 ... writing Suffix Array to disk ...
Feb 05 12:48:19 ... writing Genome to disk ...
Feb 05 12:48:19 ... finished generating suffix array
Feb 05 12:48:19 ... generating Suffix Array index
Feb 05 12:48:19 ... completed Suffix Array index
Feb 05 12:48:19 ..... finished successfully
Feb 05 12:48:19 ... writing Genome to disk ...
Feb 05 12:48:19 ... writing Suffix Array to disk ...
Feb 05 12:48:19 ... writing SAindex to disk
Feb 05 12:48:19 ... writing SAindex to disk
Feb 05 12:48:19 ... writing Suffix Array to disk ...
Feb 05 12:48:19 ... writing Genome to disk ...
Feb 05 12:48:19 ... writing Suffix Array to disk ...
Feb 05 12:48:19 ..... finished successfully
Feb 05 12:48:19 ... starting to sort Suffix Array. This may take a long time...
Feb 05 12:48:19 ... writing SAindex to disk
Feb 05 12:48:19 ..... finished successfully
Feb 05 12:48:19 ... sorting Suffix Array chunks and saving them to disk...
Feb 05 12:48:19 ... starting to sort Suffix Array. This may take a long time...
Feb 05 12:48:19 ... sorting Suffix Array chunks and saving them to disk...
Feb 05 12:48:19 ... writing Suffix Array to disk ...
Feb 05 12:48:19 ... writing SAindex to disk
Feb 05 12:48:19 ... writing SAindex to disk
Feb 05 12:48:19 ... writing Suffix Array to disk ...
Feb 05 12:48:19 ..... finished successfully
Feb 05 12:48:19 ... starting to sort Suffix Array. This may take a long time...
Feb 05 12:48:19 ... loading chunks from disk, packing SA...
Feb 05 12:48:19 ... loading chunks from disk, packing SA...
Feb 05 12:48:19 ... sorting Suffix Array chunks and saving them to disk...
Feb 05 12:48:19 ... writing SAindex to disk
Feb 05 12:48:19 ..... finished successfully
Feb 05 12:48:19 ..... finished successfully
Feb 05 12:48:19 ... starting to sort Suffix Array. This may take a long time...
Feb 05 12:48:19 ... sorting Suffix Array chunks and saving them to disk...
Feb 05 12:48:19 ... finished generating suffix array
Feb 05 12:48:19 ... generating Suffix Array index
Feb 05 12:48:19 ... completed Suffix Array index
Feb 05 12:48:19 ... loading chunks from disk, packing SA...
Feb 05 12:48:19 ..... finished successfully
Feb 05 12:48:19 ... finished generating suffix array
Feb 05 12:48:19 ... generating Suffix Array index
Feb 05 12:48:19 ... completed Suffix Array index
Feb 05 12:48:19 ... starting to sort Suffix Array. This may take a long time...
Feb 05 12:48:19 ... writing Genome to disk ...
Feb 05 12:48:19 ... writing SAindex to disk
Feb 05 12:48:19 ... sorting Suffix Array chunks and saving them to disk...
Feb 05 12:48:19 ... finished generating suffix array
Feb 05 12:48:19 ... generating Suffix Array index
Feb 05 12:48:19 ... completed Suffix Array index
Feb 05 12:48:19 ... writing Suffix Array to disk ...
Feb 05 12:48:19 ... writing Genome to disk ...
Feb 05 12:48:19 ... loading chunks from disk, packing SA...
Feb 05 12:48:19 ... writing Genome to disk ...
Feb 05 12:48:19 ... loading chunks from disk, packing SA...
Feb 05 12:48:19 ... starting to sort Suffix Array. This may take a long time...
Feb 05 12:48:19 ..... finished successfully
Feb 05 12:48:19 ... writing SAindex to disk
Feb 05 12:48:19 ... starting to sort Suffix Array. This may take a long time...
Feb 05 12:48:19 ... starting to sort Suffix Array. This may take a long time...
Feb 05 12:48:19 ... sorting Suffix Array chunks and saving them to disk...
Feb 05 12:48:19 ... sorting Suffix Array chunks and saving them to disk...
Feb 05 12:48:19 ... sorting Suffix Array chunks and saving them to disk...
Feb 05 12:48:19 ... writing Suffix Array to disk ...
Feb 05 12:48:19 ..... finished successfully
Feb 05 12:48:19 ... loading chunks from disk, packing SA...
Feb 05 12:48:19 ... loading chunks from disk, packing SA...
Feb 05 12:48:19 ... writing Suffix Array to disk ...
Feb 05 12:48:19 ... finished generating suffix array
Feb 05 12:48:19 ... generating Suffix Array index
Feb 05 12:48:19 ... completed Suffix Array index
Feb 05 12:48:19 ... writing SAindex to disk
Feb 05 12:48:19 ... finished generating suffix array
Feb 05 12:48:19 ... generating Suffix Array index
Feb 05 12:48:19 ... completed Suffix Array index
Feb 05 12:48:19 ... finished generating suffix array
Feb 05 12:48:19 ... generating Suffix Array index
Feb 05 12:48:19 ... completed Suffix Array index
Feb 05 12:48:19 ... finished generating suffix array
Feb 05 12:48:19 ... generating Suffix Array index
Feb 05 12:48:19 ... completed Suffix Array index
Feb 05 12:48:19 ... writing Genome to disk ...
Feb 05 12:48:19 ... writing SAindex to disk
Feb 05 12:48:19 ... finished generating suffix array
Feb 05 12:48:19 ... generating Suffix Array index
Feb 05 12:48:19 ... completed Suffix Array index
Feb 05 12:48:19 ... loading chunks from disk, packing SA...
Feb 05 12:48:19 ..... finished successfully
Feb 05 12:48:19 ... writing Genome to disk ...
Feb 05 12:48:19 ... writing Genome to disk ...
Feb 05 12:48:19 ... writing Genome to disk ...
Feb 05 12:48:19 ... writing Suffix Array to disk ...
Feb 05 12:48:19 ... writing Genome to disk ...
Feb 05 12:48:19 ..... finished successfully
Feb 05 12:48:19 ... writing Suffix Array to disk ...
Feb 05 12:48:19 ... finished generating suffix array
Feb 05 12:48:19 ... generating Suffix Array index
Feb 05 12:48:19 ... completed Suffix Array index
Feb 05 12:48:19 ... writing SAindex to disk
Feb 05 12:48:19 ... writing Suffix Array to disk ...
Feb 05 12:48:19 ... writing Suffix Array to disk ...
Feb 05 12:48:19 ... writing SAindex to disk
Feb 05 12:48:19 ..... finished successfully
Feb 05 12:48:19 ... writing Genome to disk ...
Feb 05 12:48:19 ... writing SAindex to disk
Feb 05 12:48:19 ... writing SAindex to disk
Feb 05 12:48:19 ..... finished successfully
Feb 05 12:48:19 ..... finished successfully
Feb 05 12:48:19 ... writing Suffix Array to disk ...
Feb 05 12:48:19 ..... finished successfully
Feb 05 12:48:19 ... writing SAindex to disk
Feb 05 12:48:19 ... writing Suffix Array to disk ...
Feb 05 12:48:19 ..... finished successfully
Feb 05 12:48:19 ... writing SAindex to disk
Feb 05 12:48:19 ..... finished successfully
Feb 05 12:48:19 ... writing Suffix Array to disk ...
Feb 05 12:48:19 ... writing SAindex to disk
Feb 05 12:48:19 ..... finished successfully
Feb 05 12:48:19 ... writing Suffix Array to disk ...
Feb 05 12:48:19 ... writing SAindex to disk
Feb 05 12:48:19 ..... finished successfully
