2020-02-04 14:45:22.661 parsl.dataflow.dflow:83 [DEBUG]  Starting DataFlowKernel with config
Config(
    app_cache=True, 
    checkpoint_files=None, 
    checkpoint_mode=None, 
    checkpoint_period=None, 
    data_management_max_threads=10, 
    executors=[HighThroughputExecutor(
        address='172.16.52.2', 
        cores_per_worker=1.0, 
        heartbeat_period=30, 
        heartbeat_threshold=120, 
        interchange_port_range=(55000, 56000), 
        label='workers', 
        launch_cmd='process_worker_pool.py {debug} {max_workers} -p {prefetch_capacity} -c {cores_per_worker} -m {mem_per_worker} --poll {poll_period} --task_url={task_url} --result_url={result_url} --logdir={logdir} --block_id={{block_id}} --hb_period={heartbeat_period} --hb_threshold={heartbeat_threshold} ', 
        managed=True, 
        max_workers=inf, 
        mem_per_worker=None, 
        poll_period=10, 
        prefetch_capacity=0, 
        provider=GridEngineProvider(
            channel=LocalChannel(
                envs={}, 
                script_dir=None, 
                userhome='/home/users/ellenrichards/GRETA'
            ), 
            init_blocks=1, 
            launcher=SingleNodeLauncher(), 
            max_blocks=1, 
            min_blocks=0, 
            nodes_per_block=1, 
            parallelism=1, 
            scheduler_options='', 
            walltime='00:10:00', 
            worker_init=''
        ), 
        storage_access=None, 
        suppress_failure=True, 
        worker_debug=False, 
        worker_logdir_root=None, 
        worker_port_range=(54000, 55000), 
        worker_ports=None, 
        working_dir=None
    ), ThreadPoolExecutor(
        label='login', 
        managed=True, 
        max_threads=20, 
        storage_access=None, 
        thread_name_prefix='', 
        working_dir=None
    )], 
    initialize_logging=True, 
    lazy_errors=True, 
    max_idletime=120.0, 
    monitoring=None, 
    retries=0, 
    run_dir='runinfo', 
    strategy='simple', 
    usage_tracking=False
)
2020-02-04 14:45:22.661 parsl.dataflow.dflow:84 [INFO]  Parsl version: 0.9.0
2020-02-04 14:45:22.661 parsl.dataflow.usage_tracking.usage:126 [DEBUG]  Tracking status: False
2020-02-04 14:45:22.661 parsl.dataflow.usage_tracking.usage:127 [DEBUG]  Testing mode   : False
2020-02-04 14:45:22.662 parsl.dataflow.dflow:110 [INFO]  Run id is: 2d0a06c3-5982-4727-99c3-d541e9d0df68
2020-02-04 14:45:22.774 parsl.dataflow.memoization:52 [INFO]  App caching initialized
2020-02-04 14:45:22.776 parsl.executors.high_throughput.executor:453 [DEBUG]  Starting queue management thread
2020-02-04 14:45:22.777 parsl.executors.high_throughput.executor:326 [DEBUG]  [MTHREAD] queue management worker starting
2020-02-04 14:45:22.777 parsl.executors.high_throughput.executor:457 [DEBUG]  Started queue management thread
2020-02-04 14:45:22.789 parsl.executors.high_throughput.executor:289 [DEBUG]  Created management thread: <Thread(HTEX-Queue-Management-Thread, started daemon 139804369614592)>
2020-02-04 14:45:22.789 parsl.executors.high_throughput.executor:263 [DEBUG]  Launch command: process_worker_pool.py   -p 0 -c 1.0 -m None --poll 10 --task_url=tcp://172.16.52.2:54873 --result_url=tcp://172.16.52.2:54375 --logdir=/home/users/ellenrichards/GRETA/runinfo/021/workers --block_id={block_id} --hb_period=30 --hb_threshold=120 
2020-02-04 14:45:22.789 parsl.executors.high_throughput.executor:266 [DEBUG]  Starting HighThroughputExecutor with provider:
GridEngineProvider(
    channel=LocalChannel(
        envs={}, 
        script_dir='/home/users/ellenrichards/GRETA/runinfo/021/submit_scripts', 
        userhome='/home/users/ellenrichards/GRETA'
    ), 
    init_blocks=1, 
    launcher=SingleNodeLauncher(), 
    max_blocks=1, 
    min_blocks=0, 
    nodes_per_block=1, 
    parallelism=1, 
    scheduler_options='', 
    walltime='00:10:00', 
    worker_init=''
)
2020-02-04 14:45:22.793 parsl.providers.grid_engine.grid_engine:96 [DEBUG]  Requesting one block with 1 nodes per block and 1 tasks per node
2020-02-04 14:45:22.793 parsl.providers.grid_engine.grid_engine:139 [DEBUG]  Writing submit script
2020-02-04 14:45:22.830 parsl.executors.high_throughput.executor:569 [DEBUG]  Launched block 0->19877
2020-02-04 14:45:22.831 parsl.dataflow.strategy:125 [DEBUG]  Scaling strategy: simple
2020-02-04 14:45:22.938 parsl.dataflow.dflow:484 [DEBUG]  Adding output dependencies
2020-02-04 14:45:22.938 parsl.dataflow.dflow:708 [INFO]  Task 0 submitted for App run_single_transcript, waiting on tasks []
2020-02-04 14:45:22.938 parsl.dataflow.dflow:714 [DEBUG]  Task 0 set to pending state with AppFuture: <AppFuture super=<AppFuture at 0x7f26c0ed72b0 state=pending>>
2020-02-04 14:45:22.939 parsl.dataflow.dflow:452 [INFO]  Task 0 launched on executor login
2020-02-04 14:45:22.939 parsl.dataflow.dflow:484 [DEBUG]  Adding output dependencies
2020-02-04 14:45:22.940 parsl.dataflow.dflow:708 [INFO]  Task 1 submitted for App run_single_transcript, waiting on tasks []
2020-02-04 14:45:22.940 parsl.dataflow.dflow:714 [DEBUG]  Task 1 set to pending state with AppFuture: <AppFuture super=<AppFuture at 0x7f26c0ed7518 state=pending>>
2020-02-04 14:45:22.941 parsl.dataflow.dflow:452 [INFO]  Task 1 launched on executor login
2020-02-04 14:45:22.941 parsl.dataflow.dflow:484 [DEBUG]  Adding output dependencies
2020-02-04 14:45:22.941 parsl.dataflow.dflow:484 [DEBUG]  Adding output dependencies
2020-02-04 14:45:22.942 parsl.dataflow.dflow:708 [INFO]  Task 2 submitted for App star_index, waiting on tasks []
2020-02-04 14:45:22.942 parsl.dataflow.dflow:708 [INFO]  Task 3 submitted for App run_single_transcript, waiting on tasks []
2020-02-04 14:45:22.942 parsl.dataflow.dflow:484 [DEBUG]  Adding output dependencies
2020-02-04 14:45:22.942 parsl.dataflow.dflow:714 [DEBUG]  Task 2 set to pending state with AppFuture: <AppFuture super=<AppFuture at 0x7f26c0ed7978 state=pending>>
2020-02-04 14:45:22.943 parsl.dataflow.dflow:714 [DEBUG]  Task 3 set to pending state with AppFuture: <AppFuture super=<AppFuture at 0x7f26c0ed76d8 state=pending>>
2020-02-04 14:45:22.943 parsl.dataflow.dflow:708 [INFO]  Task 4 submitted for App star_index, waiting on tasks []
2020-02-04 14:45:22.943 parsl.executors.high_throughput.executor:537 [DEBUG]  Pushing function <function star_index at 0x7f26c0ede7b8> to queue with args (<function star_index at 0x7f26c0ede2f0>, '/home/users/ellenrichards/test_run_1/', '/home/users/ellenrichards/test_run_1/s008_c41703_g1_i1_m8507/gd', 's008_c41703_g1_i1_m8507.fasta\n')
2020-02-04 14:45:22.944 parsl.dataflow.dflow:714 [DEBUG]  Task 4 set to pending state with AppFuture: <AppFuture super=<AppFuture at 0x7f26c0ed7b38 state=pending>>
2020-02-04 14:45:23.056 parsl.dataflow.dflow:452 [INFO]  Task 2 launched on executor workers
2020-02-04 14:45:23.057 parsl.dataflow.dflow:452 [INFO]  Task 3 launched on executor login
2020-02-04 14:45:23.057 parsl.executors.high_throughput.executor:537 [DEBUG]  Pushing function <function star_index at 0x7f26c0ede840> to queue with args (<function star_index at 0x7f26c0ede2f0>, '/home/users/ellenrichards/test_run_1/', '/home/users/ellenrichards/test_run_1/s008_c56733_g1_i3_m22670/gd', 's008_c56733_g1_i3_m22670.fasta\n')
2020-02-04 14:45:23.057 parsl.dataflow.dflow:484 [DEBUG]  Adding output dependencies
2020-02-04 14:45:23.058 parsl.dataflow.dflow:708 [INFO]  Task 5 submitted for App run_single_transcript, waiting on tasks []
2020-02-04 14:45:23.058 parsl.dataflow.dflow:452 [INFO]  Task 4 launched on executor workers
2020-02-04 14:45:23.058 parsl.dataflow.dflow:714 [DEBUG]  Task 5 set to pending state with AppFuture: <AppFuture super=<AppFuture at 0x7f26c0ed78d0 state=pending>>
2020-02-04 14:45:23.059 parsl.dataflow.dflow:484 [DEBUG]  Adding output dependencies
2020-02-04 14:45:23.059 parsl.dataflow.dflow:708 [INFO]  Task 6 submitted for App star_index, waiting on tasks []
2020-02-04 14:45:23.059 parsl.dataflow.dflow:714 [DEBUG]  Task 6 set to pending state with AppFuture: <AppFuture super=<AppFuture at 0x7f26a402c7f0 state=pending>>
2020-02-04 14:45:23.059 parsl.dataflow.dflow:452 [INFO]  Task 5 launched on executor login
2020-02-04 14:45:23.060 parsl.executors.high_throughput.executor:537 [DEBUG]  Pushing function <function star_index at 0x7f26c0eded90> to queue with args (<function star_index at 0x7f26c0ede2f0>, '/home/users/ellenrichards/test_run_1/', '/home/users/ellenrichards/test_run_1/s008_c16972_g1_i1_m2384/gd', 's008_c16972_g1_i1_m2384.fasta\n')
2020-02-04 14:45:23.060 parsl.dataflow.dflow:484 [DEBUG]  Adding output dependencies
2020-02-04 14:45:23.061 parsl.dataflow.dflow:452 [INFO]  Task 6 launched on executor workers
2020-02-04 14:45:23.061 parsl.dataflow.dflow:708 [INFO]  Task 7 submitted for App run_single_transcript, waiting on tasks []
2020-02-04 14:45:23.061 parsl.dataflow.dflow:714 [DEBUG]  Task 7 set to pending state with AppFuture: <AppFuture super=<AppFuture at 0x7f26a402c940 state=pending>>
2020-02-04 14:45:23.061 parsl.dataflow.dflow:484 [DEBUG]  Adding output dependencies
2020-02-04 14:45:23.062 parsl.dataflow.dflow:708 [INFO]  Task 8 submitted for App star_index, waiting on tasks []
2020-02-04 14:45:23.062 parsl.dataflow.dflow:714 [DEBUG]  Task 8 set to pending state with AppFuture: <AppFuture super=<AppFuture at 0x7f26a402cbe0 state=pending>>
2020-02-04 14:45:23.062 parsl.dataflow.dflow:452 [INFO]  Task 7 launched on executor login
2020-02-04 14:45:23.062 parsl.executors.high_throughput.executor:537 [DEBUG]  Pushing function <function star_index at 0x7f26a402fc80> to queue with args (<function star_index at 0x7f26c0ede2f0>, '/home/users/ellenrichards/test_run_1/', '/home/users/ellenrichards/test_run_1/s012_c60717_g1_i7_m22710/gd', 's012_c60717_g1_i7_m22710.fasta\n')
2020-02-04 14:45:23.062 parsl.dataflow.dflow:484 [DEBUG]  Adding output dependencies
2020-02-04 14:45:23.063 parsl.dataflow.dflow:452 [INFO]  Task 8 launched on executor workers
2020-02-04 14:45:23.063 parsl.dataflow.dflow:708 [INFO]  Task 9 submitted for App run_single_transcript, waiting on tasks []
2020-02-04 14:45:23.063 parsl.dataflow.dflow:714 [DEBUG]  Task 9 set to pending state with AppFuture: <AppFuture super=<AppFuture at 0x7f26a402cc50 state=pending>>
2020-02-04 14:45:23.064 parsl.dataflow.dflow:484 [DEBUG]  Adding output dependencies
2020-02-04 14:45:23.064 parsl.dataflow.dflow:708 [INFO]  Task 10 submitted for App star_index, waiting on tasks []
2020-02-04 14:45:23.064 parsl.dataflow.dflow:714 [DEBUG]  Task 10 set to pending state with AppFuture: <AppFuture super=<AppFuture at 0x7f26a402cef0 state=pending>>
2020-02-04 14:45:23.064 parsl.dataflow.dflow:452 [INFO]  Task 9 launched on executor login
2020-02-04 14:45:23.065 parsl.executors.high_throughput.executor:537 [DEBUG]  Pushing function <function star_index at 0x7f26a402fd90> to queue with args (<function star_index at 0x7f26c0ede2f0>, '/home/users/ellenrichards/test_run_1/', '/home/users/ellenrichards/test_run_1/s010_c65676_g1_i2_m18249/gd', 's010_c65676_g1_i2_m18249.fasta\n')
2020-02-04 14:45:23.065 parsl.dataflow.dflow:484 [DEBUG]  Adding output dependencies
2020-02-04 14:45:23.065 parsl.dataflow.dflow:452 [INFO]  Task 10 launched on executor workers
2020-02-04 14:45:23.066 parsl.dataflow.dflow:708 [INFO]  Task 11 submitted for App run_single_transcript, waiting on tasks []
2020-02-04 14:45:23.066 parsl.dataflow.dflow:714 [DEBUG]  Task 11 set to pending state with AppFuture: <AppFuture super=<AppFuture at 0x7f26a402cf60 state=pending>>
2020-02-04 14:45:23.067 parsl.dataflow.dflow:484 [DEBUG]  Adding output dependencies
2020-02-04 14:45:23.067 parsl.dataflow.dflow:708 [INFO]  Task 12 submitted for App star_index, waiting on tasks []
2020-02-04 14:45:23.067 parsl.dataflow.dflow:714 [DEBUG]  Task 12 set to pending state with AppFuture: <AppFuture super=<AppFuture at 0x7f26a403a160 state=pending>>
2020-02-04 14:45:23.067 parsl.dataflow.dflow:452 [INFO]  Task 11 launched on executor login
2020-02-04 14:45:23.068 parsl.executors.high_throughput.executor:537 [DEBUG]  Pushing function <function star_index at 0x7f26a402fea0> to queue with args (<function star_index at 0x7f26c0ede2f0>, '/home/users/ellenrichards/test_run_1/', '/home/users/ellenrichards/test_run_1/s002_c62731_g1_i3_m33207/gd', 's002_c62731_g1_i3_m33207.fasta\n')
2020-02-04 14:45:23.068 parsl.dataflow.dflow:484 [DEBUG]  Adding output dependencies
2020-02-04 14:45:23.068 parsl.dataflow.dflow:452 [INFO]  Task 12 launched on executor workers
2020-02-04 14:45:23.069 parsl.dataflow.dflow:708 [INFO]  Task 13 submitted for App run_single_transcript, waiting on tasks []
2020-02-04 14:45:23.069 parsl.dataflow.dflow:714 [DEBUG]  Task 13 set to pending state with AppFuture: <AppFuture super=<AppFuture at 0x7f26a403a2b0 state=pending>>
2020-02-04 14:45:23.070 parsl.dataflow.dflow:484 [DEBUG]  Adding output dependencies
2020-02-04 14:45:23.070 parsl.dataflow.dflow:708 [INFO]  Task 14 submitted for App star_index, waiting on tasks []
2020-02-04 14:45:23.070 parsl.dataflow.dflow:714 [DEBUG]  Task 14 set to pending state with AppFuture: <AppFuture super=<AppFuture at 0x7f26a403a550 state=pending>>
2020-02-04 14:45:23.070 parsl.dataflow.dflow:452 [INFO]  Task 13 launched on executor login
2020-02-04 14:45:23.070 parsl.executors.high_throughput.executor:537 [DEBUG]  Pushing function <function star_index at 0x7f26a403f048> to queue with args (<function star_index at 0x7f26c0ede2f0>, '/home/users/ellenrichards/test_run_1/', '/home/users/ellenrichards/test_run_1/s012_c60717_g1_i8_m22711/gd', 's012_c60717_g1_i8_m22711.fasta\n')
2020-02-04 14:45:23.070 parsl.dataflow.dflow:484 [DEBUG]  Adding output dependencies
2020-02-04 14:45:23.071 parsl.dataflow.dflow:452 [INFO]  Task 14 launched on executor workers
2020-02-04 14:45:23.071 parsl.dataflow.dflow:708 [INFO]  Task 15 submitted for App run_single_transcript, waiting on tasks []
2020-02-04 14:45:23.071 parsl.dataflow.dflow:714 [DEBUG]  Task 15 set to pending state with AppFuture: <AppFuture super=<AppFuture at 0x7f26a403a5c0 state=pending>>
2020-02-04 14:45:23.072 parsl.dataflow.dflow:484 [DEBUG]  Adding output dependencies
2020-02-04 14:45:23.072 parsl.dataflow.dflow:708 [INFO]  Task 16 submitted for App star_index, waiting on tasks []
2020-02-04 14:45:23.072 parsl.dataflow.dflow:714 [DEBUG]  Task 16 set to pending state with AppFuture: <AppFuture super=<AppFuture at 0x7f26a403a908 state=pending>>
2020-02-04 14:45:23.073 parsl.dataflow.dflow:452 [INFO]  Task 15 launched on executor login
2020-02-04 14:45:23.074 parsl.executors.high_throughput.executor:537 [DEBUG]  Pushing function <function star_index at 0x7f26a403f158> to queue with args (<function star_index at 0x7f26c0ede2f0>, '/home/users/ellenrichards/test_run_1/', '/home/users/ellenrichards/test_run_1/s002_c47754_g1_i1_m9492/gd', 's002_c47754_g1_i1_m9492.fasta\n')
2020-02-04 14:45:23.074 parsl.dataflow.dflow:484 [DEBUG]  Adding output dependencies
2020-02-04 14:45:23.075 parsl.dataflow.dflow:452 [INFO]  Task 16 launched on executor workers
2020-02-04 14:45:23.075 parsl.dataflow.dflow:708 [INFO]  Task 17 submitted for App run_single_transcript, waiting on tasks []
2020-02-04 14:45:23.075 parsl.dataflow.dflow:714 [DEBUG]  Task 17 set to pending state with AppFuture: <AppFuture super=<AppFuture at 0x7f26a403a9b0 state=pending>>
2020-02-04 14:45:23.076 parsl.dataflow.dflow:484 [DEBUG]  Adding output dependencies
2020-02-04 14:45:23.076 parsl.dataflow.dflow:708 [INFO]  Task 18 submitted for App star_index, waiting on tasks []
2020-02-04 14:45:23.076 parsl.dataflow.dflow:714 [DEBUG]  Task 18 set to pending state with AppFuture: <AppFuture super=<AppFuture at 0x7f26a403ada0 state=pending>>
2020-02-04 14:45:23.076 parsl.dataflow.dflow:452 [INFO]  Task 17 launched on executor login
2020-02-04 14:45:23.077 parsl.executors.high_throughput.executor:537 [DEBUG]  Pushing function <function star_index at 0x7f26a403f268> to queue with args (<function star_index at 0x7f26c0ede2f0>, '/home/users/ellenrichards/test_run_1/', '/home/users/ellenrichards/test_run_1/s008_c33195_g1_i1_m5438/gd', 's008_c33195_g1_i1_m5438.fasta\n')
2020-02-04 14:45:23.077 parsl.dataflow.dflow:484 [DEBUG]  Adding output dependencies
2020-02-04 14:45:23.077 parsl.dataflow.dflow:452 [INFO]  Task 18 launched on executor workers
2020-02-04 14:45:23.077 parsl.dataflow.dflow:708 [INFO]  Task 19 submitted for App run_single_transcript, waiting on tasks []
2020-02-04 14:45:23.078 parsl.dataflow.dflow:714 [DEBUG]  Task 19 set to pending state with AppFuture: <AppFuture super=<AppFuture at 0x7f26a403ae48 state=pending>>
2020-02-04 14:45:23.078 parsl.dataflow.dflow:484 [DEBUG]  Adding output dependencies
2020-02-04 14:45:23.079 parsl.dataflow.dflow:708 [INFO]  Task 20 submitted for App star_index, waiting on tasks []
2020-02-04 14:45:23.079 parsl.dataflow.dflow:714 [DEBUG]  Task 20 set to pending state with AppFuture: <AppFuture super=<AppFuture at 0x7f26a404a278 state=pending>>
2020-02-04 14:45:23.079 parsl.dataflow.dflow:452 [INFO]  Task 19 launched on executor login
2020-02-04 14:45:23.079 parsl.executors.high_throughput.executor:537 [DEBUG]  Pushing function <function star_index at 0x7f26a403f378> to queue with args (<function star_index at 0x7f26c0ede2f0>, '/home/users/ellenrichards/test_run_1/', '/home/users/ellenrichards/test_run_1/s008_c90190_g1_i1_m38949/gd', 's008_c90190_g1_i1_m38949.fasta\n')
2020-02-04 14:45:23.079 parsl.dataflow.dflow:484 [DEBUG]  Adding output dependencies
2020-02-04 14:45:23.080 parsl.dataflow.dflow:452 [INFO]  Task 20 launched on executor workers
2020-02-04 14:45:23.080 parsl.dataflow.dflow:708 [INFO]  Task 21 submitted for App run_single_transcript, waiting on tasks []
2020-02-04 14:45:23.080 parsl.dataflow.dflow:714 [DEBUG]  Task 21 set to pending state with AppFuture: <AppFuture super=<AppFuture at 0x7f26a404a320 state=pending>>
2020-02-04 14:45:23.081 parsl.dataflow.dflow:484 [DEBUG]  Adding output dependencies
2020-02-04 14:45:23.081 parsl.dataflow.dflow:708 [INFO]  Task 22 submitted for App star_index, waiting on tasks []
2020-02-04 14:45:23.081 parsl.dataflow.dflow:714 [DEBUG]  Task 22 set to pending state with AppFuture: <AppFuture super=<AppFuture at 0x7f26a404a710 state=pending>>
2020-02-04 14:45:23.082 parsl.dataflow.dflow:452 [INFO]  Task 21 launched on executor login
2020-02-04 14:45:23.082 parsl.executors.high_throughput.executor:537 [DEBUG]  Pushing function <function star_index at 0x7f26a403f488> to queue with args (<function star_index at 0x7f26c0ede2f0>, '/home/users/ellenrichards/test_run_1/', '/home/users/ellenrichards/test_run_1/s008_c32952_g1_i2_m5368/gd', 's008_c32952_g1_i2_m5368.fasta\n')
2020-02-04 14:45:23.082 parsl.dataflow.dflow:484 [DEBUG]  Adding output dependencies
2020-02-04 14:45:23.083 parsl.dataflow.dflow:452 [INFO]  Task 22 launched on executor workers
2020-02-04 14:45:23.083 parsl.dataflow.dflow:708 [INFO]  Task 23 submitted for App run_single_transcript, waiting on tasks []
2020-02-04 14:45:23.083 parsl.dataflow.dflow:714 [DEBUG]  Task 23 set to pending state with AppFuture: <AppFuture super=<AppFuture at 0x7f26a404a7b8 state=pending>>
2020-02-04 14:45:23.084 parsl.dataflow.dflow:484 [DEBUG]  Adding output dependencies
2020-02-04 14:45:23.084 parsl.dataflow.dflow:708 [INFO]  Task 24 submitted for App star_index, waiting on tasks []
2020-02-04 14:45:23.084 parsl.dataflow.dflow:714 [DEBUG]  Task 24 set to pending state with AppFuture: <AppFuture super=<AppFuture at 0x7f26a404aba8 state=pending>>
2020-02-04 14:45:23.084 parsl.dataflow.dflow:452 [INFO]  Task 23 launched on executor login
2020-02-04 14:45:23.084 parsl.executors.high_throughput.executor:537 [DEBUG]  Pushing function <function star_index at 0x7f26a403f598> to queue with args (<function star_index at 0x7f26c0ede2f0>, '/home/users/ellenrichards/test_run_1/', '/home/users/ellenrichards/test_run_1/s010_c65676_g1_i4_m18250Periegops/gd', 's010_c65676_g1_i4_m18250Periegops.fasta\n')
2020-02-04 14:45:23.085 parsl.dataflow.dflow:484 [DEBUG]  Adding output dependencies
2020-02-04 14:45:23.085 parsl.dataflow.dflow:452 [INFO]  Task 24 launched on executor workers
2020-02-04 14:45:23.085 parsl.dataflow.dflow:708 [INFO]  Task 25 submitted for App run_single_transcript, waiting on tasks []
2020-02-04 14:45:23.086 parsl.dataflow.dflow:714 [DEBUG]  Task 25 set to pending state with AppFuture: <AppFuture super=<AppFuture at 0x7f26a404ac50 state=pending>>
2020-02-04 14:45:23.087 parsl.dataflow.dflow:484 [DEBUG]  Adding output dependencies
2020-02-04 14:45:23.087 parsl.dataflow.dflow:708 [INFO]  Task 26 submitted for App star_index, waiting on tasks []
2020-02-04 14:45:23.087 parsl.dataflow.dflow:714 [DEBUG]  Task 26 set to pending state with AppFuture: <AppFuture super=<AppFuture at 0x7f264c453080 state=pending>>
2020-02-04 14:45:23.087 parsl.dataflow.dflow:452 [INFO]  Task 25 launched on executor login
2020-02-04 14:45:23.087 parsl.executors.high_throughput.executor:537 [DEBUG]  Pushing function <function star_index at 0x7f26a403f6a8> to queue with args (<function star_index at 0x7f26c0ede2f0>, '/home/users/ellenrichards/test_run_1/', '/home/users/ellenrichards/test_run_1/s008_c57542_g1_i2_m24298/gd', 's008_c57542_g1_i2_m24298.fasta\n')
2020-02-04 14:45:23.087 parsl.dataflow.dflow:484 [DEBUG]  Adding output dependencies
2020-02-04 14:45:23.088 parsl.dataflow.dflow:452 [INFO]  Task 26 launched on executor workers
2020-02-04 14:45:23.088 parsl.dataflow.dflow:708 [INFO]  Task 27 submitted for App run_single_transcript, waiting on tasks []
2020-02-04 14:45:23.088 parsl.dataflow.dflow:714 [DEBUG]  Task 27 set to pending state with AppFuture: <AppFuture super=<AppFuture at 0x7f264c453128 state=pending>>
2020-02-04 14:45:23.089 parsl.dataflow.dflow:484 [DEBUG]  Adding output dependencies
2020-02-04 14:45:23.089 parsl.dataflow.dflow:708 [INFO]  Task 28 submitted for App star_index, waiting on tasks []
2020-02-04 14:45:23.089 parsl.dataflow.dflow:452 [INFO]  Task 27 launched on executor login
2020-02-04 14:45:23.089 parsl.dataflow.dflow:714 [DEBUG]  Task 28 set to pending state with AppFuture: <AppFuture super=<AppFuture at 0x7f264c453358 state=pending>>
2020-02-04 14:45:23.090 parsl.dataflow.dflow:484 [DEBUG]  Adding output dependencies
2020-02-04 14:45:23.090 parsl.executors.high_throughput.executor:537 [DEBUG]  Pushing function <function star_index at 0x7f26a403f7b8> to queue with args (<function star_index at 0x7f26c0ede2f0>, '/home/users/ellenrichards/test_run_1/', '/home/users/ellenrichards/test_run_1/s010_c29963_g1_i1_m4044/gd', 's010_c29963_g1_i1_m4044.fasta\n')
2020-02-04 14:45:23.090 parsl.dataflow.dflow:708 [INFO]  Task 29 submitted for App run_single_transcript, waiting on tasks []
2020-02-04 14:45:23.090 parsl.dataflow.dflow:484 [DEBUG]  Adding output dependencies
2020-02-04 14:45:23.091 parsl.dataflow.dflow:714 [DEBUG]  Task 29 set to pending state with AppFuture: <AppFuture super=<AppFuture at 0x7f264c453668 state=pending>>
2020-02-04 14:45:23.091 parsl.dataflow.dflow:452 [INFO]  Task 28 launched on executor workers
2020-02-04 14:45:23.091 parsl.dataflow.dflow:708 [INFO]  Task 30 submitted for App star_index, waiting on tasks []
2020-02-04 14:45:23.091 parsl.dataflow.dflow:452 [INFO]  Task 29 launched on executor login
2020-02-04 14:45:23.092 parsl.dataflow.dflow:714 [DEBUG]  Task 30 set to pending state with AppFuture: <AppFuture super=<AppFuture at 0x7f264c453710 state=pending>>
2020-02-04 14:45:23.092 parsl.dataflow.dflow:484 [DEBUG]  Adding output dependencies
2020-02-04 14:45:23.092 parsl.executors.high_throughput.executor:537 [DEBUG]  Pushing function <function star_index at 0x7f26a403f8c8> to queue with args (<function star_index at 0x7f26c0ede2f0>, '/home/users/ellenrichards/test_run_1/', '/home/users/ellenrichards/test_run_1/s004_c49681_g1_i4_m9094/gd', 's004_c49681_g1_i4_m9094.fasta\n')
2020-02-04 14:45:23.092 parsl.dataflow.dflow:708 [INFO]  Task 31 submitted for App run_single_transcript, waiting on tasks []
2020-02-04 14:45:23.092 parsl.dataflow.dflow:484 [DEBUG]  Adding output dependencies
2020-02-04 14:45:23.093 parsl.dataflow.dflow:452 [INFO]  Task 30 launched on executor workers
2020-02-04 14:45:23.093 parsl.dataflow.dflow:714 [DEBUG]  Task 31 set to pending state with AppFuture: <AppFuture super=<AppFuture at 0x7f264c453940 state=pending>>
2020-02-04 14:45:23.093 parsl.dataflow.dflow:708 [INFO]  Task 32 submitted for App star_index, waiting on tasks []
2020-02-04 14:45:23.093 parsl.dataflow.dflow:714 [DEBUG]  Task 32 set to pending state with AppFuture: <AppFuture super=<AppFuture at 0x7f264c453ba8 state=pending>>
2020-02-04 14:45:23.094 parsl.dataflow.dflow:452 [INFO]  Task 31 launched on executor login
2020-02-04 14:45:23.094 parsl.executors.high_throughput.executor:537 [DEBUG]  Pushing function <function star_index at 0x7f26a403f9d8> to queue with args (<function star_index at 0x7f26c0ede2f0>, '/home/users/ellenrichards/test_run_1/', '/home/users/ellenrichards/test_run_1/s019_c69502_g1_i5_m15585/gd', 's019_c69502_g1_i5_m15585.fasta\n')
2020-02-04 14:45:23.094 parsl.dataflow.dflow:484 [DEBUG]  Adding output dependencies
2020-02-04 14:45:23.094 parsl.dataflow.dflow:452 [INFO]  Task 32 launched on executor workers
2020-02-04 14:45:23.094 parsl.dataflow.dflow:708 [INFO]  Task 33 submitted for App run_single_transcript, waiting on tasks []
2020-02-04 14:45:23.095 parsl.dataflow.dflow:714 [DEBUG]  Task 33 set to pending state with AppFuture: <AppFuture super=<AppFuture at 0x7f264c453d30 state=pending>>
2020-02-04 14:45:23.095 parsl.dataflow.dflow:484 [DEBUG]  Adding output dependencies
2020-02-04 14:45:23.095 parsl.dataflow.dflow:708 [INFO]  Task 34 submitted for App star_index, waiting on tasks []
2020-02-04 14:45:23.095 parsl.dataflow.dflow:452 [INFO]  Task 33 launched on executor login
2020-02-04 14:45:23.095 parsl.dataflow.dflow:714 [DEBUG]  Task 34 set to pending state with AppFuture: <AppFuture super=<AppFuture at 0x7f264c45f2b0 state=pending>>
2020-02-04 14:45:23.095 parsl.dataflow.dflow:484 [DEBUG]  Adding output dependencies
2020-02-04 14:45:23.096 parsl.executors.high_throughput.executor:537 [DEBUG]  Pushing function <function star_index at 0x7f26a403fae8> to queue with args (<function star_index at 0x7f26c0ede2f0>, '/home/users/ellenrichards/test_run_1/', '/home/users/ellenrichards/test_run_1/s008_c59224_g3_i1_m29252/gd', 's008_c59224_g3_i1_m29252.fasta\n')
2020-02-04 14:45:23.096 parsl.dataflow.dflow:708 [INFO]  Task 35 submitted for App run_single_transcript, waiting on tasks []
2020-02-04 14:45:23.096 parsl.dataflow.dflow:714 [DEBUG]  Task 35 set to pending state with AppFuture: <AppFuture super=<AppFuture at 0x7f264c45f470 state=pending>>
2020-02-04 14:45:23.096 parsl.dataflow.dflow:452 [INFO]  Task 34 launched on executor workers
2020-02-04 14:45:23.096 parsl.dataflow.dflow:484 [DEBUG]  Adding output dependencies
2020-02-04 14:45:23.097 parsl.dataflow.dflow:452 [INFO]  Task 35 launched on executor login
2020-02-04 14:45:23.097 parsl.dataflow.dflow:708 [INFO]  Task 36 submitted for App star_index, waiting on tasks []
2020-02-04 14:45:23.097 parsl.dataflow.dflow:484 [DEBUG]  Adding output dependencies
2020-02-04 14:45:23.097 parsl.dataflow.dflow:714 [DEBUG]  Task 36 set to pending state with AppFuture: <AppFuture super=<AppFuture at 0x7f264c45f518 state=pending>>
2020-02-04 14:45:23.097 parsl.dataflow.dflow:708 [INFO]  Task 37 submitted for App run_single_transcript, waiting on tasks []
2020-02-04 14:45:23.098 parsl.executors.high_throughput.executor:537 [DEBUG]  Pushing function <function star_index at 0x7f26a403fbf8> to queue with args (<function star_index at 0x7f26c0ede2f0>, '/home/users/ellenrichards/test_run_1/', '/home/users/ellenrichards/test_run_1/s008_c56952_g1_i2_m23101/gd', 's008_c56952_g1_i2_m23101.fasta\n')
2020-02-04 14:45:23.098 parsl.dataflow.dflow:714 [DEBUG]  Task 37 set to pending state with AppFuture: <AppFuture super=<AppFuture at 0x7f264c45f630 state=pending>>
2020-02-04 14:45:23.098 parsl.dataflow.dflow:484 [DEBUG]  Adding output dependencies
2020-02-04 14:45:23.098 parsl.dataflow.dflow:452 [INFO]  Task 36 launched on executor workers
2020-02-04 14:45:23.099 parsl.dataflow.dflow:708 [INFO]  Task 38 submitted for App star_index, waiting on tasks []
2020-02-04 14:45:23.099 parsl.dataflow.dflow:452 [INFO]  Task 37 launched on executor login
2020-02-04 14:45:23.099 parsl.dataflow.dflow:714 [DEBUG]  Task 38 set to pending state with AppFuture: <AppFuture super=<AppFuture at 0x7f264c45fac8 state=pending>>
2020-02-04 14:45:23.099 parsl.dataflow.dflow:484 [DEBUG]  Adding output dependencies
2020-02-04 14:45:23.099 parsl.executors.high_throughput.executor:537 [DEBUG]  Pushing function <function star_index at 0x7f26a403fc80> to queue with args (<function star_index at 0x7f26c0ede2f0>, '/home/users/ellenrichards/test_run_1/', '/home/users/ellenrichards/test_run_1/s008_c90193_g1_i1_m38951/gd', 's008_c90193_g1_i1_m38951.fasta\n')
2020-02-04 14:45:23.099 parsl.dataflow.dflow:484 [DEBUG]  Adding output dependencies
2020-02-04 14:45:23.100 parsl.dataflow.dflow:708 [INFO]  Task 39 submitted for App run_single_transcript, waiting on tasks []
2020-02-04 14:45:23.100 parsl.dataflow.dflow:708 [INFO]  Task 40 submitted for App star_index, waiting on tasks []
2020-02-04 14:45:23.100 parsl.dataflow.dflow:452 [INFO]  Task 38 launched on executor workers
2020-02-04 14:45:23.100 parsl.dataflow.dflow:714 [DEBUG]  Task 39 set to pending state with AppFuture: <AppFuture super=<AppFuture at 0x7f264c45fe10 state=pending>>
2020-02-04 14:45:23.100 parsl.dataflow.dflow:714 [DEBUG]  Task 40 set to pending state with AppFuture: <AppFuture super=<AppFuture at 0x7f264c45fc88 state=pending>>
2020-02-04 14:45:23.100 parsl.dataflow.dflow:452 [INFO]  Task 39 launched on executor login
2020-02-04 14:45:23.101 parsl.executors.high_throughput.executor:537 [DEBUG]  Pushing function <function star_index at 0x7f26a403fd90> to queue with args (<function star_index at 0x7f26c0ede2f0>, '/home/users/ellenrichards/test_run_1/', '/home/users/ellenrichards/test_run_1/s012_c56483_g1_i3_m15877/gd', 's012_c56483_g1_i3_m15877.fasta\n')
2020-02-04 14:45:23.101 parsl.dataflow.dflow:484 [DEBUG]  Adding output dependencies
2020-02-04 14:45:23.101 parsl.dataflow.dflow:452 [INFO]  Task 40 launched on executor workers
2020-02-04 14:45:23.101 parsl.dataflow.dflow:708 [INFO]  Task 41 submitted for App run_single_transcript, waiting on tasks []
2020-02-04 14:45:23.102 parsl.dataflow.dflow:714 [DEBUG]  Task 41 set to pending state with AppFuture: <AppFuture super=<AppFuture at 0x7f264c46a128 state=pending>>
2020-02-04 14:45:23.102 parsl.dataflow.dflow:452 [INFO]  Task 41 launched on executor login
2020-02-04 14:45:23.102 parsl.dataflow.dflow:484 [DEBUG]  Adding output dependencies
2020-02-04 14:45:23.102 parsl.dataflow.dflow:708 [INFO]  Task 42 submitted for App run_single_transcript, waiting on tasks []
2020-02-04 14:45:23.102 parsl.dataflow.dflow:714 [DEBUG]  Task 42 set to pending state with AppFuture: <AppFuture super=<AppFuture at 0x7f264c46a2b0 state=pending>>
2020-02-04 14:45:23.102 parsl.dataflow.dflow:452 [INFO]  Task 42 launched on executor login
2020-02-04 14:45:23.102 parsl.dataflow.dflow:484 [DEBUG]  Adding output dependencies
2020-02-04 14:45:23.102 parsl.dataflow.dflow:708 [INFO]  Task 43 submitted for App run_single_transcript, waiting on tasks []
2020-02-04 14:45:23.102 parsl.dataflow.dflow:714 [DEBUG]  Task 43 set to pending state with AppFuture: <AppFuture super=<AppFuture at 0x7f264c46a518 state=pending>>
2020-02-04 14:45:23.102 parsl.dataflow.dflow:452 [INFO]  Task 43 launched on executor login
2020-02-04 14:45:23.102 parsl.dataflow.dflow:484 [DEBUG]  Adding output dependencies
2020-02-04 14:45:23.102 parsl.dataflow.dflow:708 [INFO]  Task 44 submitted for App run_single_transcript, waiting on tasks []
2020-02-04 14:45:23.103 parsl.dataflow.dflow:714 [DEBUG]  Task 44 set to pending state with AppFuture: <AppFuture super=<AppFuture at 0x7f264c46a6d8 state=pending>>
2020-02-04 14:45:23.103 parsl.dataflow.dflow:452 [INFO]  Task 44 launched on executor login
2020-02-04 14:45:23.103 parsl.dataflow.dflow:484 [DEBUG]  Adding output dependencies
2020-02-04 14:45:23.103 parsl.dataflow.dflow:708 [INFO]  Task 45 submitted for App run_single_transcript, waiting on tasks []
2020-02-04 14:45:23.103 parsl.dataflow.dflow:714 [DEBUG]  Task 45 set to pending state with AppFuture: <AppFuture super=<AppFuture at 0x7f264c46a898 state=pending>>
2020-02-04 14:45:23.103 parsl.dataflow.dflow:452 [INFO]  Task 45 launched on executor login
2020-02-04 14:45:23.103 parsl.dataflow.dflow:484 [DEBUG]  Adding output dependencies
2020-02-04 14:45:23.103 parsl.dataflow.dflow:708 [INFO]  Task 46 submitted for App run_single_transcript, waiting on tasks []
2020-02-04 14:45:23.103 parsl.dataflow.dflow:714 [DEBUG]  Task 46 set to pending state with AppFuture: <AppFuture super=<AppFuture at 0x7f264c46aa58 state=pending>>
2020-02-04 14:45:23.103 parsl.dataflow.dflow:452 [INFO]  Task 46 launched on executor login
2020-02-04 14:45:23.103 parsl.dataflow.dflow:484 [DEBUG]  Adding output dependencies
2020-02-04 14:45:23.103 parsl.dataflow.dflow:708 [INFO]  Task 47 submitted for App run_single_transcript, waiting on tasks []
2020-02-04 14:45:23.103 parsl.dataflow.dflow:714 [DEBUG]  Task 47 set to pending state with AppFuture: <AppFuture super=<AppFuture at 0x7f264c46ac18 state=pending>>
2020-02-04 14:45:23.104 parsl.dataflow.dflow:452 [INFO]  Task 47 launched on executor login
2020-02-04 14:45:23.104 parsl.dataflow.dflow:484 [DEBUG]  Adding output dependencies
2020-02-04 14:45:23.104 parsl.dataflow.dflow:708 [INFO]  Task 48 submitted for App run_single_transcript, waiting on tasks []
2020-02-04 14:45:23.104 parsl.dataflow.dflow:714 [DEBUG]  Task 48 set to pending state with AppFuture: <AppFuture super=<AppFuture at 0x7f264c46add8 state=pending>>
2020-02-04 14:45:23.104 parsl.dataflow.dflow:452 [INFO]  Task 48 launched on executor login
2020-02-04 14:45:23.104 parsl.dataflow.dflow:484 [DEBUG]  Adding output dependencies
2020-02-04 14:45:23.104 parsl.dataflow.dflow:708 [INFO]  Task 49 submitted for App run_single_transcript, waiting on tasks []
2020-02-04 14:45:23.104 parsl.dataflow.dflow:714 [DEBUG]  Task 49 set to pending state with AppFuture: <AppFuture super=<AppFuture at 0x7f264c46af98 state=pending>>
2020-02-04 14:45:23.104 parsl.dataflow.dflow:452 [INFO]  Task 49 launched on executor login
2020-02-04 14:45:23.104 parsl.dataflow.dflow:484 [DEBUG]  Adding output dependencies
2020-02-04 14:45:23.104 parsl.dataflow.dflow:708 [INFO]  Task 50 submitted for App run_single_transcript, waiting on tasks []
2020-02-04 14:45:23.104 parsl.dataflow.dflow:714 [DEBUG]  Task 50 set to pending state with AppFuture: <AppFuture super=<AppFuture at 0x7f264c476198 state=pending>>
2020-02-04 14:45:23.105 parsl.dataflow.dflow:452 [INFO]  Task 50 launched on executor login
2020-02-04 14:45:23.105 parsl.dataflow.dflow:484 [DEBUG]  Adding output dependencies
2020-02-04 14:45:23.105 parsl.dataflow.dflow:708 [INFO]  Task 51 submitted for App run_single_transcript, waiting on tasks []
2020-02-04 14:45:23.105 parsl.dataflow.dflow:714 [DEBUG]  Task 51 set to pending state with AppFuture: <AppFuture super=<AppFuture at 0x7f264c476358 state=pending>>
2020-02-04 14:45:23.105 parsl.dataflow.dflow:452 [INFO]  Task 51 launched on executor login
2020-02-04 14:45:23.105 parsl.dataflow.dflow:484 [DEBUG]  Adding output dependencies
2020-02-04 14:45:23.105 parsl.dataflow.dflow:708 [INFO]  Task 52 submitted for App run_single_transcript, waiting on tasks []
2020-02-04 14:45:23.105 parsl.dataflow.dflow:714 [DEBUG]  Task 52 set to pending state with AppFuture: <AppFuture super=<AppFuture at 0x7f264c476518 state=pending>>
2020-02-04 14:45:23.105 parsl.dataflow.dflow:452 [INFO]  Task 52 launched on executor login
2020-02-04 14:45:23.105 parsl.dataflow.dflow:484 [DEBUG]  Adding output dependencies
2020-02-04 14:45:23.105 parsl.dataflow.dflow:708 [INFO]  Task 53 submitted for App run_single_transcript, waiting on tasks []
2020-02-04 14:45:23.105 parsl.dataflow.dflow:714 [DEBUG]  Task 53 set to pending state with AppFuture: <AppFuture super=<AppFuture at 0x7f264c4766d8 state=pending>>
2020-02-04 14:45:23.105 parsl.dataflow.dflow:452 [INFO]  Task 53 launched on executor login
2020-02-04 14:45:23.106 parsl.dataflow.dflow:484 [DEBUG]  Adding output dependencies
2020-02-04 14:45:23.106 parsl.dataflow.dflow:708 [INFO]  Task 54 submitted for App run_single_transcript, waiting on tasks []
2020-02-04 14:45:23.106 parsl.dataflow.dflow:714 [DEBUG]  Task 54 set to pending state with AppFuture: <AppFuture super=<AppFuture at 0x7f264c476898 state=pending>>
2020-02-04 14:45:23.106 parsl.dataflow.dflow:452 [INFO]  Task 54 launched on executor login
2020-02-04 14:45:23.106 parsl.dataflow.dflow:484 [DEBUG]  Adding output dependencies
2020-02-04 14:45:23.106 parsl.dataflow.dflow:708 [INFO]  Task 55 submitted for App run_single_transcript, waiting on tasks []
2020-02-04 14:45:23.106 parsl.dataflow.dflow:714 [DEBUG]  Task 55 set to pending state with AppFuture: <AppFuture super=<AppFuture at 0x7f264c476a58 state=pending>>
2020-02-04 14:45:23.106 parsl.dataflow.dflow:452 [INFO]  Task 55 launched on executor login
2020-02-04 14:45:23.106 parsl.dataflow.dflow:484 [DEBUG]  Adding output dependencies
2020-02-04 14:45:23.106 parsl.dataflow.dflow:708 [INFO]  Task 56 submitted for App run_single_transcript, waiting on tasks []
2020-02-04 14:45:23.106 parsl.dataflow.dflow:714 [DEBUG]  Task 56 set to pending state with AppFuture: <AppFuture super=<AppFuture at 0x7f264c476c18 state=pending>>
2020-02-04 14:45:23.106 parsl.dataflow.dflow:452 [INFO]  Task 56 launched on executor login
2020-02-04 14:45:23.106 parsl.dataflow.dflow:484 [DEBUG]  Adding output dependencies
2020-02-04 14:45:23.107 parsl.dataflow.dflow:708 [INFO]  Task 57 submitted for App run_single_transcript, waiting on tasks []
2020-02-04 14:45:23.107 parsl.dataflow.dflow:714 [DEBUG]  Task 57 set to pending state with AppFuture: <AppFuture super=<AppFuture at 0x7f264c476dd8 state=pending>>
2020-02-04 14:45:23.107 parsl.dataflow.dflow:452 [INFO]  Task 57 launched on executor login
2020-02-04 14:45:23.107 parsl.dataflow.dflow:484 [DEBUG]  Adding output dependencies
2020-02-04 14:45:23.107 parsl.dataflow.dflow:708 [INFO]  Task 58 submitted for App run_single_transcript, waiting on tasks []
2020-02-04 14:45:23.107 parsl.dataflow.dflow:714 [DEBUG]  Task 58 set to pending state with AppFuture: <AppFuture super=<AppFuture at 0x7f264c476f98 state=pending>>
2020-02-04 14:45:23.107 parsl.dataflow.dflow:452 [INFO]  Task 58 launched on executor login
2020-02-04 14:45:23.107 parsl.dataflow.dflow:484 [DEBUG]  Adding output dependencies
2020-02-04 14:45:23.107 parsl.dataflow.dflow:708 [INFO]  Task 59 submitted for App run_single_transcript, waiting on tasks []
2020-02-04 14:45:23.107 parsl.dataflow.dflow:714 [DEBUG]  Task 59 set to pending state with AppFuture: <AppFuture super=<AppFuture at 0x7f264c480198 state=pending>>
2020-02-04 14:45:23.107 parsl.dataflow.dflow:452 [INFO]  Task 59 launched on executor login
2020-02-04 14:45:23.107 parsl.dataflow.dflow:484 [DEBUG]  Adding output dependencies
2020-02-04 14:45:23.107 parsl.dataflow.dflow:708 [INFO]  Task 60 submitted for App run_single_transcript, waiting on tasks []
2020-02-04 14:45:23.108 parsl.dataflow.dflow:714 [DEBUG]  Task 60 set to pending state with AppFuture: <AppFuture super=<AppFuture at 0x7f264c480358 state=pending>>
2020-02-04 14:45:23.108 parsl.dataflow.dflow:452 [INFO]  Task 60 launched on executor login
2020-02-04 14:45:23.108 parsl.dataflow.dflow:484 [DEBUG]  Adding output dependencies
2020-02-04 14:45:23.108 parsl.dataflow.dflow:708 [INFO]  Task 61 submitted for App run_single_transcript, waiting on tasks []
2020-02-04 14:45:23.108 parsl.dataflow.dflow:714 [DEBUG]  Task 61 set to pending state with AppFuture: <AppFuture super=<AppFuture at 0x7f264c480518 state=pending>>
2020-02-04 14:45:23.108 parsl.dataflow.dflow:452 [INFO]  Task 61 launched on executor login
2020-02-04 14:45:23.108 parsl.dataflow.dflow:484 [DEBUG]  Adding output dependencies
2020-02-04 14:45:23.108 parsl.dataflow.dflow:708 [INFO]  Task 62 submitted for App run_single_transcript, waiting on tasks []
2020-02-04 14:45:23.108 parsl.dataflow.dflow:714 [DEBUG]  Task 62 set to pending state with AppFuture: <AppFuture super=<AppFuture at 0x7f264c4806d8 state=pending>>
2020-02-04 14:45:23.108 parsl.dataflow.dflow:452 [INFO]  Task 62 launched on executor login
2020-02-04 14:45:23.108 parsl.dataflow.dflow:484 [DEBUG]  Adding output dependencies
2020-02-04 14:45:23.108 parsl.dataflow.dflow:708 [INFO]  Task 63 submitted for App run_single_transcript, waiting on tasks []
2020-02-04 14:45:23.108 parsl.dataflow.dflow:714 [DEBUG]  Task 63 set to pending state with AppFuture: <AppFuture super=<AppFuture at 0x7f264c480898 state=pending>>
2020-02-04 14:45:23.109 parsl.dataflow.dflow:452 [INFO]  Task 63 launched on executor login
2020-02-04 14:45:23.109 parsl.dataflow.dflow:484 [DEBUG]  Adding output dependencies
2020-02-04 14:45:23.109 parsl.dataflow.dflow:708 [INFO]  Task 64 submitted for App run_single_transcript, waiting on tasks []
2020-02-04 14:45:23.109 parsl.dataflow.dflow:714 [DEBUG]  Task 64 set to pending state with AppFuture: <AppFuture super=<AppFuture at 0x7f264c480a58 state=pending>>
2020-02-04 14:45:23.109 parsl.dataflow.dflow:452 [INFO]  Task 64 launched on executor login
2020-02-04 14:45:23.109 parsl.dataflow.dflow:484 [DEBUG]  Adding output dependencies
2020-02-04 14:45:23.109 parsl.dataflow.dflow:708 [INFO]  Task 65 submitted for App run_single_transcript, waiting on tasks []
2020-02-04 14:45:23.109 parsl.dataflow.dflow:714 [DEBUG]  Task 65 set to pending state with AppFuture: <AppFuture super=<AppFuture at 0x7f264c480c18 state=pending>>
2020-02-04 14:45:23.109 parsl.dataflow.dflow:452 [INFO]  Task 65 launched on executor login
2020-02-04 14:45:23.109 parsl.dataflow.dflow:484 [DEBUG]  Adding output dependencies
2020-02-04 14:45:23.109 parsl.dataflow.dflow:708 [INFO]  Task 66 submitted for App run_single_transcript, waiting on tasks []
2020-02-04 14:45:23.109 parsl.dataflow.dflow:714 [DEBUG]  Task 66 set to pending state with AppFuture: <AppFuture super=<AppFuture at 0x7f264c480dd8 state=pending>>
2020-02-04 14:45:23.109 parsl.dataflow.dflow:452 [INFO]  Task 66 launched on executor login
2020-02-04 14:45:23.110 parsl.dataflow.dflow:484 [DEBUG]  Adding output dependencies
2020-02-04 14:45:23.110 parsl.dataflow.dflow:708 [INFO]  Task 67 submitted for App run_single_transcript, waiting on tasks []
2020-02-04 14:45:23.110 parsl.dataflow.dflow:714 [DEBUG]  Task 67 set to pending state with AppFuture: <AppFuture super=<AppFuture at 0x7f264c480f98 state=pending>>
2020-02-04 14:45:23.110 parsl.dataflow.dflow:452 [INFO]  Task 67 launched on executor login
2020-02-04 14:45:23.110 parsl.dataflow.dflow:484 [DEBUG]  Adding output dependencies
2020-02-04 14:45:23.110 parsl.dataflow.dflow:708 [INFO]  Task 68 submitted for App run_single_transcript, waiting on tasks []
2020-02-04 14:45:23.110 parsl.dataflow.dflow:714 [DEBUG]  Task 68 set to pending state with AppFuture: <AppFuture super=<AppFuture at 0x7f264c489198 state=pending>>
2020-02-04 14:45:23.110 parsl.dataflow.dflow:452 [INFO]  Task 68 launched on executor login
2020-02-04 14:45:23.110 parsl.dataflow.dflow:484 [DEBUG]  Adding output dependencies
2020-02-04 14:45:23.110 parsl.dataflow.dflow:708 [INFO]  Task 69 submitted for App run_single_transcript, waiting on tasks []
2020-02-04 14:45:23.110 parsl.dataflow.dflow:714 [DEBUG]  Task 69 set to pending state with AppFuture: <AppFuture super=<AppFuture at 0x7f264c489358 state=pending>>
2020-02-04 14:45:23.110 parsl.dataflow.dflow:452 [INFO]  Task 69 launched on executor login
2020-02-04 14:45:23.110 parsl.dataflow.dflow:484 [DEBUG]  Adding output dependencies
2020-02-04 14:45:23.111 parsl.dataflow.dflow:708 [INFO]  Task 70 submitted for App run_single_transcript, waiting on tasks []
2020-02-04 14:45:23.111 parsl.dataflow.dflow:714 [DEBUG]  Task 70 set to pending state with AppFuture: <AppFuture super=<AppFuture at 0x7f264c489518 state=pending>>
2020-02-04 14:45:23.111 parsl.dataflow.dflow:452 [INFO]  Task 70 launched on executor login
2020-02-04 14:45:23.111 parsl.dataflow.dflow:484 [DEBUG]  Adding output dependencies
2020-02-04 14:45:23.111 parsl.dataflow.dflow:708 [INFO]  Task 71 submitted for App run_single_transcript, waiting on tasks []
2020-02-04 14:45:23.111 parsl.dataflow.dflow:714 [DEBUG]  Task 71 set to pending state with AppFuture: <AppFuture super=<AppFuture at 0x7f264c4896d8 state=pending>>
2020-02-04 14:45:23.111 parsl.dataflow.dflow:452 [INFO]  Task 71 launched on executor login
2020-02-04 14:45:23.111 parsl.dataflow.dflow:484 [DEBUG]  Adding output dependencies
2020-02-04 14:45:23.111 parsl.dataflow.dflow:708 [INFO]  Task 72 submitted for App run_single_transcript, waiting on tasks []
2020-02-04 14:45:23.111 parsl.dataflow.dflow:714 [DEBUG]  Task 72 set to pending state with AppFuture: <AppFuture super=<AppFuture at 0x7f264c489898 state=pending>>
2020-02-04 14:45:23.111 parsl.dataflow.dflow:452 [INFO]  Task 72 launched on executor login
2020-02-04 14:45:23.111 parsl.dataflow.dflow:484 [DEBUG]  Adding output dependencies
2020-02-04 14:45:23.111 parsl.dataflow.dflow:708 [INFO]  Task 73 submitted for App run_single_transcript, waiting on tasks []
2020-02-04 14:45:23.112 parsl.dataflow.dflow:714 [DEBUG]  Task 73 set to pending state with AppFuture: <AppFuture super=<AppFuture at 0x7f264c489a58 state=pending>>
2020-02-04 14:45:23.112 parsl.dataflow.dflow:452 [INFO]  Task 73 launched on executor login
2020-02-04 14:45:23.112 parsl.dataflow.dflow:484 [DEBUG]  Adding output dependencies
2020-02-04 14:45:23.112 parsl.dataflow.dflow:708 [INFO]  Task 74 submitted for App run_single_transcript, waiting on tasks []
2020-02-04 14:45:23.112 parsl.dataflow.dflow:714 [DEBUG]  Task 74 set to pending state with AppFuture: <AppFuture super=<AppFuture at 0x7f264c489c18 state=pending>>
2020-02-04 14:45:23.112 parsl.dataflow.dflow:452 [INFO]  Task 74 launched on executor login
2020-02-04 14:45:23.112 parsl.dataflow.dflow:484 [DEBUG]  Adding output dependencies
2020-02-04 14:45:23.112 parsl.dataflow.dflow:708 [INFO]  Task 75 submitted for App run_single_transcript, waiting on tasks []
2020-02-04 14:45:23.112 parsl.dataflow.dflow:714 [DEBUG]  Task 75 set to pending state with AppFuture: <AppFuture super=<AppFuture at 0x7f264c489dd8 state=pending>>
2020-02-04 14:45:23.112 parsl.dataflow.dflow:452 [INFO]  Task 75 launched on executor login
2020-02-04 14:45:23.112 parsl.dataflow.dflow:484 [DEBUG]  Adding output dependencies
2020-02-04 14:45:23.112 parsl.dataflow.dflow:708 [INFO]  Task 76 submitted for App run_single_transcript, waiting on tasks []
2020-02-04 14:45:23.112 parsl.dataflow.dflow:714 [DEBUG]  Task 76 set to pending state with AppFuture: <AppFuture super=<AppFuture at 0x7f264c489f98 state=pending>>
2020-02-04 14:45:23.113 parsl.dataflow.dflow:452 [INFO]  Task 76 launched on executor login
2020-02-04 14:45:23.113 parsl.dataflow.dflow:484 [DEBUG]  Adding output dependencies
2020-02-04 14:45:23.113 parsl.dataflow.dflow:708 [INFO]  Task 77 submitted for App run_single_transcript, waiting on tasks []
2020-02-04 14:45:23.113 parsl.dataflow.dflow:714 [DEBUG]  Task 77 set to pending state with AppFuture: <AppFuture super=<AppFuture at 0x7f264c415198 state=pending>>
2020-02-04 14:45:23.113 parsl.dataflow.dflow:452 [INFO]  Task 77 launched on executor login
2020-02-04 14:45:23.113 parsl.dataflow.dflow:484 [DEBUG]  Adding output dependencies
2020-02-04 14:45:23.113 parsl.dataflow.dflow:708 [INFO]  Task 78 submitted for App run_single_transcript, waiting on tasks []
2020-02-04 14:45:23.113 parsl.dataflow.dflow:714 [DEBUG]  Task 78 set to pending state with AppFuture: <AppFuture super=<AppFuture at 0x7f264c415358 state=pending>>
2020-02-04 14:45:23.113 parsl.dataflow.dflow:452 [INFO]  Task 78 launched on executor login
2020-02-04 14:45:23.113 parsl.dataflow.dflow:484 [DEBUG]  Adding output dependencies
2020-02-04 14:45:23.113 parsl.dataflow.dflow:708 [INFO]  Task 79 submitted for App run_single_transcript, waiting on tasks []
2020-02-04 14:45:23.113 parsl.dataflow.dflow:714 [DEBUG]  Task 79 set to pending state with AppFuture: <AppFuture super=<AppFuture at 0x7f264c415518 state=pending>>
2020-02-04 14:45:23.113 parsl.dataflow.dflow:452 [INFO]  Task 79 launched on executor login
2020-02-04 14:45:23.114 parsl.dataflow.dflow:484 [DEBUG]  Adding output dependencies
2020-02-04 14:45:23.114 parsl.dataflow.dflow:708 [INFO]  Task 80 submitted for App run_single_transcript, waiting on tasks []
2020-02-04 14:45:23.114 parsl.dataflow.dflow:714 [DEBUG]  Task 80 set to pending state with AppFuture: <AppFuture super=<AppFuture at 0x7f264c4156d8 state=pending>>
2020-02-04 14:45:23.114 parsl.dataflow.dflow:452 [INFO]  Task 80 launched on executor login
2020-02-04 14:45:23.114 parsl.dataflow.dflow:484 [DEBUG]  Adding output dependencies
2020-02-04 14:45:23.114 parsl.dataflow.dflow:708 [INFO]  Task 81 submitted for App run_single_transcript, waiting on tasks []
2020-02-04 14:45:23.114 parsl.dataflow.dflow:714 [DEBUG]  Task 81 set to pending state with AppFuture: <AppFuture super=<AppFuture at 0x7f264c415898 state=pending>>
2020-02-04 14:45:23.114 parsl.dataflow.dflow:452 [INFO]  Task 81 launched on executor login
2020-02-04 14:45:23.114 parsl.dataflow.dflow:484 [DEBUG]  Adding output dependencies
2020-02-04 14:45:23.114 parsl.dataflow.dflow:708 [INFO]  Task 82 submitted for App run_single_transcript, waiting on tasks []
2020-02-04 14:45:23.114 parsl.dataflow.dflow:714 [DEBUG]  Task 82 set to pending state with AppFuture: <AppFuture super=<AppFuture at 0x7f264c415a58 state=pending>>
2020-02-04 14:45:23.114 parsl.dataflow.dflow:452 [INFO]  Task 82 launched on executor login
2020-02-04 14:45:23.115 parsl.dataflow.dflow:484 [DEBUG]  Adding output dependencies
2020-02-04 14:45:23.115 parsl.dataflow.dflow:708 [INFO]  Task 83 submitted for App run_single_transcript, waiting on tasks []
2020-02-04 14:45:23.115 parsl.dataflow.dflow:714 [DEBUG]  Task 83 set to pending state with AppFuture: <AppFuture super=<AppFuture at 0x7f264c415c18 state=pending>>
2020-02-04 14:45:23.115 parsl.dataflow.dflow:452 [INFO]  Task 83 launched on executor login
2020-02-04 14:45:23.115 parsl.dataflow.dflow:484 [DEBUG]  Adding output dependencies
2020-02-04 14:45:23.115 parsl.dataflow.dflow:708 [INFO]  Task 84 submitted for App run_single_transcript, waiting on tasks []
2020-02-04 14:45:23.115 parsl.dataflow.dflow:714 [DEBUG]  Task 84 set to pending state with AppFuture: <AppFuture super=<AppFuture at 0x7f264c415dd8 state=pending>>
2020-02-04 14:45:23.115 parsl.dataflow.dflow:452 [INFO]  Task 84 launched on executor login
2020-02-04 14:45:23.115 parsl.dataflow.dflow:484 [DEBUG]  Adding output dependencies
2020-02-04 14:45:23.115 parsl.dataflow.dflow:708 [INFO]  Task 85 submitted for App run_single_transcript, waiting on tasks []
2020-02-04 14:45:23.115 parsl.dataflow.dflow:714 [DEBUG]  Task 85 set to pending state with AppFuture: <AppFuture super=<AppFuture at 0x7f264c415f98 state=pending>>
2020-02-04 14:45:23.115 parsl.dataflow.dflow:452 [INFO]  Task 85 launched on executor login
2020-02-04 14:45:23.115 parsl.dataflow.dflow:484 [DEBUG]  Adding output dependencies
2020-02-04 14:45:23.115 parsl.dataflow.dflow:708 [INFO]  Task 86 submitted for App run_single_transcript, waiting on tasks []
2020-02-04 14:45:23.116 parsl.dataflow.dflow:714 [DEBUG]  Task 86 set to pending state with AppFuture: <AppFuture super=<AppFuture at 0x7f264c420198 state=pending>>
2020-02-04 14:45:23.116 parsl.dataflow.dflow:452 [INFO]  Task 86 launched on executor login
2020-02-04 14:45:23.116 parsl.dataflow.dflow:484 [DEBUG]  Adding output dependencies
2020-02-04 14:45:23.116 parsl.dataflow.dflow:708 [INFO]  Task 87 submitted for App run_single_transcript, waiting on tasks []
2020-02-04 14:45:23.116 parsl.dataflow.dflow:714 [DEBUG]  Task 87 set to pending state with AppFuture: <AppFuture super=<AppFuture at 0x7f264c420358 state=pending>>
2020-02-04 14:45:23.116 parsl.dataflow.dflow:452 [INFO]  Task 87 launched on executor login
2020-02-04 14:45:23.116 parsl.dataflow.dflow:484 [DEBUG]  Adding output dependencies
2020-02-04 14:45:23.116 parsl.dataflow.dflow:708 [INFO]  Task 88 submitted for App run_single_transcript, waiting on tasks []
2020-02-04 14:45:23.116 parsl.dataflow.dflow:714 [DEBUG]  Task 88 set to pending state with AppFuture: <AppFuture super=<AppFuture at 0x7f264c420518 state=pending>>
2020-02-04 14:45:23.116 parsl.dataflow.dflow:452 [INFO]  Task 88 launched on executor login
2020-02-04 14:45:23.116 parsl.dataflow.dflow:484 [DEBUG]  Adding output dependencies
2020-02-04 14:45:23.116 parsl.dataflow.dflow:708 [INFO]  Task 89 submitted for App run_single_transcript, waiting on tasks []
2020-02-04 14:45:23.116 parsl.dataflow.dflow:714 [DEBUG]  Task 89 set to pending state with AppFuture: <AppFuture super=<AppFuture at 0x7f264c4206d8 state=pending>>
2020-02-04 14:45:23.117 parsl.dataflow.dflow:452 [INFO]  Task 89 launched on executor login
2020-02-04 14:45:23.117 parsl.dataflow.dflow:484 [DEBUG]  Adding output dependencies
2020-02-04 14:45:23.117 parsl.dataflow.dflow:708 [INFO]  Task 90 submitted for App run_single_transcript, waiting on tasks []
2020-02-04 14:45:23.117 parsl.dataflow.dflow:714 [DEBUG]  Task 90 set to pending state with AppFuture: <AppFuture super=<AppFuture at 0x7f264c420898 state=pending>>
2020-02-04 14:45:23.117 parsl.dataflow.dflow:452 [INFO]  Task 90 launched on executor login
2020-02-04 14:45:23.117 parsl.dataflow.dflow:484 [DEBUG]  Adding output dependencies
2020-02-04 14:45:23.117 parsl.dataflow.dflow:708 [INFO]  Task 91 submitted for App run_single_transcript, waiting on tasks []
2020-02-04 14:45:23.117 parsl.dataflow.dflow:714 [DEBUG]  Task 91 set to pending state with AppFuture: <AppFuture super=<AppFuture at 0x7f264c420a58 state=pending>>
2020-02-04 14:45:23.117 parsl.dataflow.dflow:452 [INFO]  Task 91 launched on executor login
2020-02-04 14:45:23.117 parsl.dataflow.dflow:484 [DEBUG]  Adding output dependencies
2020-02-04 14:45:23.117 parsl.dataflow.dflow:708 [INFO]  Task 92 submitted for App run_single_transcript, waiting on tasks []
2020-02-04 14:45:23.117 parsl.dataflow.dflow:714 [DEBUG]  Task 92 set to pending state with AppFuture: <AppFuture super=<AppFuture at 0x7f264c420c18 state=pending>>
2020-02-04 14:45:23.118 parsl.dataflow.dflow:452 [INFO]  Task 92 launched on executor login
2020-02-04 14:45:23.118 parsl.dataflow.dflow:484 [DEBUG]  Adding output dependencies
2020-02-04 14:45:23.118 parsl.dataflow.dflow:708 [INFO]  Task 93 submitted for App run_single_transcript, waiting on tasks []
2020-02-04 14:45:23.118 parsl.dataflow.dflow:714 [DEBUG]  Task 93 set to pending state with AppFuture: <AppFuture super=<AppFuture at 0x7f264c420dd8 state=pending>>
2020-02-04 14:45:23.118 parsl.dataflow.dflow:452 [INFO]  Task 93 launched on executor login
2020-02-04 14:45:23.118 parsl.dataflow.dflow:484 [DEBUG]  Adding output dependencies
2020-02-04 14:45:23.118 parsl.dataflow.dflow:708 [INFO]  Task 94 submitted for App run_single_transcript, waiting on tasks []
2020-02-04 14:45:23.118 parsl.dataflow.dflow:714 [DEBUG]  Task 94 set to pending state with AppFuture: <AppFuture super=<AppFuture at 0x7f264c420f98 state=pending>>
2020-02-04 14:45:23.118 parsl.dataflow.dflow:452 [INFO]  Task 94 launched on executor login
2020-02-04 14:45:23.118 parsl.dataflow.dflow:484 [DEBUG]  Adding output dependencies
2020-02-04 14:45:23.118 parsl.dataflow.dflow:708 [INFO]  Task 95 submitted for App run_single_transcript, waiting on tasks []
2020-02-04 14:45:23.118 parsl.dataflow.dflow:714 [DEBUG]  Task 95 set to pending state with AppFuture: <AppFuture super=<AppFuture at 0x7f264c42b198 state=pending>>
2020-02-04 14:45:23.118 parsl.dataflow.dflow:452 [INFO]  Task 95 launched on executor login
2020-02-04 14:45:23.119 parsl.dataflow.dflow:484 [DEBUG]  Adding output dependencies
2020-02-04 14:45:23.119 parsl.dataflow.dflow:708 [INFO]  Task 96 submitted for App run_single_transcript, waiting on tasks []
2020-02-04 14:45:23.119 parsl.dataflow.dflow:714 [DEBUG]  Task 96 set to pending state with AppFuture: <AppFuture super=<AppFuture at 0x7f264c42b358 state=pending>>
2020-02-04 14:45:23.119 parsl.dataflow.dflow:452 [INFO]  Task 96 launched on executor login
2020-02-04 14:45:23.119 parsl.dataflow.dflow:484 [DEBUG]  Adding output dependencies
2020-02-04 14:45:23.119 parsl.dataflow.dflow:708 [INFO]  Task 97 submitted for App run_single_transcript, waiting on tasks []
2020-02-04 14:45:23.119 parsl.dataflow.dflow:714 [DEBUG]  Task 97 set to pending state with AppFuture: <AppFuture super=<AppFuture at 0x7f264c42b518 state=pending>>
2020-02-04 14:45:23.119 parsl.dataflow.dflow:452 [INFO]  Task 97 launched on executor login
2020-02-04 14:45:23.119 parsl.dataflow.dflow:484 [DEBUG]  Adding output dependencies
2020-02-04 14:45:23.119 parsl.dataflow.dflow:708 [INFO]  Task 98 submitted for App run_single_transcript, waiting on tasks []
2020-02-04 14:45:23.119 parsl.dataflow.dflow:714 [DEBUG]  Task 98 set to pending state with AppFuture: <AppFuture super=<AppFuture at 0x7f264c42b6d8 state=pending>>
2020-02-04 14:45:23.119 parsl.dataflow.dflow:452 [INFO]  Task 98 launched on executor login
2020-02-04 14:45:23.119 parsl.dataflow.dflow:484 [DEBUG]  Adding output dependencies
2020-02-04 14:45:23.119 parsl.dataflow.dflow:708 [INFO]  Task 99 submitted for App run_single_transcript, waiting on tasks []
2020-02-04 14:45:23.120 parsl.dataflow.dflow:714 [DEBUG]  Task 99 set to pending state with AppFuture: <AppFuture super=<AppFuture at 0x7f264c42b898 state=pending>>
2020-02-04 14:45:23.120 parsl.dataflow.dflow:452 [INFO]  Task 99 launched on executor login
2020-02-04 14:45:23.120 parsl.dataflow.dflow:484 [DEBUG]  Adding output dependencies
2020-02-04 14:45:23.120 parsl.dataflow.dflow:708 [INFO]  Task 100 submitted for App run_single_transcript, waiting on tasks []
2020-02-04 14:45:23.120 parsl.dataflow.dflow:714 [DEBUG]  Task 100 set to pending state with AppFuture: <AppFuture super=<AppFuture at 0x7f264c42ba58 state=pending>>
2020-02-04 14:45:23.120 parsl.dataflow.dflow:452 [INFO]  Task 100 launched on executor login
2020-02-04 14:45:23.120 parsl.dataflow.dflow:484 [DEBUG]  Adding output dependencies
2020-02-04 14:45:23.120 parsl.dataflow.dflow:708 [INFO]  Task 101 submitted for App run_single_transcript, waiting on tasks []
2020-02-04 14:45:23.120 parsl.dataflow.dflow:714 [DEBUG]  Task 101 set to pending state with AppFuture: <AppFuture super=<AppFuture at 0x7f264c42bc18 state=pending>>
2020-02-04 14:45:23.120 parsl.dataflow.dflow:452 [INFO]  Task 101 launched on executor login
2020-02-04 14:45:23.120 parsl.dataflow.dflow:484 [DEBUG]  Adding output dependencies
2020-02-04 14:45:23.120 parsl.dataflow.dflow:708 [INFO]  Task 102 submitted for App run_single_transcript, waiting on tasks []
2020-02-04 14:45:23.120 parsl.dataflow.dflow:714 [DEBUG]  Task 102 set to pending state with AppFuture: <AppFuture super=<AppFuture at 0x7f264c42bdd8 state=pending>>
2020-02-04 14:45:23.121 parsl.dataflow.dflow:452 [INFO]  Task 102 launched on executor login
2020-02-04 14:45:23.121 parsl.dataflow.dflow:484 [DEBUG]  Adding output dependencies
2020-02-04 14:45:23.121 parsl.dataflow.dflow:708 [INFO]  Task 103 submitted for App run_single_transcript, waiting on tasks []
2020-02-04 14:45:23.121 parsl.dataflow.dflow:714 [DEBUG]  Task 103 set to pending state with AppFuture: <AppFuture super=<AppFuture at 0x7f264c42bf98 state=pending>>
2020-02-04 14:45:23.121 parsl.dataflow.dflow:452 [INFO]  Task 103 launched on executor login
2020-02-04 14:45:23.121 parsl.dataflow.dflow:484 [DEBUG]  Adding output dependencies
2020-02-04 14:45:23.121 parsl.dataflow.dflow:708 [INFO]  Task 104 submitted for App run_single_transcript, waiting on tasks []
2020-02-04 14:45:23.121 parsl.dataflow.dflow:714 [DEBUG]  Task 104 set to pending state with AppFuture: <AppFuture super=<AppFuture at 0x7f264c436198 state=pending>>
2020-02-04 14:45:23.121 parsl.dataflow.dflow:452 [INFO]  Task 104 launched on executor login
2020-02-04 14:45:23.121 parsl.dataflow.dflow:484 [DEBUG]  Adding output dependencies
2020-02-04 14:45:23.121 parsl.dataflow.dflow:708 [INFO]  Task 105 submitted for App run_single_transcript, waiting on tasks []
2020-02-04 14:45:23.121 parsl.dataflow.dflow:714 [DEBUG]  Task 105 set to pending state with AppFuture: <AppFuture super=<AppFuture at 0x7f264c436358 state=pending>>
2020-02-04 14:45:23.121 parsl.dataflow.dflow:452 [INFO]  Task 105 launched on executor login
2020-02-04 14:45:23.122 parsl.dataflow.dflow:484 [DEBUG]  Adding output dependencies
2020-02-04 14:45:23.122 parsl.dataflow.dflow:708 [INFO]  Task 106 submitted for App run_single_transcript, waiting on tasks []
2020-02-04 14:45:23.122 parsl.dataflow.dflow:714 [DEBUG]  Task 106 set to pending state with AppFuture: <AppFuture super=<AppFuture at 0x7f264c436518 state=pending>>
2020-02-04 14:45:23.122 parsl.dataflow.dflow:452 [INFO]  Task 106 launched on executor login
2020-02-04 14:45:23.122 parsl.dataflow.dflow:484 [DEBUG]  Adding output dependencies
2020-02-04 14:45:23.122 parsl.dataflow.dflow:708 [INFO]  Task 107 submitted for App run_single_transcript, waiting on tasks []
2020-02-04 14:45:23.122 parsl.dataflow.dflow:714 [DEBUG]  Task 107 set to pending state with AppFuture: <AppFuture super=<AppFuture at 0x7f264c4366d8 state=pending>>
2020-02-04 14:45:23.122 parsl.dataflow.dflow:452 [INFO]  Task 107 launched on executor login
2020-02-04 14:45:23.122 parsl.dataflow.dflow:484 [DEBUG]  Adding output dependencies
2020-02-04 14:45:23.122 parsl.dataflow.dflow:708 [INFO]  Task 108 submitted for App run_single_transcript, waiting on tasks []
2020-02-04 14:45:23.122 parsl.dataflow.dflow:714 [DEBUG]  Task 108 set to pending state with AppFuture: <AppFuture super=<AppFuture at 0x7f264c436898 state=pending>>
2020-02-04 14:45:23.122 parsl.dataflow.dflow:452 [INFO]  Task 108 launched on executor login
2020-02-04 14:45:23.123 parsl.dataflow.dflow:484 [DEBUG]  Adding output dependencies
2020-02-04 14:45:23.123 parsl.dataflow.dflow:708 [INFO]  Task 109 submitted for App run_single_transcript, waiting on tasks []
2020-02-04 14:45:23.123 parsl.dataflow.dflow:714 [DEBUG]  Task 109 set to pending state with AppFuture: <AppFuture super=<AppFuture at 0x7f264c436a58 state=pending>>
2020-02-04 14:45:23.123 parsl.dataflow.dflow:452 [INFO]  Task 109 launched on executor login
2020-02-04 14:45:23.123 parsl.dataflow.dflow:484 [DEBUG]  Adding output dependencies
2020-02-04 14:45:23.123 parsl.dataflow.dflow:708 [INFO]  Task 110 submitted for App run_single_transcript, waiting on tasks []
2020-02-04 14:45:23.123 parsl.dataflow.dflow:714 [DEBUG]  Task 110 set to pending state with AppFuture: <AppFuture super=<AppFuture at 0x7f264c436c18 state=pending>>
2020-02-04 14:45:23.123 parsl.dataflow.dflow:452 [INFO]  Task 110 launched on executor login
2020-02-04 14:45:23.123 parsl.dataflow.dflow:484 [DEBUG]  Adding output dependencies
2020-02-04 14:45:23.123 parsl.dataflow.dflow:708 [INFO]  Task 111 submitted for App run_single_transcript, waiting on tasks []
2020-02-04 14:45:23.123 parsl.dataflow.dflow:714 [DEBUG]  Task 111 set to pending state with AppFuture: <AppFuture super=<AppFuture at 0x7f264c436dd8 state=pending>>
2020-02-04 14:45:23.123 parsl.dataflow.dflow:452 [INFO]  Task 111 launched on executor login
2020-02-04 14:45:23.123 parsl.dataflow.dflow:484 [DEBUG]  Adding output dependencies
2020-02-04 14:45:23.124 parsl.dataflow.dflow:708 [INFO]  Task 112 submitted for App run_single_transcript, waiting on tasks []
2020-02-04 14:45:23.124 parsl.dataflow.dflow:714 [DEBUG]  Task 112 set to pending state with AppFuture: <AppFuture super=<AppFuture at 0x7f264c436f98 state=pending>>
2020-02-04 14:45:23.124 parsl.dataflow.dflow:452 [INFO]  Task 112 launched on executor login
2020-02-04 14:45:23.124 parsl.dataflow.dflow:484 [DEBUG]  Adding output dependencies
2020-02-04 14:45:23.124 parsl.dataflow.dflow:708 [INFO]  Task 113 submitted for App run_single_transcript, waiting on tasks []
2020-02-04 14:45:23.124 parsl.dataflow.dflow:714 [DEBUG]  Task 113 set to pending state with AppFuture: <AppFuture super=<AppFuture at 0x7f264c440198 state=pending>>
2020-02-04 14:45:23.124 parsl.dataflow.dflow:452 [INFO]  Task 113 launched on executor login
2020-02-04 14:45:23.124 parsl.dataflow.dflow:484 [DEBUG]  Adding output dependencies
2020-02-04 14:45:23.124 parsl.dataflow.dflow:708 [INFO]  Task 114 submitted for App run_single_transcript, waiting on tasks []
2020-02-04 14:45:23.124 parsl.dataflow.dflow:714 [DEBUG]  Task 114 set to pending state with AppFuture: <AppFuture super=<AppFuture at 0x7f264c440358 state=pending>>
2020-02-04 14:45:23.124 parsl.dataflow.dflow:452 [INFO]  Task 114 launched on executor login
2020-02-04 14:45:23.124 parsl.dataflow.dflow:484 [DEBUG]  Adding output dependencies
2020-02-04 14:45:23.124 parsl.dataflow.dflow:708 [INFO]  Task 115 submitted for App run_single_transcript, waiting on tasks []
2020-02-04 14:45:23.125 parsl.dataflow.dflow:714 [DEBUG]  Task 115 set to pending state with AppFuture: <AppFuture super=<AppFuture at 0x7f264c440518 state=pending>>
2020-02-04 14:45:23.125 parsl.dataflow.dflow:452 [INFO]  Task 115 launched on executor login
2020-02-04 14:45:23.125 parsl.dataflow.dflow:484 [DEBUG]  Adding output dependencies
2020-02-04 14:45:23.125 parsl.dataflow.dflow:708 [INFO]  Task 116 submitted for App run_single_transcript, waiting on tasks []
2020-02-04 14:45:23.125 parsl.dataflow.dflow:714 [DEBUG]  Task 116 set to pending state with AppFuture: <AppFuture super=<AppFuture at 0x7f264c4406d8 state=pending>>
2020-02-04 14:45:23.125 parsl.dataflow.dflow:452 [INFO]  Task 116 launched on executor login
2020-02-04 14:45:23.125 parsl.dataflow.dflow:484 [DEBUG]  Adding output dependencies
2020-02-04 14:45:23.125 parsl.dataflow.dflow:708 [INFO]  Task 117 submitted for App run_single_transcript, waiting on tasks []
2020-02-04 14:45:23.125 parsl.dataflow.dflow:714 [DEBUG]  Task 117 set to pending state with AppFuture: <AppFuture super=<AppFuture at 0x7f264c440898 state=pending>>
2020-02-04 14:45:23.125 parsl.dataflow.dflow:452 [INFO]  Task 117 launched on executor login
2020-02-04 14:45:23.125 parsl.dataflow.dflow:484 [DEBUG]  Adding output dependencies
2020-02-04 14:45:23.125 parsl.dataflow.dflow:708 [INFO]  Task 118 submitted for App run_single_transcript, waiting on tasks []
2020-02-04 14:45:23.125 parsl.dataflow.dflow:714 [DEBUG]  Task 118 set to pending state with AppFuture: <AppFuture super=<AppFuture at 0x7f264c440a58 state=pending>>
2020-02-04 14:45:23.126 parsl.dataflow.dflow:452 [INFO]  Task 118 launched on executor login
2020-02-04 14:45:23.126 parsl.dataflow.dflow:484 [DEBUG]  Adding output dependencies
2020-02-04 14:45:23.126 parsl.dataflow.dflow:708 [INFO]  Task 119 submitted for App run_single_transcript, waiting on tasks []
2020-02-04 14:45:23.126 parsl.dataflow.dflow:714 [DEBUG]  Task 119 set to pending state with AppFuture: <AppFuture super=<AppFuture at 0x7f264c440c18 state=pending>>
2020-02-04 14:45:23.126 parsl.dataflow.dflow:452 [INFO]  Task 119 launched on executor login
2020-02-04 14:45:23.126 parsl.dataflow.dflow:484 [DEBUG]  Adding output dependencies
2020-02-04 14:45:23.126 parsl.dataflow.dflow:708 [INFO]  Task 120 submitted for App run_single_transcript, waiting on tasks []
2020-02-04 14:45:23.126 parsl.dataflow.dflow:714 [DEBUG]  Task 120 set to pending state with AppFuture: <AppFuture super=<AppFuture at 0x7f264c440dd8 state=pending>>
2020-02-04 14:45:23.126 parsl.dataflow.dflow:452 [INFO]  Task 120 launched on executor login
2020-02-04 14:45:23.126 parsl.dataflow.dflow:484 [DEBUG]  Adding output dependencies
2020-02-04 14:45:23.126 parsl.dataflow.dflow:708 [INFO]  Task 121 submitted for App run_single_transcript, waiting on tasks []
2020-02-04 14:45:23.126 parsl.dataflow.dflow:714 [DEBUG]  Task 121 set to pending state with AppFuture: <AppFuture super=<AppFuture at 0x7f264c440f98 state=pending>>
2020-02-04 14:45:23.126 parsl.dataflow.dflow:452 [INFO]  Task 121 launched on executor login
2020-02-04 14:45:23.127 parsl.dataflow.dflow:484 [DEBUG]  Adding output dependencies
2020-02-04 14:45:23.127 parsl.dataflow.dflow:708 [INFO]  Task 122 submitted for App run_single_transcript, waiting on tasks []
2020-02-04 14:45:23.127 parsl.dataflow.dflow:714 [DEBUG]  Task 122 set to pending state with AppFuture: <AppFuture super=<AppFuture at 0x7f264c44a198 state=pending>>
2020-02-04 14:45:23.127 parsl.dataflow.dflow:452 [INFO]  Task 122 launched on executor login
2020-02-04 14:45:23.127 parsl.dataflow.dflow:484 [DEBUG]  Adding output dependencies
2020-02-04 14:45:23.127 parsl.dataflow.dflow:708 [INFO]  Task 123 submitted for App run_single_transcript, waiting on tasks []
2020-02-04 14:45:23.127 parsl.dataflow.dflow:714 [DEBUG]  Task 123 set to pending state with AppFuture: <AppFuture super=<AppFuture at 0x7f264c44a358 state=pending>>
2020-02-04 14:45:23.127 parsl.dataflow.dflow:452 [INFO]  Task 123 launched on executor login
2020-02-04 14:45:23.127 parsl.dataflow.dflow:484 [DEBUG]  Adding output dependencies
2020-02-04 14:45:23.127 parsl.dataflow.dflow:708 [INFO]  Task 124 submitted for App run_single_transcript, waiting on tasks []
2020-02-04 14:45:23.127 parsl.dataflow.dflow:714 [DEBUG]  Task 124 set to pending state with AppFuture: <AppFuture super=<AppFuture at 0x7f264c44a518 state=pending>>
2020-02-04 14:45:23.127 parsl.dataflow.dflow:452 [INFO]  Task 124 launched on executor login
2020-02-04 14:45:23.128 parsl.dataflow.dflow:484 [DEBUG]  Adding output dependencies
2020-02-04 14:45:23.128 parsl.dataflow.dflow:708 [INFO]  Task 125 submitted for App run_single_transcript, waiting on tasks []
2020-02-04 14:45:23.128 parsl.dataflow.dflow:714 [DEBUG]  Task 125 set to pending state with AppFuture: <AppFuture super=<AppFuture at 0x7f264c44a6d8 state=pending>>
2020-02-04 14:45:23.128 parsl.dataflow.dflow:452 [INFO]  Task 125 launched on executor login
2020-02-04 14:45:23.128 parsl.dataflow.dflow:484 [DEBUG]  Adding output dependencies
2020-02-04 14:45:23.128 parsl.dataflow.dflow:708 [INFO]  Task 126 submitted for App run_single_transcript, waiting on tasks []
2020-02-04 14:45:23.128 parsl.dataflow.dflow:714 [DEBUG]  Task 126 set to pending state with AppFuture: <AppFuture super=<AppFuture at 0x7f264c44a898 state=pending>>
2020-02-04 14:45:23.128 parsl.dataflow.dflow:452 [INFO]  Task 126 launched on executor login
2020-02-04 14:45:23.128 parsl.dataflow.dflow:864 [INFO]  DFK cleanup initiated
2020-02-04 14:45:23.128 parsl.dataflow.dflow:750 [INFO]  Summary of tasks in DFK:
2020-02-04 14:45:23.129 parsl.dataflow.dflow:781 [INFO]  Tasks in state States.launched: 0, 1, 2, 3, 4, 5, 6, 7, 8, 9, 10, 11, 12, 13, 14, 15, 16, 17, 18, 19, 20, 21, 22, 23, 24, 25, 26, 27, 28, 29, 30, 31, 32, 33, 34, 35, 36, 37, 38, 39, 40, 41, 42, 43, 44, 45, 46, 47, 48, 49, 50, 51, 52, 53, 54, 55, 56, 57, 58, 59, 60, 61, 62, 63, 64, 65, 66, 67, 68, 69, 70, 71, 72, 73, 74, 75, 76, 77, 78, 79, 80, 81, 82, 83, 84, 85, 86, 87, 88, 89, 90, 91, 92, 93, 94, 95, 96, 97, 98, 99, 100, 101, 102, 103, 104, 105, 106, 107, 108, 109, 110, 111, 112, 113, 114, 115, 116, 117, 118, 119, 120, 121, 122, 123, 124, 125, 126
2020-02-04 14:45:23.129 parsl.dataflow.dflow:788 [INFO]  End of summary
2020-02-04 14:45:23.129 parsl.dataflow.dflow:888 [INFO]  Terminating flow_control and strategy threads
2020-02-04 14:45:23.171 parsl.executors.high_throughput.executor:634 [INFO]  Attempting HighThroughputExecutor shutdown
2020-02-04 14:45:23.171 parsl.executors.high_throughput.executor:638 [INFO]  Finished HighThroughputExecutor shutdown attempt
2020-02-04 14:45:23.171 parsl.executors.threads:96 [DEBUG]  Done with executor shutdown
2020-02-04 14:45:23.171 parsl.executors.threads:96 [DEBUG]  Done with executor shutdown
2020-02-04 14:45:23.171 parsl.dataflow.dflow:920 [INFO]  DFK cleanup complete
