2020-02-05 12:48:19.586 parsl:592 Rank:0 [INFO]  Python version: 3.6.4 (default, Feb 10 2018, 20:32:45) 
[GCC 4.8.5 20150623 (Red Hat 4.8.5-16)]
2020-02-05 12:48:19.586 parsl:593 Rank:0 [INFO]  Debug logging: True
2020-02-05 12:48:19.586 parsl:594 Rank:0 [INFO]  Log dir: /home/users/ellenrichards/GRETA/runinfo/101/workers
2020-02-05 12:48:19.586 parsl:595 Rank:0 [INFO]  Manager ID: fc3b34deeaf2
2020-02-05 12:48:19.586 parsl:596 Rank:0 [INFO]  Block ID: 2
2020-02-05 12:48:19.586 parsl:597 Rank:0 [INFO]  cores_per_worker: 1.0
2020-02-05 12:48:19.586 parsl:598 Rank:0 [INFO]  mem_per_worker: None
2020-02-05 12:48:19.586 parsl:599 Rank:0 [INFO]  task_url: tcp://172.16.52.2:54991
2020-02-05 12:48:19.586 parsl:600 Rank:0 [INFO]  result_url: tcp://172.16.52.2:54613
2020-02-05 12:48:19.586 parsl:601 Rank:0 [INFO]  max_workers: inf
2020-02-05 12:48:19.586 parsl:602 Rank:0 [INFO]  poll_period: 10
2020-02-05 12:48:19.586 parsl:603 Rank:0 [INFO]  Prefetch capacity: 0
2020-02-05 12:48:19.586 parsl:108 Rank:0 [INFO]  Manager started
2020-02-05 12:48:19.587 parsl:122 Rank:0 [INFO]  Manager connected
2020-02-05 12:48:19.587 parsl:148 Rank:0 [INFO]  Manager will spawn 48 workers
2020-02-05 12:48:19.750 parsl:370 Rank:0 [DEBUG]  Manager synced with workers
2020-02-05 12:48:19.751 parsl:199 Rank:0 [INFO]  [TASK PULL THREAD] starting
2020-02-05 12:48:19.752 parsl:279 Rank:0 [DEBUG]  [RESULT_PUSH_THREAD] Starting thread
2020-02-05 12:48:19.752 parsl:282 Rank:0 [DEBUG]  [RESULT_PUSH_THREAD] push poll period: 0.01
2020-02-05 12:48:19.753 parsl:315 Rank:0 [DEBUG]  [WORKER_WATCHDOG_THREAD] Starting thread
2020-02-05 12:48:19.753 parsl:385 Rank:0 [INFO]  Loop start
2020-02-05 12:48:19.755 parsl:205 Rank:0 [DEBUG]  Sending registration message: b'{"parsl_v": "0.9.0", "python_v": "3.6.4", "worker_count": 48, "block_id": "2", "prefetch_capacity": 0, "max_capacity": 48, "os": "Linux", "hostname": "lettuce.blt.lclark.local", "dir": "/home/users/ellenrichards/GRETA", "cpu_count": 12, "total_memory": 540756623360, "reg_time": "2020-02-05 12:48:19"}'
2020-02-05 12:48:19.756 parsl:218 Rank:0 [DEBUG]  [TASK_PULL_THREAD] ready workers:9, pending tasks:0
2020-02-05 12:48:19.756 parsl:225 Rank:0 [DEBUG]  [TASK_PULL_THREAD] Requesting tasks: 9
2020-02-05 12:48:19.766 parsl:256 Rank:0 [DEBUG]  [TASK_PULL_THREAD] No incoming tasks
2020-02-05 12:48:19.766 parsl:218 Rank:0 [DEBUG]  [TASK_PULL_THREAD] ready workers:9, pending tasks:0
2020-02-05 12:48:19.766 parsl:225 Rank:0 [DEBUG]  [TASK_PULL_THREAD] Requesting tasks: 9
2020-02-05 12:48:19.786 parsl:256 Rank:0 [DEBUG]  [TASK_PULL_THREAD] No incoming tasks
2020-02-05 12:48:19.786 parsl:218 Rank:0 [DEBUG]  [TASK_PULL_THREAD] ready workers:9, pending tasks:0
2020-02-05 12:48:19.786 parsl:225 Rank:0 [DEBUG]  [TASK_PULL_THREAD] Requesting tasks: 9
2020-02-05 12:48:19.826 parsl:256 Rank:0 [DEBUG]  [TASK_PULL_THREAD] No incoming tasks
2020-02-05 12:48:19.826 parsl:218 Rank:0 [DEBUG]  [TASK_PULL_THREAD] ready workers:9, pending tasks:0
2020-02-05 12:48:19.826 parsl:225 Rank:0 [DEBUG]  [TASK_PULL_THREAD] Requesting tasks: 9
2020-02-05 12:48:19.907 parsl:256 Rank:0 [DEBUG]  [TASK_PULL_THREAD] No incoming tasks
2020-02-05 12:48:19.907 parsl:218 Rank:0 [DEBUG]  [TASK_PULL_THREAD] ready workers:48, pending tasks:0
2020-02-05 12:48:19.907 parsl:225 Rank:0 [DEBUG]  [TASK_PULL_THREAD] Requesting tasks: 48
2020-02-05 12:48:20.067 parsl:256 Rank:0 [DEBUG]  [TASK_PULL_THREAD] No incoming tasks
2020-02-05 12:48:20.068 parsl:218 Rank:0 [DEBUG]  [TASK_PULL_THREAD] ready workers:48, pending tasks:0
2020-02-05 12:48:20.068 parsl:225 Rank:0 [DEBUG]  [TASK_PULL_THREAD] Requesting tasks: 48
2020-02-05 12:48:20.388 parsl:256 Rank:0 [DEBUG]  [TASK_PULL_THREAD] No incoming tasks
2020-02-05 12:48:20.388 parsl:218 Rank:0 [DEBUG]  [TASK_PULL_THREAD] ready workers:48, pending tasks:0
2020-02-05 12:48:20.388 parsl:225 Rank:0 [DEBUG]  [TASK_PULL_THREAD] Requesting tasks: 48
2020-02-05 12:48:21.029 parsl:256 Rank:0 [DEBUG]  [TASK_PULL_THREAD] No incoming tasks
2020-02-05 12:48:21.029 parsl:218 Rank:0 [DEBUG]  [TASK_PULL_THREAD] ready workers:48, pending tasks:0
2020-02-05 12:48:21.029 parsl:225 Rank:0 [DEBUG]  [TASK_PULL_THREAD] Requesting tasks: 48
2020-02-05 12:48:22.311 parsl:256 Rank:0 [DEBUG]  [TASK_PULL_THREAD] No incoming tasks
2020-02-05 12:48:22.311 parsl:218 Rank:0 [DEBUG]  [TASK_PULL_THREAD] ready workers:48, pending tasks:0
2020-02-05 12:48:22.311 parsl:225 Rank:0 [DEBUG]  [TASK_PULL_THREAD] Requesting tasks: 48
2020-02-05 12:48:24.874 parsl:256 Rank:0 [DEBUG]  [TASK_PULL_THREAD] No incoming tasks
2020-02-05 12:48:24.874 parsl:218 Rank:0 [DEBUG]  [TASK_PULL_THREAD] ready workers:48, pending tasks:0
2020-02-05 12:48:24.874 parsl:225 Rank:0 [DEBUG]  [TASK_PULL_THREAD] Requesting tasks: 48
2020-02-05 12:48:29.998 parsl:256 Rank:0 [DEBUG]  [TASK_PULL_THREAD] No incoming tasks
2020-02-05 12:48:29.998 parsl:218 Rank:0 [DEBUG]  [TASK_PULL_THREAD] ready workers:48, pending tasks:0
2020-02-05 12:48:29.998 parsl:225 Rank:0 [DEBUG]  [TASK_PULL_THREAD] Requesting tasks: 48
2020-02-05 12:48:40.248 parsl:256 Rank:0 [DEBUG]  [TASK_PULL_THREAD] No incoming tasks
2020-02-05 12:48:40.248 parsl:218 Rank:0 [DEBUG]  [TASK_PULL_THREAD] ready workers:48, pending tasks:0
2020-02-05 12:48:40.248 parsl:225 Rank:0 [DEBUG]  [TASK_PULL_THREAD] Requesting tasks: 48
2020-02-05 12:49:00.749 parsl:256 Rank:0 [DEBUG]  [TASK_PULL_THREAD] No incoming tasks
2020-02-05 12:49:00.750 parsl:218 Rank:0 [DEBUG]  [TASK_PULL_THREAD] ready workers:48, pending tasks:0
2020-02-05 12:49:00.750 parsl:188 Rank:0 [DEBUG]  Return from heartbeat: None
2020-02-05 12:49:00.750 parsl:225 Rank:0 [DEBUG]  [TASK_PULL_THREAD] Requesting tasks: 48
2020-02-05 12:49:00.751 parsl:243 Rank:0 [DEBUG]  Got heartbeat from interchange
2020-02-05 12:49:00.751 parsl:218 Rank:0 [DEBUG]  [TASK_PULL_THREAD] ready workers:48, pending tasks:0
2020-02-05 12:49:00.751 parsl:225 Rank:0 [DEBUG]  [TASK_PULL_THREAD] Requesting tasks: 48
2020-02-05 12:49:00.751 parsl:256 Rank:0 [DEBUG]  [TASK_PULL_THREAD] No incoming tasks
2020-02-05 12:49:00.751 parsl:218 Rank:0 [DEBUG]  [TASK_PULL_THREAD] ready workers:48, pending tasks:0
2020-02-05 12:49:00.751 parsl:225 Rank:0 [DEBUG]  [TASK_PULL_THREAD] Requesting tasks: 48
2020-02-05 12:49:00.772 parsl:256 Rank:0 [DEBUG]  [TASK_PULL_THREAD] No incoming tasks
2020-02-05 12:49:00.772 parsl:218 Rank:0 [DEBUG]  [TASK_PULL_THREAD] ready workers:48, pending tasks:0
2020-02-05 12:49:00.772 parsl:225 Rank:0 [DEBUG]  [TASK_PULL_THREAD] Requesting tasks: 48
2020-02-05 12:49:00.812 parsl:256 Rank:0 [DEBUG]  [TASK_PULL_THREAD] No incoming tasks
2020-02-05 12:49:00.812 parsl:218 Rank:0 [DEBUG]  [TASK_PULL_THREAD] ready workers:48, pending tasks:0
2020-02-05 12:49:00.812 parsl:225 Rank:0 [DEBUG]  [TASK_PULL_THREAD] Requesting tasks: 48
2020-02-05 12:49:00.893 parsl:256 Rank:0 [DEBUG]  [TASK_PULL_THREAD] No incoming tasks
2020-02-05 12:49:00.893 parsl:218 Rank:0 [DEBUG]  [TASK_PULL_THREAD] ready workers:48, pending tasks:0
2020-02-05 12:49:00.893 parsl:225 Rank:0 [DEBUG]  [TASK_PULL_THREAD] Requesting tasks: 48
2020-02-05 12:49:01.053 parsl:256 Rank:0 [DEBUG]  [TASK_PULL_THREAD] No incoming tasks
2020-02-05 12:49:01.054 parsl:218 Rank:0 [DEBUG]  [TASK_PULL_THREAD] ready workers:48, pending tasks:0
2020-02-05 12:49:01.054 parsl:225 Rank:0 [DEBUG]  [TASK_PULL_THREAD] Requesting tasks: 48
2020-02-05 12:49:01.374 parsl:256 Rank:0 [DEBUG]  [TASK_PULL_THREAD] No incoming tasks
2020-02-05 12:49:01.374 parsl:218 Rank:0 [DEBUG]  [TASK_PULL_THREAD] ready workers:48, pending tasks:0
2020-02-05 12:49:01.374 parsl:225 Rank:0 [DEBUG]  [TASK_PULL_THREAD] Requesting tasks: 48
2020-02-05 12:49:02.015 parsl:256 Rank:0 [DEBUG]  [TASK_PULL_THREAD] No incoming tasks
2020-02-05 12:49:02.016 parsl:218 Rank:0 [DEBUG]  [TASK_PULL_THREAD] ready workers:48, pending tasks:0
2020-02-05 12:49:02.016 parsl:225 Rank:0 [DEBUG]  [TASK_PULL_THREAD] Requesting tasks: 48
2020-02-05 12:49:03.296 parsl:256 Rank:0 [DEBUG]  [TASK_PULL_THREAD] No incoming tasks
2020-02-05 12:49:03.296 parsl:218 Rank:0 [DEBUG]  [TASK_PULL_THREAD] ready workers:48, pending tasks:0
2020-02-05 12:49:03.296 parsl:225 Rank:0 [DEBUG]  [TASK_PULL_THREAD] Requesting tasks: 48
2020-02-05 12:49:05.859 parsl:256 Rank:0 [DEBUG]  [TASK_PULL_THREAD] No incoming tasks
2020-02-05 12:49:05.859 parsl:218 Rank:0 [DEBUG]  [TASK_PULL_THREAD] ready workers:48, pending tasks:0
2020-02-05 12:49:05.859 parsl:225 Rank:0 [DEBUG]  [TASK_PULL_THREAD] Requesting tasks: 48
2020-02-05 12:49:10.985 parsl:256 Rank:0 [DEBUG]  [TASK_PULL_THREAD] No incoming tasks
2020-02-05 12:49:10.985 parsl:218 Rank:0 [DEBUG]  [TASK_PULL_THREAD] ready workers:48, pending tasks:0
2020-02-05 12:49:10.985 parsl:225 Rank:0 [DEBUG]  [TASK_PULL_THREAD] Requesting tasks: 48
2020-02-05 12:49:21.227 parsl:256 Rank:0 [DEBUG]  [TASK_PULL_THREAD] No incoming tasks
2020-02-05 12:49:21.228 parsl:218 Rank:0 [DEBUG]  [TASK_PULL_THREAD] ready workers:48, pending tasks:0
2020-02-05 12:49:21.228 parsl:225 Rank:0 [DEBUG]  [TASK_PULL_THREAD] Requesting tasks: 48
2020-02-05 12:49:41.729 parsl:256 Rank:0 [DEBUG]  [TASK_PULL_THREAD] No incoming tasks
2020-02-05 12:49:41.729 parsl:218 Rank:0 [DEBUG]  [TASK_PULL_THREAD] ready workers:48, pending tasks:0
2020-02-05 12:49:41.730 parsl:188 Rank:0 [DEBUG]  Return from heartbeat: None
2020-02-05 12:49:41.730 parsl:225 Rank:0 [DEBUG]  [TASK_PULL_THREAD] Requesting tasks: 48
2020-02-05 12:49:41.730 parsl:243 Rank:0 [DEBUG]  Got heartbeat from interchange
2020-02-05 12:49:41.731 parsl:218 Rank:0 [DEBUG]  [TASK_PULL_THREAD] ready workers:48, pending tasks:0
2020-02-05 12:49:41.731 parsl:225 Rank:0 [DEBUG]  [TASK_PULL_THREAD] Requesting tasks: 48
2020-02-05 12:49:41.731 parsl:256 Rank:0 [DEBUG]  [TASK_PULL_THREAD] No incoming tasks
2020-02-05 12:49:41.731 parsl:218 Rank:0 [DEBUG]  [TASK_PULL_THREAD] ready workers:48, pending tasks:0
2020-02-05 12:49:41.731 parsl:225 Rank:0 [DEBUG]  [TASK_PULL_THREAD] Requesting tasks: 48
2020-02-05 12:49:41.751 parsl:256 Rank:0 [DEBUG]  [TASK_PULL_THREAD] No incoming tasks
2020-02-05 12:49:41.752 parsl:218 Rank:0 [DEBUG]  [TASK_PULL_THREAD] ready workers:48, pending tasks:0
2020-02-05 12:49:41.752 parsl:225 Rank:0 [DEBUG]  [TASK_PULL_THREAD] Requesting tasks: 48
2020-02-05 12:49:41.792 parsl:256 Rank:0 [DEBUG]  [TASK_PULL_THREAD] No incoming tasks
2020-02-05 12:49:41.792 parsl:218 Rank:0 [DEBUG]  [TASK_PULL_THREAD] ready workers:48, pending tasks:0
2020-02-05 12:49:41.792 parsl:225 Rank:0 [DEBUG]  [TASK_PULL_THREAD] Requesting tasks: 48
2020-02-05 12:49:41.873 parsl:256 Rank:0 [DEBUG]  [TASK_PULL_THREAD] No incoming tasks
2020-02-05 12:49:41.873 parsl:218 Rank:0 [DEBUG]  [TASK_PULL_THREAD] ready workers:48, pending tasks:0
2020-02-05 12:49:41.873 parsl:225 Rank:0 [DEBUG]  [TASK_PULL_THREAD] Requesting tasks: 48
2020-02-05 12:49:42.033 parsl:256 Rank:0 [DEBUG]  [TASK_PULL_THREAD] No incoming tasks
2020-02-05 12:49:42.033 parsl:218 Rank:0 [DEBUG]  [TASK_PULL_THREAD] ready workers:48, pending tasks:0
2020-02-05 12:49:42.033 parsl:225 Rank:0 [DEBUG]  [TASK_PULL_THREAD] Requesting tasks: 48
2020-02-05 12:49:42.354 parsl:256 Rank:0 [DEBUG]  [TASK_PULL_THREAD] No incoming tasks
2020-02-05 12:49:42.354 parsl:218 Rank:0 [DEBUG]  [TASK_PULL_THREAD] ready workers:48, pending tasks:0
2020-02-05 12:49:42.354 parsl:225 Rank:0 [DEBUG]  [TASK_PULL_THREAD] Requesting tasks: 48
2020-02-05 12:49:42.995 parsl:256 Rank:0 [DEBUG]  [TASK_PULL_THREAD] No incoming tasks
2020-02-05 12:49:42.995 parsl:218 Rank:0 [DEBUG]  [TASK_PULL_THREAD] ready workers:48, pending tasks:0
2020-02-05 12:49:42.995 parsl:225 Rank:0 [DEBUG]  [TASK_PULL_THREAD] Requesting tasks: 48
2020-02-05 12:49:44.277 parsl:256 Rank:0 [DEBUG]  [TASK_PULL_THREAD] No incoming tasks
2020-02-05 12:49:44.277 parsl:218 Rank:0 [DEBUG]  [TASK_PULL_THREAD] ready workers:48, pending tasks:0
2020-02-05 12:49:44.277 parsl:225 Rank:0 [DEBUG]  [TASK_PULL_THREAD] Requesting tasks: 48
2020-02-05 12:49:46.840 parsl:256 Rank:0 [DEBUG]  [TASK_PULL_THREAD] No incoming tasks
2020-02-05 12:49:46.840 parsl:218 Rank:0 [DEBUG]  [TASK_PULL_THREAD] ready workers:48, pending tasks:0
2020-02-05 12:49:46.840 parsl:225 Rank:0 [DEBUG]  [TASK_PULL_THREAD] Requesting tasks: 48
2020-02-05 12:49:51.967 parsl:256 Rank:0 [DEBUG]  [TASK_PULL_THREAD] No incoming tasks
2020-02-05 12:49:51.969 parsl:218 Rank:0 [DEBUG]  [TASK_PULL_THREAD] ready workers:48, pending tasks:0
2020-02-05 12:49:51.969 parsl:225 Rank:0 [DEBUG]  [TASK_PULL_THREAD] Requesting tasks: 48
2020-02-05 12:50:02.219 parsl:256 Rank:0 [DEBUG]  [TASK_PULL_THREAD] No incoming tasks
2020-02-05 12:50:02.220 parsl:218 Rank:0 [DEBUG]  [TASK_PULL_THREAD] ready workers:48, pending tasks:0
2020-02-05 12:50:02.220 parsl:225 Rank:0 [DEBUG]  [TASK_PULL_THREAD] Requesting tasks: 48
2020-02-05 12:50:22.721 parsl:256 Rank:0 [DEBUG]  [TASK_PULL_THREAD] No incoming tasks
2020-02-05 12:50:22.722 parsl:218 Rank:0 [DEBUG]  [TASK_PULL_THREAD] ready workers:48, pending tasks:0
2020-02-05 12:50:22.722 parsl:188 Rank:0 [DEBUG]  Return from heartbeat: None
2020-02-05 12:50:22.723 parsl:225 Rank:0 [DEBUG]  [TASK_PULL_THREAD] Requesting tasks: 48
2020-02-05 12:50:22.724 parsl:243 Rank:0 [DEBUG]  Got heartbeat from interchange
2020-02-05 12:50:22.724 parsl:218 Rank:0 [DEBUG]  [TASK_PULL_THREAD] ready workers:48, pending tasks:0
2020-02-05 12:50:22.724 parsl:225 Rank:0 [DEBUG]  [TASK_PULL_THREAD] Requesting tasks: 48
2020-02-05 12:50:22.725 parsl:256 Rank:0 [DEBUG]  [TASK_PULL_THREAD] No incoming tasks
2020-02-05 12:50:22.725 parsl:218 Rank:0 [DEBUG]  [TASK_PULL_THREAD] ready workers:48, pending tasks:0
2020-02-05 12:50:22.725 parsl:225 Rank:0 [DEBUG]  [TASK_PULL_THREAD] Requesting tasks: 48
2020-02-05 12:50:22.745 parsl:256 Rank:0 [DEBUG]  [TASK_PULL_THREAD] No incoming tasks
2020-02-05 12:50:22.745 parsl:218 Rank:0 [DEBUG]  [TASK_PULL_THREAD] ready workers:48, pending tasks:0
2020-02-05 12:50:22.745 parsl:225 Rank:0 [DEBUG]  [TASK_PULL_THREAD] Requesting tasks: 48
2020-02-05 12:50:22.785 parsl:256 Rank:0 [DEBUG]  [TASK_PULL_THREAD] No incoming tasks
2020-02-05 12:50:22.785 parsl:218 Rank:0 [DEBUG]  [TASK_PULL_THREAD] ready workers:48, pending tasks:0
2020-02-05 12:50:22.786 parsl:225 Rank:0 [DEBUG]  [TASK_PULL_THREAD] Requesting tasks: 48
2020-02-05 12:50:22.866 parsl:256 Rank:0 [DEBUG]  [TASK_PULL_THREAD] No incoming tasks
2020-02-05 12:50:22.866 parsl:218 Rank:0 [DEBUG]  [TASK_PULL_THREAD] ready workers:48, pending tasks:0
2020-02-05 12:50:22.866 parsl:225 Rank:0 [DEBUG]  [TASK_PULL_THREAD] Requesting tasks: 48
2020-02-05 12:50:23.026 parsl:256 Rank:0 [DEBUG]  [TASK_PULL_THREAD] No incoming tasks
2020-02-05 12:50:23.026 parsl:218 Rank:0 [DEBUG]  [TASK_PULL_THREAD] ready workers:48, pending tasks:0
2020-02-05 12:50:23.027 parsl:225 Rank:0 [DEBUG]  [TASK_PULL_THREAD] Requesting tasks: 48
2020-02-05 12:50:23.347 parsl:256 Rank:0 [DEBUG]  [TASK_PULL_THREAD] No incoming tasks
2020-02-05 12:50:23.347 parsl:218 Rank:0 [DEBUG]  [TASK_PULL_THREAD] ready workers:48, pending tasks:0
2020-02-05 12:50:23.347 parsl:225 Rank:0 [DEBUG]  [TASK_PULL_THREAD] Requesting tasks: 48
2020-02-05 12:50:23.988 parsl:256 Rank:0 [DEBUG]  [TASK_PULL_THREAD] No incoming tasks
2020-02-05 12:50:23.988 parsl:218 Rank:0 [DEBUG]  [TASK_PULL_THREAD] ready workers:48, pending tasks:0
2020-02-05 12:50:23.988 parsl:225 Rank:0 [DEBUG]  [TASK_PULL_THREAD] Requesting tasks: 48
2020-02-05 12:50:25.270 parsl:256 Rank:0 [DEBUG]  [TASK_PULL_THREAD] No incoming tasks
2020-02-05 12:50:25.270 parsl:218 Rank:0 [DEBUG]  [TASK_PULL_THREAD] ready workers:48, pending tasks:0
2020-02-05 12:50:25.270 parsl:225 Rank:0 [DEBUG]  [TASK_PULL_THREAD] Requesting tasks: 48
2020-02-05 12:50:27.831 parsl:256 Rank:0 [DEBUG]  [TASK_PULL_THREAD] No incoming tasks
2020-02-05 12:50:27.831 parsl:218 Rank:0 [DEBUG]  [TASK_PULL_THREAD] ready workers:48, pending tasks:0
2020-02-05 12:50:27.831 parsl:225 Rank:0 [DEBUG]  [TASK_PULL_THREAD] Requesting tasks: 48
2020-02-05 12:50:32.951 parsl:256 Rank:0 [DEBUG]  [TASK_PULL_THREAD] No incoming tasks
2020-02-05 12:50:32.951 parsl:218 Rank:0 [DEBUG]  [TASK_PULL_THREAD] ready workers:48, pending tasks:0
2020-02-05 12:50:32.951 parsl:225 Rank:0 [DEBUG]  [TASK_PULL_THREAD] Requesting tasks: 48
2020-02-05 12:50:43.202 parsl:256 Rank:0 [DEBUG]  [TASK_PULL_THREAD] No incoming tasks
2020-02-05 12:50:43.202 parsl:218 Rank:0 [DEBUG]  [TASK_PULL_THREAD] ready workers:48, pending tasks:0
2020-02-05 12:50:43.203 parsl:225 Rank:0 [DEBUG]  [TASK_PULL_THREAD] Requesting tasks: 48
2020-02-05 12:51:03.700 parsl:256 Rank:0 [DEBUG]  [TASK_PULL_THREAD] No incoming tasks
2020-02-05 12:51:03.700 parsl:218 Rank:0 [DEBUG]  [TASK_PULL_THREAD] ready workers:48, pending tasks:0
2020-02-05 12:51:03.700 parsl:188 Rank:0 [DEBUG]  Return from heartbeat: None
2020-02-05 12:51:03.701 parsl:225 Rank:0 [DEBUG]  [TASK_PULL_THREAD] Requesting tasks: 48
2020-02-05 12:51:03.701 parsl:243 Rank:0 [DEBUG]  Got heartbeat from interchange
2020-02-05 12:51:03.702 parsl:218 Rank:0 [DEBUG]  [TASK_PULL_THREAD] ready workers:48, pending tasks:0
2020-02-05 12:51:03.702 parsl:225 Rank:0 [DEBUG]  [TASK_PULL_THREAD] Requesting tasks: 48
2020-02-05 12:51:03.702 parsl:256 Rank:0 [DEBUG]  [TASK_PULL_THREAD] No incoming tasks
2020-02-05 12:51:03.702 parsl:218 Rank:0 [DEBUG]  [TASK_PULL_THREAD] ready workers:48, pending tasks:0
2020-02-05 12:51:03.702 parsl:225 Rank:0 [DEBUG]  [TASK_PULL_THREAD] Requesting tasks: 48
2020-02-05 12:51:03.722 parsl:256 Rank:0 [DEBUG]  [TASK_PULL_THREAD] No incoming tasks
2020-02-05 12:51:03.722 parsl:218 Rank:0 [DEBUG]  [TASK_PULL_THREAD] ready workers:48, pending tasks:0
2020-02-05 12:51:03.722 parsl:225 Rank:0 [DEBUG]  [TASK_PULL_THREAD] Requesting tasks: 48
2020-02-05 12:51:03.763 parsl:256 Rank:0 [DEBUG]  [TASK_PULL_THREAD] No incoming tasks
2020-02-05 12:51:03.763 parsl:218 Rank:0 [DEBUG]  [TASK_PULL_THREAD] ready workers:48, pending tasks:0
2020-02-05 12:51:03.763 parsl:225 Rank:0 [DEBUG]  [TASK_PULL_THREAD] Requesting tasks: 48
2020-02-05 12:51:03.843 parsl:256 Rank:0 [DEBUG]  [TASK_PULL_THREAD] No incoming tasks
2020-02-05 12:51:03.843 parsl:218 Rank:0 [DEBUG]  [TASK_PULL_THREAD] ready workers:48, pending tasks:0
2020-02-05 12:51:03.843 parsl:225 Rank:0 [DEBUG]  [TASK_PULL_THREAD] Requesting tasks: 48
2020-02-05 12:51:04.004 parsl:256 Rank:0 [DEBUG]  [TASK_PULL_THREAD] No incoming tasks
2020-02-05 12:51:04.004 parsl:218 Rank:0 [DEBUG]  [TASK_PULL_THREAD] ready workers:48, pending tasks:0
2020-02-05 12:51:04.004 parsl:225 Rank:0 [DEBUG]  [TASK_PULL_THREAD] Requesting tasks: 48
2020-02-05 12:51:04.325 parsl:256 Rank:0 [DEBUG]  [TASK_PULL_THREAD] No incoming tasks
2020-02-05 12:51:04.325 parsl:218 Rank:0 [DEBUG]  [TASK_PULL_THREAD] ready workers:48, pending tasks:0
2020-02-05 12:51:04.325 parsl:225 Rank:0 [DEBUG]  [TASK_PULL_THREAD] Requesting tasks: 48
2020-02-05 12:51:04.966 parsl:256 Rank:0 [DEBUG]  [TASK_PULL_THREAD] No incoming tasks
2020-02-05 12:51:04.966 parsl:218 Rank:0 [DEBUG]  [TASK_PULL_THREAD] ready workers:48, pending tasks:0
2020-02-05 12:51:04.966 parsl:225 Rank:0 [DEBUG]  [TASK_PULL_THREAD] Requesting tasks: 48
2020-02-05 12:51:06.248 parsl:256 Rank:0 [DEBUG]  [TASK_PULL_THREAD] No incoming tasks
2020-02-05 12:51:06.248 parsl:218 Rank:0 [DEBUG]  [TASK_PULL_THREAD] ready workers:48, pending tasks:0
2020-02-05 12:51:06.248 parsl:225 Rank:0 [DEBUG]  [TASK_PULL_THREAD] Requesting tasks: 48
2020-02-05 12:51:08.811 parsl:256 Rank:0 [DEBUG]  [TASK_PULL_THREAD] No incoming tasks
2020-02-05 12:51:08.811 parsl:218 Rank:0 [DEBUG]  [TASK_PULL_THREAD] ready workers:48, pending tasks:0
2020-02-05 12:51:08.811 parsl:225 Rank:0 [DEBUG]  [TASK_PULL_THREAD] Requesting tasks: 48
2020-02-05 12:51:13.936 parsl:256 Rank:0 [DEBUG]  [TASK_PULL_THREAD] No incoming tasks
2020-02-05 12:51:13.936 parsl:218 Rank:0 [DEBUG]  [TASK_PULL_THREAD] ready workers:48, pending tasks:0
2020-02-05 12:51:13.937 parsl:225 Rank:0 [DEBUG]  [TASK_PULL_THREAD] Requesting tasks: 48
2020-02-05 12:51:24.187 parsl:256 Rank:0 [DEBUG]  [TASK_PULL_THREAD] No incoming tasks
2020-02-05 12:51:24.188 parsl:218 Rank:0 [DEBUG]  [TASK_PULL_THREAD] ready workers:48, pending tasks:0
2020-02-05 12:51:24.188 parsl:225 Rank:0 [DEBUG]  [TASK_PULL_THREAD] Requesting tasks: 48
2020-02-05 12:51:44.684 parsl:256 Rank:0 [DEBUG]  [TASK_PULL_THREAD] No incoming tasks
2020-02-05 12:51:44.684 parsl:218 Rank:0 [DEBUG]  [TASK_PULL_THREAD] ready workers:48, pending tasks:0
2020-02-05 12:51:44.685 parsl:188 Rank:0 [DEBUG]  Return from heartbeat: None
2020-02-05 12:51:44.685 parsl:225 Rank:0 [DEBUG]  [TASK_PULL_THREAD] Requesting tasks: 48
2020-02-05 12:51:44.686 parsl:243 Rank:0 [DEBUG]  Got heartbeat from interchange
2020-02-05 12:51:44.686 parsl:218 Rank:0 [DEBUG]  [TASK_PULL_THREAD] ready workers:48, pending tasks:0
2020-02-05 12:51:44.686 parsl:225 Rank:0 [DEBUG]  [TASK_PULL_THREAD] Requesting tasks: 48
2020-02-05 12:51:44.687 parsl:256 Rank:0 [DEBUG]  [TASK_PULL_THREAD] No incoming tasks
2020-02-05 12:51:44.687 parsl:218 Rank:0 [DEBUG]  [TASK_PULL_THREAD] ready workers:48, pending tasks:0
2020-02-05 12:51:44.687 parsl:225 Rank:0 [DEBUG]  [TASK_PULL_THREAD] Requesting tasks: 48
2020-02-05 12:51:44.707 parsl:256 Rank:0 [DEBUG]  [TASK_PULL_THREAD] No incoming tasks
2020-02-05 12:51:44.707 parsl:218 Rank:0 [DEBUG]  [TASK_PULL_THREAD] ready workers:48, pending tasks:0
2020-02-05 12:51:44.707 parsl:225 Rank:0 [DEBUG]  [TASK_PULL_THREAD] Requesting tasks: 48
2020-02-05 12:51:44.748 parsl:256 Rank:0 [DEBUG]  [TASK_PULL_THREAD] No incoming tasks
2020-02-05 12:51:44.748 parsl:218 Rank:0 [DEBUG]  [TASK_PULL_THREAD] ready workers:48, pending tasks:0
2020-02-05 12:51:44.748 parsl:225 Rank:0 [DEBUG]  [TASK_PULL_THREAD] Requesting tasks: 48
2020-02-05 12:51:44.828 parsl:256 Rank:0 [DEBUG]  [TASK_PULL_THREAD] No incoming tasks
2020-02-05 12:51:44.829 parsl:218 Rank:0 [DEBUG]  [TASK_PULL_THREAD] ready workers:48, pending tasks:0
2020-02-05 12:51:44.829 parsl:225 Rank:0 [DEBUG]  [TASK_PULL_THREAD] Requesting tasks: 48
2020-02-05 12:51:44.989 parsl:256 Rank:0 [DEBUG]  [TASK_PULL_THREAD] No incoming tasks
2020-02-05 12:51:44.989 parsl:218 Rank:0 [DEBUG]  [TASK_PULL_THREAD] ready workers:48, pending tasks:0
2020-02-05 12:51:44.990 parsl:225 Rank:0 [DEBUG]  [TASK_PULL_THREAD] Requesting tasks: 48
2020-02-05 12:51:45.310 parsl:256 Rank:0 [DEBUG]  [TASK_PULL_THREAD] No incoming tasks
2020-02-05 12:51:45.310 parsl:218 Rank:0 [DEBUG]  [TASK_PULL_THREAD] ready workers:48, pending tasks:0
2020-02-05 12:51:45.311 parsl:225 Rank:0 [DEBUG]  [TASK_PULL_THREAD] Requesting tasks: 48
2020-02-05 12:51:45.952 parsl:256 Rank:0 [DEBUG]  [TASK_PULL_THREAD] No incoming tasks
2020-02-05 12:51:45.952 parsl:218 Rank:0 [DEBUG]  [TASK_PULL_THREAD] ready workers:48, pending tasks:0
2020-02-05 12:51:45.952 parsl:225 Rank:0 [DEBUG]  [TASK_PULL_THREAD] Requesting tasks: 48
2020-02-05 12:51:47.233 parsl:256 Rank:0 [DEBUG]  [TASK_PULL_THREAD] No incoming tasks
2020-02-05 12:51:47.233 parsl:218 Rank:0 [DEBUG]  [TASK_PULL_THREAD] ready workers:48, pending tasks:0
2020-02-05 12:51:47.234 parsl:225 Rank:0 [DEBUG]  [TASK_PULL_THREAD] Requesting tasks: 48
2020-02-05 12:51:49.796 parsl:256 Rank:0 [DEBUG]  [TASK_PULL_THREAD] No incoming tasks
2020-02-05 12:51:49.797 parsl:218 Rank:0 [DEBUG]  [TASK_PULL_THREAD] ready workers:48, pending tasks:0
2020-02-05 12:51:49.797 parsl:225 Rank:0 [DEBUG]  [TASK_PULL_THREAD] Requesting tasks: 48
2020-02-05 12:51:54.921 parsl:256 Rank:0 [DEBUG]  [TASK_PULL_THREAD] No incoming tasks
2020-02-05 12:51:54.922 parsl:218 Rank:0 [DEBUG]  [TASK_PULL_THREAD] ready workers:48, pending tasks:0
2020-02-05 12:51:54.922 parsl:225 Rank:0 [DEBUG]  [TASK_PULL_THREAD] Requesting tasks: 48
2020-02-05 12:52:05.172 parsl:256 Rank:0 [DEBUG]  [TASK_PULL_THREAD] No incoming tasks
2020-02-05 12:52:05.173 parsl:218 Rank:0 [DEBUG]  [TASK_PULL_THREAD] ready workers:48, pending tasks:0
2020-02-05 12:52:05.173 parsl:225 Rank:0 [DEBUG]  [TASK_PULL_THREAD] Requesting tasks: 48
2020-02-05 12:52:25.663 parsl:256 Rank:0 [DEBUG]  [TASK_PULL_THREAD] No incoming tasks
2020-02-05 12:52:25.663 parsl:218 Rank:0 [DEBUG]  [TASK_PULL_THREAD] ready workers:48, pending tasks:0
2020-02-05 12:52:25.664 parsl:188 Rank:0 [DEBUG]  Return from heartbeat: None
2020-02-05 12:52:25.664 parsl:225 Rank:0 [DEBUG]  [TASK_PULL_THREAD] Requesting tasks: 48
2020-02-05 12:52:25.665 parsl:243 Rank:0 [DEBUG]  Got heartbeat from interchange
2020-02-05 12:52:25.665 parsl:218 Rank:0 [DEBUG]  [TASK_PULL_THREAD] ready workers:48, pending tasks:0
2020-02-05 12:52:25.665 parsl:225 Rank:0 [DEBUG]  [TASK_PULL_THREAD] Requesting tasks: 48
2020-02-05 12:52:25.665 parsl:256 Rank:0 [DEBUG]  [TASK_PULL_THREAD] No incoming tasks
2020-02-05 12:52:25.665 parsl:218 Rank:0 [DEBUG]  [TASK_PULL_THREAD] ready workers:48, pending tasks:0
2020-02-05 12:52:25.665 parsl:225 Rank:0 [DEBUG]  [TASK_PULL_THREAD] Requesting tasks: 48
2020-02-05 12:52:25.685 parsl:256 Rank:0 [DEBUG]  [TASK_PULL_THREAD] No incoming tasks
2020-02-05 12:52:25.686 parsl:218 Rank:0 [DEBUG]  [TASK_PULL_THREAD] ready workers:48, pending tasks:0
2020-02-05 12:52:25.686 parsl:225 Rank:0 [DEBUG]  [TASK_PULL_THREAD] Requesting tasks: 48
2020-02-05 12:52:25.726 parsl:256 Rank:0 [DEBUG]  [TASK_PULL_THREAD] No incoming tasks
2020-02-05 12:52:25.726 parsl:218 Rank:0 [DEBUG]  [TASK_PULL_THREAD] ready workers:48, pending tasks:0
2020-02-05 12:52:25.726 parsl:225 Rank:0 [DEBUG]  [TASK_PULL_THREAD] Requesting tasks: 48
2020-02-05 12:52:25.807 parsl:256 Rank:0 [DEBUG]  [TASK_PULL_THREAD] No incoming tasks
2020-02-05 12:52:25.807 parsl:218 Rank:0 [DEBUG]  [TASK_PULL_THREAD] ready workers:48, pending tasks:0
2020-02-05 12:52:25.807 parsl:225 Rank:0 [DEBUG]  [TASK_PULL_THREAD] Requesting tasks: 48
2020-02-05 12:52:25.967 parsl:256 Rank:0 [DEBUG]  [TASK_PULL_THREAD] No incoming tasks
2020-02-05 12:52:25.967 parsl:218 Rank:0 [DEBUG]  [TASK_PULL_THREAD] ready workers:48, pending tasks:0
2020-02-05 12:52:25.967 parsl:225 Rank:0 [DEBUG]  [TASK_PULL_THREAD] Requesting tasks: 48
2020-02-05 12:52:26.288 parsl:256 Rank:0 [DEBUG]  [TASK_PULL_THREAD] No incoming tasks
2020-02-05 12:52:26.288 parsl:218 Rank:0 [DEBUG]  [TASK_PULL_THREAD] ready workers:48, pending tasks:0
2020-02-05 12:52:26.288 parsl:225 Rank:0 [DEBUG]  [TASK_PULL_THREAD] Requesting tasks: 48
2020-02-05 12:52:26.929 parsl:256 Rank:0 [DEBUG]  [TASK_PULL_THREAD] No incoming tasks
2020-02-05 12:52:26.929 parsl:218 Rank:0 [DEBUG]  [TASK_PULL_THREAD] ready workers:48, pending tasks:0
2020-02-05 12:52:26.929 parsl:225 Rank:0 [DEBUG]  [TASK_PULL_THREAD] Requesting tasks: 48
2020-02-05 12:52:28.211 parsl:256 Rank:0 [DEBUG]  [TASK_PULL_THREAD] No incoming tasks
2020-02-05 12:52:28.211 parsl:218 Rank:0 [DEBUG]  [TASK_PULL_THREAD] ready workers:48, pending tasks:0
2020-02-05 12:52:28.212 parsl:225 Rank:0 [DEBUG]  [TASK_PULL_THREAD] Requesting tasks: 48
2020-02-05 12:52:30.775 parsl:256 Rank:0 [DEBUG]  [TASK_PULL_THREAD] No incoming tasks
2020-02-05 12:52:30.775 parsl:218 Rank:0 [DEBUG]  [TASK_PULL_THREAD] ready workers:48, pending tasks:0
2020-02-05 12:52:30.775 parsl:225 Rank:0 [DEBUG]  [TASK_PULL_THREAD] Requesting tasks: 48
2020-02-05 12:52:35.901 parsl:256 Rank:0 [DEBUG]  [TASK_PULL_THREAD] No incoming tasks
2020-02-05 12:52:35.901 parsl:218 Rank:0 [DEBUG]  [TASK_PULL_THREAD] ready workers:48, pending tasks:0
2020-02-05 12:52:35.901 parsl:225 Rank:0 [DEBUG]  [TASK_PULL_THREAD] Requesting tasks: 48
2020-02-05 12:52:46.151 parsl:256 Rank:0 [DEBUG]  [TASK_PULL_THREAD] No incoming tasks
2020-02-05 12:52:46.152 parsl:218 Rank:0 [DEBUG]  [TASK_PULL_THREAD] ready workers:48, pending tasks:0
2020-02-05 12:52:46.153 parsl:225 Rank:0 [DEBUG]  [TASK_PULL_THREAD] Requesting tasks: 48
2020-02-05 12:53:06.653 parsl:256 Rank:0 [DEBUG]  [TASK_PULL_THREAD] No incoming tasks
2020-02-05 12:53:06.653 parsl:218 Rank:0 [DEBUG]  [TASK_PULL_THREAD] ready workers:48, pending tasks:0
2020-02-05 12:53:06.654 parsl:188 Rank:0 [DEBUG]  Return from heartbeat: None
2020-02-05 12:53:06.654 parsl:225 Rank:0 [DEBUG]  [TASK_PULL_THREAD] Requesting tasks: 48
2020-02-05 12:53:06.655 parsl:243 Rank:0 [DEBUG]  Got heartbeat from interchange
2020-02-05 12:53:06.655 parsl:218 Rank:0 [DEBUG]  [TASK_PULL_THREAD] ready workers:48, pending tasks:0
2020-02-05 12:53:06.655 parsl:225 Rank:0 [DEBUG]  [TASK_PULL_THREAD] Requesting tasks: 48
2020-02-05 12:53:06.655 parsl:256 Rank:0 [DEBUG]  [TASK_PULL_THREAD] No incoming tasks
2020-02-05 12:53:06.655 parsl:218 Rank:0 [DEBUG]  [TASK_PULL_THREAD] ready workers:48, pending tasks:0
2020-02-05 12:53:06.655 parsl:225 Rank:0 [DEBUG]  [TASK_PULL_THREAD] Requesting tasks: 48
2020-02-05 12:53:06.675 parsl:256 Rank:0 [DEBUG]  [TASK_PULL_THREAD] No incoming tasks
2020-02-05 12:53:06.676 parsl:218 Rank:0 [DEBUG]  [TASK_PULL_THREAD] ready workers:48, pending tasks:0
2020-02-05 12:53:06.676 parsl:225 Rank:0 [DEBUG]  [TASK_PULL_THREAD] Requesting tasks: 48
2020-02-05 12:53:06.716 parsl:256 Rank:0 [DEBUG]  [TASK_PULL_THREAD] No incoming tasks
2020-02-05 12:53:06.716 parsl:218 Rank:0 [DEBUG]  [TASK_PULL_THREAD] ready workers:48, pending tasks:0
2020-02-05 12:53:06.716 parsl:225 Rank:0 [DEBUG]  [TASK_PULL_THREAD] Requesting tasks: 48
2020-02-05 12:53:06.796 parsl:256 Rank:0 [DEBUG]  [TASK_PULL_THREAD] No incoming tasks
2020-02-05 12:53:06.797 parsl:218 Rank:0 [DEBUG]  [TASK_PULL_THREAD] ready workers:48, pending tasks:0
2020-02-05 12:53:06.797 parsl:225 Rank:0 [DEBUG]  [TASK_PULL_THREAD] Requesting tasks: 48
2020-02-05 12:53:06.957 parsl:256 Rank:0 [DEBUG]  [TASK_PULL_THREAD] No incoming tasks
2020-02-05 12:53:06.957 parsl:218 Rank:0 [DEBUG]  [TASK_PULL_THREAD] ready workers:48, pending tasks:0
2020-02-05 12:53:06.957 parsl:225 Rank:0 [DEBUG]  [TASK_PULL_THREAD] Requesting tasks: 48
2020-02-05 12:53:07.278 parsl:256 Rank:0 [DEBUG]  [TASK_PULL_THREAD] No incoming tasks
2020-02-05 12:53:07.278 parsl:218 Rank:0 [DEBUG]  [TASK_PULL_THREAD] ready workers:48, pending tasks:0
2020-02-05 12:53:07.278 parsl:225 Rank:0 [DEBUG]  [TASK_PULL_THREAD] Requesting tasks: 48
2020-02-05 12:53:07.919 parsl:256 Rank:0 [DEBUG]  [TASK_PULL_THREAD] No incoming tasks
2020-02-05 12:53:07.919 parsl:218 Rank:0 [DEBUG]  [TASK_PULL_THREAD] ready workers:48, pending tasks:0
2020-02-05 12:53:07.919 parsl:225 Rank:0 [DEBUG]  [TASK_PULL_THREAD] Requesting tasks: 48
2020-02-05 12:53:09.201 parsl:256 Rank:0 [DEBUG]  [TASK_PULL_THREAD] No incoming tasks
2020-02-05 12:53:09.201 parsl:218 Rank:0 [DEBUG]  [TASK_PULL_THREAD] ready workers:48, pending tasks:0
2020-02-05 12:53:09.201 parsl:225 Rank:0 [DEBUG]  [TASK_PULL_THREAD] Requesting tasks: 48
2020-02-05 12:53:11.764 parsl:256 Rank:0 [DEBUG]  [TASK_PULL_THREAD] No incoming tasks
2020-02-05 12:53:11.764 parsl:218 Rank:0 [DEBUG]  [TASK_PULL_THREAD] ready workers:48, pending tasks:0
2020-02-05 12:53:11.764 parsl:225 Rank:0 [DEBUG]  [TASK_PULL_THREAD] Requesting tasks: 48
2020-02-05 12:53:16.890 parsl:256 Rank:0 [DEBUG]  [TASK_PULL_THREAD] No incoming tasks
2020-02-05 12:53:16.890 parsl:218 Rank:0 [DEBUG]  [TASK_PULL_THREAD] ready workers:48, pending tasks:0
2020-02-05 12:53:16.890 parsl:225 Rank:0 [DEBUG]  [TASK_PULL_THREAD] Requesting tasks: 48
2020-02-05 12:53:27.131 parsl:256 Rank:0 [DEBUG]  [TASK_PULL_THREAD] No incoming tasks
2020-02-05 12:53:27.131 parsl:218 Rank:0 [DEBUG]  [TASK_PULL_THREAD] ready workers:48, pending tasks:0
2020-02-05 12:53:27.131 parsl:225 Rank:0 [DEBUG]  [TASK_PULL_THREAD] Requesting tasks: 48
2020-02-05 12:53:47.629 parsl:256 Rank:0 [DEBUG]  [TASK_PULL_THREAD] No incoming tasks
2020-02-05 12:53:47.630 parsl:218 Rank:0 [DEBUG]  [TASK_PULL_THREAD] ready workers:48, pending tasks:0
2020-02-05 12:53:47.630 parsl:188 Rank:0 [DEBUG]  Return from heartbeat: None
2020-02-05 12:53:47.630 parsl:225 Rank:0 [DEBUG]  [TASK_PULL_THREAD] Requesting tasks: 48
2020-02-05 12:53:47.631 parsl:243 Rank:0 [DEBUG]  Got heartbeat from interchange
2020-02-05 12:53:47.631 parsl:218 Rank:0 [DEBUG]  [TASK_PULL_THREAD] ready workers:48, pending tasks:0
2020-02-05 12:53:47.631 parsl:225 Rank:0 [DEBUG]  [TASK_PULL_THREAD] Requesting tasks: 48
2020-02-05 12:53:47.631 parsl:256 Rank:0 [DEBUG]  [TASK_PULL_THREAD] No incoming tasks
2020-02-05 12:53:47.631 parsl:218 Rank:0 [DEBUG]  [TASK_PULL_THREAD] ready workers:48, pending tasks:0
2020-02-05 12:53:47.631 parsl:225 Rank:0 [DEBUG]  [TASK_PULL_THREAD] Requesting tasks: 48
2020-02-05 12:53:47.651 parsl:256 Rank:0 [DEBUG]  [TASK_PULL_THREAD] No incoming tasks
2020-02-05 12:53:47.651 parsl:218 Rank:0 [DEBUG]  [TASK_PULL_THREAD] ready workers:48, pending tasks:0
2020-02-05 12:53:47.651 parsl:225 Rank:0 [DEBUG]  [TASK_PULL_THREAD] Requesting tasks: 48
2020-02-05 12:53:47.692 parsl:256 Rank:0 [DEBUG]  [TASK_PULL_THREAD] No incoming tasks
2020-02-05 12:53:47.692 parsl:218 Rank:0 [DEBUG]  [TASK_PULL_THREAD] ready workers:48, pending tasks:0
2020-02-05 12:53:47.692 parsl:225 Rank:0 [DEBUG]  [TASK_PULL_THREAD] Requesting tasks: 48
2020-02-05 12:53:47.772 parsl:256 Rank:0 [DEBUG]  [TASK_PULL_THREAD] No incoming tasks
2020-02-05 12:53:47.772 parsl:218 Rank:0 [DEBUG]  [TASK_PULL_THREAD] ready workers:48, pending tasks:0
2020-02-05 12:53:47.772 parsl:225 Rank:0 [DEBUG]  [TASK_PULL_THREAD] Requesting tasks: 48
2020-02-05 12:53:47.933 parsl:256 Rank:0 [DEBUG]  [TASK_PULL_THREAD] No incoming tasks
2020-02-05 12:53:47.933 parsl:218 Rank:0 [DEBUG]  [TASK_PULL_THREAD] ready workers:48, pending tasks:0
2020-02-05 12:53:47.933 parsl:225 Rank:0 [DEBUG]  [TASK_PULL_THREAD] Requesting tasks: 48
2020-02-05 12:53:48.254 parsl:256 Rank:0 [DEBUG]  [TASK_PULL_THREAD] No incoming tasks
2020-02-05 12:53:48.254 parsl:218 Rank:0 [DEBUG]  [TASK_PULL_THREAD] ready workers:48, pending tasks:0
2020-02-05 12:53:48.254 parsl:225 Rank:0 [DEBUG]  [TASK_PULL_THREAD] Requesting tasks: 48
2020-02-05 12:53:48.895 parsl:256 Rank:0 [DEBUG]  [TASK_PULL_THREAD] No incoming tasks
2020-02-05 12:53:48.895 parsl:218 Rank:0 [DEBUG]  [TASK_PULL_THREAD] ready workers:48, pending tasks:0
2020-02-05 12:53:48.895 parsl:225 Rank:0 [DEBUG]  [TASK_PULL_THREAD] Requesting tasks: 48
2020-02-05 12:53:50.176 parsl:256 Rank:0 [DEBUG]  [TASK_PULL_THREAD] No incoming tasks
2020-02-05 12:53:50.177 parsl:218 Rank:0 [DEBUG]  [TASK_PULL_THREAD] ready workers:48, pending tasks:0
2020-02-05 12:53:50.177 parsl:225 Rank:0 [DEBUG]  [TASK_PULL_THREAD] Requesting tasks: 48
2020-02-05 12:53:52.740 parsl:256 Rank:0 [DEBUG]  [TASK_PULL_THREAD] No incoming tasks
2020-02-05 12:53:52.740 parsl:218 Rank:0 [DEBUG]  [TASK_PULL_THREAD] ready workers:48, pending tasks:0
2020-02-05 12:53:52.740 parsl:225 Rank:0 [DEBUG]  [TASK_PULL_THREAD] Requesting tasks: 48
2020-02-05 12:53:57.865 parsl:256 Rank:0 [DEBUG]  [TASK_PULL_THREAD] No incoming tasks
2020-02-05 12:53:57.865 parsl:218 Rank:0 [DEBUG]  [TASK_PULL_THREAD] ready workers:48, pending tasks:0
2020-02-05 12:53:57.865 parsl:225 Rank:0 [DEBUG]  [TASK_PULL_THREAD] Requesting tasks: 48
2020-02-05 12:54:08.116 parsl:256 Rank:0 [DEBUG]  [TASK_PULL_THREAD] No incoming tasks
2020-02-05 12:54:08.116 parsl:218 Rank:0 [DEBUG]  [TASK_PULL_THREAD] ready workers:48, pending tasks:0
2020-02-05 12:54:08.116 parsl:225 Rank:0 [DEBUG]  [TASK_PULL_THREAD] Requesting tasks: 48
2020-02-05 12:54:28.598 parsl:256 Rank:0 [DEBUG]  [TASK_PULL_THREAD] No incoming tasks
2020-02-05 12:54:28.599 parsl:218 Rank:0 [DEBUG]  [TASK_PULL_THREAD] ready workers:48, pending tasks:0
2020-02-05 12:54:28.599 parsl:188 Rank:0 [DEBUG]  Return from heartbeat: None
2020-02-05 12:54:28.599 parsl:225 Rank:0 [DEBUG]  [TASK_PULL_THREAD] Requesting tasks: 48
2020-02-05 12:54:28.600 parsl:243 Rank:0 [DEBUG]  Got heartbeat from interchange
2020-02-05 12:54:28.600 parsl:218 Rank:0 [DEBUG]  [TASK_PULL_THREAD] ready workers:48, pending tasks:0
2020-02-05 12:54:28.601 parsl:225 Rank:0 [DEBUG]  [TASK_PULL_THREAD] Requesting tasks: 48
2020-02-05 12:54:28.601 parsl:256 Rank:0 [DEBUG]  [TASK_PULL_THREAD] No incoming tasks
2020-02-05 12:54:28.601 parsl:218 Rank:0 [DEBUG]  [TASK_PULL_THREAD] ready workers:48, pending tasks:0
2020-02-05 12:54:28.601 parsl:225 Rank:0 [DEBUG]  [TASK_PULL_THREAD] Requesting tasks: 48
2020-02-05 12:54:28.621 parsl:256 Rank:0 [DEBUG]  [TASK_PULL_THREAD] No incoming tasks
2020-02-05 12:54:28.621 parsl:218 Rank:0 [DEBUG]  [TASK_PULL_THREAD] ready workers:48, pending tasks:0
2020-02-05 12:54:28.621 parsl:225 Rank:0 [DEBUG]  [TASK_PULL_THREAD] Requesting tasks: 48
2020-02-05 12:54:28.662 parsl:256 Rank:0 [DEBUG]  [TASK_PULL_THREAD] No incoming tasks
2020-02-05 12:54:28.662 parsl:218 Rank:0 [DEBUG]  [TASK_PULL_THREAD] ready workers:48, pending tasks:0
2020-02-05 12:54:28.662 parsl:225 Rank:0 [DEBUG]  [TASK_PULL_THREAD] Requesting tasks: 48
2020-02-05 12:54:28.742 parsl:256 Rank:0 [DEBUG]  [TASK_PULL_THREAD] No incoming tasks
2020-02-05 12:54:28.742 parsl:218 Rank:0 [DEBUG]  [TASK_PULL_THREAD] ready workers:48, pending tasks:0
2020-02-05 12:54:28.743 parsl:225 Rank:0 [DEBUG]  [TASK_PULL_THREAD] Requesting tasks: 48
2020-02-05 12:54:28.903 parsl:256 Rank:0 [DEBUG]  [TASK_PULL_THREAD] No incoming tasks
2020-02-05 12:54:28.903 parsl:218 Rank:0 [DEBUG]  [TASK_PULL_THREAD] ready workers:48, pending tasks:0
2020-02-05 12:54:28.903 parsl:225 Rank:0 [DEBUG]  [TASK_PULL_THREAD] Requesting tasks: 48
2020-02-05 12:54:29.224 parsl:256 Rank:0 [DEBUG]  [TASK_PULL_THREAD] No incoming tasks
2020-02-05 12:54:29.224 parsl:218 Rank:0 [DEBUG]  [TASK_PULL_THREAD] ready workers:48, pending tasks:0
2020-02-05 12:54:29.224 parsl:225 Rank:0 [DEBUG]  [TASK_PULL_THREAD] Requesting tasks: 48
2020-02-05 12:54:29.865 parsl:256 Rank:0 [DEBUG]  [TASK_PULL_THREAD] No incoming tasks
2020-02-05 12:54:29.865 parsl:218 Rank:0 [DEBUG]  [TASK_PULL_THREAD] ready workers:48, pending tasks:0
2020-02-05 12:54:29.865 parsl:225 Rank:0 [DEBUG]  [TASK_PULL_THREAD] Requesting tasks: 48
2020-02-05 12:54:31.147 parsl:256 Rank:0 [DEBUG]  [TASK_PULL_THREAD] No incoming tasks
2020-02-05 12:54:31.147 parsl:218 Rank:0 [DEBUG]  [TASK_PULL_THREAD] ready workers:48, pending tasks:0
2020-02-05 12:54:31.147 parsl:225 Rank:0 [DEBUG]  [TASK_PULL_THREAD] Requesting tasks: 48
2020-02-05 12:54:33.710 parsl:256 Rank:0 [DEBUG]  [TASK_PULL_THREAD] No incoming tasks
2020-02-05 12:54:33.710 parsl:218 Rank:0 [DEBUG]  [TASK_PULL_THREAD] ready workers:48, pending tasks:0
2020-02-05 12:54:33.710 parsl:225 Rank:0 [DEBUG]  [TASK_PULL_THREAD] Requesting tasks: 48
2020-02-05 12:54:38.836 parsl:256 Rank:0 [DEBUG]  [TASK_PULL_THREAD] No incoming tasks
2020-02-05 12:54:38.836 parsl:218 Rank:0 [DEBUG]  [TASK_PULL_THREAD] ready workers:48, pending tasks:0
2020-02-05 12:54:38.836 parsl:225 Rank:0 [DEBUG]  [TASK_PULL_THREAD] Requesting tasks: 48
2020-02-05 12:54:49.087 parsl:256 Rank:0 [DEBUG]  [TASK_PULL_THREAD] No incoming tasks
2020-02-05 12:54:49.088 parsl:218 Rank:0 [DEBUG]  [TASK_PULL_THREAD] ready workers:48, pending tasks:0
2020-02-05 12:54:49.088 parsl:225 Rank:0 [DEBUG]  [TASK_PULL_THREAD] Requesting tasks: 48
2020-02-05 12:55:09.583 parsl:256 Rank:0 [DEBUG]  [TASK_PULL_THREAD] No incoming tasks
2020-02-05 12:55:09.583 parsl:218 Rank:0 [DEBUG]  [TASK_PULL_THREAD] ready workers:48, pending tasks:0
2020-02-05 12:55:09.583 parsl:188 Rank:0 [DEBUG]  Return from heartbeat: None
2020-02-05 12:55:09.584 parsl:225 Rank:0 [DEBUG]  [TASK_PULL_THREAD] Requesting tasks: 48
2020-02-05 12:55:09.585 parsl:243 Rank:0 [DEBUG]  Got heartbeat from interchange
2020-02-05 12:55:09.585 parsl:218 Rank:0 [DEBUG]  [TASK_PULL_THREAD] ready workers:48, pending tasks:0
2020-02-05 12:55:09.585 parsl:225 Rank:0 [DEBUG]  [TASK_PULL_THREAD] Requesting tasks: 48
2020-02-05 12:55:09.585 parsl:256 Rank:0 [DEBUG]  [TASK_PULL_THREAD] No incoming tasks
2020-02-05 12:55:09.585 parsl:218 Rank:0 [DEBUG]  [TASK_PULL_THREAD] ready workers:48, pending tasks:0
2020-02-05 12:55:09.585 parsl:225 Rank:0 [DEBUG]  [TASK_PULL_THREAD] Requesting tasks: 48
2020-02-05 12:55:09.605 parsl:256 Rank:0 [DEBUG]  [TASK_PULL_THREAD] No incoming tasks
2020-02-05 12:55:09.606 parsl:218 Rank:0 [DEBUG]  [TASK_PULL_THREAD] ready workers:48, pending tasks:0
2020-02-05 12:55:09.606 parsl:225 Rank:0 [DEBUG]  [TASK_PULL_THREAD] Requesting tasks: 48
2020-02-05 12:55:09.646 parsl:256 Rank:0 [DEBUG]  [TASK_PULL_THREAD] No incoming tasks
2020-02-05 12:55:09.646 parsl:218 Rank:0 [DEBUG]  [TASK_PULL_THREAD] ready workers:48, pending tasks:0
2020-02-05 12:55:09.646 parsl:225 Rank:0 [DEBUG]  [TASK_PULL_THREAD] Requesting tasks: 48
2020-02-05 12:55:09.726 parsl:256 Rank:0 [DEBUG]  [TASK_PULL_THREAD] No incoming tasks
2020-02-05 12:55:09.727 parsl:218 Rank:0 [DEBUG]  [TASK_PULL_THREAD] ready workers:48, pending tasks:0
2020-02-05 12:55:09.727 parsl:225 Rank:0 [DEBUG]  [TASK_PULL_THREAD] Requesting tasks: 48
2020-02-05 12:55:09.887 parsl:256 Rank:0 [DEBUG]  [TASK_PULL_THREAD] No incoming tasks
2020-02-05 12:55:09.887 parsl:218 Rank:0 [DEBUG]  [TASK_PULL_THREAD] ready workers:48, pending tasks:0
2020-02-05 12:55:09.887 parsl:225 Rank:0 [DEBUG]  [TASK_PULL_THREAD] Requesting tasks: 48
2020-02-05 12:55:10.208 parsl:256 Rank:0 [DEBUG]  [TASK_PULL_THREAD] No incoming tasks
2020-02-05 12:55:10.208 parsl:218 Rank:0 [DEBUG]  [TASK_PULL_THREAD] ready workers:48, pending tasks:0
2020-02-05 12:55:10.208 parsl:225 Rank:0 [DEBUG]  [TASK_PULL_THREAD] Requesting tasks: 48
2020-02-05 12:55:10.849 parsl:256 Rank:0 [DEBUG]  [TASK_PULL_THREAD] No incoming tasks
2020-02-05 12:55:10.849 parsl:218 Rank:0 [DEBUG]  [TASK_PULL_THREAD] ready workers:48, pending tasks:0
2020-02-05 12:55:10.849 parsl:225 Rank:0 [DEBUG]  [TASK_PULL_THREAD] Requesting tasks: 48
2020-02-05 12:55:12.131 parsl:256 Rank:0 [DEBUG]  [TASK_PULL_THREAD] No incoming tasks
2020-02-05 12:55:12.131 parsl:218 Rank:0 [DEBUG]  [TASK_PULL_THREAD] ready workers:48, pending tasks:0
2020-02-05 12:55:12.131 parsl:225 Rank:0 [DEBUG]  [TASK_PULL_THREAD] Requesting tasks: 48
2020-02-05 12:55:14.694 parsl:256 Rank:0 [DEBUG]  [TASK_PULL_THREAD] No incoming tasks
2020-02-05 12:55:14.694 parsl:218 Rank:0 [DEBUG]  [TASK_PULL_THREAD] ready workers:48, pending tasks:0
2020-02-05 12:55:14.694 parsl:225 Rank:0 [DEBUG]  [TASK_PULL_THREAD] Requesting tasks: 48
2020-02-05 12:55:19.819 parsl:256 Rank:0 [DEBUG]  [TASK_PULL_THREAD] No incoming tasks
2020-02-05 12:55:19.820 parsl:218 Rank:0 [DEBUG]  [TASK_PULL_THREAD] ready workers:48, pending tasks:0
2020-02-05 12:55:19.820 parsl:225 Rank:0 [DEBUG]  [TASK_PULL_THREAD] Requesting tasks: 48
2020-02-05 12:55:30.070 parsl:256 Rank:0 [DEBUG]  [TASK_PULL_THREAD] No incoming tasks
2020-02-05 12:55:30.071 parsl:218 Rank:0 [DEBUG]  [TASK_PULL_THREAD] ready workers:48, pending tasks:0
2020-02-05 12:55:30.071 parsl:225 Rank:0 [DEBUG]  [TASK_PULL_THREAD] Requesting tasks: 48
2020-02-05 12:55:50.571 parsl:256 Rank:0 [DEBUG]  [TASK_PULL_THREAD] No incoming tasks
2020-02-05 12:55:50.571 parsl:218 Rank:0 [DEBUG]  [TASK_PULL_THREAD] ready workers:48, pending tasks:0
2020-02-05 12:55:50.572 parsl:188 Rank:0 [DEBUG]  Return from heartbeat: None
2020-02-05 12:55:50.572 parsl:225 Rank:0 [DEBUG]  [TASK_PULL_THREAD] Requesting tasks: 48
2020-02-05 12:55:50.573 parsl:243 Rank:0 [DEBUG]  Got heartbeat from interchange
2020-02-05 12:55:50.573 parsl:218 Rank:0 [DEBUG]  [TASK_PULL_THREAD] ready workers:48, pending tasks:0
2020-02-05 12:55:50.574 parsl:225 Rank:0 [DEBUG]  [TASK_PULL_THREAD] Requesting tasks: 48
2020-02-05 12:55:50.574 parsl:256 Rank:0 [DEBUG]  [TASK_PULL_THREAD] No incoming tasks
2020-02-05 12:55:50.574 parsl:218 Rank:0 [DEBUG]  [TASK_PULL_THREAD] ready workers:48, pending tasks:0
2020-02-05 12:55:50.574 parsl:225 Rank:0 [DEBUG]  [TASK_PULL_THREAD] Requesting tasks: 48
2020-02-05 12:55:50.594 parsl:256 Rank:0 [DEBUG]  [TASK_PULL_THREAD] No incoming tasks
2020-02-05 12:55:50.594 parsl:218 Rank:0 [DEBUG]  [TASK_PULL_THREAD] ready workers:48, pending tasks:0
2020-02-05 12:55:50.594 parsl:225 Rank:0 [DEBUG]  [TASK_PULL_THREAD] Requesting tasks: 48
2020-02-05 12:55:50.634 parsl:256 Rank:0 [DEBUG]  [TASK_PULL_THREAD] No incoming tasks
2020-02-05 12:55:50.635 parsl:218 Rank:0 [DEBUG]  [TASK_PULL_THREAD] ready workers:48, pending tasks:0
2020-02-05 12:55:50.635 parsl:225 Rank:0 [DEBUG]  [TASK_PULL_THREAD] Requesting tasks: 48
2020-02-05 12:55:50.715 parsl:256 Rank:0 [DEBUG]  [TASK_PULL_THREAD] No incoming tasks
2020-02-05 12:55:50.715 parsl:218 Rank:0 [DEBUG]  [TASK_PULL_THREAD] ready workers:48, pending tasks:0
2020-02-05 12:55:50.715 parsl:225 Rank:0 [DEBUG]  [TASK_PULL_THREAD] Requesting tasks: 48
2020-02-05 12:55:50.876 parsl:256 Rank:0 [DEBUG]  [TASK_PULL_THREAD] No incoming tasks
2020-02-05 12:55:50.876 parsl:218 Rank:0 [DEBUG]  [TASK_PULL_THREAD] ready workers:48, pending tasks:0
2020-02-05 12:55:50.876 parsl:225 Rank:0 [DEBUG]  [TASK_PULL_THREAD] Requesting tasks: 48
2020-02-05 12:55:51.197 parsl:256 Rank:0 [DEBUG]  [TASK_PULL_THREAD] No incoming tasks
2020-02-05 12:55:51.197 parsl:218 Rank:0 [DEBUG]  [TASK_PULL_THREAD] ready workers:48, pending tasks:0
2020-02-05 12:55:51.197 parsl:225 Rank:0 [DEBUG]  [TASK_PULL_THREAD] Requesting tasks: 48
2020-02-05 12:55:51.838 parsl:256 Rank:0 [DEBUG]  [TASK_PULL_THREAD] No incoming tasks
2020-02-05 12:55:51.838 parsl:218 Rank:0 [DEBUG]  [TASK_PULL_THREAD] ready workers:48, pending tasks:0
2020-02-05 12:55:51.838 parsl:225 Rank:0 [DEBUG]  [TASK_PULL_THREAD] Requesting tasks: 48
2020-02-05 12:55:53.119 parsl:256 Rank:0 [DEBUG]  [TASK_PULL_THREAD] No incoming tasks
2020-02-05 12:55:53.120 parsl:218 Rank:0 [DEBUG]  [TASK_PULL_THREAD] ready workers:48, pending tasks:0
2020-02-05 12:55:53.120 parsl:225 Rank:0 [DEBUG]  [TASK_PULL_THREAD] Requesting tasks: 48
