2020-02-04 14:41:24.228 parsl.dataflow.dflow:83 [DEBUG]  Starting DataFlowKernel with config
Config(
    app_cache=True, 
    checkpoint_files=None, 
    checkpoint_mode=None, 
    checkpoint_period=None, 
    data_management_max_threads=10, 
    executors=[HighThroughputExecutor(
        address='172.16.52.2', 
        cores_per_worker=1.0, 
        heartbeat_period=30, 
        heartbeat_threshold=120, 
        interchange_port_range=(55000, 56000), 
        label='workers', 
        launch_cmd='process_worker_pool.py {debug} {max_workers} -p {prefetch_capacity} -c {cores_per_worker} -m {mem_per_worker} --poll {poll_period} --task_url={task_url} --result_url={result_url} --logdir={logdir} --block_id={{block_id}} --hb_period={heartbeat_period} --hb_threshold={heartbeat_threshold} ', 
        managed=True, 
        max_workers=inf, 
        mem_per_worker=None, 
        poll_period=10, 
        prefetch_capacity=0, 
        provider=GridEngineProvider(
            channel=LocalChannel(
                envs={}, 
                script_dir=None, 
                userhome='/home/users/ellenrichards/GRETA'
            ), 
            init_blocks=1, 
            launcher=SingleNodeLauncher(), 
            max_blocks=1, 
            min_blocks=0, 
            nodes_per_block=1, 
            parallelism=1, 
            scheduler_options='', 
            walltime='00:10:00', 
            worker_init=''
        ), 
        storage_access=None, 
        suppress_failure=True, 
        worker_debug=False, 
        worker_logdir_root=None, 
        worker_port_range=(54000, 55000), 
        worker_ports=None, 
        working_dir=None
    ), ThreadPoolExecutor(
        label='login', 
        managed=True, 
        max_threads=20, 
        storage_access=None, 
        thread_name_prefix='', 
        working_dir=None
    )], 
    initialize_logging=True, 
    lazy_errors=True, 
    max_idletime=120.0, 
    monitoring=None, 
    retries=0, 
    run_dir='runinfo', 
    strategy='simple', 
    usage_tracking=False
)
2020-02-04 14:41:24.229 parsl.dataflow.dflow:84 [INFO]  Parsl version: 0.9.0
2020-02-04 14:41:24.229 parsl.dataflow.usage_tracking.usage:126 [DEBUG]  Tracking status: False
2020-02-04 14:41:24.229 parsl.dataflow.usage_tracking.usage:127 [DEBUG]  Testing mode   : False
2020-02-04 14:41:24.229 parsl.dataflow.dflow:110 [INFO]  Run id is: 92487101-93d0-45c3-b423-cf7065834fdc
2020-02-04 14:41:24.338 parsl.dataflow.memoization:52 [INFO]  App caching initialized
2020-02-04 14:41:24.340 parsl.executors.high_throughput.executor:453 [DEBUG]  Starting queue management thread
2020-02-04 14:41:24.341 parsl.executors.high_throughput.executor:326 [DEBUG]  [MTHREAD] queue management worker starting
2020-02-04 14:41:24.341 parsl.executors.high_throughput.executor:457 [DEBUG]  Started queue management thread
2020-02-04 14:41:24.354 parsl.executors.high_throughput.executor:289 [DEBUG]  Created management thread: <Thread(HTEX-Queue-Management-Thread, started daemon 140090726659840)>
2020-02-04 14:41:24.354 parsl.executors.high_throughput.executor:263 [DEBUG]  Launch command: process_worker_pool.py   -p 0 -c 1.0 -m None --poll 10 --task_url=tcp://172.16.52.2:54540 --result_url=tcp://172.16.52.2:54584 --logdir=/home/users/ellenrichards/GRETA/runinfo/019/workers --block_id={block_id} --hb_period=30 --hb_threshold=120 
2020-02-04 14:41:24.354 parsl.executors.high_throughput.executor:266 [DEBUG]  Starting HighThroughputExecutor with provider:
GridEngineProvider(
    channel=LocalChannel(
        envs={}, 
        script_dir='/home/users/ellenrichards/GRETA/runinfo/019/submit_scripts', 
        userhome='/home/users/ellenrichards/GRETA'
    ), 
    init_blocks=1, 
    launcher=SingleNodeLauncher(), 
    max_blocks=1, 
    min_blocks=0, 
    nodes_per_block=1, 
    parallelism=1, 
    scheduler_options='', 
    walltime='00:10:00', 
    worker_init=''
)
2020-02-04 14:41:24.358 parsl.providers.grid_engine.grid_engine:96 [DEBUG]  Requesting one block with 1 nodes per block and 1 tasks per node
2020-02-04 14:41:24.358 parsl.providers.grid_engine.grid_engine:139 [DEBUG]  Writing submit script
2020-02-04 14:41:24.396 parsl.executors.high_throughput.executor:569 [DEBUG]  Launched block 0->19875
2020-02-04 14:41:24.396 parsl.dataflow.strategy:125 [DEBUG]  Scaling strategy: simple
2020-02-04 14:41:24.504 parsl.dataflow.dflow:484 [DEBUG]  Adding output dependencies
2020-02-04 14:41:24.504 parsl.dataflow.dflow:708 [INFO]  Task 0 submitted for App run_single_transcript, waiting on tasks []
2020-02-04 14:41:24.504 parsl.dataflow.dflow:714 [DEBUG]  Task 0 set to pending state with AppFuture: <AppFuture super=<AppFuture at 0x7f69712f42e8 state=pending>>
2020-02-04 14:41:24.505 parsl.dataflow.dflow:452 [INFO]  Task 0 launched on executor login
2020-02-04 14:41:24.505 parsl.dataflow.dflow:484 [DEBUG]  Adding output dependencies
2020-02-04 14:41:24.505 parsl.dataflow.dflow:708 [INFO]  Task 1 submitted for App run_single_transcript, waiting on tasks []
2020-02-04 14:41:24.505 parsl.dataflow.dflow:714 [DEBUG]  Task 1 set to pending state with AppFuture: <AppFuture super=<AppFuture at 0x7f69712f4550 state=pending>>
2020-02-04 14:41:24.507 parsl.dataflow.dflow:452 [INFO]  Task 1 launched on executor login
2020-02-04 14:41:24.507 parsl.dataflow.dflow:484 [DEBUG]  Adding output dependencies
2020-02-04 14:41:24.507 parsl.dataflow.dflow:484 [DEBUG]  Adding output dependencies
2020-02-04 14:41:24.508 parsl.dataflow.dflow:708 [INFO]  Task 2 submitted for App star_index, waiting on tasks []
2020-02-04 14:41:24.508 parsl.dataflow.dflow:708 [INFO]  Task 3 submitted for App run_single_transcript, waiting on tasks []
2020-02-04 14:41:24.508 parsl.dataflow.dflow:714 [DEBUG]  Task 2 set to pending state with AppFuture: <AppFuture super=<AppFuture at 0x7f69712f49b0 state=pending>>
2020-02-04 14:41:24.508 parsl.dataflow.dflow:484 [DEBUG]  Adding output dependencies
2020-02-04 14:41:24.508 parsl.dataflow.dflow:714 [DEBUG]  Task 3 set to pending state with AppFuture: <AppFuture super=<AppFuture at 0x7f69712f4710 state=pending>>
2020-02-04 14:41:24.509 parsl.executors.high_throughput.executor:537 [DEBUG]  Pushing function <function star_index at 0x7f69713007b8> to queue with args (<function star_index at 0x7f69713002f0>, '/home/users/ellenrichards/test_run_1/', '/home/users/ellenrichards/test_run_1/s008_c41703_g1_i1_m8507/gd', 's008_c41703_g1_i1_m8507.fasta\n')
2020-02-04 14:41:24.509 parsl.dataflow.dflow:708 [INFO]  Task 4 submitted for App star_index, waiting on tasks []
2020-02-04 14:41:24.510 parsl.dataflow.dflow:714 [DEBUG]  Task 4 set to pending state with AppFuture: <AppFuture super=<AppFuture at 0x7f69712f4ba8 state=pending>>
2020-02-04 14:41:24.616 parsl.dataflow.dflow:452 [INFO]  Task 2 launched on executor workers
2020-02-04 14:41:24.617 parsl.dataflow.dflow:452 [INFO]  Task 3 launched on executor login
2020-02-04 14:41:24.617 parsl.executors.high_throughput.executor:537 [DEBUG]  Pushing function <function star_index at 0x7f6971300840> to queue with args (<function star_index at 0x7f69713002f0>, '/home/users/ellenrichards/test_run_1/', '/home/users/ellenrichards/test_run_1/s008_c56733_g1_i3_m22670/gd', 's008_c56733_g1_i3_m22670.fasta\n')
2020-02-04 14:41:24.617 parsl.dataflow.dflow:484 [DEBUG]  Adding output dependencies
2020-02-04 14:41:24.618 parsl.dataflow.dflow:708 [INFO]  Task 5 submitted for App run_single_transcript, waiting on tasks []
2020-02-04 14:41:24.618 parsl.dataflow.dflow:452 [INFO]  Task 4 launched on executor workers
2020-02-04 14:41:24.618 parsl.dataflow.dflow:714 [DEBUG]  Task 5 set to pending state with AppFuture: <AppFuture super=<AppFuture at 0x7f69712f4b00 state=pending>>
2020-02-04 14:41:24.619 parsl.dataflow.dflow:484 [DEBUG]  Adding output dependencies
2020-02-04 14:41:24.619 parsl.dataflow.dflow:708 [INFO]  Task 6 submitted for App star_index, waiting on tasks []
2020-02-04 14:41:24.619 parsl.dataflow.dflow:714 [DEBUG]  Task 6 set to pending state with AppFuture: <AppFuture super=<AppFuture at 0x7f68fe87b828 state=pending>>
2020-02-04 14:41:24.619 parsl.dataflow.dflow:452 [INFO]  Task 5 launched on executor login
2020-02-04 14:41:24.620 parsl.executors.high_throughput.executor:537 [DEBUG]  Pushing function <function star_index at 0x7f6971300d90> to queue with args (<function star_index at 0x7f69713002f0>, '/home/users/ellenrichards/test_run_1/', '/home/users/ellenrichards/test_run_1/s008_c16972_g1_i1_m2384/gd', 's008_c16972_g1_i1_m2384.fasta\n')
2020-02-04 14:41:24.620 parsl.dataflow.dflow:484 [DEBUG]  Adding output dependencies
2020-02-04 14:41:24.620 parsl.dataflow.dflow:452 [INFO]  Task 6 launched on executor workers
2020-02-04 14:41:24.621 parsl.dataflow.dflow:708 [INFO]  Task 7 submitted for App run_single_transcript, waiting on tasks []
2020-02-04 14:41:24.621 parsl.dataflow.dflow:714 [DEBUG]  Task 7 set to pending state with AppFuture: <AppFuture super=<AppFuture at 0x7f68fe87b978 state=pending>>
2020-02-04 14:41:24.621 parsl.dataflow.dflow:484 [DEBUG]  Adding output dependencies
2020-02-04 14:41:24.621 parsl.dataflow.dflow:708 [INFO]  Task 8 submitted for App star_index, waiting on tasks []
2020-02-04 14:41:24.622 parsl.dataflow.dflow:714 [DEBUG]  Task 8 set to pending state with AppFuture: <AppFuture super=<AppFuture at 0x7f68fe87bb38 state=pending>>
2020-02-04 14:41:24.625 parsl.dataflow.dflow:452 [INFO]  Task 7 launched on executor login
2020-02-04 14:41:24.626 parsl.executors.high_throughput.executor:537 [DEBUG]  Pushing function <function star_index at 0x7f68fe87ec80> to queue with args (<function star_index at 0x7f69713002f0>, '/home/users/ellenrichards/test_run_1/', '/home/users/ellenrichards/test_run_1/s012_c60717_g1_i7_m22710/gd', 's012_c60717_g1_i7_m22710.fasta\n')
2020-02-04 14:41:24.626 parsl.dataflow.dflow:484 [DEBUG]  Adding output dependencies
2020-02-04 14:41:24.626 parsl.dataflow.dflow:708 [INFO]  Task 9 submitted for App run_single_transcript, waiting on tasks []
2020-02-04 14:41:24.626 parsl.dataflow.dflow:714 [DEBUG]  Task 9 set to pending state with AppFuture: <AppFuture super=<AppFuture at 0x7f68fe87bc88 state=pending>>
2020-02-04 14:41:24.627 parsl.dataflow.dflow:452 [INFO]  Task 8 launched on executor workers
2020-02-04 14:41:24.627 parsl.dataflow.dflow:484 [DEBUG]  Adding output dependencies
2020-02-04 14:41:24.627 parsl.dataflow.dflow:452 [INFO]  Task 9 launched on executor login
2020-02-04 14:41:24.628 parsl.dataflow.dflow:708 [INFO]  Task 10 submitted for App star_index, waiting on tasks []
2020-02-04 14:41:24.628 parsl.dataflow.dflow:484 [DEBUG]  Adding output dependencies
2020-02-04 14:41:24.628 parsl.dataflow.dflow:714 [DEBUG]  Task 10 set to pending state with AppFuture: <AppFuture super=<AppFuture at 0x7f68fe87bfd0 state=pending>>
2020-02-04 14:41:24.628 parsl.dataflow.dflow:484 [DEBUG]  Adding output dependencies
2020-02-04 14:41:24.628 parsl.dataflow.dflow:708 [INFO]  Task 11 submitted for App run_single_transcript, waiting on tasks []
2020-02-04 14:41:24.629 parsl.executors.high_throughput.executor:537 [DEBUG]  Pushing function <function star_index at 0x7f68fe87ed90> to queue with args (<function star_index at 0x7f69713002f0>, '/home/users/ellenrichards/test_run_1/', '/home/users/ellenrichards/test_run_1/s010_c65676_g1_i2_m18249/gd', 's010_c65676_g1_i2_m18249.fasta\n')
2020-02-04 14:41:24.629 parsl.dataflow.dflow:708 [INFO]  Task 12 submitted for App star_index, waiting on tasks []
2020-02-04 14:41:24.629 parsl.dataflow.dflow:714 [DEBUG]  Task 11 set to pending state with AppFuture: <AppFuture super=<AppFuture at 0x7f68fe87beb8 state=pending>>
2020-02-04 14:41:24.630 parsl.dataflow.dflow:714 [DEBUG]  Task 12 set to pending state with AppFuture: <AppFuture super=<AppFuture at 0x7f68fe8891d0 state=pending>>
2020-02-04 14:41:24.630 parsl.dataflow.dflow:452 [INFO]  Task 10 launched on executor workers
2020-02-04 14:41:24.630 parsl.dataflow.dflow:452 [INFO]  Task 11 launched on executor login
2020-02-04 14:41:24.630 parsl.executors.high_throughput.executor:537 [DEBUG]  Pushing function <function star_index at 0x7f68fe87ef28> to queue with args (<function star_index at 0x7f69713002f0>, '/home/users/ellenrichards/test_run_1/', '/home/users/ellenrichards/test_run_1/s002_c62731_g1_i3_m33207/gd', 's002_c62731_g1_i3_m33207.fasta\n')
2020-02-04 14:41:24.631 parsl.dataflow.dflow:484 [DEBUG]  Adding output dependencies
2020-02-04 14:41:24.631 parsl.dataflow.dflow:452 [INFO]  Task 12 launched on executor workers
2020-02-04 14:41:24.631 parsl.dataflow.dflow:708 [INFO]  Task 13 submitted for App run_single_transcript, waiting on tasks []
2020-02-04 14:41:24.632 parsl.dataflow.dflow:714 [DEBUG]  Task 13 set to pending state with AppFuture: <AppFuture super=<AppFuture at 0x7f68fe889240 state=pending>>
2020-02-04 14:41:24.632 parsl.dataflow.dflow:484 [DEBUG]  Adding output dependencies
2020-02-04 14:41:24.633 parsl.dataflow.dflow:708 [INFO]  Task 14 submitted for App star_index, waiting on tasks []
2020-02-04 14:41:24.633 parsl.dataflow.dflow:714 [DEBUG]  Task 14 set to pending state with AppFuture: <AppFuture super=<AppFuture at 0x7f68fe889588 state=pending>>
2020-02-04 14:41:24.633 parsl.dataflow.dflow:452 [INFO]  Task 13 launched on executor login
2020-02-04 14:41:24.633 parsl.executors.high_throughput.executor:537 [DEBUG]  Pushing function <function star_index at 0x7f68fe88f048> to queue with args (<function star_index at 0x7f69713002f0>, '/home/users/ellenrichards/test_run_1/', '/home/users/ellenrichards/test_run_1/s012_c60717_g1_i8_m22711/gd', 's012_c60717_g1_i8_m22711.fasta\n')
2020-02-04 14:41:24.633 parsl.dataflow.dflow:484 [DEBUG]  Adding output dependencies
2020-02-04 14:41:24.634 parsl.dataflow.dflow:452 [INFO]  Task 14 launched on executor workers
2020-02-04 14:41:24.634 parsl.dataflow.dflow:708 [INFO]  Task 15 submitted for App run_single_transcript, waiting on tasks []
2020-02-04 14:41:24.634 parsl.dataflow.dflow:714 [DEBUG]  Task 15 set to pending state with AppFuture: <AppFuture super=<AppFuture at 0x7f68fe889518 state=pending>>
2020-02-04 14:41:24.635 parsl.dataflow.dflow:484 [DEBUG]  Adding output dependencies
2020-02-04 14:41:24.635 parsl.dataflow.dflow:708 [INFO]  Task 16 submitted for App star_index, waiting on tasks []
2020-02-04 14:41:24.635 parsl.dataflow.dflow:714 [DEBUG]  Task 16 set to pending state with AppFuture: <AppFuture super=<AppFuture at 0x7f68fe8897b8 state=pending>>
2020-02-04 14:41:24.639 parsl.dataflow.dflow:452 [INFO]  Task 15 launched on executor login
2020-02-04 14:41:24.640 parsl.executors.high_throughput.executor:537 [DEBUG]  Pushing function <function star_index at 0x7f68fe88f158> to queue with args (<function star_index at 0x7f69713002f0>, '/home/users/ellenrichards/test_run_1/', '/home/users/ellenrichards/test_run_1/s002_c47754_g1_i1_m9492/gd', 's002_c47754_g1_i1_m9492.fasta\n')
2020-02-04 14:41:24.641 parsl.dataflow.dflow:484 [DEBUG]  Adding output dependencies
2020-02-04 14:41:24.641 parsl.dataflow.dflow:708 [INFO]  Task 17 submitted for App run_single_transcript, waiting on tasks []
2020-02-04 14:41:24.641 parsl.dataflow.dflow:714 [DEBUG]  Task 17 set to pending state with AppFuture: <AppFuture super=<AppFuture at 0x7f68fe8899e8 state=pending>>
2020-02-04 14:41:24.642 parsl.dataflow.dflow:484 [DEBUG]  Adding output dependencies
2020-02-04 14:41:24.642 parsl.dataflow.dflow:452 [INFO]  Task 16 launched on executor workers
2020-02-04 14:41:24.642 parsl.dataflow.dflow:708 [INFO]  Task 18 submitted for App star_index, waiting on tasks []
2020-02-04 14:41:24.642 parsl.dataflow.dflow:452 [INFO]  Task 17 launched on executor login
2020-02-04 14:41:24.643 parsl.dataflow.dflow:714 [DEBUG]  Task 18 set to pending state with AppFuture: <AppFuture super=<AppFuture at 0x7f68fe889ba8 state=pending>>
2020-02-04 14:41:24.643 parsl.dataflow.dflow:484 [DEBUG]  Adding output dependencies
2020-02-04 14:41:24.643 parsl.dataflow.dflow:484 [DEBUG]  Adding output dependencies
2020-02-04 14:41:24.643 parsl.executors.high_throughput.executor:537 [DEBUG]  Pushing function <function star_index at 0x7f68fe88f1e0> to queue with args (<function star_index at 0x7f69713002f0>, '/home/users/ellenrichards/test_run_1/', '/home/users/ellenrichards/test_run_1/s008_c33195_g1_i1_m5438/gd', 's008_c33195_g1_i1_m5438.fasta\n')
2020-02-04 14:41:24.643 parsl.dataflow.dflow:708 [INFO]  Task 19 submitted for App run_single_transcript, waiting on tasks []
2020-02-04 14:41:24.644 parsl.dataflow.dflow:708 [INFO]  Task 20 submitted for App star_index, waiting on tasks []
2020-02-04 14:41:24.644 parsl.dataflow.dflow:714 [DEBUG]  Task 19 set to pending state with AppFuture: <AppFuture super=<AppFuture at 0x7f68fe889f98 state=pending>>
2020-02-04 14:41:24.644 parsl.dataflow.dflow:452 [INFO]  Task 18 launched on executor workers
2020-02-04 14:41:24.644 parsl.dataflow.dflow:714 [DEBUG]  Task 20 set to pending state with AppFuture: <AppFuture super=<AppFuture at 0x7f68fe898080 state=pending>>
2020-02-04 14:41:24.645 parsl.dataflow.dflow:452 [INFO]  Task 19 launched on executor login
2020-02-04 14:41:24.645 parsl.executors.high_throughput.executor:537 [DEBUG]  Pushing function <function star_index at 0x7f68fe88f2f0> to queue with args (<function star_index at 0x7f69713002f0>, '/home/users/ellenrichards/test_run_1/', '/home/users/ellenrichards/test_run_1/s008_c90190_g1_i1_m38949/gd', 's008_c90190_g1_i1_m38949.fasta\n')
2020-02-04 14:41:24.645 parsl.dataflow.dflow:484 [DEBUG]  Adding output dependencies
2020-02-04 14:41:24.646 parsl.dataflow.dflow:452 [INFO]  Task 20 launched on executor workers
2020-02-04 14:41:24.646 parsl.dataflow.dflow:708 [INFO]  Task 21 submitted for App run_single_transcript, waiting on tasks []
2020-02-04 14:41:24.646 parsl.dataflow.dflow:484 [DEBUG]  Adding output dependencies
2020-02-04 14:41:24.647 parsl.dataflow.dflow:714 [DEBUG]  Task 21 set to pending state with AppFuture: <AppFuture super=<AppFuture at 0x7f68fe8984a8 state=pending>>
2020-02-04 14:41:24.647 parsl.dataflow.dflow:708 [INFO]  Task 22 submitted for App star_index, waiting on tasks []
2020-02-04 14:41:24.647 parsl.dataflow.dflow:452 [INFO]  Task 21 launched on executor login
2020-02-04 14:41:24.648 parsl.dataflow.dflow:484 [DEBUG]  Adding output dependencies
2020-02-04 14:41:24.648 parsl.dataflow.dflow:708 [INFO]  Task 23 submitted for App star_index, waiting on tasks []
2020-02-04 14:41:24.648 parsl.dataflow.dflow:484 [DEBUG]  Adding output dependencies
2020-02-04 14:41:24.649 parsl.dataflow.dflow:714 [DEBUG]  Task 23 set to pending state with AppFuture: <AppFuture super=<AppFuture at 0x7f68fe8989b0 state=pending>>
2020-02-04 14:41:24.649 parsl.executors.high_throughput.executor:537 [DEBUG]  Pushing function <function star_index at 0x7f68fe88f510> to queue with args (<function star_index at 0x7f69713002f0>, '/home/users/ellenrichards/test_run_1/', '/home/users/ellenrichards/test_run_1/s010_c65676_g1_i4_m18250Periegops/gd', 's010_c65676_g1_i4_m18250Periegops.fasta\n')
2020-02-04 14:41:24.649 parsl.dataflow.dflow:708 [INFO]  Task 24 submitted for App run_single_transcript, waiting on tasks []
2020-02-04 14:41:24.648 parsl.dataflow.dflow:714 [DEBUG]  Task 22 set to pending state with AppFuture: <AppFuture super=<AppFuture at 0x7f68fe8986d8 state=pending>>
2020-02-04 14:41:24.649 parsl.dataflow.dflow:714 [DEBUG]  Task 24 set to pending state with AppFuture: <AppFuture super=<AppFuture at 0x7f68fe898898 state=pending>>
2020-02-04 14:41:24.649 parsl.dataflow.dflow:452 [INFO]  Task 23 launched on executor workers
2020-02-04 14:41:24.650 parsl.executors.high_throughput.executor:537 [DEBUG]  Pushing function <function star_index at 0x7f68fe88f488> to queue with args (<function star_index at 0x7f69713002f0>, '/home/users/ellenrichards/test_run_1/', '/home/users/ellenrichards/test_run_1/s008_c32952_g1_i2_m5368/gd', 's008_c32952_g1_i2_m5368.fasta\n')
2020-02-04 14:41:24.650 parsl.dataflow.dflow:452 [INFO]  Task 22 launched on executor workers
2020-02-04 14:41:24.651 parsl.dataflow.dflow:452 [INFO]  Task 24 launched on executor login
2020-02-04 14:41:24.651 parsl.dataflow.dflow:484 [DEBUG]  Adding output dependencies
2020-02-04 14:41:24.651 parsl.dataflow.dflow:708 [INFO]  Task 25 submitted for App run_single_transcript, waiting on tasks []
2020-02-04 14:41:24.651 parsl.dataflow.dflow:714 [DEBUG]  Task 25 set to pending state with AppFuture: <AppFuture super=<AppFuture at 0x7f68fe898ac8 state=pending>>
2020-02-04 14:41:24.652 parsl.dataflow.dflow:484 [DEBUG]  Adding output dependencies
2020-02-04 14:41:24.652 parsl.dataflow.dflow:708 [INFO]  Task 26 submitted for App star_index, waiting on tasks []
2020-02-04 14:41:24.652 parsl.dataflow.dflow:714 [DEBUG]  Task 26 set to pending state with AppFuture: <AppFuture super=<AppFuture at 0x7f68fe898ef0 state=pending>>
2020-02-04 14:41:24.653 parsl.dataflow.dflow:452 [INFO]  Task 25 launched on executor login
2020-02-04 14:41:24.654 parsl.executors.high_throughput.executor:537 [DEBUG]  Pushing function <function star_index at 0x7f68fe88f6a8> to queue with args (<function star_index at 0x7f69713002f0>, '/home/users/ellenrichards/test_run_1/', '/home/users/ellenrichards/test_run_1/s008_c57542_g1_i2_m24298/gd', 's008_c57542_g1_i2_m24298.fasta\n')
2020-02-04 14:41:24.654 parsl.dataflow.dflow:484 [DEBUG]  Adding output dependencies
2020-02-04 14:41:24.654 parsl.dataflow.dflow:452 [INFO]  Task 26 launched on executor workers
2020-02-04 14:41:24.655 parsl.dataflow.dflow:708 [INFO]  Task 27 submitted for App run_single_transcript, waiting on tasks []
2020-02-04 14:41:24.655 parsl.dataflow.dflow:484 [DEBUG]  Adding output dependencies
2020-02-04 14:41:24.655 parsl.dataflow.dflow:714 [DEBUG]  Task 27 set to pending state with AppFuture: <AppFuture super=<AppFuture at 0x7f68fc020160 state=pending>>
2020-02-04 14:41:24.655 parsl.dataflow.dflow:708 [INFO]  Task 28 submitted for App star_index, waiting on tasks []
2020-02-04 14:41:24.656 parsl.dataflow.dflow:714 [DEBUG]  Task 28 set to pending state with AppFuture: <AppFuture super=<AppFuture at 0x7f68fc020390 state=pending>>
2020-02-04 14:41:24.656 parsl.dataflow.dflow:452 [INFO]  Task 27 launched on executor login
2020-02-04 14:41:24.656 parsl.executors.high_throughput.executor:537 [DEBUG]  Pushing function <function star_index at 0x7f68fe88f7b8> to queue with args (<function star_index at 0x7f69713002f0>, '/home/users/ellenrichards/test_run_1/', '/home/users/ellenrichards/test_run_1/s010_c29963_g1_i1_m4044/gd', 's010_c29963_g1_i1_m4044.fasta\n')
2020-02-04 14:41:24.656 parsl.dataflow.dflow:484 [DEBUG]  Adding output dependencies
2020-02-04 14:41:24.657 parsl.dataflow.dflow:484 [DEBUG]  Adding output dependencies
2020-02-04 14:41:24.657 parsl.dataflow.dflow:708 [INFO]  Task 29 submitted for App run_single_transcript, waiting on tasks []
2020-02-04 14:41:24.657 parsl.dataflow.dflow:452 [INFO]  Task 28 launched on executor workers
2020-02-04 14:41:24.657 parsl.dataflow.dflow:708 [INFO]  Task 30 submitted for App star_index, waiting on tasks []
2020-02-04 14:41:24.657 parsl.dataflow.dflow:714 [DEBUG]  Task 29 set to pending state with AppFuture: <AppFuture super=<AppFuture at 0x7f68fc0206d8 state=pending>>
2020-02-04 14:41:24.658 parsl.dataflow.dflow:714 [DEBUG]  Task 30 set to pending state with AppFuture: <AppFuture super=<AppFuture at 0x7f68fc0206a0 state=pending>>
2020-02-04 14:41:24.658 parsl.dataflow.dflow:452 [INFO]  Task 29 launched on executor login
2020-02-04 14:41:24.658 parsl.executors.high_throughput.executor:537 [DEBUG]  Pushing function <function star_index at 0x7f68fe88f8c8> to queue with args (<function star_index at 0x7f69713002f0>, '/home/users/ellenrichards/test_run_1/', '/home/users/ellenrichards/test_run_1/s004_c49681_g1_i4_m9094/gd', 's004_c49681_g1_i4_m9094.fasta\n')
2020-02-04 14:41:24.658 parsl.dataflow.dflow:484 [DEBUG]  Adding output dependencies
2020-02-04 14:41:24.659 parsl.dataflow.dflow:708 [INFO]  Task 31 submitted for App run_single_transcript, waiting on tasks []
2020-02-04 14:41:24.659 parsl.dataflow.dflow:452 [INFO]  Task 30 launched on executor workers
2020-02-04 14:41:24.659 parsl.dataflow.dflow:484 [DEBUG]  Adding output dependencies
2020-02-04 14:41:24.659 parsl.dataflow.dflow:714 [DEBUG]  Task 31 set to pending state with AppFuture: <AppFuture super=<AppFuture at 0x7f68fc020b70 state=pending>>
2020-02-04 14:41:24.659 parsl.dataflow.dflow:708 [INFO]  Task 32 submitted for App star_index, waiting on tasks []
2020-02-04 14:41:24.660 parsl.dataflow.dflow:714 [DEBUG]  Task 32 set to pending state with AppFuture: <AppFuture super=<AppFuture at 0x7f68fc020cc0 state=pending>>
2020-02-04 14:41:24.660 parsl.dataflow.dflow:452 [INFO]  Task 31 launched on executor login
2020-02-04 14:41:24.660 parsl.executors.high_throughput.executor:537 [DEBUG]  Pushing function <function star_index at 0x7f68fe88f9d8> to queue with args (<function star_index at 0x7f69713002f0>, '/home/users/ellenrichards/test_run_1/', '/home/users/ellenrichards/test_run_1/s019_c69502_g1_i5_m15585/gd', 's019_c69502_g1_i5_m15585.fasta\n')
2020-02-04 14:41:24.660 parsl.dataflow.dflow:484 [DEBUG]  Adding output dependencies
2020-02-04 14:41:24.660 parsl.dataflow.dflow:452 [INFO]  Task 32 launched on executor workers
2020-02-04 14:41:24.661 parsl.dataflow.dflow:484 [DEBUG]  Adding output dependencies
2020-02-04 14:41:24.661 parsl.dataflow.dflow:708 [INFO]  Task 33 submitted for App run_single_transcript, waiting on tasks []
2020-02-04 14:41:24.661 parsl.dataflow.dflow:708 [INFO]  Task 34 submitted for App star_index, waiting on tasks []
2020-02-04 14:41:24.661 parsl.dataflow.dflow:714 [DEBUG]  Task 33 set to pending state with AppFuture: <AppFuture super=<AppFuture at 0x7f68fc020e80 state=pending>>
2020-02-04 14:41:24.661 parsl.dataflow.dflow:714 [DEBUG]  Task 34 set to pending state with AppFuture: <AppFuture super=<AppFuture at 0x7f68fc024198 state=pending>>
2020-02-04 14:41:24.662 parsl.dataflow.dflow:452 [INFO]  Task 33 launched on executor login
2020-02-04 14:41:24.662 parsl.executors.high_throughput.executor:537 [DEBUG]  Pushing function <function star_index at 0x7f68fe88fb70> to queue with args (<function star_index at 0x7f69713002f0>, '/home/users/ellenrichards/test_run_1/', '/home/users/ellenrichards/test_run_1/s008_c59224_g3_i1_m29252/gd', 's008_c59224_g3_i1_m29252.fasta\n')
2020-02-04 14:41:24.662 parsl.dataflow.dflow:484 [DEBUG]  Adding output dependencies
2020-02-04 14:41:24.662 parsl.dataflow.dflow:708 [INFO]  Task 35 submitted for App run_single_transcript, waiting on tasks []
2020-02-04 14:41:24.663 parsl.dataflow.dflow:452 [INFO]  Task 34 launched on executor workers
2020-02-04 14:41:24.663 parsl.dataflow.dflow:484 [DEBUG]  Adding output dependencies
2020-02-04 14:41:24.663 parsl.dataflow.dflow:714 [DEBUG]  Task 35 set to pending state with AppFuture: <AppFuture super=<AppFuture at 0x7f68fc024358 state=pending>>
2020-02-04 14:41:24.663 parsl.dataflow.dflow:708 [INFO]  Task 36 submitted for App star_index, waiting on tasks []
2020-02-04 14:41:24.663 parsl.dataflow.dflow:714 [DEBUG]  Task 36 set to pending state with AppFuture: <AppFuture super=<AppFuture at 0x7f68fc024630 state=pending>>
2020-02-04 14:41:24.664 parsl.dataflow.dflow:452 [INFO]  Task 35 launched on executor login
2020-02-04 14:41:24.664 parsl.executors.high_throughput.executor:537 [DEBUG]  Pushing function <function star_index at 0x7f68fe88fbf8> to queue with args (<function star_index at 0x7f69713002f0>, '/home/users/ellenrichards/test_run_1/', '/home/users/ellenrichards/test_run_1/s008_c56952_g1_i2_m23101/gd', 's008_c56952_g1_i2_m23101.fasta\n')
2020-02-04 14:41:24.664 parsl.dataflow.dflow:484 [DEBUG]  Adding output dependencies
2020-02-04 14:41:24.664 parsl.dataflow.dflow:452 [INFO]  Task 36 launched on executor workers
2020-02-04 14:41:24.664 parsl.dataflow.dflow:708 [INFO]  Task 37 submitted for App run_single_transcript, waiting on tasks []
2020-02-04 14:41:24.665 parsl.dataflow.dflow:484 [DEBUG]  Adding output dependencies
2020-02-04 14:41:24.665 parsl.dataflow.dflow:714 [DEBUG]  Task 37 set to pending state with AppFuture: <AppFuture super=<AppFuture at 0x7f68fc0247f0 state=pending>>
2020-02-04 14:41:24.665 parsl.dataflow.dflow:708 [INFO]  Task 38 submitted for App star_index, waiting on tasks []
2020-02-04 14:41:24.665 parsl.dataflow.dflow:714 [DEBUG]  Task 38 set to pending state with AppFuture: <AppFuture super=<AppFuture at 0x7f68fc024b00 state=pending>>
2020-02-04 14:41:24.666 parsl.dataflow.dflow:452 [INFO]  Task 37 launched on executor login
2020-02-04 14:41:24.666 parsl.executors.high_throughput.executor:537 [DEBUG]  Pushing function <function star_index at 0x7f68fe88fc80> to queue with args (<function star_index at 0x7f69713002f0>, '/home/users/ellenrichards/test_run_1/', '/home/users/ellenrichards/test_run_1/s008_c90193_g1_i1_m38951/gd', 's008_c90193_g1_i1_m38951.fasta\n')
2020-02-04 14:41:24.666 parsl.dataflow.dflow:484 [DEBUG]  Adding output dependencies
2020-02-04 14:41:24.666 parsl.dataflow.dflow:452 [INFO]  Task 38 launched on executor workers
2020-02-04 14:41:24.666 parsl.dataflow.dflow:708 [INFO]  Task 39 submitted for App run_single_transcript, waiting on tasks []
2020-02-04 14:41:24.666 parsl.dataflow.dflow:484 [DEBUG]  Adding output dependencies
2020-02-04 14:41:24.667 parsl.dataflow.dflow:714 [DEBUG]  Task 39 set to pending state with AppFuture: <AppFuture super=<AppFuture at 0x7f68fc024be0 state=pending>>
2020-02-04 14:41:24.667 parsl.dataflow.dflow:708 [INFO]  Task 40 submitted for App star_index, waiting on tasks []
2020-02-04 14:41:24.667 parsl.dataflow.dflow:452 [INFO]  Task 39 launched on executor login
2020-02-04 14:41:24.667 parsl.dataflow.dflow:714 [DEBUG]  Task 40 set to pending state with AppFuture: <AppFuture super=<AppFuture at 0x7f68fc024f60 state=pending>>
2020-02-04 14:41:24.667 parsl.dataflow.dflow:484 [DEBUG]  Adding output dependencies
2020-02-04 14:41:24.667 parsl.executors.high_throughput.executor:537 [DEBUG]  Pushing function <function star_index at 0x7f68fe88fd90> to queue with args (<function star_index at 0x7f69713002f0>, '/home/users/ellenrichards/test_run_1/', '/home/users/ellenrichards/test_run_1/s012_c56483_g1_i3_m15877/gd', 's012_c56483_g1_i3_m15877.fasta\n')
2020-02-04 14:41:24.668 parsl.dataflow.dflow:708 [INFO]  Task 41 submitted for App run_single_transcript, waiting on tasks []
2020-02-04 14:41:24.668 parsl.dataflow.dflow:452 [INFO]  Task 40 launched on executor workers
2020-02-04 14:41:24.668 parsl.dataflow.dflow:714 [DEBUG]  Task 41 set to pending state with AppFuture: <AppFuture super=<AppFuture at 0x7f68fc034080 state=pending>>
2020-02-04 14:41:24.668 parsl.dataflow.dflow:452 [INFO]  Task 41 launched on executor login
2020-02-04 14:41:24.669 parsl.dataflow.dflow:484 [DEBUG]  Adding output dependencies
2020-02-04 14:41:24.669 parsl.dataflow.dflow:708 [INFO]  Task 42 submitted for App run_single_transcript, waiting on tasks []
2020-02-04 14:41:24.669 parsl.dataflow.dflow:714 [DEBUG]  Task 42 set to pending state with AppFuture: <AppFuture super=<AppFuture at 0x7f68fc034240 state=pending>>
2020-02-04 14:41:24.669 parsl.dataflow.dflow:452 [INFO]  Task 42 launched on executor login
2020-02-04 14:41:24.669 parsl.dataflow.dflow:484 [DEBUG]  Adding output dependencies
2020-02-04 14:41:24.669 parsl.dataflow.dflow:708 [INFO]  Task 43 submitted for App run_single_transcript, waiting on tasks []
2020-02-04 14:41:24.669 parsl.dataflow.dflow:714 [DEBUG]  Task 43 set to pending state with AppFuture: <AppFuture super=<AppFuture at 0x7f68fc034550 state=pending>>
2020-02-04 14:41:24.669 parsl.dataflow.dflow:452 [INFO]  Task 43 launched on executor login
2020-02-04 14:41:24.669 parsl.dataflow.dflow:484 [DEBUG]  Adding output dependencies
2020-02-04 14:41:24.669 parsl.dataflow.dflow:708 [INFO]  Task 44 submitted for App run_single_transcript, waiting on tasks []
2020-02-04 14:41:24.669 parsl.dataflow.dflow:714 [DEBUG]  Task 44 set to pending state with AppFuture: <AppFuture super=<AppFuture at 0x7f68fc034710 state=pending>>
2020-02-04 14:41:24.669 parsl.dataflow.dflow:452 [INFO]  Task 44 launched on executor login
2020-02-04 14:41:24.670 parsl.dataflow.dflow:484 [DEBUG]  Adding output dependencies
2020-02-04 14:41:24.670 parsl.dataflow.dflow:708 [INFO]  Task 45 submitted for App run_single_transcript, waiting on tasks []
2020-02-04 14:41:24.670 parsl.dataflow.dflow:714 [DEBUG]  Task 45 set to pending state with AppFuture: <AppFuture super=<AppFuture at 0x7f68fc0348d0 state=pending>>
2020-02-04 14:41:24.670 parsl.dataflow.dflow:452 [INFO]  Task 45 launched on executor login
2020-02-04 14:41:24.670 parsl.dataflow.dflow:484 [DEBUG]  Adding output dependencies
2020-02-04 14:41:24.670 parsl.dataflow.dflow:708 [INFO]  Task 46 submitted for App run_single_transcript, waiting on tasks []
2020-02-04 14:41:24.670 parsl.dataflow.dflow:714 [DEBUG]  Task 46 set to pending state with AppFuture: <AppFuture super=<AppFuture at 0x7f68fc034a90 state=pending>>
2020-02-04 14:41:24.670 parsl.dataflow.dflow:452 [INFO]  Task 46 launched on executor login
2020-02-04 14:41:24.670 parsl.dataflow.dflow:484 [DEBUG]  Adding output dependencies
2020-02-04 14:41:24.670 parsl.dataflow.dflow:708 [INFO]  Task 47 submitted for App run_single_transcript, waiting on tasks []
2020-02-04 14:41:24.670 parsl.dataflow.dflow:714 [DEBUG]  Task 47 set to pending state with AppFuture: <AppFuture super=<AppFuture at 0x7f68fc034c50 state=pending>>
2020-02-04 14:41:24.670 parsl.dataflow.dflow:452 [INFO]  Task 47 launched on executor login
2020-02-04 14:41:24.671 parsl.dataflow.dflow:484 [DEBUG]  Adding output dependencies
2020-02-04 14:41:24.671 parsl.dataflow.dflow:708 [INFO]  Task 48 submitted for App run_single_transcript, waiting on tasks []
2020-02-04 14:41:24.671 parsl.dataflow.dflow:714 [DEBUG]  Task 48 set to pending state with AppFuture: <AppFuture super=<AppFuture at 0x7f68fc034e10 state=pending>>
2020-02-04 14:41:24.671 parsl.dataflow.dflow:452 [INFO]  Task 48 launched on executor login
2020-02-04 14:41:24.671 parsl.dataflow.dflow:484 [DEBUG]  Adding output dependencies
2020-02-04 14:41:24.671 parsl.dataflow.dflow:708 [INFO]  Task 49 submitted for App run_single_transcript, waiting on tasks []
2020-02-04 14:41:24.671 parsl.dataflow.dflow:714 [DEBUG]  Task 49 set to pending state with AppFuture: <AppFuture super=<AppFuture at 0x7f68fc034fd0 state=pending>>
2020-02-04 14:41:24.671 parsl.dataflow.dflow:452 [INFO]  Task 49 launched on executor login
2020-02-04 14:41:24.671 parsl.dataflow.dflow:484 [DEBUG]  Adding output dependencies
2020-02-04 14:41:24.671 parsl.dataflow.dflow:708 [INFO]  Task 50 submitted for App run_single_transcript, waiting on tasks []
2020-02-04 14:41:24.671 parsl.dataflow.dflow:714 [DEBUG]  Task 50 set to pending state with AppFuture: <AppFuture super=<AppFuture at 0x7f68fc0401d0 state=pending>>
2020-02-04 14:41:24.671 parsl.dataflow.dflow:452 [INFO]  Task 50 launched on executor login
2020-02-04 14:41:24.671 parsl.dataflow.dflow:484 [DEBUG]  Adding output dependencies
2020-02-04 14:41:24.672 parsl.dataflow.dflow:708 [INFO]  Task 51 submitted for App run_single_transcript, waiting on tasks []
2020-02-04 14:41:24.672 parsl.dataflow.dflow:714 [DEBUG]  Task 51 set to pending state with AppFuture: <AppFuture super=<AppFuture at 0x7f68fc040390 state=pending>>
2020-02-04 14:41:24.672 parsl.dataflow.dflow:452 [INFO]  Task 51 launched on executor login
2020-02-04 14:41:24.672 parsl.dataflow.dflow:484 [DEBUG]  Adding output dependencies
2020-02-04 14:41:24.672 parsl.dataflow.dflow:708 [INFO]  Task 52 submitted for App run_single_transcript, waiting on tasks []
2020-02-04 14:41:24.672 parsl.dataflow.dflow:714 [DEBUG]  Task 52 set to pending state with AppFuture: <AppFuture super=<AppFuture at 0x7f68fc040550 state=pending>>
2020-02-04 14:41:24.672 parsl.dataflow.dflow:452 [INFO]  Task 52 launched on executor login
2020-02-04 14:41:24.672 parsl.dataflow.dflow:484 [DEBUG]  Adding output dependencies
2020-02-04 14:41:24.672 parsl.dataflow.dflow:708 [INFO]  Task 53 submitted for App run_single_transcript, waiting on tasks []
2020-02-04 14:41:24.672 parsl.dataflow.dflow:714 [DEBUG]  Task 53 set to pending state with AppFuture: <AppFuture super=<AppFuture at 0x7f68fc040710 state=pending>>
2020-02-04 14:41:24.672 parsl.dataflow.dflow:452 [INFO]  Task 53 launched on executor login
2020-02-04 14:41:24.672 parsl.dataflow.dflow:484 [DEBUG]  Adding output dependencies
2020-02-04 14:41:24.672 parsl.dataflow.dflow:708 [INFO]  Task 54 submitted for App run_single_transcript, waiting on tasks []
2020-02-04 14:41:24.673 parsl.dataflow.dflow:714 [DEBUG]  Task 54 set to pending state with AppFuture: <AppFuture super=<AppFuture at 0x7f68fc0408d0 state=pending>>
2020-02-04 14:41:24.673 parsl.dataflow.dflow:452 [INFO]  Task 54 launched on executor login
2020-02-04 14:41:24.673 parsl.dataflow.dflow:484 [DEBUG]  Adding output dependencies
2020-02-04 14:41:24.673 parsl.dataflow.dflow:708 [INFO]  Task 55 submitted for App run_single_transcript, waiting on tasks []
2020-02-04 14:41:24.673 parsl.dataflow.dflow:714 [DEBUG]  Task 55 set to pending state with AppFuture: <AppFuture super=<AppFuture at 0x7f68fc040a90 state=pending>>
2020-02-04 14:41:24.673 parsl.dataflow.dflow:452 [INFO]  Task 55 launched on executor login
2020-02-04 14:41:24.673 parsl.dataflow.dflow:484 [DEBUG]  Adding output dependencies
2020-02-04 14:41:24.673 parsl.dataflow.dflow:708 [INFO]  Task 56 submitted for App run_single_transcript, waiting on tasks []
2020-02-04 14:41:24.673 parsl.dataflow.dflow:714 [DEBUG]  Task 56 set to pending state with AppFuture: <AppFuture super=<AppFuture at 0x7f68fc040c50 state=pending>>
2020-02-04 14:41:24.673 parsl.dataflow.dflow:452 [INFO]  Task 56 launched on executor login
2020-02-04 14:41:24.673 parsl.dataflow.dflow:484 [DEBUG]  Adding output dependencies
2020-02-04 14:41:24.673 parsl.dataflow.dflow:708 [INFO]  Task 57 submitted for App run_single_transcript, waiting on tasks []
2020-02-04 14:41:24.674 parsl.dataflow.dflow:714 [DEBUG]  Task 57 set to pending state with AppFuture: <AppFuture super=<AppFuture at 0x7f68fc040e10 state=pending>>
2020-02-04 14:41:24.674 parsl.dataflow.dflow:452 [INFO]  Task 57 launched on executor login
2020-02-04 14:41:24.674 parsl.dataflow.dflow:484 [DEBUG]  Adding output dependencies
2020-02-04 14:41:24.674 parsl.dataflow.dflow:708 [INFO]  Task 58 submitted for App run_single_transcript, waiting on tasks []
2020-02-04 14:41:24.674 parsl.dataflow.dflow:714 [DEBUG]  Task 58 set to pending state with AppFuture: <AppFuture super=<AppFuture at 0x7f68fc040fd0 state=pending>>
2020-02-04 14:41:24.674 parsl.dataflow.dflow:452 [INFO]  Task 58 launched on executor login
2020-02-04 14:41:24.674 parsl.dataflow.dflow:484 [DEBUG]  Adding output dependencies
2020-02-04 14:41:24.674 parsl.dataflow.dflow:708 [INFO]  Task 59 submitted for App run_single_transcript, waiting on tasks []
2020-02-04 14:41:24.674 parsl.dataflow.dflow:714 [DEBUG]  Task 59 set to pending state with AppFuture: <AppFuture super=<AppFuture at 0x7f68fc04a1d0 state=pending>>
2020-02-04 14:41:24.674 parsl.dataflow.dflow:452 [INFO]  Task 59 launched on executor login
2020-02-04 14:41:24.674 parsl.dataflow.dflow:484 [DEBUG]  Adding output dependencies
2020-02-04 14:41:24.675 parsl.dataflow.dflow:708 [INFO]  Task 60 submitted for App run_single_transcript, waiting on tasks []
2020-02-04 14:41:24.675 parsl.dataflow.dflow:714 [DEBUG]  Task 60 set to pending state with AppFuture: <AppFuture super=<AppFuture at 0x7f68fc04a390 state=pending>>
2020-02-04 14:41:24.675 parsl.dataflow.dflow:452 [INFO]  Task 60 launched on executor login
2020-02-04 14:41:24.675 parsl.dataflow.dflow:484 [DEBUG]  Adding output dependencies
2020-02-04 14:41:24.675 parsl.dataflow.dflow:708 [INFO]  Task 61 submitted for App run_single_transcript, waiting on tasks []
2020-02-04 14:41:24.675 parsl.dataflow.dflow:714 [DEBUG]  Task 61 set to pending state with AppFuture: <AppFuture super=<AppFuture at 0x7f68fc04a550 state=pending>>
2020-02-04 14:41:24.675 parsl.dataflow.dflow:452 [INFO]  Task 61 launched on executor login
2020-02-04 14:41:24.675 parsl.dataflow.dflow:484 [DEBUG]  Adding output dependencies
2020-02-04 14:41:24.675 parsl.dataflow.dflow:708 [INFO]  Task 62 submitted for App run_single_transcript, waiting on tasks []
2020-02-04 14:41:24.675 parsl.dataflow.dflow:714 [DEBUG]  Task 62 set to pending state with AppFuture: <AppFuture super=<AppFuture at 0x7f68fc04a710 state=pending>>
2020-02-04 14:41:24.675 parsl.dataflow.dflow:452 [INFO]  Task 62 launched on executor login
2020-02-04 14:41:24.675 parsl.dataflow.dflow:484 [DEBUG]  Adding output dependencies
2020-02-04 14:41:24.675 parsl.dataflow.dflow:708 [INFO]  Task 63 submitted for App run_single_transcript, waiting on tasks []
2020-02-04 14:41:24.676 parsl.dataflow.dflow:714 [DEBUG]  Task 63 set to pending state with AppFuture: <AppFuture super=<AppFuture at 0x7f68fc04a8d0 state=pending>>
2020-02-04 14:41:24.676 parsl.dataflow.dflow:452 [INFO]  Task 63 launched on executor login
2020-02-04 14:41:24.676 parsl.dataflow.dflow:484 [DEBUG]  Adding output dependencies
2020-02-04 14:41:24.676 parsl.dataflow.dflow:708 [INFO]  Task 64 submitted for App run_single_transcript, waiting on tasks []
2020-02-04 14:41:24.676 parsl.dataflow.dflow:714 [DEBUG]  Task 64 set to pending state with AppFuture: <AppFuture super=<AppFuture at 0x7f68fc04aa90 state=pending>>
2020-02-04 14:41:24.676 parsl.dataflow.dflow:452 [INFO]  Task 64 launched on executor login
2020-02-04 14:41:24.676 parsl.dataflow.dflow:484 [DEBUG]  Adding output dependencies
2020-02-04 14:41:24.676 parsl.dataflow.dflow:708 [INFO]  Task 65 submitted for App run_single_transcript, waiting on tasks []
2020-02-04 14:41:24.676 parsl.dataflow.dflow:714 [DEBUG]  Task 65 set to pending state with AppFuture: <AppFuture super=<AppFuture at 0x7f68fc04ac50 state=pending>>
2020-02-04 14:41:24.676 parsl.dataflow.dflow:452 [INFO]  Task 65 launched on executor login
2020-02-04 14:41:24.676 parsl.dataflow.dflow:484 [DEBUG]  Adding output dependencies
2020-02-04 14:41:24.676 parsl.dataflow.dflow:708 [INFO]  Task 66 submitted for App run_single_transcript, waiting on tasks []
2020-02-04 14:41:24.677 parsl.dataflow.dflow:714 [DEBUG]  Task 66 set to pending state with AppFuture: <AppFuture super=<AppFuture at 0x7f68fc04ae10 state=pending>>
2020-02-04 14:41:24.677 parsl.dataflow.dflow:452 [INFO]  Task 66 launched on executor login
2020-02-04 14:41:24.677 parsl.dataflow.dflow:484 [DEBUG]  Adding output dependencies
2020-02-04 14:41:24.677 parsl.dataflow.dflow:708 [INFO]  Task 67 submitted for App run_single_transcript, waiting on tasks []
2020-02-04 14:41:24.677 parsl.dataflow.dflow:714 [DEBUG]  Task 67 set to pending state with AppFuture: <AppFuture super=<AppFuture at 0x7f68fc04afd0 state=pending>>
2020-02-04 14:41:24.677 parsl.dataflow.dflow:452 [INFO]  Task 67 launched on executor login
2020-02-04 14:41:24.677 parsl.dataflow.dflow:484 [DEBUG]  Adding output dependencies
2020-02-04 14:41:24.677 parsl.dataflow.dflow:708 [INFO]  Task 68 submitted for App run_single_transcript, waiting on tasks []
2020-02-04 14:41:24.677 parsl.dataflow.dflow:714 [DEBUG]  Task 68 set to pending state with AppFuture: <AppFuture super=<AppFuture at 0x7f68fc0531d0 state=pending>>
2020-02-04 14:41:24.677 parsl.dataflow.dflow:452 [INFO]  Task 68 launched on executor login
2020-02-04 14:41:24.677 parsl.dataflow.dflow:484 [DEBUG]  Adding output dependencies
2020-02-04 14:41:24.677 parsl.dataflow.dflow:708 [INFO]  Task 69 submitted for App run_single_transcript, waiting on tasks []
2020-02-04 14:41:24.677 parsl.dataflow.dflow:714 [DEBUG]  Task 69 set to pending state with AppFuture: <AppFuture super=<AppFuture at 0x7f68fc053390 state=pending>>
2020-02-04 14:41:24.678 parsl.dataflow.dflow:452 [INFO]  Task 69 launched on executor login
2020-02-04 14:41:24.678 parsl.dataflow.dflow:484 [DEBUG]  Adding output dependencies
2020-02-04 14:41:24.678 parsl.dataflow.dflow:708 [INFO]  Task 70 submitted for App run_single_transcript, waiting on tasks []
2020-02-04 14:41:24.678 parsl.dataflow.dflow:714 [DEBUG]  Task 70 set to pending state with AppFuture: <AppFuture super=<AppFuture at 0x7f68fc053550 state=pending>>
2020-02-04 14:41:24.678 parsl.dataflow.dflow:452 [INFO]  Task 70 launched on executor login
2020-02-04 14:41:24.678 parsl.dataflow.dflow:484 [DEBUG]  Adding output dependencies
2020-02-04 14:41:24.678 parsl.dataflow.dflow:708 [INFO]  Task 71 submitted for App run_single_transcript, waiting on tasks []
2020-02-04 14:41:24.678 parsl.dataflow.dflow:714 [DEBUG]  Task 71 set to pending state with AppFuture: <AppFuture super=<AppFuture at 0x7f68fc053710 state=pending>>
2020-02-04 14:41:24.678 parsl.dataflow.dflow:452 [INFO]  Task 71 launched on executor login
2020-02-04 14:41:24.678 parsl.dataflow.dflow:484 [DEBUG]  Adding output dependencies
2020-02-04 14:41:24.678 parsl.dataflow.dflow:708 [INFO]  Task 72 submitted for App run_single_transcript, waiting on tasks []
2020-02-04 14:41:24.678 parsl.dataflow.dflow:714 [DEBUG]  Task 72 set to pending state with AppFuture: <AppFuture super=<AppFuture at 0x7f68fc0538d0 state=pending>>
2020-02-04 14:41:24.678 parsl.dataflow.dflow:452 [INFO]  Task 72 launched on executor login
2020-02-04 14:41:24.679 parsl.dataflow.dflow:484 [DEBUG]  Adding output dependencies
2020-02-04 14:41:24.679 parsl.dataflow.dflow:708 [INFO]  Task 73 submitted for App run_single_transcript, waiting on tasks []
2020-02-04 14:41:24.679 parsl.dataflow.dflow:714 [DEBUG]  Task 73 set to pending state with AppFuture: <AppFuture super=<AppFuture at 0x7f68fc053a90 state=pending>>
2020-02-04 14:41:24.679 parsl.dataflow.dflow:452 [INFO]  Task 73 launched on executor login
2020-02-04 14:41:24.679 parsl.dataflow.dflow:484 [DEBUG]  Adding output dependencies
2020-02-04 14:41:24.679 parsl.dataflow.dflow:708 [INFO]  Task 74 submitted for App run_single_transcript, waiting on tasks []
2020-02-04 14:41:24.679 parsl.dataflow.dflow:714 [DEBUG]  Task 74 set to pending state with AppFuture: <AppFuture super=<AppFuture at 0x7f68fc053c50 state=pending>>
2020-02-04 14:41:24.679 parsl.dataflow.dflow:452 [INFO]  Task 74 launched on executor login
2020-02-04 14:41:24.679 parsl.dataflow.dflow:484 [DEBUG]  Adding output dependencies
2020-02-04 14:41:24.679 parsl.dataflow.dflow:708 [INFO]  Task 75 submitted for App run_single_transcript, waiting on tasks []
2020-02-04 14:41:24.679 parsl.dataflow.dflow:714 [DEBUG]  Task 75 set to pending state with AppFuture: <AppFuture super=<AppFuture at 0x7f68fc053e10 state=pending>>
2020-02-04 14:41:24.680 parsl.dataflow.dflow:452 [INFO]  Task 75 launched on executor login
2020-02-04 14:41:24.680 parsl.dataflow.dflow:484 [DEBUG]  Adding output dependencies
2020-02-04 14:41:24.680 parsl.dataflow.dflow:708 [INFO]  Task 76 submitted for App run_single_transcript, waiting on tasks []
2020-02-04 14:41:24.680 parsl.dataflow.dflow:714 [DEBUG]  Task 76 set to pending state with AppFuture: <AppFuture super=<AppFuture at 0x7f68fc053fd0 state=pending>>
2020-02-04 14:41:24.680 parsl.dataflow.dflow:452 [INFO]  Task 76 launched on executor login
2020-02-04 14:41:24.680 parsl.dataflow.dflow:484 [DEBUG]  Adding output dependencies
2020-02-04 14:41:24.680 parsl.dataflow.dflow:708 [INFO]  Task 77 submitted for App run_single_transcript, waiting on tasks []
2020-02-04 14:41:24.680 parsl.dataflow.dflow:714 [DEBUG]  Task 77 set to pending state with AppFuture: <AppFuture super=<AppFuture at 0x7f68e47bb1d0 state=pending>>
2020-02-04 14:41:24.680 parsl.dataflow.dflow:452 [INFO]  Task 77 launched on executor login
2020-02-04 14:41:24.680 parsl.dataflow.dflow:484 [DEBUG]  Adding output dependencies
2020-02-04 14:41:24.680 parsl.dataflow.dflow:708 [INFO]  Task 78 submitted for App run_single_transcript, waiting on tasks []
2020-02-04 14:41:24.680 parsl.dataflow.dflow:714 [DEBUG]  Task 78 set to pending state with AppFuture: <AppFuture super=<AppFuture at 0x7f68e47bb390 state=pending>>
2020-02-04 14:41:24.680 parsl.dataflow.dflow:452 [INFO]  Task 78 launched on executor login
2020-02-04 14:41:24.681 parsl.dataflow.dflow:484 [DEBUG]  Adding output dependencies
2020-02-04 14:41:24.681 parsl.dataflow.dflow:708 [INFO]  Task 79 submitted for App run_single_transcript, waiting on tasks []
2020-02-04 14:41:24.681 parsl.dataflow.dflow:714 [DEBUG]  Task 79 set to pending state with AppFuture: <AppFuture super=<AppFuture at 0x7f68e47bb550 state=pending>>
2020-02-04 14:41:24.681 parsl.dataflow.dflow:452 [INFO]  Task 79 launched on executor login
2020-02-04 14:41:24.681 parsl.dataflow.dflow:484 [DEBUG]  Adding output dependencies
2020-02-04 14:41:24.681 parsl.dataflow.dflow:708 [INFO]  Task 80 submitted for App run_single_transcript, waiting on tasks []
2020-02-04 14:41:24.681 parsl.dataflow.dflow:714 [DEBUG]  Task 80 set to pending state with AppFuture: <AppFuture super=<AppFuture at 0x7f68e47bb710 state=pending>>
2020-02-04 14:41:24.681 parsl.dataflow.dflow:452 [INFO]  Task 80 launched on executor login
2020-02-04 14:41:24.681 parsl.dataflow.dflow:484 [DEBUG]  Adding output dependencies
2020-02-04 14:41:24.681 parsl.dataflow.dflow:708 [INFO]  Task 81 submitted for App run_single_transcript, waiting on tasks []
2020-02-04 14:41:24.681 parsl.dataflow.dflow:714 [DEBUG]  Task 81 set to pending state with AppFuture: <AppFuture super=<AppFuture at 0x7f68e47bb8d0 state=pending>>
2020-02-04 14:41:24.681 parsl.dataflow.dflow:452 [INFO]  Task 81 launched on executor login
2020-02-04 14:41:24.681 parsl.dataflow.dflow:484 [DEBUG]  Adding output dependencies
2020-02-04 14:41:24.682 parsl.dataflow.dflow:708 [INFO]  Task 82 submitted for App run_single_transcript, waiting on tasks []
2020-02-04 14:41:24.682 parsl.dataflow.dflow:714 [DEBUG]  Task 82 set to pending state with AppFuture: <AppFuture super=<AppFuture at 0x7f68e47bba90 state=pending>>
2020-02-04 14:41:24.682 parsl.dataflow.dflow:452 [INFO]  Task 82 launched on executor login
2020-02-04 14:41:24.682 parsl.dataflow.dflow:484 [DEBUG]  Adding output dependencies
2020-02-04 14:41:24.682 parsl.dataflow.dflow:708 [INFO]  Task 83 submitted for App run_single_transcript, waiting on tasks []
2020-02-04 14:41:24.682 parsl.dataflow.dflow:714 [DEBUG]  Task 83 set to pending state with AppFuture: <AppFuture super=<AppFuture at 0x7f68e47bbc50 state=pending>>
2020-02-04 14:41:24.682 parsl.dataflow.dflow:452 [INFO]  Task 83 launched on executor login
2020-02-04 14:41:24.682 parsl.dataflow.dflow:484 [DEBUG]  Adding output dependencies
2020-02-04 14:41:24.682 parsl.dataflow.dflow:708 [INFO]  Task 84 submitted for App run_single_transcript, waiting on tasks []
2020-02-04 14:41:24.682 parsl.dataflow.dflow:714 [DEBUG]  Task 84 set to pending state with AppFuture: <AppFuture super=<AppFuture at 0x7f68e47bbe10 state=pending>>
2020-02-04 14:41:24.682 parsl.dataflow.dflow:452 [INFO]  Task 84 launched on executor login
2020-02-04 14:41:24.682 parsl.dataflow.dflow:484 [DEBUG]  Adding output dependencies
2020-02-04 14:41:24.682 parsl.dataflow.dflow:708 [INFO]  Task 85 submitted for App run_single_transcript, waiting on tasks []
2020-02-04 14:41:24.683 parsl.dataflow.dflow:714 [DEBUG]  Task 85 set to pending state with AppFuture: <AppFuture super=<AppFuture at 0x7f68e47bbfd0 state=pending>>
2020-02-04 14:41:24.683 parsl.dataflow.dflow:452 [INFO]  Task 85 launched on executor login
2020-02-04 14:41:24.683 parsl.dataflow.dflow:484 [DEBUG]  Adding output dependencies
2020-02-04 14:41:24.683 parsl.dataflow.dflow:708 [INFO]  Task 86 submitted for App run_single_transcript, waiting on tasks []
2020-02-04 14:41:24.683 parsl.dataflow.dflow:714 [DEBUG]  Task 86 set to pending state with AppFuture: <AppFuture super=<AppFuture at 0x7f68e47c71d0 state=pending>>
2020-02-04 14:41:24.683 parsl.dataflow.dflow:452 [INFO]  Task 86 launched on executor login
2020-02-04 14:41:24.683 parsl.dataflow.dflow:484 [DEBUG]  Adding output dependencies
2020-02-04 14:41:24.683 parsl.dataflow.dflow:708 [INFO]  Task 87 submitted for App run_single_transcript, waiting on tasks []
2020-02-04 14:41:24.683 parsl.dataflow.dflow:714 [DEBUG]  Task 87 set to pending state with AppFuture: <AppFuture super=<AppFuture at 0x7f68e47c7390 state=pending>>
2020-02-04 14:41:24.683 parsl.dataflow.dflow:452 [INFO]  Task 87 launched on executor login
2020-02-04 14:41:24.683 parsl.dataflow.dflow:484 [DEBUG]  Adding output dependencies
2020-02-04 14:41:24.683 parsl.dataflow.dflow:708 [INFO]  Task 88 submitted for App run_single_transcript, waiting on tasks []
2020-02-04 14:41:24.683 parsl.dataflow.dflow:714 [DEBUG]  Task 88 set to pending state with AppFuture: <AppFuture super=<AppFuture at 0x7f68e47c7550 state=pending>>
2020-02-04 14:41:24.684 parsl.dataflow.dflow:452 [INFO]  Task 88 launched on executor login
2020-02-04 14:41:24.684 parsl.dataflow.dflow:484 [DEBUG]  Adding output dependencies
2020-02-04 14:41:24.684 parsl.dataflow.dflow:708 [INFO]  Task 89 submitted for App run_single_transcript, waiting on tasks []
2020-02-04 14:41:24.684 parsl.dataflow.dflow:714 [DEBUG]  Task 89 set to pending state with AppFuture: <AppFuture super=<AppFuture at 0x7f68e47c7710 state=pending>>
2020-02-04 14:41:24.684 parsl.dataflow.dflow:452 [INFO]  Task 89 launched on executor login
2020-02-04 14:41:24.684 parsl.dataflow.dflow:484 [DEBUG]  Adding output dependencies
2020-02-04 14:41:24.684 parsl.dataflow.dflow:708 [INFO]  Task 90 submitted for App run_single_transcript, waiting on tasks []
2020-02-04 14:41:24.684 parsl.dataflow.dflow:714 [DEBUG]  Task 90 set to pending state with AppFuture: <AppFuture super=<AppFuture at 0x7f68e47c78d0 state=pending>>
2020-02-04 14:41:24.684 parsl.dataflow.dflow:452 [INFO]  Task 90 launched on executor login
2020-02-04 14:41:24.684 parsl.dataflow.dflow:484 [DEBUG]  Adding output dependencies
2020-02-04 14:41:24.684 parsl.dataflow.dflow:708 [INFO]  Task 91 submitted for App run_single_transcript, waiting on tasks []
2020-02-04 14:41:24.684 parsl.dataflow.dflow:714 [DEBUG]  Task 91 set to pending state with AppFuture: <AppFuture super=<AppFuture at 0x7f68e47c7a90 state=pending>>
2020-02-04 14:41:24.685 parsl.dataflow.dflow:452 [INFO]  Task 91 launched on executor login
2020-02-04 14:41:24.685 parsl.dataflow.dflow:484 [DEBUG]  Adding output dependencies
2020-02-04 14:41:24.685 parsl.dataflow.dflow:708 [INFO]  Task 92 submitted for App run_single_transcript, waiting on tasks []
2020-02-04 14:41:24.685 parsl.dataflow.dflow:714 [DEBUG]  Task 92 set to pending state with AppFuture: <AppFuture super=<AppFuture at 0x7f68e47c7c50 state=pending>>
2020-02-04 14:41:24.685 parsl.dataflow.dflow:452 [INFO]  Task 92 launched on executor login
2020-02-04 14:41:24.685 parsl.dataflow.dflow:484 [DEBUG]  Adding output dependencies
2020-02-04 14:41:24.685 parsl.dataflow.dflow:708 [INFO]  Task 93 submitted for App run_single_transcript, waiting on tasks []
2020-02-04 14:41:24.685 parsl.dataflow.dflow:714 [DEBUG]  Task 93 set to pending state with AppFuture: <AppFuture super=<AppFuture at 0x7f68e47c7e10 state=pending>>
2020-02-04 14:41:24.685 parsl.dataflow.dflow:452 [INFO]  Task 93 launched on executor login
2020-02-04 14:41:24.685 parsl.dataflow.dflow:484 [DEBUG]  Adding output dependencies
2020-02-04 14:41:24.685 parsl.dataflow.dflow:708 [INFO]  Task 94 submitted for App run_single_transcript, waiting on tasks []
2020-02-04 14:41:24.685 parsl.dataflow.dflow:714 [DEBUG]  Task 94 set to pending state with AppFuture: <AppFuture super=<AppFuture at 0x7f68e47c7fd0 state=pending>>
2020-02-04 14:41:24.685 parsl.dataflow.dflow:452 [INFO]  Task 94 launched on executor login
2020-02-04 14:41:24.686 parsl.dataflow.dflow:484 [DEBUG]  Adding output dependencies
2020-02-04 14:41:24.686 parsl.dataflow.dflow:708 [INFO]  Task 95 submitted for App run_single_transcript, waiting on tasks []
2020-02-04 14:41:24.686 parsl.dataflow.dflow:714 [DEBUG]  Task 95 set to pending state with AppFuture: <AppFuture super=<AppFuture at 0x7f68e47d21d0 state=pending>>
2020-02-04 14:41:24.686 parsl.dataflow.dflow:452 [INFO]  Task 95 launched on executor login
2020-02-04 14:41:24.686 parsl.dataflow.dflow:484 [DEBUG]  Adding output dependencies
2020-02-04 14:41:24.686 parsl.dataflow.dflow:708 [INFO]  Task 96 submitted for App run_single_transcript, waiting on tasks []
2020-02-04 14:41:24.686 parsl.dataflow.dflow:714 [DEBUG]  Task 96 set to pending state with AppFuture: <AppFuture super=<AppFuture at 0x7f68e47d2390 state=pending>>
2020-02-04 14:41:24.686 parsl.dataflow.dflow:452 [INFO]  Task 96 launched on executor login
2020-02-04 14:41:24.686 parsl.dataflow.dflow:484 [DEBUG]  Adding output dependencies
2020-02-04 14:41:24.686 parsl.dataflow.dflow:708 [INFO]  Task 97 submitted for App run_single_transcript, waiting on tasks []
2020-02-04 14:41:24.686 parsl.dataflow.dflow:714 [DEBUG]  Task 97 set to pending state with AppFuture: <AppFuture super=<AppFuture at 0x7f68e47d2550 state=pending>>
2020-02-04 14:41:24.686 parsl.dataflow.dflow:452 [INFO]  Task 97 launched on executor login
2020-02-04 14:41:24.686 parsl.dataflow.dflow:484 [DEBUG]  Adding output dependencies
2020-02-04 14:41:24.686 parsl.dataflow.dflow:708 [INFO]  Task 98 submitted for App run_single_transcript, waiting on tasks []
2020-02-04 14:41:24.687 parsl.dataflow.dflow:714 [DEBUG]  Task 98 set to pending state with AppFuture: <AppFuture super=<AppFuture at 0x7f68e47d2710 state=pending>>
2020-02-04 14:41:24.687 parsl.dataflow.dflow:452 [INFO]  Task 98 launched on executor login
2020-02-04 14:41:24.687 parsl.dataflow.dflow:484 [DEBUG]  Adding output dependencies
2020-02-04 14:41:24.687 parsl.dataflow.dflow:708 [INFO]  Task 99 submitted for App run_single_transcript, waiting on tasks []
2020-02-04 14:41:24.687 parsl.dataflow.dflow:714 [DEBUG]  Task 99 set to pending state with AppFuture: <AppFuture super=<AppFuture at 0x7f68e47d28d0 state=pending>>
2020-02-04 14:41:24.687 parsl.dataflow.dflow:452 [INFO]  Task 99 launched on executor login
2020-02-04 14:41:24.687 parsl.dataflow.dflow:484 [DEBUG]  Adding output dependencies
2020-02-04 14:41:24.687 parsl.dataflow.dflow:708 [INFO]  Task 100 submitted for App run_single_transcript, waiting on tasks []
2020-02-04 14:41:24.687 parsl.dataflow.dflow:714 [DEBUG]  Task 100 set to pending state with AppFuture: <AppFuture super=<AppFuture at 0x7f68e47d2a90 state=pending>>
2020-02-04 14:41:24.687 parsl.dataflow.dflow:452 [INFO]  Task 100 launched on executor login
2020-02-04 14:41:24.687 parsl.dataflow.dflow:484 [DEBUG]  Adding output dependencies
2020-02-04 14:41:24.687 parsl.dataflow.dflow:708 [INFO]  Task 101 submitted for App run_single_transcript, waiting on tasks []
2020-02-04 14:41:24.687 parsl.dataflow.dflow:714 [DEBUG]  Task 101 set to pending state with AppFuture: <AppFuture super=<AppFuture at 0x7f68e47d2c50 state=pending>>
2020-02-04 14:41:24.688 parsl.dataflow.dflow:452 [INFO]  Task 101 launched on executor login
2020-02-04 14:41:24.688 parsl.dataflow.dflow:484 [DEBUG]  Adding output dependencies
2020-02-04 14:41:24.688 parsl.dataflow.dflow:708 [INFO]  Task 102 submitted for App run_single_transcript, waiting on tasks []
2020-02-04 14:41:24.688 parsl.dataflow.dflow:714 [DEBUG]  Task 102 set to pending state with AppFuture: <AppFuture super=<AppFuture at 0x7f68e47d2e10 state=pending>>
2020-02-04 14:41:24.688 parsl.dataflow.dflow:452 [INFO]  Task 102 launched on executor login
2020-02-04 14:41:24.688 parsl.dataflow.dflow:484 [DEBUG]  Adding output dependencies
2020-02-04 14:41:24.688 parsl.dataflow.dflow:708 [INFO]  Task 103 submitted for App run_single_transcript, waiting on tasks []
2020-02-04 14:41:24.688 parsl.dataflow.dflow:714 [DEBUG]  Task 103 set to pending state with AppFuture: <AppFuture super=<AppFuture at 0x7f68e47d2fd0 state=pending>>
2020-02-04 14:41:24.688 parsl.dataflow.dflow:452 [INFO]  Task 103 launched on executor login
2020-02-04 14:41:24.688 parsl.dataflow.dflow:484 [DEBUG]  Adding output dependencies
2020-02-04 14:41:24.688 parsl.dataflow.dflow:708 [INFO]  Task 104 submitted for App run_single_transcript, waiting on tasks []
2020-02-04 14:41:24.688 parsl.dataflow.dflow:714 [DEBUG]  Task 104 set to pending state with AppFuture: <AppFuture super=<AppFuture at 0x7f68e47dd1d0 state=pending>>
2020-02-04 14:41:24.689 parsl.dataflow.dflow:452 [INFO]  Task 104 launched on executor login
2020-02-04 14:41:24.689 parsl.dataflow.dflow:484 [DEBUG]  Adding output dependencies
2020-02-04 14:41:24.689 parsl.dataflow.dflow:708 [INFO]  Task 105 submitted for App run_single_transcript, waiting on tasks []
2020-02-04 14:41:24.689 parsl.dataflow.dflow:714 [DEBUG]  Task 105 set to pending state with AppFuture: <AppFuture super=<AppFuture at 0x7f68e47dd390 state=pending>>
2020-02-04 14:41:24.689 parsl.dataflow.dflow:452 [INFO]  Task 105 launched on executor login
2020-02-04 14:41:24.689 parsl.dataflow.dflow:484 [DEBUG]  Adding output dependencies
2020-02-04 14:41:24.689 parsl.dataflow.dflow:708 [INFO]  Task 106 submitted for App run_single_transcript, waiting on tasks []
2020-02-04 14:41:24.689 parsl.dataflow.dflow:714 [DEBUG]  Task 106 set to pending state with AppFuture: <AppFuture super=<AppFuture at 0x7f68e47dd550 state=pending>>
2020-02-04 14:41:24.689 parsl.dataflow.dflow:452 [INFO]  Task 106 launched on executor login
2020-02-04 14:41:24.689 parsl.dataflow.dflow:484 [DEBUG]  Adding output dependencies
2020-02-04 14:41:24.689 parsl.dataflow.dflow:708 [INFO]  Task 107 submitted for App run_single_transcript, waiting on tasks []
2020-02-04 14:41:24.689 parsl.dataflow.dflow:714 [DEBUG]  Task 107 set to pending state with AppFuture: <AppFuture super=<AppFuture at 0x7f68e47dd710 state=pending>>
2020-02-04 14:41:24.689 parsl.dataflow.dflow:452 [INFO]  Task 107 launched on executor login
2020-02-04 14:41:24.690 parsl.dataflow.dflow:484 [DEBUG]  Adding output dependencies
2020-02-04 14:41:24.690 parsl.dataflow.dflow:708 [INFO]  Task 108 submitted for App run_single_transcript, waiting on tasks []
2020-02-04 14:41:24.690 parsl.dataflow.dflow:714 [DEBUG]  Task 108 set to pending state with AppFuture: <AppFuture super=<AppFuture at 0x7f68e47dd8d0 state=pending>>
2020-02-04 14:41:24.690 parsl.dataflow.dflow:452 [INFO]  Task 108 launched on executor login
2020-02-04 14:41:24.690 parsl.dataflow.dflow:484 [DEBUG]  Adding output dependencies
2020-02-04 14:41:24.690 parsl.dataflow.dflow:708 [INFO]  Task 109 submitted for App run_single_transcript, waiting on tasks []
2020-02-04 14:41:24.690 parsl.dataflow.dflow:714 [DEBUG]  Task 109 set to pending state with AppFuture: <AppFuture super=<AppFuture at 0x7f68e47dda90 state=pending>>
2020-02-04 14:41:24.690 parsl.dataflow.dflow:452 [INFO]  Task 109 launched on executor login
2020-02-04 14:41:24.690 parsl.dataflow.dflow:484 [DEBUG]  Adding output dependencies
2020-02-04 14:41:24.690 parsl.dataflow.dflow:708 [INFO]  Task 110 submitted for App run_single_transcript, waiting on tasks []
2020-02-04 14:41:24.690 parsl.dataflow.dflow:714 [DEBUG]  Task 110 set to pending state with AppFuture: <AppFuture super=<AppFuture at 0x7f68e47ddc50 state=pending>>
2020-02-04 14:41:24.690 parsl.dataflow.dflow:452 [INFO]  Task 110 launched on executor login
2020-02-04 14:41:24.691 parsl.dataflow.dflow:484 [DEBUG]  Adding output dependencies
2020-02-04 14:41:24.691 parsl.dataflow.dflow:708 [INFO]  Task 111 submitted for App run_single_transcript, waiting on tasks []
2020-02-04 14:41:24.691 parsl.dataflow.dflow:714 [DEBUG]  Task 111 set to pending state with AppFuture: <AppFuture super=<AppFuture at 0x7f68e47dde10 state=pending>>
2020-02-04 14:41:24.691 parsl.dataflow.dflow:452 [INFO]  Task 111 launched on executor login
2020-02-04 14:41:24.691 parsl.dataflow.dflow:484 [DEBUG]  Adding output dependencies
2020-02-04 14:41:24.691 parsl.dataflow.dflow:708 [INFO]  Task 112 submitted for App run_single_transcript, waiting on tasks []
2020-02-04 14:41:24.691 parsl.dataflow.dflow:714 [DEBUG]  Task 112 set to pending state with AppFuture: <AppFuture super=<AppFuture at 0x7f68e47ddfd0 state=pending>>
2020-02-04 14:41:24.691 parsl.dataflow.dflow:452 [INFO]  Task 112 launched on executor login
2020-02-04 14:41:24.691 parsl.dataflow.dflow:484 [DEBUG]  Adding output dependencies
2020-02-04 14:41:24.691 parsl.dataflow.dflow:708 [INFO]  Task 113 submitted for App run_single_transcript, waiting on tasks []
2020-02-04 14:41:24.691 parsl.dataflow.dflow:714 [DEBUG]  Task 113 set to pending state with AppFuture: <AppFuture super=<AppFuture at 0x7f68e47e71d0 state=pending>>
2020-02-04 14:41:24.691 parsl.dataflow.dflow:452 [INFO]  Task 113 launched on executor login
2020-02-04 14:41:24.691 parsl.dataflow.dflow:484 [DEBUG]  Adding output dependencies
2020-02-04 14:41:24.692 parsl.dataflow.dflow:708 [INFO]  Task 114 submitted for App run_single_transcript, waiting on tasks []
2020-02-04 14:41:24.692 parsl.dataflow.dflow:714 [DEBUG]  Task 114 set to pending state with AppFuture: <AppFuture super=<AppFuture at 0x7f68e47e7390 state=pending>>
2020-02-04 14:41:24.692 parsl.dataflow.dflow:452 [INFO]  Task 114 launched on executor login
2020-02-04 14:41:24.692 parsl.dataflow.dflow:484 [DEBUG]  Adding output dependencies
2020-02-04 14:41:24.692 parsl.dataflow.dflow:708 [INFO]  Task 115 submitted for App run_single_transcript, waiting on tasks []
2020-02-04 14:41:24.692 parsl.dataflow.dflow:714 [DEBUG]  Task 115 set to pending state with AppFuture: <AppFuture super=<AppFuture at 0x7f68e47e7550 state=pending>>
2020-02-04 14:41:24.692 parsl.dataflow.dflow:452 [INFO]  Task 115 launched on executor login
2020-02-04 14:41:24.692 parsl.dataflow.dflow:484 [DEBUG]  Adding output dependencies
2020-02-04 14:41:24.692 parsl.dataflow.dflow:708 [INFO]  Task 116 submitted for App run_single_transcript, waiting on tasks []
2020-02-04 14:41:24.692 parsl.dataflow.dflow:714 [DEBUG]  Task 116 set to pending state with AppFuture: <AppFuture super=<AppFuture at 0x7f68e47e7710 state=pending>>
2020-02-04 14:41:24.692 parsl.dataflow.dflow:452 [INFO]  Task 116 launched on executor login
2020-02-04 14:41:24.692 parsl.dataflow.dflow:484 [DEBUG]  Adding output dependencies
2020-02-04 14:41:24.692 parsl.dataflow.dflow:708 [INFO]  Task 117 submitted for App run_single_transcript, waiting on tasks []
2020-02-04 14:41:24.693 parsl.dataflow.dflow:714 [DEBUG]  Task 117 set to pending state with AppFuture: <AppFuture super=<AppFuture at 0x7f68e47e78d0 state=pending>>
2020-02-04 14:41:24.693 parsl.dataflow.dflow:452 [INFO]  Task 117 launched on executor login
2020-02-04 14:41:24.693 parsl.dataflow.dflow:484 [DEBUG]  Adding output dependencies
2020-02-04 14:41:24.693 parsl.dataflow.dflow:708 [INFO]  Task 118 submitted for App run_single_transcript, waiting on tasks []
2020-02-04 14:41:24.693 parsl.dataflow.dflow:714 [DEBUG]  Task 118 set to pending state with AppFuture: <AppFuture super=<AppFuture at 0x7f68e47e7a90 state=pending>>
2020-02-04 14:41:24.693 parsl.dataflow.dflow:452 [INFO]  Task 118 launched on executor login
2020-02-04 14:41:24.693 parsl.dataflow.dflow:484 [DEBUG]  Adding output dependencies
2020-02-04 14:41:24.693 parsl.dataflow.dflow:708 [INFO]  Task 119 submitted for App run_single_transcript, waiting on tasks []
2020-02-04 14:41:24.693 parsl.dataflow.dflow:714 [DEBUG]  Task 119 set to pending state with AppFuture: <AppFuture super=<AppFuture at 0x7f68e47e7c50 state=pending>>
2020-02-04 14:41:24.693 parsl.dataflow.dflow:452 [INFO]  Task 119 launched on executor login
2020-02-04 14:41:24.693 parsl.dataflow.dflow:484 [DEBUG]  Adding output dependencies
2020-02-04 14:41:24.693 parsl.dataflow.dflow:708 [INFO]  Task 120 submitted for App run_single_transcript, waiting on tasks []
2020-02-04 14:41:24.693 parsl.dataflow.dflow:714 [DEBUG]  Task 120 set to pending state with AppFuture: <AppFuture super=<AppFuture at 0x7f68e47e7e10 state=pending>>
2020-02-04 14:41:24.694 parsl.dataflow.dflow:452 [INFO]  Task 120 launched on executor login
2020-02-04 14:41:24.694 parsl.dataflow.dflow:484 [DEBUG]  Adding output dependencies
2020-02-04 14:41:24.694 parsl.dataflow.dflow:708 [INFO]  Task 121 submitted for App run_single_transcript, waiting on tasks []
2020-02-04 14:41:24.694 parsl.dataflow.dflow:714 [DEBUG]  Task 121 set to pending state with AppFuture: <AppFuture super=<AppFuture at 0x7f68e47e7fd0 state=pending>>
2020-02-04 14:41:24.694 parsl.dataflow.dflow:452 [INFO]  Task 121 launched on executor login
2020-02-04 14:41:24.694 parsl.dataflow.dflow:484 [DEBUG]  Adding output dependencies
2020-02-04 14:41:24.694 parsl.dataflow.dflow:708 [INFO]  Task 122 submitted for App run_single_transcript, waiting on tasks []
2020-02-04 14:41:24.694 parsl.dataflow.dflow:714 [DEBUG]  Task 122 set to pending state with AppFuture: <AppFuture super=<AppFuture at 0x7f68e47f11d0 state=pending>>
2020-02-04 14:41:24.694 parsl.dataflow.dflow:452 [INFO]  Task 122 launched on executor login
2020-02-04 14:41:24.694 parsl.dataflow.dflow:484 [DEBUG]  Adding output dependencies
2020-02-04 14:41:24.694 parsl.dataflow.dflow:708 [INFO]  Task 123 submitted for App run_single_transcript, waiting on tasks []
2020-02-04 14:41:24.694 parsl.dataflow.dflow:714 [DEBUG]  Task 123 set to pending state with AppFuture: <AppFuture super=<AppFuture at 0x7f68e47f1390 state=pending>>
2020-02-04 14:41:24.694 parsl.dataflow.dflow:452 [INFO]  Task 123 launched on executor login
2020-02-04 14:41:24.695 parsl.dataflow.dflow:484 [DEBUG]  Adding output dependencies
2020-02-04 14:41:24.695 parsl.dataflow.dflow:708 [INFO]  Task 124 submitted for App run_single_transcript, waiting on tasks []
2020-02-04 14:41:24.695 parsl.dataflow.dflow:714 [DEBUG]  Task 124 set to pending state with AppFuture: <AppFuture super=<AppFuture at 0x7f68e47f1550 state=pending>>
2020-02-04 14:41:24.695 parsl.dataflow.dflow:452 [INFO]  Task 124 launched on executor login
2020-02-04 14:41:24.695 parsl.dataflow.dflow:484 [DEBUG]  Adding output dependencies
2020-02-04 14:41:24.695 parsl.dataflow.dflow:708 [INFO]  Task 125 submitted for App run_single_transcript, waiting on tasks []
2020-02-04 14:41:24.695 parsl.dataflow.dflow:714 [DEBUG]  Task 125 set to pending state with AppFuture: <AppFuture super=<AppFuture at 0x7f68e47f1710 state=pending>>
2020-02-04 14:41:24.695 parsl.dataflow.dflow:452 [INFO]  Task 125 launched on executor login
2020-02-04 14:41:24.695 parsl.dataflow.dflow:484 [DEBUG]  Adding output dependencies
2020-02-04 14:41:24.695 parsl.dataflow.dflow:708 [INFO]  Task 126 submitted for App run_single_transcript, waiting on tasks []
2020-02-04 14:41:24.695 parsl.dataflow.dflow:714 [DEBUG]  Task 126 set to pending state with AppFuture: <AppFuture super=<AppFuture at 0x7f68e47f18d0 state=pending>>
2020-02-04 14:41:24.695 parsl.dataflow.dflow:452 [INFO]  Task 126 launched on executor login
2020-02-04 14:41:24.696 parsl.dataflow.dflow:864 [INFO]  DFK cleanup initiated
2020-02-04 14:41:24.696 parsl.dataflow.dflow:750 [INFO]  Summary of tasks in DFK:
2020-02-04 14:41:24.696 parsl.dataflow.dflow:781 [INFO]  Tasks in state States.launched: 0, 1, 2, 3, 4, 5, 6, 7, 8, 9, 10, 11, 12, 13, 14, 15, 16, 17, 18, 19, 20, 21, 22, 23, 24, 25, 26, 27, 28, 29, 30, 31, 32, 33, 34, 35, 36, 37, 38, 39, 40, 41, 42, 43, 44, 45, 46, 47, 48, 49, 50, 51, 52, 53, 54, 55, 56, 57, 58, 59, 60, 61, 62, 63, 64, 65, 66, 67, 68, 69, 70, 71, 72, 73, 74, 75, 76, 77, 78, 79, 80, 81, 82, 83, 84, 85, 86, 87, 88, 89, 90, 91, 92, 93, 94, 95, 96, 97, 98, 99, 100, 101, 102, 103, 104, 105, 106, 107, 108, 109, 110, 111, 112, 113, 114, 115, 116, 117, 118, 119, 120, 121, 122, 123, 124, 125, 126
2020-02-04 14:41:24.696 parsl.dataflow.dflow:788 [INFO]  End of summary
2020-02-04 14:41:24.696 parsl.dataflow.dflow:888 [INFO]  Terminating flow_control and strategy threads
2020-02-04 14:41:24.723 parsl.executors.high_throughput.executor:634 [INFO]  Attempting HighThroughputExecutor shutdown
2020-02-04 14:41:24.723 parsl.executors.high_throughput.executor:638 [INFO]  Finished HighThroughputExecutor shutdown attempt
2020-02-04 14:41:24.723 parsl.executors.threads:96 [DEBUG]  Done with executor shutdown
2020-02-04 14:41:24.723 parsl.executors.threads:96 [DEBUG]  Done with executor shutdown
2020-02-04 14:41:24.723 parsl.dataflow.dflow:920 [INFO]  DFK cleanup complete
