2020-02-05 15:52:41.781 parsl:592 Rank:0 [INFO]  Python version: 3.6.4 (default, Feb 10 2018, 20:32:45) 
[GCC 4.8.5 20150623 (Red Hat 4.8.5-16)]
2020-02-05 15:52:41.781 parsl:593 Rank:0 [INFO]  Debug logging: True
2020-02-05 15:52:41.781 parsl:594 Rank:0 [INFO]  Log dir: /home/users/ellenrichards/GRETA/runinfo/101/workers
2020-02-05 15:52:41.781 parsl:595 Rank:0 [INFO]  Manager ID: 395f606317f3
2020-02-05 15:52:41.781 parsl:596 Rank:0 [INFO]  Block ID: 19
2020-02-05 15:52:41.781 parsl:597 Rank:0 [INFO]  cores_per_worker: 1.0
2020-02-05 15:52:41.781 parsl:598 Rank:0 [INFO]  mem_per_worker: None
2020-02-05 15:52:41.781 parsl:599 Rank:0 [INFO]  task_url: tcp://172.16.52.2:54991
2020-02-05 15:52:41.781 parsl:600 Rank:0 [INFO]  result_url: tcp://172.16.52.2:54613
2020-02-05 15:52:41.781 parsl:601 Rank:0 [INFO]  max_workers: inf
2020-02-05 15:52:41.781 parsl:602 Rank:0 [INFO]  poll_period: 10
2020-02-05 15:52:41.781 parsl:603 Rank:0 [INFO]  Prefetch capacity: 0
2020-02-05 15:52:41.781 parsl:108 Rank:0 [INFO]  Manager started
2020-02-05 15:52:41.782 parsl:122 Rank:0 [INFO]  Manager connected
2020-02-05 15:52:41.782 parsl:148 Rank:0 [INFO]  Manager will spawn 32 workers
2020-02-05 15:52:41.879 parsl:370 Rank:0 [DEBUG]  Manager synced with workers
2020-02-05 15:52:41.880 parsl:199 Rank:0 [INFO]  [TASK PULL THREAD] starting
2020-02-05 15:52:41.881 parsl:279 Rank:0 [DEBUG]  [RESULT_PUSH_THREAD] Starting thread
2020-02-05 15:52:41.881 parsl:282 Rank:0 [DEBUG]  [RESULT_PUSH_THREAD] push poll period: 0.01
2020-02-05 15:52:41.882 parsl:315 Rank:0 [DEBUG]  [WORKER_WATCHDOG_THREAD] Starting thread
2020-02-05 15:52:41.882 parsl:385 Rank:0 [INFO]  Loop start
2020-02-05 15:52:41.885 parsl:205 Rank:0 [DEBUG]  Sending registration message: b'{"parsl_v": "0.9.0", "python_v": "3.6.4", "worker_count": 32, "block_id": "19", "prefetch_capacity": 0, "max_capacity": 32, "os": "Linux", "hostname": "mayo.blt.lclark.local", "dir": "/home/users/ellenrichards/GRETA/runinfo/101/submit_scripts", "cpu_count": 8, "total_memory": 134909747200, "reg_time": "2020-02-05 15:52:41"}'
2020-02-05 15:52:41.885 parsl:218 Rank:0 [DEBUG]  [TASK_PULL_THREAD] ready workers:32, pending tasks:0
2020-02-05 15:52:41.885 parsl:225 Rank:0 [DEBUG]  [TASK_PULL_THREAD] Requesting tasks: 32
2020-02-05 15:52:41.896 parsl:256 Rank:0 [DEBUG]  [TASK_PULL_THREAD] No incoming tasks
2020-02-05 15:52:41.896 parsl:218 Rank:0 [DEBUG]  [TASK_PULL_THREAD] ready workers:32, pending tasks:0
2020-02-05 15:52:41.896 parsl:225 Rank:0 [DEBUG]  [TASK_PULL_THREAD] Requesting tasks: 32
2020-02-05 15:52:41.916 parsl:256 Rank:0 [DEBUG]  [TASK_PULL_THREAD] No incoming tasks
2020-02-05 15:52:41.916 parsl:218 Rank:0 [DEBUG]  [TASK_PULL_THREAD] ready workers:32, pending tasks:0
2020-02-05 15:52:41.916 parsl:225 Rank:0 [DEBUG]  [TASK_PULL_THREAD] Requesting tasks: 32
2020-02-05 15:52:41.957 parsl:256 Rank:0 [DEBUG]  [TASK_PULL_THREAD] No incoming tasks
2020-02-05 15:52:41.957 parsl:218 Rank:0 [DEBUG]  [TASK_PULL_THREAD] ready workers:32, pending tasks:0
2020-02-05 15:52:41.957 parsl:225 Rank:0 [DEBUG]  [TASK_PULL_THREAD] Requesting tasks: 32
2020-02-05 15:52:42.037 parsl:256 Rank:0 [DEBUG]  [TASK_PULL_THREAD] No incoming tasks
2020-02-05 15:52:42.037 parsl:218 Rank:0 [DEBUG]  [TASK_PULL_THREAD] ready workers:32, pending tasks:0
2020-02-05 15:52:42.037 parsl:225 Rank:0 [DEBUG]  [TASK_PULL_THREAD] Requesting tasks: 32
2020-02-05 15:52:42.198 parsl:256 Rank:0 [DEBUG]  [TASK_PULL_THREAD] No incoming tasks
2020-02-05 15:52:42.198 parsl:218 Rank:0 [DEBUG]  [TASK_PULL_THREAD] ready workers:32, pending tasks:0
2020-02-05 15:52:42.198 parsl:225 Rank:0 [DEBUG]  [TASK_PULL_THREAD] Requesting tasks: 32
2020-02-05 15:52:42.519 parsl:256 Rank:0 [DEBUG]  [TASK_PULL_THREAD] No incoming tasks
2020-02-05 15:52:42.519 parsl:218 Rank:0 [DEBUG]  [TASK_PULL_THREAD] ready workers:32, pending tasks:0
2020-02-05 15:52:42.519 parsl:225 Rank:0 [DEBUG]  [TASK_PULL_THREAD] Requesting tasks: 32
2020-02-05 15:52:43.160 parsl:256 Rank:0 [DEBUG]  [TASK_PULL_THREAD] No incoming tasks
2020-02-05 15:52:43.160 parsl:218 Rank:0 [DEBUG]  [TASK_PULL_THREAD] ready workers:32, pending tasks:0
2020-02-05 15:52:43.160 parsl:225 Rank:0 [DEBUG]  [TASK_PULL_THREAD] Requesting tasks: 32
2020-02-05 15:52:44.441 parsl:256 Rank:0 [DEBUG]  [TASK_PULL_THREAD] No incoming tasks
2020-02-05 15:52:44.442 parsl:218 Rank:0 [DEBUG]  [TASK_PULL_THREAD] ready workers:32, pending tasks:0
2020-02-05 15:52:44.442 parsl:225 Rank:0 [DEBUG]  [TASK_PULL_THREAD] Requesting tasks: 32
2020-02-05 15:52:47.005 parsl:256 Rank:0 [DEBUG]  [TASK_PULL_THREAD] No incoming tasks
2020-02-05 15:52:47.005 parsl:218 Rank:0 [DEBUG]  [TASK_PULL_THREAD] ready workers:32, pending tasks:0
2020-02-05 15:52:47.005 parsl:225 Rank:0 [DEBUG]  [TASK_PULL_THREAD] Requesting tasks: 32
2020-02-05 15:52:52.130 parsl:256 Rank:0 [DEBUG]  [TASK_PULL_THREAD] No incoming tasks
2020-02-05 15:52:52.130 parsl:218 Rank:0 [DEBUG]  [TASK_PULL_THREAD] ready workers:32, pending tasks:0
2020-02-05 15:52:52.131 parsl:225 Rank:0 [DEBUG]  [TASK_PULL_THREAD] Requesting tasks: 32
2020-02-05 15:53:02.381 parsl:256 Rank:0 [DEBUG]  [TASK_PULL_THREAD] No incoming tasks
2020-02-05 15:53:02.381 parsl:218 Rank:0 [DEBUG]  [TASK_PULL_THREAD] ready workers:32, pending tasks:0
2020-02-05 15:53:02.381 parsl:225 Rank:0 [DEBUG]  [TASK_PULL_THREAD] Requesting tasks: 32
2020-02-05 15:53:22.867 parsl:256 Rank:0 [DEBUG]  [TASK_PULL_THREAD] No incoming tasks
2020-02-05 15:53:22.867 parsl:218 Rank:0 [DEBUG]  [TASK_PULL_THREAD] ready workers:32, pending tasks:0
2020-02-05 15:53:22.868 parsl:188 Rank:0 [DEBUG]  Return from heartbeat: None
2020-02-05 15:53:22.868 parsl:225 Rank:0 [DEBUG]  [TASK_PULL_THREAD] Requesting tasks: 32
2020-02-05 15:53:22.869 parsl:243 Rank:0 [DEBUG]  Got heartbeat from interchange
2020-02-05 15:53:22.869 parsl:218 Rank:0 [DEBUG]  [TASK_PULL_THREAD] ready workers:32, pending tasks:0
2020-02-05 15:53:22.869 parsl:225 Rank:0 [DEBUG]  [TASK_PULL_THREAD] Requesting tasks: 32
2020-02-05 15:53:22.869 parsl:256 Rank:0 [DEBUG]  [TASK_PULL_THREAD] No incoming tasks
2020-02-05 15:53:22.869 parsl:218 Rank:0 [DEBUG]  [TASK_PULL_THREAD] ready workers:32, pending tasks:0
2020-02-05 15:53:22.869 parsl:225 Rank:0 [DEBUG]  [TASK_PULL_THREAD] Requesting tasks: 32
2020-02-05 15:53:22.889 parsl:256 Rank:0 [DEBUG]  [TASK_PULL_THREAD] No incoming tasks
2020-02-05 15:53:22.890 parsl:218 Rank:0 [DEBUG]  [TASK_PULL_THREAD] ready workers:32, pending tasks:0
2020-02-05 15:53:22.890 parsl:225 Rank:0 [DEBUG]  [TASK_PULL_THREAD] Requesting tasks: 32
2020-02-05 15:53:22.930 parsl:256 Rank:0 [DEBUG]  [TASK_PULL_THREAD] No incoming tasks
2020-02-05 15:53:22.930 parsl:218 Rank:0 [DEBUG]  [TASK_PULL_THREAD] ready workers:32, pending tasks:0
2020-02-05 15:53:22.930 parsl:225 Rank:0 [DEBUG]  [TASK_PULL_THREAD] Requesting tasks: 32
2020-02-05 15:53:23.011 parsl:256 Rank:0 [DEBUG]  [TASK_PULL_THREAD] No incoming tasks
2020-02-05 15:53:23.011 parsl:218 Rank:0 [DEBUG]  [TASK_PULL_THREAD] ready workers:32, pending tasks:0
2020-02-05 15:53:23.011 parsl:225 Rank:0 [DEBUG]  [TASK_PULL_THREAD] Requesting tasks: 32
2020-02-05 15:53:23.171 parsl:256 Rank:0 [DEBUG]  [TASK_PULL_THREAD] No incoming tasks
2020-02-05 15:53:23.171 parsl:218 Rank:0 [DEBUG]  [TASK_PULL_THREAD] ready workers:32, pending tasks:0
2020-02-05 15:53:23.171 parsl:225 Rank:0 [DEBUG]  [TASK_PULL_THREAD] Requesting tasks: 32
2020-02-05 15:53:23.492 parsl:256 Rank:0 [DEBUG]  [TASK_PULL_THREAD] No incoming tasks
2020-02-05 15:53:23.492 parsl:218 Rank:0 [DEBUG]  [TASK_PULL_THREAD] ready workers:32, pending tasks:0
2020-02-05 15:53:23.492 parsl:225 Rank:0 [DEBUG]  [TASK_PULL_THREAD] Requesting tasks: 32
2020-02-05 15:53:24.133 parsl:256 Rank:0 [DEBUG]  [TASK_PULL_THREAD] No incoming tasks
2020-02-05 15:53:24.133 parsl:218 Rank:0 [DEBUG]  [TASK_PULL_THREAD] ready workers:32, pending tasks:0
2020-02-05 15:53:24.133 parsl:225 Rank:0 [DEBUG]  [TASK_PULL_THREAD] Requesting tasks: 32
2020-02-05 15:53:25.415 parsl:256 Rank:0 [DEBUG]  [TASK_PULL_THREAD] No incoming tasks
2020-02-05 15:53:25.415 parsl:218 Rank:0 [DEBUG]  [TASK_PULL_THREAD] ready workers:32, pending tasks:0
2020-02-05 15:53:25.415 parsl:225 Rank:0 [DEBUG]  [TASK_PULL_THREAD] Requesting tasks: 32
2020-02-05 15:53:27.978 parsl:256 Rank:0 [DEBUG]  [TASK_PULL_THREAD] No incoming tasks
2020-02-05 15:53:27.978 parsl:218 Rank:0 [DEBUG]  [TASK_PULL_THREAD] ready workers:32, pending tasks:0
2020-02-05 15:53:27.978 parsl:225 Rank:0 [DEBUG]  [TASK_PULL_THREAD] Requesting tasks: 32
2020-02-05 15:53:33.103 parsl:256 Rank:0 [DEBUG]  [TASK_PULL_THREAD] No incoming tasks
2020-02-05 15:53:33.103 parsl:218 Rank:0 [DEBUG]  [TASK_PULL_THREAD] ready workers:32, pending tasks:0
2020-02-05 15:53:33.103 parsl:225 Rank:0 [DEBUG]  [TASK_PULL_THREAD] Requesting tasks: 32
2020-02-05 15:53:43.354 parsl:256 Rank:0 [DEBUG]  [TASK_PULL_THREAD] No incoming tasks
2020-02-05 15:53:43.354 parsl:218 Rank:0 [DEBUG]  [TASK_PULL_THREAD] ready workers:32, pending tasks:0
2020-02-05 15:53:43.354 parsl:225 Rank:0 [DEBUG]  [TASK_PULL_THREAD] Requesting tasks: 32
2020-02-05 15:54:03.837 parsl:256 Rank:0 [DEBUG]  [TASK_PULL_THREAD] No incoming tasks
2020-02-05 15:54:03.837 parsl:218 Rank:0 [DEBUG]  [TASK_PULL_THREAD] ready workers:32, pending tasks:0
2020-02-05 15:54:03.837 parsl:188 Rank:0 [DEBUG]  Return from heartbeat: None
2020-02-05 15:54:03.838 parsl:225 Rank:0 [DEBUG]  [TASK_PULL_THREAD] Requesting tasks: 32
2020-02-05 15:54:03.838 parsl:243 Rank:0 [DEBUG]  Got heartbeat from interchange
2020-02-05 15:54:03.838 parsl:218 Rank:0 [DEBUG]  [TASK_PULL_THREAD] ready workers:32, pending tasks:0
2020-02-05 15:54:03.839 parsl:225 Rank:0 [DEBUG]  [TASK_PULL_THREAD] Requesting tasks: 32
2020-02-05 15:54:03.839 parsl:256 Rank:0 [DEBUG]  [TASK_PULL_THREAD] No incoming tasks
2020-02-05 15:54:03.839 parsl:218 Rank:0 [DEBUG]  [TASK_PULL_THREAD] ready workers:32, pending tasks:0
2020-02-05 15:54:03.839 parsl:225 Rank:0 [DEBUG]  [TASK_PULL_THREAD] Requesting tasks: 32
2020-02-05 15:54:03.859 parsl:256 Rank:0 [DEBUG]  [TASK_PULL_THREAD] No incoming tasks
2020-02-05 15:54:03.859 parsl:218 Rank:0 [DEBUG]  [TASK_PULL_THREAD] ready workers:32, pending tasks:0
2020-02-05 15:54:03.859 parsl:225 Rank:0 [DEBUG]  [TASK_PULL_THREAD] Requesting tasks: 32
2020-02-05 15:54:03.899 parsl:256 Rank:0 [DEBUG]  [TASK_PULL_THREAD] No incoming tasks
2020-02-05 15:54:03.900 parsl:218 Rank:0 [DEBUG]  [TASK_PULL_THREAD] ready workers:32, pending tasks:0
2020-02-05 15:54:03.900 parsl:225 Rank:0 [DEBUG]  [TASK_PULL_THREAD] Requesting tasks: 32
2020-02-05 15:54:03.980 parsl:256 Rank:0 [DEBUG]  [TASK_PULL_THREAD] No incoming tasks
2020-02-05 15:54:03.980 parsl:218 Rank:0 [DEBUG]  [TASK_PULL_THREAD] ready workers:32, pending tasks:0
2020-02-05 15:54:03.980 parsl:225 Rank:0 [DEBUG]  [TASK_PULL_THREAD] Requesting tasks: 32
2020-02-05 15:54:04.141 parsl:256 Rank:0 [DEBUG]  [TASK_PULL_THREAD] No incoming tasks
2020-02-05 15:54:04.141 parsl:218 Rank:0 [DEBUG]  [TASK_PULL_THREAD] ready workers:32, pending tasks:0
2020-02-05 15:54:04.141 parsl:225 Rank:0 [DEBUG]  [TASK_PULL_THREAD] Requesting tasks: 32
2020-02-05 15:54:04.462 parsl:256 Rank:0 [DEBUG]  [TASK_PULL_THREAD] No incoming tasks
2020-02-05 15:54:04.462 parsl:218 Rank:0 [DEBUG]  [TASK_PULL_THREAD] ready workers:32, pending tasks:0
2020-02-05 15:54:04.462 parsl:225 Rank:0 [DEBUG]  [TASK_PULL_THREAD] Requesting tasks: 32
2020-02-05 15:54:05.103 parsl:256 Rank:0 [DEBUG]  [TASK_PULL_THREAD] No incoming tasks
2020-02-05 15:54:05.103 parsl:218 Rank:0 [DEBUG]  [TASK_PULL_THREAD] ready workers:32, pending tasks:0
2020-02-05 15:54:05.103 parsl:225 Rank:0 [DEBUG]  [TASK_PULL_THREAD] Requesting tasks: 32
2020-02-05 15:54:06.385 parsl:256 Rank:0 [DEBUG]  [TASK_PULL_THREAD] No incoming tasks
2020-02-05 15:54:06.385 parsl:218 Rank:0 [DEBUG]  [TASK_PULL_THREAD] ready workers:32, pending tasks:0
2020-02-05 15:54:06.386 parsl:225 Rank:0 [DEBUG]  [TASK_PULL_THREAD] Requesting tasks: 32
2020-02-05 15:54:08.947 parsl:256 Rank:0 [DEBUG]  [TASK_PULL_THREAD] No incoming tasks
2020-02-05 15:54:08.947 parsl:218 Rank:0 [DEBUG]  [TASK_PULL_THREAD] ready workers:32, pending tasks:0
2020-02-05 15:54:08.947 parsl:225 Rank:0 [DEBUG]  [TASK_PULL_THREAD] Requesting tasks: 32
2020-02-05 15:54:14.073 parsl:256 Rank:0 [DEBUG]  [TASK_PULL_THREAD] No incoming tasks
2020-02-05 15:54:14.075 parsl:218 Rank:0 [DEBUG]  [TASK_PULL_THREAD] ready workers:32, pending tasks:0
2020-02-05 15:54:14.075 parsl:225 Rank:0 [DEBUG]  [TASK_PULL_THREAD] Requesting tasks: 32
2020-02-05 15:54:24.326 parsl:256 Rank:0 [DEBUG]  [TASK_PULL_THREAD] No incoming tasks
2020-02-05 15:54:24.326 parsl:218 Rank:0 [DEBUG]  [TASK_PULL_THREAD] ready workers:32, pending tasks:0
2020-02-05 15:54:24.326 parsl:225 Rank:0 [DEBUG]  [TASK_PULL_THREAD] Requesting tasks: 32
2020-02-05 15:54:44.816 parsl:256 Rank:0 [DEBUG]  [TASK_PULL_THREAD] No incoming tasks
2020-02-05 15:54:44.816 parsl:218 Rank:0 [DEBUG]  [TASK_PULL_THREAD] ready workers:32, pending tasks:0
2020-02-05 15:54:44.817 parsl:188 Rank:0 [DEBUG]  Return from heartbeat: None
2020-02-05 15:54:44.817 parsl:225 Rank:0 [DEBUG]  [TASK_PULL_THREAD] Requesting tasks: 32
2020-02-05 15:54:44.818 parsl:243 Rank:0 [DEBUG]  Got heartbeat from interchange
2020-02-05 15:54:44.818 parsl:218 Rank:0 [DEBUG]  [TASK_PULL_THREAD] ready workers:32, pending tasks:0
2020-02-05 15:54:44.818 parsl:225 Rank:0 [DEBUG]  [TASK_PULL_THREAD] Requesting tasks: 32
2020-02-05 15:54:44.818 parsl:256 Rank:0 [DEBUG]  [TASK_PULL_THREAD] No incoming tasks
2020-02-05 15:54:44.818 parsl:218 Rank:0 [DEBUG]  [TASK_PULL_THREAD] ready workers:32, pending tasks:0
2020-02-05 15:54:44.818 parsl:225 Rank:0 [DEBUG]  [TASK_PULL_THREAD] Requesting tasks: 32
2020-02-05 15:54:44.839 parsl:256 Rank:0 [DEBUG]  [TASK_PULL_THREAD] No incoming tasks
2020-02-05 15:54:44.839 parsl:218 Rank:0 [DEBUG]  [TASK_PULL_THREAD] ready workers:32, pending tasks:0
2020-02-05 15:54:44.839 parsl:225 Rank:0 [DEBUG]  [TASK_PULL_THREAD] Requesting tasks: 32
2020-02-05 15:54:44.879 parsl:256 Rank:0 [DEBUG]  [TASK_PULL_THREAD] No incoming tasks
2020-02-05 15:54:44.879 parsl:218 Rank:0 [DEBUG]  [TASK_PULL_THREAD] ready workers:32, pending tasks:0
2020-02-05 15:54:44.880 parsl:225 Rank:0 [DEBUG]  [TASK_PULL_THREAD] Requesting tasks: 32
2020-02-05 15:54:44.960 parsl:256 Rank:0 [DEBUG]  [TASK_PULL_THREAD] No incoming tasks
2020-02-05 15:54:44.960 parsl:218 Rank:0 [DEBUG]  [TASK_PULL_THREAD] ready workers:32, pending tasks:0
2020-02-05 15:54:44.960 parsl:225 Rank:0 [DEBUG]  [TASK_PULL_THREAD] Requesting tasks: 32
2020-02-05 15:54:45.121 parsl:256 Rank:0 [DEBUG]  [TASK_PULL_THREAD] No incoming tasks
2020-02-05 15:54:45.121 parsl:218 Rank:0 [DEBUG]  [TASK_PULL_THREAD] ready workers:32, pending tasks:0
2020-02-05 15:54:45.121 parsl:225 Rank:0 [DEBUG]  [TASK_PULL_THREAD] Requesting tasks: 32
2020-02-05 15:54:45.441 parsl:256 Rank:0 [DEBUG]  [TASK_PULL_THREAD] No incoming tasks
2020-02-05 15:54:45.442 parsl:218 Rank:0 [DEBUG]  [TASK_PULL_THREAD] ready workers:32, pending tasks:0
2020-02-05 15:54:45.442 parsl:225 Rank:0 [DEBUG]  [TASK_PULL_THREAD] Requesting tasks: 32
2020-02-05 15:54:46.082 parsl:256 Rank:0 [DEBUG]  [TASK_PULL_THREAD] No incoming tasks
2020-02-05 15:54:46.082 parsl:218 Rank:0 [DEBUG]  [TASK_PULL_THREAD] ready workers:32, pending tasks:0
2020-02-05 15:54:46.082 parsl:225 Rank:0 [DEBUG]  [TASK_PULL_THREAD] Requesting tasks: 32
2020-02-05 15:54:47.364 parsl:256 Rank:0 [DEBUG]  [TASK_PULL_THREAD] No incoming tasks
2020-02-05 15:54:47.364 parsl:218 Rank:0 [DEBUG]  [TASK_PULL_THREAD] ready workers:32, pending tasks:0
2020-02-05 15:54:47.364 parsl:225 Rank:0 [DEBUG]  [TASK_PULL_THREAD] Requesting tasks: 32
2020-02-05 15:54:49.926 parsl:256 Rank:0 [DEBUG]  [TASK_PULL_THREAD] No incoming tasks
2020-02-05 15:54:49.926 parsl:218 Rank:0 [DEBUG]  [TASK_PULL_THREAD] ready workers:32, pending tasks:0
2020-02-05 15:54:49.926 parsl:225 Rank:0 [DEBUG]  [TASK_PULL_THREAD] Requesting tasks: 32
2020-02-05 15:54:55.052 parsl:256 Rank:0 [DEBUG]  [TASK_PULL_THREAD] No incoming tasks
2020-02-05 15:54:55.052 parsl:218 Rank:0 [DEBUG]  [TASK_PULL_THREAD] ready workers:32, pending tasks:0
2020-02-05 15:54:55.052 parsl:225 Rank:0 [DEBUG]  [TASK_PULL_THREAD] Requesting tasks: 32
2020-02-05 15:55:05.303 parsl:256 Rank:0 [DEBUG]  [TASK_PULL_THREAD] No incoming tasks
2020-02-05 15:55:05.303 parsl:218 Rank:0 [DEBUG]  [TASK_PULL_THREAD] ready workers:32, pending tasks:0
2020-02-05 15:55:05.303 parsl:225 Rank:0 [DEBUG]  [TASK_PULL_THREAD] Requesting tasks: 32
2020-02-05 15:55:25.804 parsl:256 Rank:0 [DEBUG]  [TASK_PULL_THREAD] No incoming tasks
2020-02-05 15:55:25.804 parsl:218 Rank:0 [DEBUG]  [TASK_PULL_THREAD] ready workers:32, pending tasks:0
2020-02-05 15:55:25.804 parsl:188 Rank:0 [DEBUG]  Return from heartbeat: None
2020-02-05 15:55:25.805 parsl:225 Rank:0 [DEBUG]  [TASK_PULL_THREAD] Requesting tasks: 32
2020-02-05 15:55:25.805 parsl:243 Rank:0 [DEBUG]  Got heartbeat from interchange
2020-02-05 15:55:25.805 parsl:218 Rank:0 [DEBUG]  [TASK_PULL_THREAD] ready workers:32, pending tasks:0
2020-02-05 15:55:25.805 parsl:225 Rank:0 [DEBUG]  [TASK_PULL_THREAD] Requesting tasks: 32
2020-02-05 15:55:25.806 parsl:256 Rank:0 [DEBUG]  [TASK_PULL_THREAD] No incoming tasks
2020-02-05 15:55:25.806 parsl:218 Rank:0 [DEBUG]  [TASK_PULL_THREAD] ready workers:32, pending tasks:0
2020-02-05 15:55:25.806 parsl:225 Rank:0 [DEBUG]  [TASK_PULL_THREAD] Requesting tasks: 32
2020-02-05 15:55:25.826 parsl:256 Rank:0 [DEBUG]  [TASK_PULL_THREAD] No incoming tasks
2020-02-05 15:55:25.826 parsl:218 Rank:0 [DEBUG]  [TASK_PULL_THREAD] ready workers:32, pending tasks:0
2020-02-05 15:55:25.826 parsl:225 Rank:0 [DEBUG]  [TASK_PULL_THREAD] Requesting tasks: 32
2020-02-05 15:55:25.867 parsl:256 Rank:0 [DEBUG]  [TASK_PULL_THREAD] No incoming tasks
2020-02-05 15:55:25.867 parsl:218 Rank:0 [DEBUG]  [TASK_PULL_THREAD] ready workers:32, pending tasks:0
2020-02-05 15:55:25.867 parsl:225 Rank:0 [DEBUG]  [TASK_PULL_THREAD] Requesting tasks: 32
2020-02-05 15:55:25.947 parsl:256 Rank:0 [DEBUG]  [TASK_PULL_THREAD] No incoming tasks
2020-02-05 15:55:25.947 parsl:218 Rank:0 [DEBUG]  [TASK_PULL_THREAD] ready workers:32, pending tasks:0
2020-02-05 15:55:25.948 parsl:225 Rank:0 [DEBUG]  [TASK_PULL_THREAD] Requesting tasks: 32
2020-02-05 15:55:26.108 parsl:256 Rank:0 [DEBUG]  [TASK_PULL_THREAD] No incoming tasks
2020-02-05 15:55:26.108 parsl:218 Rank:0 [DEBUG]  [TASK_PULL_THREAD] ready workers:32, pending tasks:0
2020-02-05 15:55:26.108 parsl:225 Rank:0 [DEBUG]  [TASK_PULL_THREAD] Requesting tasks: 32
2020-02-05 15:55:26.429 parsl:256 Rank:0 [DEBUG]  [TASK_PULL_THREAD] No incoming tasks
2020-02-05 15:55:26.429 parsl:218 Rank:0 [DEBUG]  [TASK_PULL_THREAD] ready workers:32, pending tasks:0
2020-02-05 15:55:26.429 parsl:225 Rank:0 [DEBUG]  [TASK_PULL_THREAD] Requesting tasks: 32
2020-02-05 15:55:27.070 parsl:256 Rank:0 [DEBUG]  [TASK_PULL_THREAD] No incoming tasks
2020-02-05 15:55:27.070 parsl:218 Rank:0 [DEBUG]  [TASK_PULL_THREAD] ready workers:32, pending tasks:0
2020-02-05 15:55:27.070 parsl:225 Rank:0 [DEBUG]  [TASK_PULL_THREAD] Requesting tasks: 32
2020-02-05 15:55:28.352 parsl:256 Rank:0 [DEBUG]  [TASK_PULL_THREAD] No incoming tasks
2020-02-05 15:55:28.352 parsl:218 Rank:0 [DEBUG]  [TASK_PULL_THREAD] ready workers:32, pending tasks:0
2020-02-05 15:55:28.352 parsl:225 Rank:0 [DEBUG]  [TASK_PULL_THREAD] Requesting tasks: 32
2020-02-05 15:55:30.913 parsl:256 Rank:0 [DEBUG]  [TASK_PULL_THREAD] No incoming tasks
2020-02-05 15:55:30.913 parsl:218 Rank:0 [DEBUG]  [TASK_PULL_THREAD] ready workers:32, pending tasks:0
2020-02-05 15:55:30.913 parsl:225 Rank:0 [DEBUG]  [TASK_PULL_THREAD] Requesting tasks: 32
2020-02-05 15:55:36.039 parsl:256 Rank:0 [DEBUG]  [TASK_PULL_THREAD] No incoming tasks
2020-02-05 15:55:36.039 parsl:218 Rank:0 [DEBUG]  [TASK_PULL_THREAD] ready workers:32, pending tasks:0
2020-02-05 15:55:36.039 parsl:225 Rank:0 [DEBUG]  [TASK_PULL_THREAD] Requesting tasks: 32
2020-02-05 15:55:46.290 parsl:256 Rank:0 [DEBUG]  [TASK_PULL_THREAD] No incoming tasks
2020-02-05 15:55:46.290 parsl:218 Rank:0 [DEBUG]  [TASK_PULL_THREAD] ready workers:32, pending tasks:0
2020-02-05 15:55:46.290 parsl:225 Rank:0 [DEBUG]  [TASK_PULL_THREAD] Requesting tasks: 32
