2020-02-04 14:12:08.920 parsl.dataflow.dflow:83 [DEBUG]  Starting DataFlowKernel with config
Config(
    app_cache=True, 
    checkpoint_files=None, 
    checkpoint_mode=None, 
    checkpoint_period=None, 
    data_management_max_threads=10, 
    executors=[ThreadPoolExecutor(
        label='threads', 
        managed=True, 
        max_threads=20, 
        storage_access=None, 
        thread_name_prefix='', 
        working_dir=None
    )], 
    initialize_logging=True, 
    lazy_errors=True, 
    max_idletime=120.0, 
    monitoring=None, 
    retries=0, 
    run_dir='runinfo', 
    strategy='simple', 
    usage_tracking=False
)
2020-02-04 14:12:08.920 parsl.dataflow.dflow:84 [INFO]  Parsl version: 0.9.0
2020-02-04 14:12:08.920 parsl.dataflow.usage_tracking.usage:126 [DEBUG]  Tracking status: False
2020-02-04 14:12:08.920 parsl.dataflow.usage_tracking.usage:127 [DEBUG]  Testing mode   : False
2020-02-04 14:12:08.920 parsl.dataflow.dflow:110 [INFO]  Run id is: 92842826-7209-44b4-9729-2307a7fb0bce
2020-02-04 14:12:08.995 parsl.dataflow.memoization:52 [INFO]  App caching initialized
2020-02-04 14:12:08.996 parsl.dataflow.strategy:125 [DEBUG]  Scaling strategy: simple
2020-02-04 14:12:09.078 parsl.dataflow.dflow:484 [DEBUG]  Adding output dependencies
2020-02-04 14:12:09.078 parsl.dataflow.dflow:708 [INFO]  Task 0 submitted for App run_single_transcript, waiting on tasks []
2020-02-04 14:12:09.078 parsl.dataflow.dflow:714 [DEBUG]  Task 0 set to pending state with AppFuture: <AppFuture super=<AppFuture at 0x7fd508aeb278 state=pending>>
2020-02-04 14:12:09.079 parsl.dataflow.dflow:452 [INFO]  Task 0 launched on executor threads
2020-02-04 14:12:09.079 parsl.dataflow.dflow:484 [DEBUG]  Adding output dependencies
2020-02-04 14:12:09.079 parsl.dataflow.dflow:708 [INFO]  Task 1 submitted for App run_single_transcript, waiting on tasks []
2020-02-04 14:12:09.079 parsl.dataflow.dflow:714 [DEBUG]  Task 1 set to pending state with AppFuture: <AppFuture super=<AppFuture at 0x7fd508aeb5f8 state=pending>>
2020-02-04 14:12:09.080 parsl.dataflow.dflow:452 [INFO]  Task 1 launched on executor threads
2020-02-04 14:12:09.082 parsl.dataflow.dflow:484 [DEBUG]  Adding output dependencies
2020-02-04 14:12:09.083 parsl.dataflow.dflow:708 [INFO]  Task 2 submitted for App run_single_transcript, waiting on tasks []
2020-02-04 14:12:09.083 parsl.dataflow.dflow:714 [DEBUG]  Task 2 set to pending state with AppFuture: <AppFuture super=<AppFuture at 0x7fd508aeb860 state=pending>>
2020-02-04 14:12:09.083 parsl.dataflow.dflow:452 [INFO]  Task 2 launched on executor threads
2020-02-04 14:12:09.084 parsl.dataflow.dflow:484 [DEBUG]  Adding output dependencies
2020-02-04 14:12:09.084 parsl.dataflow.dflow:708 [INFO]  Task 3 submitted for App run_single_transcript, waiting on tasks []
2020-02-04 14:12:09.084 parsl.dataflow.dflow:714 [DEBUG]  Task 3 set to pending state with AppFuture: <AppFuture super=<AppFuture at 0x7fd508aebb38 state=pending>>
2020-02-04 14:12:09.084 parsl.dataflow.dflow:452 [INFO]  Task 3 launched on executor threads
2020-02-04 14:12:09.084 parsl.dataflow.dflow:484 [DEBUG]  Adding output dependencies
2020-02-04 14:12:09.084 parsl.dataflow.dflow:708 [INFO]  Task 4 submitted for App run_single_transcript, waiting on tasks []
2020-02-04 14:12:09.084 parsl.dataflow.dflow:714 [DEBUG]  Task 4 set to pending state with AppFuture: <AppFuture super=<AppFuture at 0x7fd508aebe80 state=pending>>
2020-02-04 14:12:09.091 parsl.dataflow.dflow:452 [INFO]  Task 4 launched on executor threads
2020-02-04 14:12:09.091 parsl.dataflow.dflow:484 [DEBUG]  Adding output dependencies
2020-02-04 14:12:09.091 parsl.dataflow.dflow:708 [INFO]  Task 5 submitted for App run_single_transcript, waiting on tasks []
2020-02-04 14:12:09.092 parsl.dataflow.dflow:714 [DEBUG]  Task 5 set to pending state with AppFuture: <AppFuture super=<AppFuture at 0x7fd508b22198 state=pending>>
2020-02-04 14:12:09.096 parsl.dataflow.dflow:452 [INFO]  Task 5 launched on executor threads
2020-02-04 14:12:09.096 parsl.dataflow.dflow:484 [DEBUG]  Adding output dependencies
2020-02-04 14:12:09.097 parsl.dataflow.dflow:708 [INFO]  Task 6 submitted for App run_single_transcript, waiting on tasks []
2020-02-04 14:12:09.099 parsl.dataflow.dflow:714 [DEBUG]  Task 6 set to pending state with AppFuture: <AppFuture super=<AppFuture at 0x7fd508b224e0 state=pending>>
2020-02-04 14:12:09.100 parsl.dataflow.dflow:452 [INFO]  Task 6 launched on executor threads
2020-02-04 14:12:09.101 parsl.dataflow.dflow:484 [DEBUG]  Adding output dependencies
2020-02-04 14:12:09.103 parsl.dataflow.dflow:708 [INFO]  Task 7 submitted for App run_single_transcript, waiting on tasks []
2020-02-04 14:12:09.104 parsl.dataflow.dflow:714 [DEBUG]  Task 7 set to pending state with AppFuture: <AppFuture super=<AppFuture at 0x7fd508b227f0 state=pending>>
2020-02-04 14:12:09.105 parsl.dataflow.dflow:452 [INFO]  Task 7 launched on executor threads
2020-02-04 14:12:09.108 parsl.dataflow.dflow:484 [DEBUG]  Adding output dependencies
2020-02-04 14:12:09.108 parsl.dataflow.dflow:708 [INFO]  Task 8 submitted for App run_single_transcript, waiting on tasks []
2020-02-04 14:12:09.108 parsl.dataflow.dflow:714 [DEBUG]  Task 8 set to pending state with AppFuture: <AppFuture super=<AppFuture at 0x7fd508b22b00 state=pending>>
2020-02-04 14:12:09.109 parsl.dataflow.dflow:452 [INFO]  Task 8 launched on executor threads
2020-02-04 14:12:09.109 parsl.dataflow.dflow:484 [DEBUG]  Adding output dependencies
2020-02-04 14:12:09.109 parsl.dataflow.dflow:708 [INFO]  Task 9 submitted for App run_single_transcript, waiting on tasks []
2020-02-04 14:12:09.109 parsl.dataflow.dflow:714 [DEBUG]  Task 9 set to pending state with AppFuture: <AppFuture super=<AppFuture at 0x7fd508b22dd8 state=pending>>
2020-02-04 14:12:09.113 parsl.dataflow.dflow:452 [INFO]  Task 9 launched on executor threads
2020-02-04 14:12:09.113 parsl.dataflow.dflow:484 [DEBUG]  Adding output dependencies
2020-02-04 14:12:09.113 parsl.dataflow.dflow:708 [INFO]  Task 10 submitted for App run_single_transcript, waiting on tasks []
2020-02-04 14:12:09.114 parsl.dataflow.dflow:714 [DEBUG]  Task 10 set to pending state with AppFuture: <AppFuture super=<AppFuture at 0x7fd508aef160 state=pending>>
2020-02-04 14:12:09.117 parsl.dataflow.dflow:452 [INFO]  Task 10 launched on executor threads
2020-02-04 14:12:09.117 parsl.dataflow.dflow:484 [DEBUG]  Adding output dependencies
2020-02-04 14:12:09.120 parsl.dataflow.dflow:708 [INFO]  Task 11 submitted for App run_single_transcript, waiting on tasks []
2020-02-04 14:12:09.121 parsl.dataflow.dflow:714 [DEBUG]  Task 11 set to pending state with AppFuture: <AppFuture super=<AppFuture at 0x7fd508aef470 state=pending>>
2020-02-04 14:12:09.121 parsl.dataflow.dflow:452 [INFO]  Task 11 launched on executor threads
2020-02-04 14:12:09.122 parsl.dataflow.dflow:484 [DEBUG]  Adding output dependencies
2020-02-04 14:12:09.122 parsl.dataflow.dflow:708 [INFO]  Task 12 submitted for App run_single_transcript, waiting on tasks []
2020-02-04 14:12:09.125 parsl.dataflow.dflow:714 [DEBUG]  Task 12 set to pending state with AppFuture: <AppFuture super=<AppFuture at 0x7fd508aef780 state=pending>>
2020-02-04 14:12:09.125 parsl.dataflow.dflow:452 [INFO]  Task 12 launched on executor threads
2020-02-04 14:12:09.126 parsl.dataflow.dflow:484 [DEBUG]  Adding output dependencies
2020-02-04 14:12:09.126 parsl.dataflow.dflow:708 [INFO]  Task 13 submitted for App run_single_transcript, waiting on tasks []
2020-02-04 14:12:09.126 parsl.dataflow.dflow:714 [DEBUG]  Task 13 set to pending state with AppFuture: <AppFuture super=<AppFuture at 0x7fd508aefa90 state=pending>>
2020-02-04 14:12:09.129 parsl.dataflow.dflow:452 [INFO]  Task 13 launched on executor threads
2020-02-04 14:12:09.129 parsl.dataflow.dflow:484 [DEBUG]  Adding output dependencies
2020-02-04 14:12:09.130 parsl.dataflow.dflow:708 [INFO]  Task 14 submitted for App run_single_transcript, waiting on tasks []
2020-02-04 14:12:09.130 parsl.dataflow.dflow:714 [DEBUG]  Task 14 set to pending state with AppFuture: <AppFuture super=<AppFuture at 0x7fd508aefd68 state=pending>>
2020-02-04 14:12:09.135 parsl.dataflow.dflow:452 [INFO]  Task 14 launched on executor threads
2020-02-04 14:12:09.135 parsl.dataflow.dflow:484 [DEBUG]  Adding output dependencies
2020-02-04 14:12:09.135 parsl.dataflow.dflow:708 [INFO]  Task 15 submitted for App run_single_transcript, waiting on tasks []
2020-02-04 14:12:09.135 parsl.dataflow.dflow:714 [DEBUG]  Task 15 set to pending state with AppFuture: <AppFuture super=<AppFuture at 0x7fd508aeff28 state=pending>>
2020-02-04 14:12:09.136 parsl.dataflow.dflow:452 [INFO]  Task 15 launched on executor threads
2020-02-04 14:12:09.136 parsl.dataflow.dflow:484 [DEBUG]  Adding output dependencies
2020-02-04 14:12:09.136 parsl.dataflow.dflow:708 [INFO]  Task 16 submitted for App run_single_transcript, waiting on tasks []
2020-02-04 14:12:09.136 parsl.dataflow.dflow:714 [DEBUG]  Task 16 set to pending state with AppFuture: <AppFuture super=<AppFuture at 0x7fd508b09400 state=pending>>
2020-02-04 14:12:09.136 parsl.dataflow.dflow:452 [INFO]  Task 16 launched on executor threads
2020-02-04 14:12:09.137 parsl.dataflow.dflow:484 [DEBUG]  Adding output dependencies
2020-02-04 14:12:09.137 parsl.dataflow.dflow:708 [INFO]  Task 17 submitted for App run_single_transcript, waiting on tasks []
2020-02-04 14:12:09.137 parsl.dataflow.dflow:714 [DEBUG]  Task 17 set to pending state with AppFuture: <AppFuture super=<AppFuture at 0x7fd508b09710 state=pending>>
2020-02-04 14:12:09.137 parsl.dataflow.dflow:452 [INFO]  Task 17 launched on executor threads
2020-02-04 14:12:09.141 parsl.dataflow.dflow:484 [DEBUG]  Adding output dependencies
2020-02-04 14:12:09.141 parsl.dataflow.dflow:708 [INFO]  Task 18 submitted for App run_single_transcript, waiting on tasks []
2020-02-04 14:12:09.144 parsl.dataflow.dflow:714 [DEBUG]  Task 18 set to pending state with AppFuture: <AppFuture super=<AppFuture at 0x7fd508b09a58 state=pending>>
2020-02-04 14:12:09.151 parsl.dataflow.dflow:452 [INFO]  Task 18 launched on executor threads
2020-02-04 14:12:09.151 parsl.dataflow.dflow:484 [DEBUG]  Adding output dependencies
2020-02-04 14:12:09.152 parsl.dataflow.dflow:708 [INFO]  Task 19 submitted for App run_single_transcript, waiting on tasks []
2020-02-04 14:12:09.152 parsl.dataflow.dflow:714 [DEBUG]  Task 19 set to pending state with AppFuture: <AppFuture super=<AppFuture at 0x7fd508b09cf8 state=pending>>
2020-02-04 14:12:09.155 parsl.dataflow.dflow:452 [INFO]  Task 19 launched on executor threads
2020-02-04 14:12:09.155 parsl.dataflow.dflow:484 [DEBUG]  Adding output dependencies
2020-02-04 14:12:09.155 parsl.dataflow.dflow:708 [INFO]  Task 20 submitted for App run_single_transcript, waiting on tasks []
2020-02-04 14:12:09.155 parsl.dataflow.dflow:714 [DEBUG]  Task 20 set to pending state with AppFuture: <AppFuture super=<AppFuture at 0x7fd5082a5048 state=pending>>
2020-02-04 14:12:09.155 parsl.dataflow.dflow:452 [INFO]  Task 20 launched on executor threads
2020-02-04 14:12:09.156 parsl.dataflow.dflow:484 [DEBUG]  Adding output dependencies
2020-02-04 14:12:09.156 parsl.dataflow.dflow:708 [INFO]  Task 21 submitted for App run_single_transcript, waiting on tasks []
2020-02-04 14:12:09.156 parsl.dataflow.dflow:714 [DEBUG]  Task 21 set to pending state with AppFuture: <AppFuture super=<AppFuture at 0x7fd5082a5240 state=pending>>
2020-02-04 14:12:09.158 parsl.dataflow.dflow:452 [INFO]  Task 21 launched on executor threads
2020-02-04 14:12:09.159 parsl.dataflow.dflow:484 [DEBUG]  Adding output dependencies
2020-02-04 14:12:09.159 parsl.dataflow.dflow:708 [INFO]  Task 22 submitted for App run_single_transcript, waiting on tasks []
2020-02-04 14:12:09.159 parsl.dataflow.dflow:714 [DEBUG]  Task 22 set to pending state with AppFuture: <AppFuture super=<AppFuture at 0x7fd5082a5400 state=pending>>
2020-02-04 14:12:09.159 parsl.dataflow.dflow:452 [INFO]  Task 22 launched on executor threads
2020-02-04 14:12:09.159 parsl.dataflow.dflow:484 [DEBUG]  Adding output dependencies
2020-02-04 14:12:09.160 parsl.dataflow.dflow:708 [INFO]  Task 23 submitted for App run_single_transcript, waiting on tasks []
2020-02-04 14:12:09.160 parsl.dataflow.dflow:714 [DEBUG]  Task 23 set to pending state with AppFuture: <AppFuture super=<AppFuture at 0x7fd5082a55c0 state=pending>>
2020-02-04 14:12:09.160 parsl.dataflow.dflow:452 [INFO]  Task 23 launched on executor threads
2020-02-04 14:12:09.160 parsl.dataflow.dflow:484 [DEBUG]  Adding output dependencies
2020-02-04 14:12:09.160 parsl.dataflow.dflow:708 [INFO]  Task 24 submitted for App run_single_transcript, waiting on tasks []
2020-02-04 14:12:09.160 parsl.dataflow.dflow:714 [DEBUG]  Task 24 set to pending state with AppFuture: <AppFuture super=<AppFuture at 0x7fd5082a5780 state=pending>>
2020-02-04 14:12:09.160 parsl.dataflow.dflow:452 [INFO]  Task 24 launched on executor threads
2020-02-04 14:12:09.161 parsl.dataflow.dflow:484 [DEBUG]  Adding output dependencies
2020-02-04 14:12:09.161 parsl.dataflow.dflow:708 [INFO]  Task 25 submitted for App run_single_transcript, waiting on tasks []
2020-02-04 14:12:09.161 parsl.dataflow.dflow:714 [DEBUG]  Task 25 set to pending state with AppFuture: <AppFuture super=<AppFuture at 0x7fd5082a5940 state=pending>>
2020-02-04 14:12:09.161 parsl.dataflow.dflow:452 [INFO]  Task 25 launched on executor threads
2020-02-04 14:12:09.161 parsl.dataflow.dflow:484 [DEBUG]  Adding output dependencies
2020-02-04 14:12:09.161 parsl.dataflow.dflow:708 [INFO]  Task 26 submitted for App run_single_transcript, waiting on tasks []
2020-02-04 14:12:09.161 parsl.dataflow.dflow:714 [DEBUG]  Task 26 set to pending state with AppFuture: <AppFuture super=<AppFuture at 0x7fd5082a5b00 state=pending>>
2020-02-04 14:12:09.162 parsl.dataflow.dflow:452 [INFO]  Task 26 launched on executor threads
2020-02-04 14:12:09.162 parsl.dataflow.dflow:484 [DEBUG]  Adding output dependencies
2020-02-04 14:12:09.162 parsl.dataflow.dflow:708 [INFO]  Task 27 submitted for App run_single_transcript, waiting on tasks []
2020-02-04 14:12:09.162 parsl.dataflow.dflow:714 [DEBUG]  Task 27 set to pending state with AppFuture: <AppFuture super=<AppFuture at 0x7fd5082a5cc0 state=pending>>
2020-02-04 14:12:09.162 parsl.dataflow.dflow:452 [INFO]  Task 27 launched on executor threads
2020-02-04 14:12:09.162 parsl.dataflow.dflow:484 [DEBUG]  Adding output dependencies
2020-02-04 14:12:09.162 parsl.dataflow.dflow:708 [INFO]  Task 28 submitted for App run_single_transcript, waiting on tasks []
2020-02-04 14:12:09.162 parsl.dataflow.dflow:714 [DEBUG]  Task 28 set to pending state with AppFuture: <AppFuture super=<AppFuture at 0x7fd5082a5e80 state=pending>>
2020-02-04 14:12:09.163 parsl.dataflow.dflow:452 [INFO]  Task 28 launched on executor threads
2020-02-04 14:12:09.163 parsl.dataflow.dflow:484 [DEBUG]  Adding output dependencies
2020-02-04 14:12:09.163 parsl.dataflow.dflow:708 [INFO]  Task 29 submitted for App run_single_transcript, waiting on tasks []
2020-02-04 14:12:09.163 parsl.dataflow.dflow:714 [DEBUG]  Task 29 set to pending state with AppFuture: <AppFuture super=<AppFuture at 0x7fd5082ad080 state=pending>>
2020-02-04 14:12:09.163 parsl.dataflow.dflow:452 [INFO]  Task 29 launched on executor threads
2020-02-04 14:12:09.163 parsl.dataflow.dflow:484 [DEBUG]  Adding output dependencies
2020-02-04 14:12:09.163 parsl.dataflow.dflow:708 [INFO]  Task 30 submitted for App run_single_transcript, waiting on tasks []
2020-02-04 14:12:09.163 parsl.dataflow.dflow:714 [DEBUG]  Task 30 set to pending state with AppFuture: <AppFuture super=<AppFuture at 0x7fd5082ad240 state=pending>>
2020-02-04 14:12:09.164 parsl.dataflow.dflow:452 [INFO]  Task 30 launched on executor threads
2020-02-04 14:12:09.164 parsl.dataflow.dflow:484 [DEBUG]  Adding output dependencies
2020-02-04 14:12:09.164 parsl.dataflow.dflow:708 [INFO]  Task 31 submitted for App run_single_transcript, waiting on tasks []
2020-02-04 14:12:09.164 parsl.dataflow.dflow:714 [DEBUG]  Task 31 set to pending state with AppFuture: <AppFuture super=<AppFuture at 0x7fd5082ad400 state=pending>>
2020-02-04 14:12:09.164 parsl.dataflow.dflow:452 [INFO]  Task 31 launched on executor threads
2020-02-04 14:12:09.164 parsl.dataflow.dflow:484 [DEBUG]  Adding output dependencies
2020-02-04 14:12:09.164 parsl.dataflow.dflow:708 [INFO]  Task 32 submitted for App run_single_transcript, waiting on tasks []
2020-02-04 14:12:09.164 parsl.dataflow.dflow:714 [DEBUG]  Task 32 set to pending state with AppFuture: <AppFuture super=<AppFuture at 0x7fd5082ad5c0 state=pending>>
2020-02-04 14:12:09.164 parsl.dataflow.dflow:452 [INFO]  Task 32 launched on executor threads
2020-02-04 14:12:09.164 parsl.dataflow.dflow:484 [DEBUG]  Adding output dependencies
2020-02-04 14:12:09.164 parsl.dataflow.dflow:708 [INFO]  Task 33 submitted for App run_single_transcript, waiting on tasks []
2020-02-04 14:12:09.164 parsl.dataflow.dflow:714 [DEBUG]  Task 33 set to pending state with AppFuture: <AppFuture super=<AppFuture at 0x7fd5082ad780 state=pending>>
2020-02-04 14:12:09.165 parsl.dataflow.dflow:452 [INFO]  Task 33 launched on executor threads
2020-02-04 14:12:09.165 parsl.dataflow.dflow:484 [DEBUG]  Adding output dependencies
2020-02-04 14:12:09.165 parsl.dataflow.dflow:708 [INFO]  Task 34 submitted for App run_single_transcript, waiting on tasks []
2020-02-04 14:12:09.165 parsl.dataflow.dflow:714 [DEBUG]  Task 34 set to pending state with AppFuture: <AppFuture super=<AppFuture at 0x7fd5082ad940 state=pending>>
2020-02-04 14:12:09.165 parsl.dataflow.dflow:452 [INFO]  Task 34 launched on executor threads
2020-02-04 14:12:09.165 parsl.dataflow.dflow:484 [DEBUG]  Adding output dependencies
2020-02-04 14:12:09.165 parsl.dataflow.dflow:708 [INFO]  Task 35 submitted for App run_single_transcript, waiting on tasks []
2020-02-04 14:12:09.165 parsl.dataflow.dflow:714 [DEBUG]  Task 35 set to pending state with AppFuture: <AppFuture super=<AppFuture at 0x7fd5082adb00 state=pending>>
2020-02-04 14:12:09.165 parsl.dataflow.dflow:452 [INFO]  Task 35 launched on executor threads
2020-02-04 14:12:09.165 parsl.dataflow.dflow:484 [DEBUG]  Adding output dependencies
2020-02-04 14:12:09.165 parsl.dataflow.dflow:708 [INFO]  Task 36 submitted for App run_single_transcript, waiting on tasks []
2020-02-04 14:12:09.165 parsl.dataflow.dflow:714 [DEBUG]  Task 36 set to pending state with AppFuture: <AppFuture super=<AppFuture at 0x7fd5082adcc0 state=pending>>
2020-02-04 14:12:09.165 parsl.dataflow.dflow:452 [INFO]  Task 36 launched on executor threads
2020-02-04 14:12:09.166 parsl.dataflow.dflow:484 [DEBUG]  Adding output dependencies
2020-02-04 14:12:09.166 parsl.dataflow.dflow:708 [INFO]  Task 37 submitted for App run_single_transcript, waiting on tasks []
2020-02-04 14:12:09.166 parsl.dataflow.dflow:714 [DEBUG]  Task 37 set to pending state with AppFuture: <AppFuture super=<AppFuture at 0x7fd5082ade80 state=pending>>
2020-02-04 14:12:09.166 parsl.dataflow.dflow:452 [INFO]  Task 37 launched on executor threads
2020-02-04 14:12:09.166 parsl.dataflow.dflow:484 [DEBUG]  Adding output dependencies
2020-02-04 14:12:09.166 parsl.dataflow.dflow:708 [INFO]  Task 38 submitted for App run_single_transcript, waiting on tasks []
2020-02-04 14:12:09.166 parsl.dataflow.dflow:714 [DEBUG]  Task 38 set to pending state with AppFuture: <AppFuture super=<AppFuture at 0x7fd5082b5080 state=pending>>
2020-02-04 14:12:09.166 parsl.dataflow.dflow:452 [INFO]  Task 38 launched on executor threads
2020-02-04 14:12:09.166 parsl.dataflow.dflow:484 [DEBUG]  Adding output dependencies
2020-02-04 14:12:09.166 parsl.dataflow.dflow:708 [INFO]  Task 39 submitted for App run_single_transcript, waiting on tasks []
2020-02-04 14:12:09.166 parsl.dataflow.dflow:714 [DEBUG]  Task 39 set to pending state with AppFuture: <AppFuture super=<AppFuture at 0x7fd5082b5240 state=pending>>
2020-02-04 14:12:09.166 parsl.dataflow.dflow:452 [INFO]  Task 39 launched on executor threads
2020-02-04 14:12:09.167 parsl.dataflow.dflow:484 [DEBUG]  Adding output dependencies
2020-02-04 14:12:09.167 parsl.dataflow.dflow:708 [INFO]  Task 40 submitted for App run_single_transcript, waiting on tasks []
2020-02-04 14:12:09.167 parsl.dataflow.dflow:714 [DEBUG]  Task 40 set to pending state with AppFuture: <AppFuture super=<AppFuture at 0x7fd5082b5400 state=pending>>
2020-02-04 14:12:09.167 parsl.dataflow.dflow:452 [INFO]  Task 40 launched on executor threads
2020-02-04 14:12:09.167 parsl.dataflow.dflow:484 [DEBUG]  Adding output dependencies
2020-02-04 14:12:09.167 parsl.dataflow.dflow:708 [INFO]  Task 41 submitted for App run_single_transcript, waiting on tasks []
2020-02-04 14:12:09.167 parsl.dataflow.dflow:714 [DEBUG]  Task 41 set to pending state with AppFuture: <AppFuture super=<AppFuture at 0x7fd5082b55c0 state=pending>>
2020-02-04 14:12:09.167 parsl.dataflow.dflow:452 [INFO]  Task 41 launched on executor threads
2020-02-04 14:12:09.167 parsl.dataflow.dflow:484 [DEBUG]  Adding output dependencies
2020-02-04 14:12:09.167 parsl.dataflow.dflow:708 [INFO]  Task 42 submitted for App run_single_transcript, waiting on tasks []
2020-02-04 14:12:09.167 parsl.dataflow.dflow:714 [DEBUG]  Task 42 set to pending state with AppFuture: <AppFuture super=<AppFuture at 0x7fd5082b5780 state=pending>>
2020-02-04 14:12:09.167 parsl.dataflow.dflow:452 [INFO]  Task 42 launched on executor threads
2020-02-04 14:12:09.167 parsl.dataflow.dflow:484 [DEBUG]  Adding output dependencies
2020-02-04 14:12:09.168 parsl.dataflow.dflow:708 [INFO]  Task 43 submitted for App run_single_transcript, waiting on tasks []
2020-02-04 14:12:09.168 parsl.dataflow.dflow:714 [DEBUG]  Task 43 set to pending state with AppFuture: <AppFuture super=<AppFuture at 0x7fd5082b5940 state=pending>>
2020-02-04 14:12:09.168 parsl.dataflow.dflow:452 [INFO]  Task 43 launched on executor threads
2020-02-04 14:12:09.168 parsl.dataflow.dflow:484 [DEBUG]  Adding output dependencies
2020-02-04 14:12:09.168 parsl.dataflow.dflow:708 [INFO]  Task 44 submitted for App run_single_transcript, waiting on tasks []
2020-02-04 14:12:09.168 parsl.dataflow.dflow:714 [DEBUG]  Task 44 set to pending state with AppFuture: <AppFuture super=<AppFuture at 0x7fd5082b5b00 state=pending>>
2020-02-04 14:12:09.168 parsl.dataflow.dflow:452 [INFO]  Task 44 launched on executor threads
2020-02-04 14:12:09.168 parsl.dataflow.dflow:484 [DEBUG]  Adding output dependencies
2020-02-04 14:12:09.168 parsl.dataflow.dflow:708 [INFO]  Task 45 submitted for App run_single_transcript, waiting on tasks []
2020-02-04 14:12:09.168 parsl.dataflow.dflow:714 [DEBUG]  Task 45 set to pending state with AppFuture: <AppFuture super=<AppFuture at 0x7fd5082b5cc0 state=pending>>
2020-02-04 14:12:09.169 parsl.dataflow.dflow:452 [INFO]  Task 45 launched on executor threads
2020-02-04 14:12:09.169 parsl.dataflow.dflow:484 [DEBUG]  Adding output dependencies
2020-02-04 14:12:09.169 parsl.dataflow.dflow:708 [INFO]  Task 46 submitted for App run_single_transcript, waiting on tasks []
2020-02-04 14:12:09.169 parsl.dataflow.dflow:714 [DEBUG]  Task 46 set to pending state with AppFuture: <AppFuture super=<AppFuture at 0x7fd5082b5e80 state=pending>>
2020-02-04 14:12:09.169 parsl.dataflow.dflow:452 [INFO]  Task 46 launched on executor threads
2020-02-04 14:12:09.169 parsl.dataflow.dflow:484 [DEBUG]  Adding output dependencies
2020-02-04 14:12:09.169 parsl.dataflow.dflow:708 [INFO]  Task 47 submitted for App run_single_transcript, waiting on tasks []
2020-02-04 14:12:09.169 parsl.dataflow.dflow:714 [DEBUG]  Task 47 set to pending state with AppFuture: <AppFuture super=<AppFuture at 0x7fd5082c4080 state=pending>>
2020-02-04 14:12:09.169 parsl.dataflow.dflow:452 [INFO]  Task 47 launched on executor threads
2020-02-04 14:12:09.170 parsl.dataflow.dflow:484 [DEBUG]  Adding output dependencies
2020-02-04 14:12:09.170 parsl.dataflow.dflow:708 [INFO]  Task 48 submitted for App run_single_transcript, waiting on tasks []
2020-02-04 14:12:09.170 parsl.dataflow.dflow:714 [DEBUG]  Task 48 set to pending state with AppFuture: <AppFuture super=<AppFuture at 0x7fd5082c4240 state=pending>>
2020-02-04 14:12:09.170 parsl.dataflow.dflow:452 [INFO]  Task 48 launched on executor threads
2020-02-04 14:12:09.170 parsl.dataflow.dflow:484 [DEBUG]  Adding output dependencies
2020-02-04 14:12:09.170 parsl.dataflow.dflow:708 [INFO]  Task 49 submitted for App run_single_transcript, waiting on tasks []
2020-02-04 14:12:09.170 parsl.dataflow.dflow:714 [DEBUG]  Task 49 set to pending state with AppFuture: <AppFuture super=<AppFuture at 0x7fd5082c4400 state=pending>>
2020-02-04 14:12:09.170 parsl.dataflow.dflow:452 [INFO]  Task 49 launched on executor threads
2020-02-04 14:12:09.170 parsl.dataflow.dflow:484 [DEBUG]  Adding output dependencies
2020-02-04 14:12:09.170 parsl.dataflow.dflow:708 [INFO]  Task 50 submitted for App run_single_transcript, waiting on tasks []
2020-02-04 14:12:09.170 parsl.dataflow.dflow:714 [DEBUG]  Task 50 set to pending state with AppFuture: <AppFuture super=<AppFuture at 0x7fd5082c45c0 state=pending>>
2020-02-04 14:12:09.170 parsl.dataflow.dflow:452 [INFO]  Task 50 launched on executor threads
2020-02-04 14:12:09.171 parsl.dataflow.dflow:484 [DEBUG]  Adding output dependencies
2020-02-04 14:12:09.171 parsl.dataflow.dflow:708 [INFO]  Task 51 submitted for App run_single_transcript, waiting on tasks []
2020-02-04 14:12:09.171 parsl.dataflow.dflow:714 [DEBUG]  Task 51 set to pending state with AppFuture: <AppFuture super=<AppFuture at 0x7fd5082c4780 state=pending>>
2020-02-04 14:12:09.171 parsl.dataflow.dflow:452 [INFO]  Task 51 launched on executor threads
2020-02-04 14:12:09.171 parsl.dataflow.dflow:484 [DEBUG]  Adding output dependencies
2020-02-04 14:12:09.171 parsl.dataflow.dflow:708 [INFO]  Task 52 submitted for App run_single_transcript, waiting on tasks []
2020-02-04 14:12:09.171 parsl.dataflow.dflow:714 [DEBUG]  Task 52 set to pending state with AppFuture: <AppFuture super=<AppFuture at 0x7fd5082c4940 state=pending>>
2020-02-04 14:12:09.171 parsl.dataflow.dflow:452 [INFO]  Task 52 launched on executor threads
2020-02-04 14:12:09.171 parsl.dataflow.dflow:484 [DEBUG]  Adding output dependencies
2020-02-04 14:12:09.171 parsl.dataflow.dflow:708 [INFO]  Task 53 submitted for App run_single_transcript, waiting on tasks []
2020-02-04 14:12:09.171 parsl.dataflow.dflow:714 [DEBUG]  Task 53 set to pending state with AppFuture: <AppFuture super=<AppFuture at 0x7fd5082c4b00 state=pending>>
2020-02-04 14:12:09.171 parsl.dataflow.dflow:452 [INFO]  Task 53 launched on executor threads
2020-02-04 14:12:09.171 parsl.dataflow.dflow:484 [DEBUG]  Adding output dependencies
2020-02-04 14:12:09.171 parsl.dataflow.dflow:708 [INFO]  Task 54 submitted for App run_single_transcript, waiting on tasks []
2020-02-04 14:12:09.172 parsl.dataflow.dflow:714 [DEBUG]  Task 54 set to pending state with AppFuture: <AppFuture super=<AppFuture at 0x7fd5082c4cc0 state=pending>>
2020-02-04 14:12:09.172 parsl.dataflow.dflow:452 [INFO]  Task 54 launched on executor threads
2020-02-04 14:12:09.172 parsl.dataflow.dflow:484 [DEBUG]  Adding output dependencies
2020-02-04 14:12:09.172 parsl.dataflow.dflow:708 [INFO]  Task 55 submitted for App run_single_transcript, waiting on tasks []
2020-02-04 14:12:09.172 parsl.dataflow.dflow:714 [DEBUG]  Task 55 set to pending state with AppFuture: <AppFuture super=<AppFuture at 0x7fd5082c4e80 state=pending>>
2020-02-04 14:12:09.172 parsl.dataflow.dflow:452 [INFO]  Task 55 launched on executor threads
2020-02-04 14:12:09.172 parsl.dataflow.dflow:484 [DEBUG]  Adding output dependencies
2020-02-04 14:12:09.172 parsl.dataflow.dflow:708 [INFO]  Task 56 submitted for App run_single_transcript, waiting on tasks []
2020-02-04 14:12:09.172 parsl.dataflow.dflow:714 [DEBUG]  Task 56 set to pending state with AppFuture: <AppFuture super=<AppFuture at 0x7fd5082cb080 state=pending>>
2020-02-04 14:12:09.172 parsl.dataflow.dflow:452 [INFO]  Task 56 launched on executor threads
2020-02-04 14:12:09.172 parsl.dataflow.dflow:484 [DEBUG]  Adding output dependencies
2020-02-04 14:12:09.172 parsl.dataflow.dflow:708 [INFO]  Task 57 submitted for App run_single_transcript, waiting on tasks []
2020-02-04 14:12:09.173 parsl.dataflow.dflow:714 [DEBUG]  Task 57 set to pending state with AppFuture: <AppFuture super=<AppFuture at 0x7fd5082cb240 state=pending>>
2020-02-04 14:12:09.173 parsl.dataflow.dflow:452 [INFO]  Task 57 launched on executor threads
2020-02-04 14:12:09.173 parsl.dataflow.dflow:484 [DEBUG]  Adding output dependencies
2020-02-04 14:12:09.173 parsl.dataflow.dflow:708 [INFO]  Task 58 submitted for App run_single_transcript, waiting on tasks []
2020-02-04 14:12:09.173 parsl.dataflow.dflow:714 [DEBUG]  Task 58 set to pending state with AppFuture: <AppFuture super=<AppFuture at 0x7fd5082cb400 state=pending>>
2020-02-04 14:12:09.173 parsl.dataflow.dflow:452 [INFO]  Task 58 launched on executor threads
2020-02-04 14:12:09.173 parsl.dataflow.dflow:484 [DEBUG]  Adding output dependencies
2020-02-04 14:12:09.173 parsl.dataflow.dflow:708 [INFO]  Task 59 submitted for App run_single_transcript, waiting on tasks []
2020-02-04 14:12:09.173 parsl.dataflow.dflow:714 [DEBUG]  Task 59 set to pending state with AppFuture: <AppFuture super=<AppFuture at 0x7fd5082cb5c0 state=pending>>
2020-02-04 14:12:09.173 parsl.dataflow.dflow:452 [INFO]  Task 59 launched on executor threads
2020-02-04 14:12:09.173 parsl.dataflow.dflow:484 [DEBUG]  Adding output dependencies
2020-02-04 14:12:09.173 parsl.dataflow.dflow:708 [INFO]  Task 60 submitted for App run_single_transcript, waiting on tasks []
2020-02-04 14:12:09.173 parsl.dataflow.dflow:714 [DEBUG]  Task 60 set to pending state with AppFuture: <AppFuture super=<AppFuture at 0x7fd5082cb780 state=pending>>
2020-02-04 14:12:09.173 parsl.dataflow.dflow:452 [INFO]  Task 60 launched on executor threads
2020-02-04 14:12:09.174 parsl.dataflow.dflow:484 [DEBUG]  Adding output dependencies
2020-02-04 14:12:09.174 parsl.dataflow.dflow:708 [INFO]  Task 61 submitted for App run_single_transcript, waiting on tasks []
2020-02-04 14:12:09.174 parsl.dataflow.dflow:714 [DEBUG]  Task 61 set to pending state with AppFuture: <AppFuture super=<AppFuture at 0x7fd5082cb940 state=pending>>
2020-02-04 14:12:09.174 parsl.dataflow.dflow:452 [INFO]  Task 61 launched on executor threads
2020-02-04 14:12:09.174 parsl.dataflow.dflow:484 [DEBUG]  Adding output dependencies
2020-02-04 14:12:09.174 parsl.dataflow.dflow:708 [INFO]  Task 62 submitted for App run_single_transcript, waiting on tasks []
2020-02-04 14:12:09.174 parsl.dataflow.dflow:714 [DEBUG]  Task 62 set to pending state with AppFuture: <AppFuture super=<AppFuture at 0x7fd5082cbb00 state=pending>>
2020-02-04 14:12:09.174 parsl.dataflow.dflow:452 [INFO]  Task 62 launched on executor threads
2020-02-04 14:12:09.174 parsl.dataflow.dflow:484 [DEBUG]  Adding output dependencies
2020-02-04 14:12:09.174 parsl.dataflow.dflow:708 [INFO]  Task 63 submitted for App run_single_transcript, waiting on tasks []
2020-02-04 14:12:09.174 parsl.dataflow.dflow:714 [DEBUG]  Task 63 set to pending state with AppFuture: <AppFuture super=<AppFuture at 0x7fd5082cbcc0 state=pending>>
2020-02-04 14:12:09.174 parsl.dataflow.dflow:452 [INFO]  Task 63 launched on executor threads
2020-02-04 14:12:09.174 parsl.dataflow.dflow:484 [DEBUG]  Adding output dependencies
2020-02-04 14:12:09.175 parsl.dataflow.dflow:708 [INFO]  Task 64 submitted for App run_single_transcript, waiting on tasks []
2020-02-04 14:12:09.175 parsl.dataflow.dflow:714 [DEBUG]  Task 64 set to pending state with AppFuture: <AppFuture super=<AppFuture at 0x7fd5082cbe80 state=pending>>
2020-02-04 14:12:09.175 parsl.dataflow.dflow:452 [INFO]  Task 64 launched on executor threads
2020-02-04 14:12:09.175 parsl.dataflow.dflow:484 [DEBUG]  Adding output dependencies
2020-02-04 14:12:09.175 parsl.dataflow.dflow:708 [INFO]  Task 65 submitted for App run_single_transcript, waiting on tasks []
2020-02-04 14:12:09.175 parsl.dataflow.dflow:714 [DEBUG]  Task 65 set to pending state with AppFuture: <AppFuture super=<AppFuture at 0x7fd5082db080 state=pending>>
2020-02-04 14:12:09.175 parsl.dataflow.dflow:452 [INFO]  Task 65 launched on executor threads
2020-02-04 14:12:09.175 parsl.dataflow.dflow:484 [DEBUG]  Adding output dependencies
2020-02-04 14:12:09.175 parsl.dataflow.dflow:708 [INFO]  Task 66 submitted for App run_single_transcript, waiting on tasks []
2020-02-04 14:12:09.175 parsl.dataflow.dflow:714 [DEBUG]  Task 66 set to pending state with AppFuture: <AppFuture super=<AppFuture at 0x7fd5082db240 state=pending>>
2020-02-04 14:12:09.175 parsl.dataflow.dflow:452 [INFO]  Task 66 launched on executor threads
2020-02-04 14:12:09.175 parsl.dataflow.dflow:484 [DEBUG]  Adding output dependencies
2020-02-04 14:12:09.175 parsl.dataflow.dflow:708 [INFO]  Task 67 submitted for App run_single_transcript, waiting on tasks []
2020-02-04 14:12:09.176 parsl.dataflow.dflow:714 [DEBUG]  Task 67 set to pending state with AppFuture: <AppFuture super=<AppFuture at 0x7fd5082db400 state=pending>>
2020-02-04 14:12:09.176 parsl.dataflow.dflow:452 [INFO]  Task 67 launched on executor threads
2020-02-04 14:12:09.176 parsl.dataflow.dflow:484 [DEBUG]  Adding output dependencies
2020-02-04 14:12:09.176 parsl.dataflow.dflow:708 [INFO]  Task 68 submitted for App run_single_transcript, waiting on tasks []
2020-02-04 14:12:09.176 parsl.dataflow.dflow:714 [DEBUG]  Task 68 set to pending state with AppFuture: <AppFuture super=<AppFuture at 0x7fd5082db5c0 state=pending>>
2020-02-04 14:12:09.176 parsl.dataflow.dflow:452 [INFO]  Task 68 launched on executor threads
2020-02-04 14:12:09.176 parsl.dataflow.dflow:484 [DEBUG]  Adding output dependencies
2020-02-04 14:12:09.176 parsl.dataflow.dflow:708 [INFO]  Task 69 submitted for App run_single_transcript, waiting on tasks []
2020-02-04 14:12:09.176 parsl.dataflow.dflow:714 [DEBUG]  Task 69 set to pending state with AppFuture: <AppFuture super=<AppFuture at 0x7fd5082db780 state=pending>>
2020-02-04 14:12:09.176 parsl.dataflow.dflow:452 [INFO]  Task 69 launched on executor threads
2020-02-04 14:12:09.177 parsl.dataflow.dflow:484 [DEBUG]  Adding output dependencies
2020-02-04 14:12:09.177 parsl.dataflow.dflow:708 [INFO]  Task 70 submitted for App run_single_transcript, waiting on tasks []
2020-02-04 14:12:09.177 parsl.dataflow.dflow:714 [DEBUG]  Task 70 set to pending state with AppFuture: <AppFuture super=<AppFuture at 0x7fd5082db940 state=pending>>
2020-02-04 14:12:09.177 parsl.dataflow.dflow:452 [INFO]  Task 70 launched on executor threads
2020-02-04 14:12:09.177 parsl.dataflow.dflow:484 [DEBUG]  Adding output dependencies
2020-02-04 14:12:09.177 parsl.dataflow.dflow:708 [INFO]  Task 71 submitted for App run_single_transcript, waiting on tasks []
2020-02-04 14:12:09.177 parsl.dataflow.dflow:714 [DEBUG]  Task 71 set to pending state with AppFuture: <AppFuture super=<AppFuture at 0x7fd5082dbb00 state=pending>>
2020-02-04 14:12:09.177 parsl.dataflow.dflow:452 [INFO]  Task 71 launched on executor threads
2020-02-04 14:12:09.178 parsl.dataflow.dflow:484 [DEBUG]  Adding output dependencies
2020-02-04 14:12:09.178 parsl.dataflow.dflow:708 [INFO]  Task 72 submitted for App run_single_transcript, waiting on tasks []
2020-02-04 14:12:09.178 parsl.dataflow.dflow:714 [DEBUG]  Task 72 set to pending state with AppFuture: <AppFuture super=<AppFuture at 0x7fd5082dbcc0 state=pending>>
2020-02-04 14:12:09.178 parsl.dataflow.dflow:452 [INFO]  Task 72 launched on executor threads
2020-02-04 14:12:09.178 parsl.dataflow.dflow:484 [DEBUG]  Adding output dependencies
2020-02-04 14:12:09.178 parsl.dataflow.dflow:708 [INFO]  Task 73 submitted for App run_single_transcript, waiting on tasks []
2020-02-04 14:12:09.178 parsl.dataflow.dflow:714 [DEBUG]  Task 73 set to pending state with AppFuture: <AppFuture super=<AppFuture at 0x7fd5082dbe80 state=pending>>
2020-02-04 14:12:09.178 parsl.dataflow.dflow:452 [INFO]  Task 73 launched on executor threads
2020-02-04 14:12:09.178 parsl.dataflow.dflow:484 [DEBUG]  Adding output dependencies
2020-02-04 14:12:09.178 parsl.dataflow.dflow:708 [INFO]  Task 74 submitted for App run_single_transcript, waiting on tasks []
2020-02-04 14:12:09.179 parsl.dataflow.dflow:714 [DEBUG]  Task 74 set to pending state with AppFuture: <AppFuture super=<AppFuture at 0x7fd5082e3080 state=pending>>
2020-02-04 14:12:09.179 parsl.dataflow.dflow:452 [INFO]  Task 74 launched on executor threads
2020-02-04 14:12:09.179 parsl.dataflow.dflow:484 [DEBUG]  Adding output dependencies
2020-02-04 14:12:09.179 parsl.dataflow.dflow:708 [INFO]  Task 75 submitted for App run_single_transcript, waiting on tasks []
2020-02-04 14:12:09.179 parsl.dataflow.dflow:714 [DEBUG]  Task 75 set to pending state with AppFuture: <AppFuture super=<AppFuture at 0x7fd5082e3240 state=pending>>
2020-02-04 14:12:09.179 parsl.dataflow.dflow:452 [INFO]  Task 75 launched on executor threads
2020-02-04 14:12:09.179 parsl.dataflow.dflow:484 [DEBUG]  Adding output dependencies
2020-02-04 14:12:09.179 parsl.dataflow.dflow:708 [INFO]  Task 76 submitted for App run_single_transcript, waiting on tasks []
2020-02-04 14:12:09.179 parsl.dataflow.dflow:714 [DEBUG]  Task 76 set to pending state with AppFuture: <AppFuture super=<AppFuture at 0x7fd5082e3400 state=pending>>
2020-02-04 14:12:09.179 parsl.dataflow.dflow:452 [INFO]  Task 76 launched on executor threads
2020-02-04 14:12:09.179 parsl.dataflow.dflow:484 [DEBUG]  Adding output dependencies
2020-02-04 14:12:09.180 parsl.dataflow.dflow:708 [INFO]  Task 77 submitted for App run_single_transcript, waiting on tasks []
2020-02-04 14:12:09.180 parsl.dataflow.dflow:714 [DEBUG]  Task 77 set to pending state with AppFuture: <AppFuture super=<AppFuture at 0x7fd5082e35c0 state=pending>>
2020-02-04 14:12:09.180 parsl.dataflow.dflow:452 [INFO]  Task 77 launched on executor threads
2020-02-04 14:12:09.180 parsl.dataflow.dflow:484 [DEBUG]  Adding output dependencies
2020-02-04 14:12:09.180 parsl.dataflow.dflow:708 [INFO]  Task 78 submitted for App run_single_transcript, waiting on tasks []
2020-02-04 14:12:09.180 parsl.dataflow.dflow:714 [DEBUG]  Task 78 set to pending state with AppFuture: <AppFuture super=<AppFuture at 0x7fd5082e3780 state=pending>>
2020-02-04 14:12:09.180 parsl.dataflow.dflow:452 [INFO]  Task 78 launched on executor threads
2020-02-04 14:12:09.180 parsl.dataflow.dflow:484 [DEBUG]  Adding output dependencies
2020-02-04 14:12:09.180 parsl.dataflow.dflow:708 [INFO]  Task 79 submitted for App run_single_transcript, waiting on tasks []
2020-02-04 14:12:09.180 parsl.dataflow.dflow:714 [DEBUG]  Task 79 set to pending state with AppFuture: <AppFuture super=<AppFuture at 0x7fd5082e3940 state=pending>>
2020-02-04 14:12:09.180 parsl.dataflow.dflow:452 [INFO]  Task 79 launched on executor threads
2020-02-04 14:12:09.180 parsl.dataflow.dflow:484 [DEBUG]  Adding output dependencies
2020-02-04 14:12:09.180 parsl.dataflow.dflow:708 [INFO]  Task 80 submitted for App run_single_transcript, waiting on tasks []
2020-02-04 14:12:09.181 parsl.dataflow.dflow:714 [DEBUG]  Task 80 set to pending state with AppFuture: <AppFuture super=<AppFuture at 0x7fd5082e3b00 state=pending>>
2020-02-04 14:12:09.181 parsl.dataflow.dflow:452 [INFO]  Task 80 launched on executor threads
2020-02-04 14:12:09.181 parsl.dataflow.dflow:484 [DEBUG]  Adding output dependencies
2020-02-04 14:12:09.181 parsl.dataflow.dflow:708 [INFO]  Task 81 submitted for App run_single_transcript, waiting on tasks []
2020-02-04 14:12:09.181 parsl.dataflow.dflow:714 [DEBUG]  Task 81 set to pending state with AppFuture: <AppFuture super=<AppFuture at 0x7fd5082e3cc0 state=pending>>
2020-02-04 14:12:09.181 parsl.dataflow.dflow:452 [INFO]  Task 81 launched on executor threads
2020-02-04 14:12:09.181 parsl.dataflow.dflow:484 [DEBUG]  Adding output dependencies
2020-02-04 14:12:09.181 parsl.dataflow.dflow:708 [INFO]  Task 82 submitted for App run_single_transcript, waiting on tasks []
2020-02-04 14:12:09.181 parsl.dataflow.dflow:714 [DEBUG]  Task 82 set to pending state with AppFuture: <AppFuture super=<AppFuture at 0x7fd5082e3e80 state=pending>>
2020-02-04 14:12:09.181 parsl.dataflow.dflow:452 [INFO]  Task 82 launched on executor threads
2020-02-04 14:12:09.181 parsl.dataflow.dflow:484 [DEBUG]  Adding output dependencies
2020-02-04 14:12:09.182 parsl.dataflow.dflow:708 [INFO]  Task 83 submitted for App run_single_transcript, waiting on tasks []
2020-02-04 14:12:09.182 parsl.dataflow.dflow:714 [DEBUG]  Task 83 set to pending state with AppFuture: <AppFuture super=<AppFuture at 0x7fd508271080 state=pending>>
2020-02-04 14:12:09.182 parsl.dataflow.dflow:452 [INFO]  Task 83 launched on executor threads
2020-02-04 14:12:09.182 parsl.dataflow.dflow:484 [DEBUG]  Adding output dependencies
2020-02-04 14:12:09.182 parsl.dataflow.dflow:708 [INFO]  Task 84 submitted for App run_single_transcript, waiting on tasks []
2020-02-04 14:12:09.182 parsl.dataflow.dflow:714 [DEBUG]  Task 84 set to pending state with AppFuture: <AppFuture super=<AppFuture at 0x7fd508271240 state=pending>>
2020-02-04 14:12:09.182 parsl.dataflow.dflow:452 [INFO]  Task 84 launched on executor threads
2020-02-04 14:12:09.182 parsl.dataflow.dflow:484 [DEBUG]  Adding output dependencies
2020-02-04 14:12:09.182 parsl.dataflow.dflow:708 [INFO]  Task 85 submitted for App run_single_transcript, waiting on tasks []
2020-02-04 14:12:09.182 parsl.dataflow.dflow:714 [DEBUG]  Task 85 set to pending state with AppFuture: <AppFuture super=<AppFuture at 0x7fd508271400 state=pending>>
2020-02-04 14:12:09.182 parsl.dataflow.dflow:452 [INFO]  Task 85 launched on executor threads
2020-02-04 14:12:09.182 parsl.dataflow.dflow:484 [DEBUG]  Adding output dependencies
2020-02-04 14:12:09.182 parsl.dataflow.dflow:708 [INFO]  Task 86 submitted for App run_single_transcript, waiting on tasks []
2020-02-04 14:12:09.183 parsl.dataflow.dflow:714 [DEBUG]  Task 86 set to pending state with AppFuture: <AppFuture super=<AppFuture at 0x7fd5082715c0 state=pending>>
2020-02-04 14:12:09.183 parsl.dataflow.dflow:452 [INFO]  Task 86 launched on executor threads
2020-02-04 14:12:09.183 parsl.dataflow.dflow:484 [DEBUG]  Adding output dependencies
2020-02-04 14:12:09.183 parsl.dataflow.dflow:708 [INFO]  Task 87 submitted for App run_single_transcript, waiting on tasks []
2020-02-04 14:12:09.183 parsl.dataflow.dflow:714 [DEBUG]  Task 87 set to pending state with AppFuture: <AppFuture super=<AppFuture at 0x7fd508271780 state=pending>>
2020-02-04 14:12:09.183 parsl.dataflow.dflow:452 [INFO]  Task 87 launched on executor threads
2020-02-04 14:12:09.183 parsl.dataflow.dflow:484 [DEBUG]  Adding output dependencies
2020-02-04 14:12:09.183 parsl.dataflow.dflow:708 [INFO]  Task 88 submitted for App run_single_transcript, waiting on tasks []
2020-02-04 14:12:09.183 parsl.dataflow.dflow:714 [DEBUG]  Task 88 set to pending state with AppFuture: <AppFuture super=<AppFuture at 0x7fd508271940 state=pending>>
2020-02-04 14:12:09.183 parsl.dataflow.dflow:452 [INFO]  Task 88 launched on executor threads
2020-02-04 14:12:09.184 parsl.dataflow.dflow:484 [DEBUG]  Adding output dependencies
2020-02-04 14:12:09.184 parsl.dataflow.dflow:708 [INFO]  Task 89 submitted for App run_single_transcript, waiting on tasks []
2020-02-04 14:12:09.184 parsl.dataflow.dflow:714 [DEBUG]  Task 89 set to pending state with AppFuture: <AppFuture super=<AppFuture at 0x7fd508271b00 state=pending>>
2020-02-04 14:12:09.184 parsl.dataflow.dflow:452 [INFO]  Task 89 launched on executor threads
2020-02-04 14:12:09.184 parsl.dataflow.dflow:484 [DEBUG]  Adding output dependencies
2020-02-04 14:12:09.184 parsl.dataflow.dflow:708 [INFO]  Task 90 submitted for App run_single_transcript, waiting on tasks []
2020-02-04 14:12:09.184 parsl.dataflow.dflow:714 [DEBUG]  Task 90 set to pending state with AppFuture: <AppFuture super=<AppFuture at 0x7fd508271cc0 state=pending>>
2020-02-04 14:12:09.184 parsl.dataflow.dflow:452 [INFO]  Task 90 launched on executor threads
2020-02-04 14:12:09.184 parsl.dataflow.dflow:484 [DEBUG]  Adding output dependencies
2020-02-04 14:12:09.184 parsl.dataflow.dflow:708 [INFO]  Task 91 submitted for App run_single_transcript, waiting on tasks []
2020-02-04 14:12:09.184 parsl.dataflow.dflow:714 [DEBUG]  Task 91 set to pending state with AppFuture: <AppFuture super=<AppFuture at 0x7fd508271e80 state=pending>>
2020-02-04 14:12:09.185 parsl.dataflow.dflow:452 [INFO]  Task 91 launched on executor threads
2020-02-04 14:12:09.185 parsl.dataflow.dflow:484 [DEBUG]  Adding output dependencies
2020-02-04 14:12:09.185 parsl.dataflow.dflow:708 [INFO]  Task 92 submitted for App run_single_transcript, waiting on tasks []
2020-02-04 14:12:09.185 parsl.dataflow.dflow:714 [DEBUG]  Task 92 set to pending state with AppFuture: <AppFuture super=<AppFuture at 0x7fd50827a080 state=pending>>
2020-02-04 14:12:09.185 parsl.dataflow.dflow:452 [INFO]  Task 92 launched on executor threads
2020-02-04 14:12:09.185 parsl.dataflow.dflow:484 [DEBUG]  Adding output dependencies
2020-02-04 14:12:09.185 parsl.dataflow.dflow:708 [INFO]  Task 93 submitted for App run_single_transcript, waiting on tasks []
2020-02-04 14:12:09.185 parsl.dataflow.dflow:714 [DEBUG]  Task 93 set to pending state with AppFuture: <AppFuture super=<AppFuture at 0x7fd50827a240 state=pending>>
2020-02-04 14:12:09.185 parsl.dataflow.dflow:452 [INFO]  Task 93 launched on executor threads
2020-02-04 14:12:09.185 parsl.dataflow.dflow:484 [DEBUG]  Adding output dependencies
2020-02-04 14:12:09.185 parsl.dataflow.dflow:708 [INFO]  Task 94 submitted for App run_single_transcript, waiting on tasks []
2020-02-04 14:12:09.185 parsl.dataflow.dflow:714 [DEBUG]  Task 94 set to pending state with AppFuture: <AppFuture super=<AppFuture at 0x7fd50827a400 state=pending>>
2020-02-04 14:12:09.186 parsl.dataflow.dflow:452 [INFO]  Task 94 launched on executor threads
2020-02-04 14:12:09.186 parsl.dataflow.dflow:484 [DEBUG]  Adding output dependencies
2020-02-04 14:12:09.186 parsl.dataflow.dflow:708 [INFO]  Task 95 submitted for App run_single_transcript, waiting on tasks []
2020-02-04 14:12:09.186 parsl.dataflow.dflow:714 [DEBUG]  Task 95 set to pending state with AppFuture: <AppFuture super=<AppFuture at 0x7fd50827a5c0 state=pending>>
2020-02-04 14:12:09.186 parsl.dataflow.dflow:452 [INFO]  Task 95 launched on executor threads
2020-02-04 14:12:09.186 parsl.dataflow.dflow:484 [DEBUG]  Adding output dependencies
2020-02-04 14:12:09.186 parsl.dataflow.dflow:708 [INFO]  Task 96 submitted for App run_single_transcript, waiting on tasks []
2020-02-04 14:12:09.186 parsl.dataflow.dflow:714 [DEBUG]  Task 96 set to pending state with AppFuture: <AppFuture super=<AppFuture at 0x7fd50827a780 state=pending>>
2020-02-04 14:12:09.186 parsl.dataflow.dflow:452 [INFO]  Task 96 launched on executor threads
2020-02-04 14:12:09.186 parsl.dataflow.dflow:484 [DEBUG]  Adding output dependencies
2020-02-04 14:12:09.186 parsl.dataflow.dflow:708 [INFO]  Task 97 submitted for App run_single_transcript, waiting on tasks []
2020-02-04 14:12:09.187 parsl.dataflow.dflow:714 [DEBUG]  Task 97 set to pending state with AppFuture: <AppFuture super=<AppFuture at 0x7fd50827a940 state=pending>>
2020-02-04 14:12:09.187 parsl.dataflow.dflow:452 [INFO]  Task 97 launched on executor threads
2020-02-04 14:12:09.187 parsl.dataflow.dflow:484 [DEBUG]  Adding output dependencies
2020-02-04 14:12:09.187 parsl.dataflow.dflow:708 [INFO]  Task 98 submitted for App run_single_transcript, waiting on tasks []
2020-02-04 14:12:09.187 parsl.dataflow.dflow:714 [DEBUG]  Task 98 set to pending state with AppFuture: <AppFuture super=<AppFuture at 0x7fd50827ab00 state=pending>>
2020-02-04 14:12:09.187 parsl.dataflow.dflow:452 [INFO]  Task 98 launched on executor threads
2020-02-04 14:12:09.187 parsl.dataflow.dflow:484 [DEBUG]  Adding output dependencies
2020-02-04 14:12:09.187 parsl.dataflow.dflow:708 [INFO]  Task 99 submitted for App run_single_transcript, waiting on tasks []
2020-02-04 14:12:09.187 parsl.dataflow.dflow:714 [DEBUG]  Task 99 set to pending state with AppFuture: <AppFuture super=<AppFuture at 0x7fd50827acc0 state=pending>>
2020-02-04 14:12:09.187 parsl.dataflow.dflow:452 [INFO]  Task 99 launched on executor threads
2020-02-04 14:12:09.187 parsl.dataflow.dflow:484 [DEBUG]  Adding output dependencies
2020-02-04 14:12:09.187 parsl.dataflow.dflow:708 [INFO]  Task 100 submitted for App run_single_transcript, waiting on tasks []
2020-02-04 14:12:09.188 parsl.dataflow.dflow:714 [DEBUG]  Task 100 set to pending state with AppFuture: <AppFuture super=<AppFuture at 0x7fd50827ae80 state=pending>>
2020-02-04 14:12:09.188 parsl.dataflow.dflow:452 [INFO]  Task 100 launched on executor threads
2020-02-04 14:12:09.188 parsl.dataflow.dflow:484 [DEBUG]  Adding output dependencies
2020-02-04 14:12:09.188 parsl.dataflow.dflow:708 [INFO]  Task 101 submitted for App run_single_transcript, waiting on tasks []
2020-02-04 14:12:09.188 parsl.dataflow.dflow:714 [DEBUG]  Task 101 set to pending state with AppFuture: <AppFuture super=<AppFuture at 0x7fd508285080 state=pending>>
2020-02-04 14:12:09.188 parsl.dataflow.dflow:452 [INFO]  Task 101 launched on executor threads
2020-02-04 14:12:09.188 parsl.dataflow.dflow:484 [DEBUG]  Adding output dependencies
2020-02-04 14:12:09.188 parsl.dataflow.dflow:708 [INFO]  Task 102 submitted for App run_single_transcript, waiting on tasks []
2020-02-04 14:12:09.188 parsl.dataflow.dflow:714 [DEBUG]  Task 102 set to pending state with AppFuture: <AppFuture super=<AppFuture at 0x7fd508285240 state=pending>>
2020-02-04 14:12:09.188 parsl.dataflow.dflow:452 [INFO]  Task 102 launched on executor threads
2020-02-04 14:12:09.188 parsl.dataflow.dflow:484 [DEBUG]  Adding output dependencies
2020-02-04 14:12:09.188 parsl.dataflow.dflow:708 [INFO]  Task 103 submitted for App run_single_transcript, waiting on tasks []
2020-02-04 14:12:09.188 parsl.dataflow.dflow:714 [DEBUG]  Task 103 set to pending state with AppFuture: <AppFuture super=<AppFuture at 0x7fd508285400 state=pending>>
2020-02-04 14:12:09.189 parsl.dataflow.dflow:452 [INFO]  Task 103 launched on executor threads
2020-02-04 14:12:09.189 parsl.dataflow.dflow:484 [DEBUG]  Adding output dependencies
2020-02-04 14:12:09.189 parsl.dataflow.dflow:708 [INFO]  Task 104 submitted for App run_single_transcript, waiting on tasks []
2020-02-04 14:12:09.189 parsl.dataflow.dflow:714 [DEBUG]  Task 104 set to pending state with AppFuture: <AppFuture super=<AppFuture at 0x7fd5082855c0 state=pending>>
2020-02-04 14:12:09.189 parsl.dataflow.dflow:452 [INFO]  Task 104 launched on executor threads
2020-02-04 14:12:09.189 parsl.dataflow.dflow:484 [DEBUG]  Adding output dependencies
2020-02-04 14:12:09.189 parsl.dataflow.dflow:708 [INFO]  Task 105 submitted for App run_single_transcript, waiting on tasks []
2020-02-04 14:12:09.189 parsl.dataflow.dflow:714 [DEBUG]  Task 105 set to pending state with AppFuture: <AppFuture super=<AppFuture at 0x7fd508285780 state=pending>>
2020-02-04 14:12:09.189 parsl.dataflow.dflow:452 [INFO]  Task 105 launched on executor threads
2020-02-04 14:12:09.189 parsl.dataflow.dflow:484 [DEBUG]  Adding output dependencies
2020-02-04 14:12:09.189 parsl.dataflow.dflow:708 [INFO]  Task 106 submitted for App run_single_transcript, waiting on tasks []
2020-02-04 14:12:09.189 parsl.dataflow.dflow:714 [DEBUG]  Task 106 set to pending state with AppFuture: <AppFuture super=<AppFuture at 0x7fd508285940 state=pending>>
2020-02-04 14:12:09.190 parsl.dataflow.dflow:452 [INFO]  Task 106 launched on executor threads
2020-02-04 14:12:09.190 parsl.dataflow.dflow:864 [INFO]  DFK cleanup initiated
2020-02-04 14:12:09.190 parsl.dataflow.dflow:750 [INFO]  Summary of tasks in DFK:
2020-02-04 14:12:09.190 parsl.dataflow.dflow:781 [INFO]  Tasks in state States.launched: 0, 1, 2, 3, 4, 5, 6, 7, 8, 9, 10, 11, 12, 13, 14, 15, 16, 17, 18, 19, 20, 21, 22, 23, 24, 25, 26, 27, 28, 29, 30, 31, 32, 33, 34, 35, 36, 37, 38, 39, 40, 41, 42, 43, 44, 45, 46, 47, 48, 49, 50, 51, 52, 53, 54, 55, 56, 57, 58, 59, 60, 61, 62, 63, 64, 65, 66, 67, 68, 69, 70, 71, 72, 73, 74, 75, 76, 77, 78, 79, 80, 81, 82, 83, 84, 85, 86, 87, 88, 89, 90, 91, 92, 93, 94, 95, 96, 97, 98, 99, 100, 101, 102, 103, 104, 105, 106
2020-02-04 14:12:09.190 parsl.dataflow.dflow:788 [INFO]  End of summary
2020-02-04 14:12:09.191 parsl.dataflow.dflow:888 [INFO]  Terminating flow_control and strategy threads
2020-02-04 14:12:09.191 parsl.executors.threads:96 [DEBUG]  Done with executor shutdown
2020-02-04 14:12:09.191 parsl.executors.threads:96 [DEBUG]  Done with executor shutdown
2020-02-04 14:12:09.191 parsl.dataflow.dflow:920 [INFO]  DFK cleanup complete
