2020-02-05 12:48:18.688 parsl:592 Rank:0 [INFO]  Python version: 3.6.4 (default, Feb 10 2018, 20:32:45) 
[GCC 4.8.5 20150623 (Red Hat 4.8.5-16)]
2020-02-05 12:48:18.688 parsl:593 Rank:0 [INFO]  Debug logging: True
2020-02-05 12:48:18.688 parsl:594 Rank:0 [INFO]  Log dir: /home/users/ellenrichards/GRETA/runinfo/101/workers
2020-02-05 12:48:18.688 parsl:595 Rank:0 [INFO]  Manager ID: 65f2d3e5161c
2020-02-05 12:48:18.688 parsl:596 Rank:0 [INFO]  Block ID: 5
2020-02-05 12:48:18.688 parsl:597 Rank:0 [INFO]  cores_per_worker: 1.0
2020-02-05 12:48:18.688 parsl:598 Rank:0 [INFO]  mem_per_worker: None
2020-02-05 12:48:18.688 parsl:599 Rank:0 [INFO]  task_url: tcp://172.16.52.2:54991
2020-02-05 12:48:18.688 parsl:600 Rank:0 [INFO]  result_url: tcp://172.16.52.2:54613
2020-02-05 12:48:18.688 parsl:601 Rank:0 [INFO]  max_workers: inf
2020-02-05 12:48:18.688 parsl:602 Rank:0 [INFO]  poll_period: 10
2020-02-05 12:48:18.688 parsl:603 Rank:0 [INFO]  Prefetch capacity: 0
2020-02-05 12:48:18.688 parsl:108 Rank:0 [INFO]  Manager started
2020-02-05 12:48:18.689 parsl:122 Rank:0 [INFO]  Manager connected
2020-02-05 12:48:18.689 parsl:148 Rank:0 [INFO]  Manager will spawn 48 workers
2020-02-05 12:48:18.838 parsl:370 Rank:0 [DEBUG]  Manager synced with workers
2020-02-05 12:48:18.839 parsl:199 Rank:0 [INFO]  [TASK PULL THREAD] starting
2020-02-05 12:48:18.839 parsl:279 Rank:0 [DEBUG]  [RESULT_PUSH_THREAD] Starting thread
2020-02-05 12:48:18.839 parsl:282 Rank:0 [DEBUG]  [RESULT_PUSH_THREAD] push poll period: 0.01
2020-02-05 12:48:18.840 parsl:315 Rank:0 [DEBUG]  [WORKER_WATCHDOG_THREAD] Starting thread
2020-02-05 12:48:18.840 parsl:385 Rank:0 [INFO]  Loop start
2020-02-05 12:48:18.844 parsl:205 Rank:0 [DEBUG]  Sending registration message: b'{"parsl_v": "0.9.0", "python_v": "3.6.4", "worker_count": 48, "block_id": "5", "prefetch_capacity": 0, "max_capacity": 48, "os": "Linux", "hostname": "tomato.blt.lclark.local", "dir": "/home/users/ellenrichards/GRETA", "cpu_count": 12, "total_memory": 540756611072, "reg_time": "2020-02-05 12:48:18"}'
2020-02-05 12:48:18.844 parsl:218 Rank:0 [DEBUG]  [TASK_PULL_THREAD] ready workers:48, pending tasks:0
2020-02-05 12:48:18.844 parsl:225 Rank:0 [DEBUG]  [TASK_PULL_THREAD] Requesting tasks: 48
2020-02-05 12:48:18.850 parsl:248 Rank:0 [DEBUG]  [TASK_PULL_THREAD] Got tasks: [1, 2, 3, 4, 5, 6, 7, 8, 9, 10, 11, 12, 13, 14, 15, 16, 17, 18, 19, 20, 21, 22, 23, 24, 25, 26, 27, 28, 29, 30, 31, 32, 33, 34, 35, 36, 37, 38, 39, 40, 41, 42, 43, 44, 45, 46, 47, 48] of 48
2020-02-05 12:48:18.851 parsl:218 Rank:0 [DEBUG]  [TASK_PULL_THREAD] ready workers:48, pending tasks:48
2020-02-05 12:48:18.851 parsl:256 Rank:0 [DEBUG]  [TASK_PULL_THREAD] No incoming tasks
2020-02-05 12:48:18.851 parsl:218 Rank:0 [DEBUG]  [TASK_PULL_THREAD] ready workers:48, pending tasks:46
2020-02-05 12:48:18.851 parsl:225 Rank:0 [DEBUG]  [TASK_PULL_THREAD] Requesting tasks: 48
2020-02-05 12:48:18.872 parsl:256 Rank:0 [DEBUG]  [TASK_PULL_THREAD] No incoming tasks
2020-02-05 12:48:18.872 parsl:218 Rank:0 [DEBUG]  [TASK_PULL_THREAD] ready workers:29, pending tasks:0
2020-02-05 12:48:18.872 parsl:225 Rank:0 [DEBUG]  [TASK_PULL_THREAD] Requesting tasks: 29
2020-02-05 12:48:18.912 parsl:256 Rank:0 [DEBUG]  [TASK_PULL_THREAD] No incoming tasks
2020-02-05 12:48:18.912 parsl:218 Rank:0 [DEBUG]  [TASK_PULL_THREAD] ready workers:0, pending tasks:0
2020-02-05 12:48:18.993 parsl:256 Rank:0 [DEBUG]  [TASK_PULL_THREAD] No incoming tasks
2020-02-05 12:48:18.993 parsl:218 Rank:0 [DEBUG]  [TASK_PULL_THREAD] ready workers:0, pending tasks:0
2020-02-05 12:48:19.153 parsl:256 Rank:0 [DEBUG]  [TASK_PULL_THREAD] No incoming tasks
2020-02-05 12:48:19.154 parsl:218 Rank:0 [DEBUG]  [TASK_PULL_THREAD] ready workers:0, pending tasks:0
2020-02-05 12:48:19.474 parsl:256 Rank:0 [DEBUG]  [TASK_PULL_THREAD] No incoming tasks
2020-02-05 12:48:19.474 parsl:218 Rank:0 [DEBUG]  [TASK_PULL_THREAD] ready workers:0, pending tasks:0
2020-02-05 12:48:20.114 parsl:256 Rank:0 [DEBUG]  [TASK_PULL_THREAD] No incoming tasks
2020-02-05 12:48:20.115 parsl:218 Rank:0 [DEBUG]  [TASK_PULL_THREAD] ready workers:0, pending tasks:0
2020-02-05 12:48:21.395 parsl:256 Rank:0 [DEBUG]  [TASK_PULL_THREAD] No incoming tasks
2020-02-05 12:48:21.396 parsl:218 Rank:0 [DEBUG]  [TASK_PULL_THREAD] ready workers:41, pending tasks:0
2020-02-05 12:48:21.396 parsl:225 Rank:0 [DEBUG]  [TASK_PULL_THREAD] Requesting tasks: 41
2020-02-05 12:48:23.958 parsl:256 Rank:0 [DEBUG]  [TASK_PULL_THREAD] No incoming tasks
2020-02-05 12:48:23.959 parsl:218 Rank:0 [DEBUG]  [TASK_PULL_THREAD] ready workers:41, pending tasks:0
2020-02-05 12:48:23.959 parsl:225 Rank:0 [DEBUG]  [TASK_PULL_THREAD] Requesting tasks: 41
2020-02-05 12:48:29.084 parsl:256 Rank:0 [DEBUG]  [TASK_PULL_THREAD] No incoming tasks
2020-02-05 12:48:29.085 parsl:218 Rank:0 [DEBUG]  [TASK_PULL_THREAD] ready workers:41, pending tasks:0
2020-02-05 12:48:29.085 parsl:225 Rank:0 [DEBUG]  [TASK_PULL_THREAD] Requesting tasks: 41
2020-02-05 12:48:39.335 parsl:256 Rank:0 [DEBUG]  [TASK_PULL_THREAD] No incoming tasks
2020-02-05 12:48:39.336 parsl:218 Rank:0 [DEBUG]  [TASK_PULL_THREAD] ready workers:41, pending tasks:0
2020-02-05 12:48:39.336 parsl:225 Rank:0 [DEBUG]  [TASK_PULL_THREAD] Requesting tasks: 41
2020-02-05 12:48:59.837 parsl:256 Rank:0 [DEBUG]  [TASK_PULL_THREAD] No incoming tasks
2020-02-05 12:48:59.837 parsl:218 Rank:0 [DEBUG]  [TASK_PULL_THREAD] ready workers:41, pending tasks:0
2020-02-05 12:48:59.837 parsl:188 Rank:0 [DEBUG]  Return from heartbeat: None
2020-02-05 12:48:59.837 parsl:225 Rank:0 [DEBUG]  [TASK_PULL_THREAD] Requesting tasks: 41
2020-02-05 12:48:59.838 parsl:243 Rank:0 [DEBUG]  Got heartbeat from interchange
2020-02-05 12:48:59.838 parsl:218 Rank:0 [DEBUG]  [TASK_PULL_THREAD] ready workers:41, pending tasks:0
2020-02-05 12:48:59.838 parsl:225 Rank:0 [DEBUG]  [TASK_PULL_THREAD] Requesting tasks: 41
2020-02-05 12:48:59.839 parsl:256 Rank:0 [DEBUG]  [TASK_PULL_THREAD] No incoming tasks
2020-02-05 12:48:59.839 parsl:218 Rank:0 [DEBUG]  [TASK_PULL_THREAD] ready workers:41, pending tasks:0
2020-02-05 12:48:59.839 parsl:225 Rank:0 [DEBUG]  [TASK_PULL_THREAD] Requesting tasks: 41
2020-02-05 12:48:59.859 parsl:256 Rank:0 [DEBUG]  [TASK_PULL_THREAD] No incoming tasks
2020-02-05 12:48:59.859 parsl:218 Rank:0 [DEBUG]  [TASK_PULL_THREAD] ready workers:41, pending tasks:0
2020-02-05 12:48:59.859 parsl:225 Rank:0 [DEBUG]  [TASK_PULL_THREAD] Requesting tasks: 41
2020-02-05 12:48:59.899 parsl:256 Rank:0 [DEBUG]  [TASK_PULL_THREAD] No incoming tasks
2020-02-05 12:48:59.899 parsl:218 Rank:0 [DEBUG]  [TASK_PULL_THREAD] ready workers:41, pending tasks:0
2020-02-05 12:48:59.899 parsl:225 Rank:0 [DEBUG]  [TASK_PULL_THREAD] Requesting tasks: 41
2020-02-05 12:48:59.979 parsl:256 Rank:0 [DEBUG]  [TASK_PULL_THREAD] No incoming tasks
2020-02-05 12:48:59.980 parsl:218 Rank:0 [DEBUG]  [TASK_PULL_THREAD] ready workers:41, pending tasks:0
2020-02-05 12:48:59.980 parsl:225 Rank:0 [DEBUG]  [TASK_PULL_THREAD] Requesting tasks: 41
2020-02-05 12:49:00.140 parsl:256 Rank:0 [DEBUG]  [TASK_PULL_THREAD] No incoming tasks
2020-02-05 12:49:00.140 parsl:218 Rank:0 [DEBUG]  [TASK_PULL_THREAD] ready workers:41, pending tasks:0
2020-02-05 12:49:00.140 parsl:225 Rank:0 [DEBUG]  [TASK_PULL_THREAD] Requesting tasks: 41
2020-02-05 12:49:00.460 parsl:256 Rank:0 [DEBUG]  [TASK_PULL_THREAD] No incoming tasks
2020-02-05 12:49:00.461 parsl:218 Rank:0 [DEBUG]  [TASK_PULL_THREAD] ready workers:41, pending tasks:0
2020-02-05 12:49:00.461 parsl:225 Rank:0 [DEBUG]  [TASK_PULL_THREAD] Requesting tasks: 41
2020-02-05 12:49:01.101 parsl:256 Rank:0 [DEBUG]  [TASK_PULL_THREAD] No incoming tasks
2020-02-05 12:49:01.101 parsl:218 Rank:0 [DEBUG]  [TASK_PULL_THREAD] ready workers:41, pending tasks:0
2020-02-05 12:49:01.101 parsl:225 Rank:0 [DEBUG]  [TASK_PULL_THREAD] Requesting tasks: 41
2020-02-05 12:49:02.383 parsl:256 Rank:0 [DEBUG]  [TASK_PULL_THREAD] No incoming tasks
2020-02-05 12:49:02.383 parsl:218 Rank:0 [DEBUG]  [TASK_PULL_THREAD] ready workers:41, pending tasks:0
2020-02-05 12:49:02.383 parsl:225 Rank:0 [DEBUG]  [TASK_PULL_THREAD] Requesting tasks: 41
2020-02-05 12:49:04.946 parsl:256 Rank:0 [DEBUG]  [TASK_PULL_THREAD] No incoming tasks
2020-02-05 12:49:04.946 parsl:218 Rank:0 [DEBUG]  [TASK_PULL_THREAD] ready workers:41, pending tasks:0
2020-02-05 12:49:04.946 parsl:225 Rank:0 [DEBUG]  [TASK_PULL_THREAD] Requesting tasks: 41
2020-02-05 12:49:10.072 parsl:256 Rank:0 [DEBUG]  [TASK_PULL_THREAD] No incoming tasks
2020-02-05 12:49:10.072 parsl:218 Rank:0 [DEBUG]  [TASK_PULL_THREAD] ready workers:41, pending tasks:0
2020-02-05 12:49:10.072 parsl:225 Rank:0 [DEBUG]  [TASK_PULL_THREAD] Requesting tasks: 41
2020-02-05 12:49:20.322 parsl:256 Rank:0 [DEBUG]  [TASK_PULL_THREAD] No incoming tasks
2020-02-05 12:49:20.323 parsl:218 Rank:0 [DEBUG]  [TASK_PULL_THREAD] ready workers:41, pending tasks:0
2020-02-05 12:49:20.323 parsl:225 Rank:0 [DEBUG]  [TASK_PULL_THREAD] Requesting tasks: 41
2020-02-05 12:49:40.823 parsl:256 Rank:0 [DEBUG]  [TASK_PULL_THREAD] No incoming tasks
2020-02-05 12:49:40.824 parsl:218 Rank:0 [DEBUG]  [TASK_PULL_THREAD] ready workers:41, pending tasks:0
2020-02-05 12:49:40.824 parsl:188 Rank:0 [DEBUG]  Return from heartbeat: None
2020-02-05 12:49:40.825 parsl:225 Rank:0 [DEBUG]  [TASK_PULL_THREAD] Requesting tasks: 41
2020-02-05 12:49:40.826 parsl:243 Rank:0 [DEBUG]  Got heartbeat from interchange
2020-02-05 12:49:40.827 parsl:218 Rank:0 [DEBUG]  [TASK_PULL_THREAD] ready workers:41, pending tasks:0
2020-02-05 12:49:40.827 parsl:225 Rank:0 [DEBUG]  [TASK_PULL_THREAD] Requesting tasks: 41
2020-02-05 12:49:40.827 parsl:256 Rank:0 [DEBUG]  [TASK_PULL_THREAD] No incoming tasks
2020-02-05 12:49:40.827 parsl:218 Rank:0 [DEBUG]  [TASK_PULL_THREAD] ready workers:41, pending tasks:0
2020-02-05 12:49:40.827 parsl:225 Rank:0 [DEBUG]  [TASK_PULL_THREAD] Requesting tasks: 41
2020-02-05 12:49:40.847 parsl:256 Rank:0 [DEBUG]  [TASK_PULL_THREAD] No incoming tasks
2020-02-05 12:49:40.847 parsl:218 Rank:0 [DEBUG]  [TASK_PULL_THREAD] ready workers:41, pending tasks:0
2020-02-05 12:49:40.847 parsl:225 Rank:0 [DEBUG]  [TASK_PULL_THREAD] Requesting tasks: 41
2020-02-05 12:49:40.888 parsl:256 Rank:0 [DEBUG]  [TASK_PULL_THREAD] No incoming tasks
2020-02-05 12:49:40.888 parsl:218 Rank:0 [DEBUG]  [TASK_PULL_THREAD] ready workers:41, pending tasks:0
2020-02-05 12:49:40.888 parsl:225 Rank:0 [DEBUG]  [TASK_PULL_THREAD] Requesting tasks: 41
2020-02-05 12:49:40.968 parsl:256 Rank:0 [DEBUG]  [TASK_PULL_THREAD] No incoming tasks
2020-02-05 12:49:40.968 parsl:218 Rank:0 [DEBUG]  [TASK_PULL_THREAD] ready workers:41, pending tasks:0
2020-02-05 12:49:40.968 parsl:225 Rank:0 [DEBUG]  [TASK_PULL_THREAD] Requesting tasks: 41
2020-02-05 12:49:41.129 parsl:256 Rank:0 [DEBUG]  [TASK_PULL_THREAD] No incoming tasks
2020-02-05 12:49:41.129 parsl:218 Rank:0 [DEBUG]  [TASK_PULL_THREAD] ready workers:41, pending tasks:0
2020-02-05 12:49:41.129 parsl:225 Rank:0 [DEBUG]  [TASK_PULL_THREAD] Requesting tasks: 41
2020-02-05 12:49:41.450 parsl:256 Rank:0 [DEBUG]  [TASK_PULL_THREAD] No incoming tasks
2020-02-05 12:49:41.450 parsl:218 Rank:0 [DEBUG]  [TASK_PULL_THREAD] ready workers:41, pending tasks:0
2020-02-05 12:49:41.450 parsl:225 Rank:0 [DEBUG]  [TASK_PULL_THREAD] Requesting tasks: 41
2020-02-05 12:49:42.091 parsl:256 Rank:0 [DEBUG]  [TASK_PULL_THREAD] No incoming tasks
2020-02-05 12:49:42.091 parsl:218 Rank:0 [DEBUG]  [TASK_PULL_THREAD] ready workers:41, pending tasks:0
2020-02-05 12:49:42.091 parsl:225 Rank:0 [DEBUG]  [TASK_PULL_THREAD] Requesting tasks: 41
2020-02-05 12:49:43.372 parsl:256 Rank:0 [DEBUG]  [TASK_PULL_THREAD] No incoming tasks
2020-02-05 12:49:43.372 parsl:218 Rank:0 [DEBUG]  [TASK_PULL_THREAD] ready workers:41, pending tasks:0
2020-02-05 12:49:43.373 parsl:225 Rank:0 [DEBUG]  [TASK_PULL_THREAD] Requesting tasks: 41
2020-02-05 12:49:45.935 parsl:256 Rank:0 [DEBUG]  [TASK_PULL_THREAD] No incoming tasks
2020-02-05 12:49:45.936 parsl:218 Rank:0 [DEBUG]  [TASK_PULL_THREAD] ready workers:41, pending tasks:0
2020-02-05 12:49:45.936 parsl:225 Rank:0 [DEBUG]  [TASK_PULL_THREAD] Requesting tasks: 41
2020-02-05 12:49:51.061 parsl:256 Rank:0 [DEBUG]  [TASK_PULL_THREAD] No incoming tasks
2020-02-05 12:49:51.061 parsl:218 Rank:0 [DEBUG]  [TASK_PULL_THREAD] ready workers:41, pending tasks:0
2020-02-05 12:49:51.061 parsl:225 Rank:0 [DEBUG]  [TASK_PULL_THREAD] Requesting tasks: 41
2020-02-05 12:50:01.312 parsl:256 Rank:0 [DEBUG]  [TASK_PULL_THREAD] No incoming tasks
2020-02-05 12:50:01.312 parsl:218 Rank:0 [DEBUG]  [TASK_PULL_THREAD] ready workers:41, pending tasks:0
2020-02-05 12:50:01.312 parsl:225 Rank:0 [DEBUG]  [TASK_PULL_THREAD] Requesting tasks: 41
2020-02-05 12:50:21.814 parsl:256 Rank:0 [DEBUG]  [TASK_PULL_THREAD] No incoming tasks
2020-02-05 12:50:21.817 parsl:218 Rank:0 [DEBUG]  [TASK_PULL_THREAD] ready workers:41, pending tasks:0
2020-02-05 12:50:21.817 parsl:188 Rank:0 [DEBUG]  Return from heartbeat: None
2020-02-05 12:50:21.817 parsl:225 Rank:0 [DEBUG]  [TASK_PULL_THREAD] Requesting tasks: 41
2020-02-05 12:50:21.818 parsl:243 Rank:0 [DEBUG]  Got heartbeat from interchange
2020-02-05 12:50:21.819 parsl:218 Rank:0 [DEBUG]  [TASK_PULL_THREAD] ready workers:41, pending tasks:0
2020-02-05 12:50:21.819 parsl:225 Rank:0 [DEBUG]  [TASK_PULL_THREAD] Requesting tasks: 41
2020-02-05 12:50:21.819 parsl:256 Rank:0 [DEBUG]  [TASK_PULL_THREAD] No incoming tasks
2020-02-05 12:50:21.819 parsl:218 Rank:0 [DEBUG]  [TASK_PULL_THREAD] ready workers:41, pending tasks:0
2020-02-05 12:50:21.819 parsl:225 Rank:0 [DEBUG]  [TASK_PULL_THREAD] Requesting tasks: 41
2020-02-05 12:50:21.839 parsl:256 Rank:0 [DEBUG]  [TASK_PULL_THREAD] No incoming tasks
2020-02-05 12:50:21.839 parsl:218 Rank:0 [DEBUG]  [TASK_PULL_THREAD] ready workers:41, pending tasks:0
2020-02-05 12:50:21.839 parsl:225 Rank:0 [DEBUG]  [TASK_PULL_THREAD] Requesting tasks: 41
2020-02-05 12:50:21.880 parsl:256 Rank:0 [DEBUG]  [TASK_PULL_THREAD] No incoming tasks
2020-02-05 12:50:21.880 parsl:218 Rank:0 [DEBUG]  [TASK_PULL_THREAD] ready workers:41, pending tasks:0
2020-02-05 12:50:21.880 parsl:225 Rank:0 [DEBUG]  [TASK_PULL_THREAD] Requesting tasks: 41
2020-02-05 12:50:21.960 parsl:256 Rank:0 [DEBUG]  [TASK_PULL_THREAD] No incoming tasks
2020-02-05 12:50:21.960 parsl:218 Rank:0 [DEBUG]  [TASK_PULL_THREAD] ready workers:41, pending tasks:0
2020-02-05 12:50:21.960 parsl:225 Rank:0 [DEBUG]  [TASK_PULL_THREAD] Requesting tasks: 41
2020-02-05 12:50:22.121 parsl:256 Rank:0 [DEBUG]  [TASK_PULL_THREAD] No incoming tasks
2020-02-05 12:50:22.121 parsl:218 Rank:0 [DEBUG]  [TASK_PULL_THREAD] ready workers:41, pending tasks:0
2020-02-05 12:50:22.121 parsl:225 Rank:0 [DEBUG]  [TASK_PULL_THREAD] Requesting tasks: 41
2020-02-05 12:50:22.442 parsl:256 Rank:0 [DEBUG]  [TASK_PULL_THREAD] No incoming tasks
2020-02-05 12:50:22.442 parsl:218 Rank:0 [DEBUG]  [TASK_PULL_THREAD] ready workers:41, pending tasks:0
2020-02-05 12:50:22.442 parsl:225 Rank:0 [DEBUG]  [TASK_PULL_THREAD] Requesting tasks: 41
2020-02-05 12:50:23.083 parsl:256 Rank:0 [DEBUG]  [TASK_PULL_THREAD] No incoming tasks
2020-02-05 12:50:23.083 parsl:218 Rank:0 [DEBUG]  [TASK_PULL_THREAD] ready workers:41, pending tasks:0
2020-02-05 12:50:23.083 parsl:225 Rank:0 [DEBUG]  [TASK_PULL_THREAD] Requesting tasks: 41
2020-02-05 12:50:24.365 parsl:256 Rank:0 [DEBUG]  [TASK_PULL_THREAD] No incoming tasks
2020-02-05 12:50:24.365 parsl:218 Rank:0 [DEBUG]  [TASK_PULL_THREAD] ready workers:41, pending tasks:0
2020-02-05 12:50:24.365 parsl:225 Rank:0 [DEBUG]  [TASK_PULL_THREAD] Requesting tasks: 41
2020-02-05 12:50:26.928 parsl:256 Rank:0 [DEBUG]  [TASK_PULL_THREAD] No incoming tasks
2020-02-05 12:50:26.928 parsl:218 Rank:0 [DEBUG]  [TASK_PULL_THREAD] ready workers:41, pending tasks:0
2020-02-05 12:50:26.929 parsl:225 Rank:0 [DEBUG]  [TASK_PULL_THREAD] Requesting tasks: 41
2020-02-05 12:50:32.054 parsl:256 Rank:0 [DEBUG]  [TASK_PULL_THREAD] No incoming tasks
2020-02-05 12:50:32.054 parsl:218 Rank:0 [DEBUG]  [TASK_PULL_THREAD] ready workers:41, pending tasks:0
2020-02-05 12:50:32.054 parsl:225 Rank:0 [DEBUG]  [TASK_PULL_THREAD] Requesting tasks: 41
2020-02-05 12:50:42.305 parsl:256 Rank:0 [DEBUG]  [TASK_PULL_THREAD] No incoming tasks
2020-02-05 12:50:42.305 parsl:218 Rank:0 [DEBUG]  [TASK_PULL_THREAD] ready workers:41, pending tasks:0
2020-02-05 12:50:42.306 parsl:225 Rank:0 [DEBUG]  [TASK_PULL_THREAD] Requesting tasks: 41
2020-02-05 12:51:02.806 parsl:256 Rank:0 [DEBUG]  [TASK_PULL_THREAD] No incoming tasks
2020-02-05 12:51:02.807 parsl:218 Rank:0 [DEBUG]  [TASK_PULL_THREAD] ready workers:41, pending tasks:0
2020-02-05 12:51:02.807 parsl:188 Rank:0 [DEBUG]  Return from heartbeat: None
2020-02-05 12:51:02.807 parsl:225 Rank:0 [DEBUG]  [TASK_PULL_THREAD] Requesting tasks: 41
2020-02-05 12:51:02.808 parsl:243 Rank:0 [DEBUG]  Got heartbeat from interchange
2020-02-05 12:51:02.808 parsl:218 Rank:0 [DEBUG]  [TASK_PULL_THREAD] ready workers:41, pending tasks:0
2020-02-05 12:51:02.808 parsl:225 Rank:0 [DEBUG]  [TASK_PULL_THREAD] Requesting tasks: 41
2020-02-05 12:51:02.808 parsl:256 Rank:0 [DEBUG]  [TASK_PULL_THREAD] No incoming tasks
2020-02-05 12:51:02.808 parsl:218 Rank:0 [DEBUG]  [TASK_PULL_THREAD] ready workers:41, pending tasks:0
2020-02-05 12:51:02.808 parsl:225 Rank:0 [DEBUG]  [TASK_PULL_THREAD] Requesting tasks: 41
2020-02-05 12:51:02.829 parsl:256 Rank:0 [DEBUG]  [TASK_PULL_THREAD] No incoming tasks
2020-02-05 12:51:02.829 parsl:218 Rank:0 [DEBUG]  [TASK_PULL_THREAD] ready workers:41, pending tasks:0
2020-02-05 12:51:02.829 parsl:225 Rank:0 [DEBUG]  [TASK_PULL_THREAD] Requesting tasks: 41
2020-02-05 12:51:02.869 parsl:256 Rank:0 [DEBUG]  [TASK_PULL_THREAD] No incoming tasks
2020-02-05 12:51:02.869 parsl:218 Rank:0 [DEBUG]  [TASK_PULL_THREAD] ready workers:41, pending tasks:0
2020-02-05 12:51:02.869 parsl:225 Rank:0 [DEBUG]  [TASK_PULL_THREAD] Requesting tasks: 41
2020-02-05 12:51:02.950 parsl:256 Rank:0 [DEBUG]  [TASK_PULL_THREAD] No incoming tasks
2020-02-05 12:51:02.950 parsl:218 Rank:0 [DEBUG]  [TASK_PULL_THREAD] ready workers:41, pending tasks:0
2020-02-05 12:51:02.950 parsl:225 Rank:0 [DEBUG]  [TASK_PULL_THREAD] Requesting tasks: 41
2020-02-05 12:51:03.110 parsl:256 Rank:0 [DEBUG]  [TASK_PULL_THREAD] No incoming tasks
2020-02-05 12:51:03.110 parsl:218 Rank:0 [DEBUG]  [TASK_PULL_THREAD] ready workers:41, pending tasks:0
2020-02-05 12:51:03.111 parsl:225 Rank:0 [DEBUG]  [TASK_PULL_THREAD] Requesting tasks: 41
2020-02-05 12:51:03.431 parsl:256 Rank:0 [DEBUG]  [TASK_PULL_THREAD] No incoming tasks
2020-02-05 12:51:03.431 parsl:218 Rank:0 [DEBUG]  [TASK_PULL_THREAD] ready workers:41, pending tasks:0
2020-02-05 12:51:03.431 parsl:225 Rank:0 [DEBUG]  [TASK_PULL_THREAD] Requesting tasks: 41
2020-02-05 12:51:04.072 parsl:256 Rank:0 [DEBUG]  [TASK_PULL_THREAD] No incoming tasks
2020-02-05 12:51:04.072 parsl:218 Rank:0 [DEBUG]  [TASK_PULL_THREAD] ready workers:41, pending tasks:0
2020-02-05 12:51:04.072 parsl:225 Rank:0 [DEBUG]  [TASK_PULL_THREAD] Requesting tasks: 41
2020-02-05 12:51:05.354 parsl:256 Rank:0 [DEBUG]  [TASK_PULL_THREAD] No incoming tasks
2020-02-05 12:51:05.354 parsl:218 Rank:0 [DEBUG]  [TASK_PULL_THREAD] ready workers:41, pending tasks:0
2020-02-05 12:51:05.355 parsl:225 Rank:0 [DEBUG]  [TASK_PULL_THREAD] Requesting tasks: 41
2020-02-05 12:51:07.917 parsl:256 Rank:0 [DEBUG]  [TASK_PULL_THREAD] No incoming tasks
2020-02-05 12:51:07.918 parsl:218 Rank:0 [DEBUG]  [TASK_PULL_THREAD] ready workers:41, pending tasks:0
2020-02-05 12:51:07.918 parsl:225 Rank:0 [DEBUG]  [TASK_PULL_THREAD] Requesting tasks: 41
2020-02-05 12:51:13.043 parsl:256 Rank:0 [DEBUG]  [TASK_PULL_THREAD] No incoming tasks
2020-02-05 12:51:13.043 parsl:218 Rank:0 [DEBUG]  [TASK_PULL_THREAD] ready workers:41, pending tasks:0
2020-02-05 12:51:13.043 parsl:225 Rank:0 [DEBUG]  [TASK_PULL_THREAD] Requesting tasks: 41
2020-02-05 12:51:23.294 parsl:256 Rank:0 [DEBUG]  [TASK_PULL_THREAD] No incoming tasks
2020-02-05 12:51:23.294 parsl:218 Rank:0 [DEBUG]  [TASK_PULL_THREAD] ready workers:41, pending tasks:0
2020-02-05 12:51:23.294 parsl:225 Rank:0 [DEBUG]  [TASK_PULL_THREAD] Requesting tasks: 41
2020-02-05 12:51:43.795 parsl:256 Rank:0 [DEBUG]  [TASK_PULL_THREAD] No incoming tasks
2020-02-05 12:51:43.795 parsl:218 Rank:0 [DEBUG]  [TASK_PULL_THREAD] ready workers:41, pending tasks:0
2020-02-05 12:51:43.796 parsl:188 Rank:0 [DEBUG]  Return from heartbeat: None
2020-02-05 12:51:43.796 parsl:225 Rank:0 [DEBUG]  [TASK_PULL_THREAD] Requesting tasks: 41
2020-02-05 12:51:43.797 parsl:243 Rank:0 [DEBUG]  Got heartbeat from interchange
2020-02-05 12:51:43.797 parsl:218 Rank:0 [DEBUG]  [TASK_PULL_THREAD] ready workers:41, pending tasks:0
2020-02-05 12:51:43.797 parsl:225 Rank:0 [DEBUG]  [TASK_PULL_THREAD] Requesting tasks: 41
2020-02-05 12:51:43.797 parsl:256 Rank:0 [DEBUG]  [TASK_PULL_THREAD] No incoming tasks
2020-02-05 12:51:43.797 parsl:218 Rank:0 [DEBUG]  [TASK_PULL_THREAD] ready workers:41, pending tasks:0
2020-02-05 12:51:43.797 parsl:225 Rank:0 [DEBUG]  [TASK_PULL_THREAD] Requesting tasks: 41
2020-02-05 12:51:43.817 parsl:256 Rank:0 [DEBUG]  [TASK_PULL_THREAD] No incoming tasks
2020-02-05 12:51:43.817 parsl:218 Rank:0 [DEBUG]  [TASK_PULL_THREAD] ready workers:41, pending tasks:0
2020-02-05 12:51:43.818 parsl:225 Rank:0 [DEBUG]  [TASK_PULL_THREAD] Requesting tasks: 41
2020-02-05 12:51:43.858 parsl:256 Rank:0 [DEBUG]  [TASK_PULL_THREAD] No incoming tasks
2020-02-05 12:51:43.858 parsl:218 Rank:0 [DEBUG]  [TASK_PULL_THREAD] ready workers:41, pending tasks:0
2020-02-05 12:51:43.858 parsl:225 Rank:0 [DEBUG]  [TASK_PULL_THREAD] Requesting tasks: 41
2020-02-05 12:51:43.938 parsl:256 Rank:0 [DEBUG]  [TASK_PULL_THREAD] No incoming tasks
2020-02-05 12:51:43.938 parsl:218 Rank:0 [DEBUG]  [TASK_PULL_THREAD] ready workers:41, pending tasks:0
2020-02-05 12:51:43.939 parsl:225 Rank:0 [DEBUG]  [TASK_PULL_THREAD] Requesting tasks: 41
2020-02-05 12:51:44.099 parsl:256 Rank:0 [DEBUG]  [TASK_PULL_THREAD] No incoming tasks
2020-02-05 12:51:44.099 parsl:218 Rank:0 [DEBUG]  [TASK_PULL_THREAD] ready workers:41, pending tasks:0
2020-02-05 12:51:44.099 parsl:225 Rank:0 [DEBUG]  [TASK_PULL_THREAD] Requesting tasks: 41
2020-02-05 12:51:44.420 parsl:256 Rank:0 [DEBUG]  [TASK_PULL_THREAD] No incoming tasks
2020-02-05 12:51:44.420 parsl:218 Rank:0 [DEBUG]  [TASK_PULL_THREAD] ready workers:41, pending tasks:0
2020-02-05 12:51:44.420 parsl:225 Rank:0 [DEBUG]  [TASK_PULL_THREAD] Requesting tasks: 41
2020-02-05 12:51:45.061 parsl:256 Rank:0 [DEBUG]  [TASK_PULL_THREAD] No incoming tasks
2020-02-05 12:51:45.061 parsl:218 Rank:0 [DEBUG]  [TASK_PULL_THREAD] ready workers:41, pending tasks:0
2020-02-05 12:51:45.061 parsl:225 Rank:0 [DEBUG]  [TASK_PULL_THREAD] Requesting tasks: 41
2020-02-05 12:51:46.343 parsl:256 Rank:0 [DEBUG]  [TASK_PULL_THREAD] No incoming tasks
2020-02-05 12:51:46.343 parsl:218 Rank:0 [DEBUG]  [TASK_PULL_THREAD] ready workers:41, pending tasks:0
2020-02-05 12:51:46.343 parsl:225 Rank:0 [DEBUG]  [TASK_PULL_THREAD] Requesting tasks: 41
2020-02-05 12:51:48.906 parsl:256 Rank:0 [DEBUG]  [TASK_PULL_THREAD] No incoming tasks
2020-02-05 12:51:48.906 parsl:218 Rank:0 [DEBUG]  [TASK_PULL_THREAD] ready workers:41, pending tasks:0
2020-02-05 12:51:48.906 parsl:225 Rank:0 [DEBUG]  [TASK_PULL_THREAD] Requesting tasks: 41
2020-02-05 12:51:54.032 parsl:256 Rank:0 [DEBUG]  [TASK_PULL_THREAD] No incoming tasks
2020-02-05 12:51:54.032 parsl:218 Rank:0 [DEBUG]  [TASK_PULL_THREAD] ready workers:41, pending tasks:0
2020-02-05 12:51:54.032 parsl:225 Rank:0 [DEBUG]  [TASK_PULL_THREAD] Requesting tasks: 41
2020-02-05 12:52:04.282 parsl:256 Rank:0 [DEBUG]  [TASK_PULL_THREAD] No incoming tasks
2020-02-05 12:52:04.283 parsl:218 Rank:0 [DEBUG]  [TASK_PULL_THREAD] ready workers:41, pending tasks:0
2020-02-05 12:52:04.283 parsl:225 Rank:0 [DEBUG]  [TASK_PULL_THREAD] Requesting tasks: 41
2020-02-05 12:52:24.764 parsl:256 Rank:0 [DEBUG]  [TASK_PULL_THREAD] No incoming tasks
2020-02-05 12:52:24.765 parsl:218 Rank:0 [DEBUG]  [TASK_PULL_THREAD] ready workers:41, pending tasks:0
2020-02-05 12:52:24.765 parsl:188 Rank:0 [DEBUG]  Return from heartbeat: None
2020-02-05 12:52:24.765 parsl:225 Rank:0 [DEBUG]  [TASK_PULL_THREAD] Requesting tasks: 41
2020-02-05 12:52:24.766 parsl:243 Rank:0 [DEBUG]  Got heartbeat from interchange
2020-02-05 12:52:24.766 parsl:218 Rank:0 [DEBUG]  [TASK_PULL_THREAD] ready workers:41, pending tasks:0
2020-02-05 12:52:24.766 parsl:225 Rank:0 [DEBUG]  [TASK_PULL_THREAD] Requesting tasks: 41
2020-02-05 12:52:24.766 parsl:256 Rank:0 [DEBUG]  [TASK_PULL_THREAD] No incoming tasks
2020-02-05 12:52:24.766 parsl:218 Rank:0 [DEBUG]  [TASK_PULL_THREAD] ready workers:41, pending tasks:0
2020-02-05 12:52:24.766 parsl:225 Rank:0 [DEBUG]  [TASK_PULL_THREAD] Requesting tasks: 41
2020-02-05 12:52:24.786 parsl:256 Rank:0 [DEBUG]  [TASK_PULL_THREAD] No incoming tasks
2020-02-05 12:52:24.787 parsl:218 Rank:0 [DEBUG]  [TASK_PULL_THREAD] ready workers:41, pending tasks:0
2020-02-05 12:52:24.787 parsl:225 Rank:0 [DEBUG]  [TASK_PULL_THREAD] Requesting tasks: 41
2020-02-05 12:52:24.827 parsl:256 Rank:0 [DEBUG]  [TASK_PULL_THREAD] No incoming tasks
2020-02-05 12:52:24.827 parsl:218 Rank:0 [DEBUG]  [TASK_PULL_THREAD] ready workers:41, pending tasks:0
2020-02-05 12:52:24.827 parsl:225 Rank:0 [DEBUG]  [TASK_PULL_THREAD] Requesting tasks: 41
2020-02-05 12:52:24.907 parsl:256 Rank:0 [DEBUG]  [TASK_PULL_THREAD] No incoming tasks
2020-02-05 12:52:24.908 parsl:218 Rank:0 [DEBUG]  [TASK_PULL_THREAD] ready workers:41, pending tasks:0
2020-02-05 12:52:24.908 parsl:225 Rank:0 [DEBUG]  [TASK_PULL_THREAD] Requesting tasks: 41
2020-02-05 12:52:25.068 parsl:256 Rank:0 [DEBUG]  [TASK_PULL_THREAD] No incoming tasks
2020-02-05 12:52:25.068 parsl:218 Rank:0 [DEBUG]  [TASK_PULL_THREAD] ready workers:41, pending tasks:0
2020-02-05 12:52:25.068 parsl:225 Rank:0 [DEBUG]  [TASK_PULL_THREAD] Requesting tasks: 41
2020-02-05 12:52:25.389 parsl:256 Rank:0 [DEBUG]  [TASK_PULL_THREAD] No incoming tasks
2020-02-05 12:52:25.389 parsl:218 Rank:0 [DEBUG]  [TASK_PULL_THREAD] ready workers:41, pending tasks:0
2020-02-05 12:52:25.389 parsl:225 Rank:0 [DEBUG]  [TASK_PULL_THREAD] Requesting tasks: 41
2020-02-05 12:52:26.030 parsl:256 Rank:0 [DEBUG]  [TASK_PULL_THREAD] No incoming tasks
2020-02-05 12:52:26.030 parsl:218 Rank:0 [DEBUG]  [TASK_PULL_THREAD] ready workers:41, pending tasks:0
2020-02-05 12:52:26.030 parsl:225 Rank:0 [DEBUG]  [TASK_PULL_THREAD] Requesting tasks: 41
2020-02-05 12:52:27.312 parsl:256 Rank:0 [DEBUG]  [TASK_PULL_THREAD] No incoming tasks
2020-02-05 12:52:27.312 parsl:218 Rank:0 [DEBUG]  [TASK_PULL_THREAD] ready workers:41, pending tasks:0
2020-02-05 12:52:27.312 parsl:225 Rank:0 [DEBUG]  [TASK_PULL_THREAD] Requesting tasks: 41
2020-02-05 12:52:29.875 parsl:256 Rank:0 [DEBUG]  [TASK_PULL_THREAD] No incoming tasks
2020-02-05 12:52:29.875 parsl:218 Rank:0 [DEBUG]  [TASK_PULL_THREAD] ready workers:41, pending tasks:0
2020-02-05 12:52:29.875 parsl:225 Rank:0 [DEBUG]  [TASK_PULL_THREAD] Requesting tasks: 41
2020-02-05 12:52:35.000 parsl:256 Rank:0 [DEBUG]  [TASK_PULL_THREAD] No incoming tasks
2020-02-05 12:52:35.000 parsl:218 Rank:0 [DEBUG]  [TASK_PULL_THREAD] ready workers:41, pending tasks:0
2020-02-05 12:52:35.000 parsl:225 Rank:0 [DEBUG]  [TASK_PULL_THREAD] Requesting tasks: 41
2020-02-05 12:52:45.251 parsl:256 Rank:0 [DEBUG]  [TASK_PULL_THREAD] No incoming tasks
2020-02-05 12:52:45.251 parsl:218 Rank:0 [DEBUG]  [TASK_PULL_THREAD] ready workers:41, pending tasks:0
2020-02-05 12:52:45.252 parsl:225 Rank:0 [DEBUG]  [TASK_PULL_THREAD] Requesting tasks: 41
2020-02-05 12:53:05.753 parsl:256 Rank:0 [DEBUG]  [TASK_PULL_THREAD] No incoming tasks
2020-02-05 12:53:05.753 parsl:218 Rank:0 [DEBUG]  [TASK_PULL_THREAD] ready workers:41, pending tasks:0
2020-02-05 12:53:05.754 parsl:188 Rank:0 [DEBUG]  Return from heartbeat: None
2020-02-05 12:53:05.754 parsl:225 Rank:0 [DEBUG]  [TASK_PULL_THREAD] Requesting tasks: 41
2020-02-05 12:53:05.755 parsl:243 Rank:0 [DEBUG]  Got heartbeat from interchange
2020-02-05 12:53:05.755 parsl:218 Rank:0 [DEBUG]  [TASK_PULL_THREAD] ready workers:41, pending tasks:0
2020-02-05 12:53:05.755 parsl:225 Rank:0 [DEBUG]  [TASK_PULL_THREAD] Requesting tasks: 41
2020-02-05 12:53:05.755 parsl:256 Rank:0 [DEBUG]  [TASK_PULL_THREAD] No incoming tasks
2020-02-05 12:53:05.755 parsl:218 Rank:0 [DEBUG]  [TASK_PULL_THREAD] ready workers:41, pending tasks:0
2020-02-05 12:53:05.755 parsl:225 Rank:0 [DEBUG]  [TASK_PULL_THREAD] Requesting tasks: 41
2020-02-05 12:53:05.775 parsl:256 Rank:0 [DEBUG]  [TASK_PULL_THREAD] No incoming tasks
2020-02-05 12:53:05.775 parsl:218 Rank:0 [DEBUG]  [TASK_PULL_THREAD] ready workers:41, pending tasks:0
2020-02-05 12:53:05.775 parsl:225 Rank:0 [DEBUG]  [TASK_PULL_THREAD] Requesting tasks: 41
2020-02-05 12:53:05.815 parsl:256 Rank:0 [DEBUG]  [TASK_PULL_THREAD] No incoming tasks
2020-02-05 12:53:05.815 parsl:218 Rank:0 [DEBUG]  [TASK_PULL_THREAD] ready workers:41, pending tasks:0
2020-02-05 12:53:05.816 parsl:225 Rank:0 [DEBUG]  [TASK_PULL_THREAD] Requesting tasks: 41
2020-02-05 12:53:05.896 parsl:256 Rank:0 [DEBUG]  [TASK_PULL_THREAD] No incoming tasks
2020-02-05 12:53:05.896 parsl:218 Rank:0 [DEBUG]  [TASK_PULL_THREAD] ready workers:41, pending tasks:0
2020-02-05 12:53:05.896 parsl:225 Rank:0 [DEBUG]  [TASK_PULL_THREAD] Requesting tasks: 41
2020-02-05 12:53:06.056 parsl:256 Rank:0 [DEBUG]  [TASK_PULL_THREAD] No incoming tasks
2020-02-05 12:53:06.056 parsl:218 Rank:0 [DEBUG]  [TASK_PULL_THREAD] ready workers:41, pending tasks:0
2020-02-05 12:53:06.056 parsl:225 Rank:0 [DEBUG]  [TASK_PULL_THREAD] Requesting tasks: 41
2020-02-05 12:53:06.377 parsl:256 Rank:0 [DEBUG]  [TASK_PULL_THREAD] No incoming tasks
2020-02-05 12:53:06.377 parsl:218 Rank:0 [DEBUG]  [TASK_PULL_THREAD] ready workers:41, pending tasks:0
2020-02-05 12:53:06.377 parsl:225 Rank:0 [DEBUG]  [TASK_PULL_THREAD] Requesting tasks: 41
2020-02-05 12:53:07.018 parsl:256 Rank:0 [DEBUG]  [TASK_PULL_THREAD] No incoming tasks
2020-02-05 12:53:07.018 parsl:218 Rank:0 [DEBUG]  [TASK_PULL_THREAD] ready workers:41, pending tasks:0
2020-02-05 12:53:07.018 parsl:225 Rank:0 [DEBUG]  [TASK_PULL_THREAD] Requesting tasks: 41
2020-02-05 12:53:08.300 parsl:256 Rank:0 [DEBUG]  [TASK_PULL_THREAD] No incoming tasks
2020-02-05 12:53:08.300 parsl:218 Rank:0 [DEBUG]  [TASK_PULL_THREAD] ready workers:41, pending tasks:0
2020-02-05 12:53:08.300 parsl:225 Rank:0 [DEBUG]  [TASK_PULL_THREAD] Requesting tasks: 41
2020-02-05 12:53:10.863 parsl:256 Rank:0 [DEBUG]  [TASK_PULL_THREAD] No incoming tasks
2020-02-05 12:53:10.863 parsl:218 Rank:0 [DEBUG]  [TASK_PULL_THREAD] ready workers:41, pending tasks:0
2020-02-05 12:53:10.863 parsl:225 Rank:0 [DEBUG]  [TASK_PULL_THREAD] Requesting tasks: 41
2020-02-05 12:53:15.988 parsl:256 Rank:0 [DEBUG]  [TASK_PULL_THREAD] No incoming tasks
2020-02-05 12:53:15.988 parsl:218 Rank:0 [DEBUG]  [TASK_PULL_THREAD] ready workers:41, pending tasks:0
2020-02-05 12:53:15.989 parsl:225 Rank:0 [DEBUG]  [TASK_PULL_THREAD] Requesting tasks: 41
2020-02-05 12:53:26.239 parsl:256 Rank:0 [DEBUG]  [TASK_PULL_THREAD] No incoming tasks
2020-02-05 12:53:26.239 parsl:218 Rank:0 [DEBUG]  [TASK_PULL_THREAD] ready workers:41, pending tasks:0
2020-02-05 12:53:26.240 parsl:225 Rank:0 [DEBUG]  [TASK_PULL_THREAD] Requesting tasks: 41
2020-02-05 12:53:46.741 parsl:256 Rank:0 [DEBUG]  [TASK_PULL_THREAD] No incoming tasks
2020-02-05 12:53:46.741 parsl:218 Rank:0 [DEBUG]  [TASK_PULL_THREAD] ready workers:41, pending tasks:0
2020-02-05 12:53:46.741 parsl:188 Rank:0 [DEBUG]  Return from heartbeat: None
2020-02-05 12:53:46.742 parsl:225 Rank:0 [DEBUG]  [TASK_PULL_THREAD] Requesting tasks: 41
2020-02-05 12:53:46.742 parsl:243 Rank:0 [DEBUG]  Got heartbeat from interchange
2020-02-05 12:53:46.743 parsl:218 Rank:0 [DEBUG]  [TASK_PULL_THREAD] ready workers:41, pending tasks:0
2020-02-05 12:53:46.743 parsl:225 Rank:0 [DEBUG]  [TASK_PULL_THREAD] Requesting tasks: 41
2020-02-05 12:53:46.743 parsl:256 Rank:0 [DEBUG]  [TASK_PULL_THREAD] No incoming tasks
2020-02-05 12:53:46.743 parsl:218 Rank:0 [DEBUG]  [TASK_PULL_THREAD] ready workers:41, pending tasks:0
2020-02-05 12:53:46.743 parsl:225 Rank:0 [DEBUG]  [TASK_PULL_THREAD] Requesting tasks: 41
2020-02-05 12:53:46.763 parsl:256 Rank:0 [DEBUG]  [TASK_PULL_THREAD] No incoming tasks
2020-02-05 12:53:46.763 parsl:218 Rank:0 [DEBUG]  [TASK_PULL_THREAD] ready workers:41, pending tasks:0
2020-02-05 12:53:46.763 parsl:225 Rank:0 [DEBUG]  [TASK_PULL_THREAD] Requesting tasks: 41
2020-02-05 12:53:46.804 parsl:256 Rank:0 [DEBUG]  [TASK_PULL_THREAD] No incoming tasks
2020-02-05 12:53:46.804 parsl:218 Rank:0 [DEBUG]  [TASK_PULL_THREAD] ready workers:41, pending tasks:0
2020-02-05 12:53:46.804 parsl:225 Rank:0 [DEBUG]  [TASK_PULL_THREAD] Requesting tasks: 41
2020-02-05 12:53:46.884 parsl:256 Rank:0 [DEBUG]  [TASK_PULL_THREAD] No incoming tasks
2020-02-05 12:53:46.884 parsl:218 Rank:0 [DEBUG]  [TASK_PULL_THREAD] ready workers:41, pending tasks:0
2020-02-05 12:53:46.884 parsl:225 Rank:0 [DEBUG]  [TASK_PULL_THREAD] Requesting tasks: 41
2020-02-05 12:53:47.045 parsl:256 Rank:0 [DEBUG]  [TASK_PULL_THREAD] No incoming tasks
2020-02-05 12:53:47.045 parsl:218 Rank:0 [DEBUG]  [TASK_PULL_THREAD] ready workers:41, pending tasks:0
2020-02-05 12:53:47.045 parsl:225 Rank:0 [DEBUG]  [TASK_PULL_THREAD] Requesting tasks: 41
2020-02-05 12:53:47.366 parsl:256 Rank:0 [DEBUG]  [TASK_PULL_THREAD] No incoming tasks
2020-02-05 12:53:47.366 parsl:218 Rank:0 [DEBUG]  [TASK_PULL_THREAD] ready workers:41, pending tasks:0
2020-02-05 12:53:47.366 parsl:225 Rank:0 [DEBUG]  [TASK_PULL_THREAD] Requesting tasks: 41
2020-02-05 12:53:48.007 parsl:256 Rank:0 [DEBUG]  [TASK_PULL_THREAD] No incoming tasks
2020-02-05 12:53:48.007 parsl:218 Rank:0 [DEBUG]  [TASK_PULL_THREAD] ready workers:41, pending tasks:0
2020-02-05 12:53:48.007 parsl:225 Rank:0 [DEBUG]  [TASK_PULL_THREAD] Requesting tasks: 41
2020-02-05 12:53:49.288 parsl:256 Rank:0 [DEBUG]  [TASK_PULL_THREAD] No incoming tasks
2020-02-05 12:53:49.289 parsl:218 Rank:0 [DEBUG]  [TASK_PULL_THREAD] ready workers:41, pending tasks:0
2020-02-05 12:53:49.289 parsl:225 Rank:0 [DEBUG]  [TASK_PULL_THREAD] Requesting tasks: 41
2020-02-05 12:53:51.851 parsl:256 Rank:0 [DEBUG]  [TASK_PULL_THREAD] No incoming tasks
2020-02-05 12:53:51.852 parsl:218 Rank:0 [DEBUG]  [TASK_PULL_THREAD] ready workers:41, pending tasks:0
2020-02-05 12:53:51.852 parsl:225 Rank:0 [DEBUG]  [TASK_PULL_THREAD] Requesting tasks: 41
2020-02-05 12:53:56.977 parsl:256 Rank:0 [DEBUG]  [TASK_PULL_THREAD] No incoming tasks
2020-02-05 12:53:56.977 parsl:218 Rank:0 [DEBUG]  [TASK_PULL_THREAD] ready workers:41, pending tasks:0
2020-02-05 12:53:56.977 parsl:225 Rank:0 [DEBUG]  [TASK_PULL_THREAD] Requesting tasks: 41
2020-02-05 12:54:07.228 parsl:256 Rank:0 [DEBUG]  [TASK_PULL_THREAD] No incoming tasks
2020-02-05 12:54:07.228 parsl:218 Rank:0 [DEBUG]  [TASK_PULL_THREAD] ready workers:41, pending tasks:0
2020-02-05 12:54:07.228 parsl:225 Rank:0 [DEBUG]  [TASK_PULL_THREAD] Requesting tasks: 41
2020-02-05 12:54:27.729 parsl:256 Rank:0 [DEBUG]  [TASK_PULL_THREAD] No incoming tasks
2020-02-05 12:54:27.730 parsl:218 Rank:0 [DEBUG]  [TASK_PULL_THREAD] ready workers:41, pending tasks:0
2020-02-05 12:54:27.730 parsl:188 Rank:0 [DEBUG]  Return from heartbeat: None
2020-02-05 12:54:27.730 parsl:225 Rank:0 [DEBUG]  [TASK_PULL_THREAD] Requesting tasks: 41
2020-02-05 12:54:27.732 parsl:243 Rank:0 [DEBUG]  Got heartbeat from interchange
2020-02-05 12:54:27.732 parsl:218 Rank:0 [DEBUG]  [TASK_PULL_THREAD] ready workers:41, pending tasks:0
2020-02-05 12:54:27.732 parsl:225 Rank:0 [DEBUG]  [TASK_PULL_THREAD] Requesting tasks: 41
2020-02-05 12:54:27.732 parsl:256 Rank:0 [DEBUG]  [TASK_PULL_THREAD] No incoming tasks
2020-02-05 12:54:27.732 parsl:218 Rank:0 [DEBUG]  [TASK_PULL_THREAD] ready workers:41, pending tasks:0
2020-02-05 12:54:27.732 parsl:225 Rank:0 [DEBUG]  [TASK_PULL_THREAD] Requesting tasks: 41
2020-02-05 12:54:27.753 parsl:256 Rank:0 [DEBUG]  [TASK_PULL_THREAD] No incoming tasks
2020-02-05 12:54:27.753 parsl:218 Rank:0 [DEBUG]  [TASK_PULL_THREAD] ready workers:41, pending tasks:0
2020-02-05 12:54:27.753 parsl:225 Rank:0 [DEBUG]  [TASK_PULL_THREAD] Requesting tasks: 41
2020-02-05 12:54:27.793 parsl:256 Rank:0 [DEBUG]  [TASK_PULL_THREAD] No incoming tasks
2020-02-05 12:54:27.793 parsl:218 Rank:0 [DEBUG]  [TASK_PULL_THREAD] ready workers:41, pending tasks:0
2020-02-05 12:54:27.793 parsl:225 Rank:0 [DEBUG]  [TASK_PULL_THREAD] Requesting tasks: 41
2020-02-05 12:54:27.874 parsl:256 Rank:0 [DEBUG]  [TASK_PULL_THREAD] No incoming tasks
2020-02-05 12:54:27.874 parsl:218 Rank:0 [DEBUG]  [TASK_PULL_THREAD] ready workers:41, pending tasks:0
2020-02-05 12:54:27.874 parsl:225 Rank:0 [DEBUG]  [TASK_PULL_THREAD] Requesting tasks: 41
2020-02-05 12:54:28.034 parsl:256 Rank:0 [DEBUG]  [TASK_PULL_THREAD] No incoming tasks
2020-02-05 12:54:28.034 parsl:218 Rank:0 [DEBUG]  [TASK_PULL_THREAD] ready workers:41, pending tasks:0
2020-02-05 12:54:28.035 parsl:225 Rank:0 [DEBUG]  [TASK_PULL_THREAD] Requesting tasks: 41
2020-02-05 12:54:28.355 parsl:256 Rank:0 [DEBUG]  [TASK_PULL_THREAD] No incoming tasks
2020-02-05 12:54:28.355 parsl:218 Rank:0 [DEBUG]  [TASK_PULL_THREAD] ready workers:41, pending tasks:0
2020-02-05 12:54:28.355 parsl:225 Rank:0 [DEBUG]  [TASK_PULL_THREAD] Requesting tasks: 41
2020-02-05 12:54:28.996 parsl:256 Rank:0 [DEBUG]  [TASK_PULL_THREAD] No incoming tasks
2020-02-05 12:54:28.996 parsl:218 Rank:0 [DEBUG]  [TASK_PULL_THREAD] ready workers:41, pending tasks:0
2020-02-05 12:54:28.996 parsl:225 Rank:0 [DEBUG]  [TASK_PULL_THREAD] Requesting tasks: 41
2020-02-05 12:54:30.278 parsl:256 Rank:0 [DEBUG]  [TASK_PULL_THREAD] No incoming tasks
2020-02-05 12:54:30.278 parsl:218 Rank:0 [DEBUG]  [TASK_PULL_THREAD] ready workers:41, pending tasks:0
2020-02-05 12:54:30.278 parsl:225 Rank:0 [DEBUG]  [TASK_PULL_THREAD] Requesting tasks: 41
2020-02-05 12:54:32.841 parsl:256 Rank:0 [DEBUG]  [TASK_PULL_THREAD] No incoming tasks
2020-02-05 12:54:32.841 parsl:218 Rank:0 [DEBUG]  [TASK_PULL_THREAD] ready workers:41, pending tasks:0
2020-02-05 12:54:32.841 parsl:225 Rank:0 [DEBUG]  [TASK_PULL_THREAD] Requesting tasks: 41
2020-02-05 12:54:37.966 parsl:256 Rank:0 [DEBUG]  [TASK_PULL_THREAD] No incoming tasks
2020-02-05 12:54:37.967 parsl:218 Rank:0 [DEBUG]  [TASK_PULL_THREAD] ready workers:41, pending tasks:0
2020-02-05 12:54:37.967 parsl:225 Rank:0 [DEBUG]  [TASK_PULL_THREAD] Requesting tasks: 41
2020-02-05 12:54:48.217 parsl:256 Rank:0 [DEBUG]  [TASK_PULL_THREAD] No incoming tasks
2020-02-05 12:54:48.218 parsl:218 Rank:0 [DEBUG]  [TASK_PULL_THREAD] ready workers:41, pending tasks:0
2020-02-05 12:54:48.218 parsl:225 Rank:0 [DEBUG]  [TASK_PULL_THREAD] Requesting tasks: 41
2020-02-05 12:55:08.717 parsl:256 Rank:0 [DEBUG]  [TASK_PULL_THREAD] No incoming tasks
2020-02-05 12:55:08.718 parsl:218 Rank:0 [DEBUG]  [TASK_PULL_THREAD] ready workers:41, pending tasks:0
2020-02-05 12:55:08.718 parsl:188 Rank:0 [DEBUG]  Return from heartbeat: None
2020-02-05 12:55:08.718 parsl:225 Rank:0 [DEBUG]  [TASK_PULL_THREAD] Requesting tasks: 41
2020-02-05 12:55:08.720 parsl:243 Rank:0 [DEBUG]  Got heartbeat from interchange
2020-02-05 12:55:08.720 parsl:218 Rank:0 [DEBUG]  [TASK_PULL_THREAD] ready workers:41, pending tasks:0
2020-02-05 12:55:08.720 parsl:225 Rank:0 [DEBUG]  [TASK_PULL_THREAD] Requesting tasks: 41
2020-02-05 12:55:08.720 parsl:256 Rank:0 [DEBUG]  [TASK_PULL_THREAD] No incoming tasks
2020-02-05 12:55:08.720 parsl:218 Rank:0 [DEBUG]  [TASK_PULL_THREAD] ready workers:41, pending tasks:0
2020-02-05 12:55:08.721 parsl:225 Rank:0 [DEBUG]  [TASK_PULL_THREAD] Requesting tasks: 41
2020-02-05 12:55:08.741 parsl:256 Rank:0 [DEBUG]  [TASK_PULL_THREAD] No incoming tasks
2020-02-05 12:55:08.741 parsl:218 Rank:0 [DEBUG]  [TASK_PULL_THREAD] ready workers:41, pending tasks:0
2020-02-05 12:55:08.741 parsl:225 Rank:0 [DEBUG]  [TASK_PULL_THREAD] Requesting tasks: 41
2020-02-05 12:55:08.781 parsl:256 Rank:0 [DEBUG]  [TASK_PULL_THREAD] No incoming tasks
2020-02-05 12:55:08.781 parsl:218 Rank:0 [DEBUG]  [TASK_PULL_THREAD] ready workers:41, pending tasks:0
2020-02-05 12:55:08.781 parsl:225 Rank:0 [DEBUG]  [TASK_PULL_THREAD] Requesting tasks: 41
2020-02-05 12:55:08.861 parsl:256 Rank:0 [DEBUG]  [TASK_PULL_THREAD] No incoming tasks
2020-02-05 12:55:08.862 parsl:218 Rank:0 [DEBUG]  [TASK_PULL_THREAD] ready workers:41, pending tasks:0
2020-02-05 12:55:08.862 parsl:225 Rank:0 [DEBUG]  [TASK_PULL_THREAD] Requesting tasks: 41
2020-02-05 12:55:09.022 parsl:256 Rank:0 [DEBUG]  [TASK_PULL_THREAD] No incoming tasks
2020-02-05 12:55:09.022 parsl:218 Rank:0 [DEBUG]  [TASK_PULL_THREAD] ready workers:41, pending tasks:0
2020-02-05 12:55:09.022 parsl:225 Rank:0 [DEBUG]  [TASK_PULL_THREAD] Requesting tasks: 41
2020-02-05 12:55:09.343 parsl:256 Rank:0 [DEBUG]  [TASK_PULL_THREAD] No incoming tasks
2020-02-05 12:55:09.343 parsl:218 Rank:0 [DEBUG]  [TASK_PULL_THREAD] ready workers:41, pending tasks:0
2020-02-05 12:55:09.343 parsl:225 Rank:0 [DEBUG]  [TASK_PULL_THREAD] Requesting tasks: 41
2020-02-05 12:55:09.984 parsl:256 Rank:0 [DEBUG]  [TASK_PULL_THREAD] No incoming tasks
2020-02-05 12:55:09.984 parsl:218 Rank:0 [DEBUG]  [TASK_PULL_THREAD] ready workers:41, pending tasks:0
2020-02-05 12:55:09.984 parsl:225 Rank:0 [DEBUG]  [TASK_PULL_THREAD] Requesting tasks: 41
2020-02-05 12:55:11.266 parsl:256 Rank:0 [DEBUG]  [TASK_PULL_THREAD] No incoming tasks
2020-02-05 12:55:11.266 parsl:218 Rank:0 [DEBUG]  [TASK_PULL_THREAD] ready workers:41, pending tasks:0
2020-02-05 12:55:11.266 parsl:225 Rank:0 [DEBUG]  [TASK_PULL_THREAD] Requesting tasks: 41
2020-02-05 12:55:13.829 parsl:256 Rank:0 [DEBUG]  [TASK_PULL_THREAD] No incoming tasks
2020-02-05 12:55:13.829 parsl:218 Rank:0 [DEBUG]  [TASK_PULL_THREAD] ready workers:41, pending tasks:0
2020-02-05 12:55:13.829 parsl:225 Rank:0 [DEBUG]  [TASK_PULL_THREAD] Requesting tasks: 41
2020-02-05 12:55:18.954 parsl:256 Rank:0 [DEBUG]  [TASK_PULL_THREAD] No incoming tasks
2020-02-05 12:55:18.954 parsl:218 Rank:0 [DEBUG]  [TASK_PULL_THREAD] ready workers:41, pending tasks:0
2020-02-05 12:55:18.954 parsl:225 Rank:0 [DEBUG]  [TASK_PULL_THREAD] Requesting tasks: 41
2020-02-05 12:55:29.205 parsl:256 Rank:0 [DEBUG]  [TASK_PULL_THREAD] No incoming tasks
2020-02-05 12:55:29.205 parsl:218 Rank:0 [DEBUG]  [TASK_PULL_THREAD] ready workers:41, pending tasks:0
2020-02-05 12:55:29.205 parsl:225 Rank:0 [DEBUG]  [TASK_PULL_THREAD] Requesting tasks: 41
2020-02-05 12:55:49.706 parsl:256 Rank:0 [DEBUG]  [TASK_PULL_THREAD] No incoming tasks
2020-02-05 12:55:49.707 parsl:218 Rank:0 [DEBUG]  [TASK_PULL_THREAD] ready workers:41, pending tasks:0
2020-02-05 12:55:49.707 parsl:188 Rank:0 [DEBUG]  Return from heartbeat: None
2020-02-05 12:55:49.707 parsl:225 Rank:0 [DEBUG]  [TASK_PULL_THREAD] Requesting tasks: 41
2020-02-05 12:55:49.708 parsl:243 Rank:0 [DEBUG]  Got heartbeat from interchange
2020-02-05 12:55:49.708 parsl:218 Rank:0 [DEBUG]  [TASK_PULL_THREAD] ready workers:41, pending tasks:0
2020-02-05 12:55:49.709 parsl:225 Rank:0 [DEBUG]  [TASK_PULL_THREAD] Requesting tasks: 41
2020-02-05 12:55:49.709 parsl:256 Rank:0 [DEBUG]  [TASK_PULL_THREAD] No incoming tasks
2020-02-05 12:55:49.709 parsl:218 Rank:0 [DEBUG]  [TASK_PULL_THREAD] ready workers:41, pending tasks:0
2020-02-05 12:55:49.709 parsl:225 Rank:0 [DEBUG]  [TASK_PULL_THREAD] Requesting tasks: 41
2020-02-05 12:55:49.729 parsl:256 Rank:0 [DEBUG]  [TASK_PULL_THREAD] No incoming tasks
2020-02-05 12:55:49.729 parsl:218 Rank:0 [DEBUG]  [TASK_PULL_THREAD] ready workers:41, pending tasks:0
2020-02-05 12:55:49.729 parsl:225 Rank:0 [DEBUG]  [TASK_PULL_THREAD] Requesting tasks: 41
2020-02-05 12:55:49.769 parsl:256 Rank:0 [DEBUG]  [TASK_PULL_THREAD] No incoming tasks
2020-02-05 12:55:49.770 parsl:218 Rank:0 [DEBUG]  [TASK_PULL_THREAD] ready workers:41, pending tasks:0
2020-02-05 12:55:49.770 parsl:225 Rank:0 [DEBUG]  [TASK_PULL_THREAD] Requesting tasks: 41
2020-02-05 12:55:49.850 parsl:256 Rank:0 [DEBUG]  [TASK_PULL_THREAD] No incoming tasks
2020-02-05 12:55:49.850 parsl:218 Rank:0 [DEBUG]  [TASK_PULL_THREAD] ready workers:41, pending tasks:0
2020-02-05 12:55:49.850 parsl:225 Rank:0 [DEBUG]  [TASK_PULL_THREAD] Requesting tasks: 41
2020-02-05 12:55:50.011 parsl:256 Rank:0 [DEBUG]  [TASK_PULL_THREAD] No incoming tasks
2020-02-05 12:55:50.011 parsl:218 Rank:0 [DEBUG]  [TASK_PULL_THREAD] ready workers:41, pending tasks:0
2020-02-05 12:55:50.011 parsl:225 Rank:0 [DEBUG]  [TASK_PULL_THREAD] Requesting tasks: 41
2020-02-05 12:55:50.331 parsl:256 Rank:0 [DEBUG]  [TASK_PULL_THREAD] No incoming tasks
2020-02-05 12:55:50.331 parsl:218 Rank:0 [DEBUG]  [TASK_PULL_THREAD] ready workers:41, pending tasks:0
2020-02-05 12:55:50.332 parsl:225 Rank:0 [DEBUG]  [TASK_PULL_THREAD] Requesting tasks: 41
2020-02-05 12:55:50.972 parsl:256 Rank:0 [DEBUG]  [TASK_PULL_THREAD] No incoming tasks
2020-02-05 12:55:50.973 parsl:218 Rank:0 [DEBUG]  [TASK_PULL_THREAD] ready workers:41, pending tasks:0
2020-02-05 12:55:50.973 parsl:225 Rank:0 [DEBUG]  [TASK_PULL_THREAD] Requesting tasks: 41
2020-02-05 12:55:52.254 parsl:256 Rank:0 [DEBUG]  [TASK_PULL_THREAD] No incoming tasks
2020-02-05 12:55:52.254 parsl:218 Rank:0 [DEBUG]  [TASK_PULL_THREAD] ready workers:41, pending tasks:0
2020-02-05 12:55:52.254 parsl:225 Rank:0 [DEBUG]  [TASK_PULL_THREAD] Requesting tasks: 41
