2020-02-04 14:05:23.262 parsl.dataflow.dflow:83 [DEBUG]  Starting DataFlowKernel with config
Config(
    app_cache=True, 
    checkpoint_files=None, 
    checkpoint_mode=None, 
    checkpoint_period=None, 
    data_management_max_threads=10, 
    executors=[ThreadPoolExecutor(
        label='threads', 
        managed=True, 
        max_threads=20, 
        storage_access=None, 
        thread_name_prefix='', 
        working_dir=None
    )], 
    initialize_logging=True, 
    lazy_errors=True, 
    max_idletime=120.0, 
    monitoring=None, 
    retries=0, 
    run_dir='runinfo', 
    strategy='simple', 
    usage_tracking=False
)
2020-02-04 14:05:23.262 parsl.dataflow.dflow:84 [INFO]  Parsl version: 0.9.0
2020-02-04 14:05:23.262 parsl.dataflow.usage_tracking.usage:126 [DEBUG]  Tracking status: False
2020-02-04 14:05:23.262 parsl.dataflow.usage_tracking.usage:127 [DEBUG]  Testing mode   : False
2020-02-04 14:05:23.263 parsl.dataflow.dflow:110 [INFO]  Run id is: 60d272ee-608e-4ec6-bd23-2fa823ceb78c
2020-02-04 14:05:23.364 parsl.dataflow.memoization:52 [INFO]  App caching initialized
2020-02-04 14:05:23.364 parsl.dataflow.strategy:125 [DEBUG]  Scaling strategy: simple
2020-02-04 14:05:23.469 parsl.dataflow.dflow:484 [DEBUG]  Adding output dependencies
2020-02-04 14:05:23.469 parsl.dataflow.dflow:708 [INFO]  Task 0 submitted for App run_single_transcript, waiting on tasks []
2020-02-04 14:05:23.469 parsl.dataflow.dflow:714 [DEBUG]  Task 0 set to pending state with AppFuture: <AppFuture super=<AppFuture at 0x7f291a4fd278 state=pending>>
2020-02-04 14:05:23.470 parsl.dataflow.dflow:452 [INFO]  Task 0 launched on executor threads
2020-02-04 14:05:23.470 parsl.dataflow.dflow:484 [DEBUG]  Adding output dependencies
2020-02-04 14:05:23.471 parsl.dataflow.dflow:708 [INFO]  Task 1 submitted for App run_single_transcript, waiting on tasks []
2020-02-04 14:05:23.471 parsl.dataflow.dflow:714 [DEBUG]  Task 1 set to pending state with AppFuture: <AppFuture super=<AppFuture at 0x7f291a4fd5f8 state=pending>>
2020-02-04 14:05:23.472 parsl.dataflow.dflow:452 [INFO]  Task 1 launched on executor threads
2020-02-04 14:05:23.472 parsl.dataflow.dflow:484 [DEBUG]  Adding output dependencies
2020-02-04 14:05:23.472 parsl.dataflow.dflow:708 [INFO]  Task 2 submitted for App run_single_transcript, waiting on tasks []
2020-02-04 14:05:23.475 parsl.dataflow.dflow:714 [DEBUG]  Task 2 set to pending state with AppFuture: <AppFuture super=<AppFuture at 0x7f291a4fd860 state=pending>>
2020-02-04 14:05:23.476 parsl.dataflow.dflow:452 [INFO]  Task 2 launched on executor threads
2020-02-04 14:05:23.477 parsl.dataflow.dflow:484 [DEBUG]  Adding output dependencies
2020-02-04 14:05:23.477 parsl.dataflow.dflow:708 [INFO]  Task 3 submitted for App run_single_transcript, waiting on tasks []
2020-02-04 14:05:23.481 parsl.dataflow.dflow:714 [DEBUG]  Task 3 set to pending state with AppFuture: <AppFuture super=<AppFuture at 0x7f291a4fdb70 state=pending>>
2020-02-04 14:05:23.482 parsl.dataflow.dflow:452 [INFO]  Task 3 launched on executor threads
2020-02-04 14:05:23.483 parsl.dataflow.dflow:484 [DEBUG]  Adding output dependencies
2020-02-04 14:05:23.483 parsl.dataflow.dflow:708 [INFO]  Task 4 submitted for App run_single_transcript, waiting on tasks []
2020-02-04 14:05:23.483 parsl.dataflow.dflow:714 [DEBUG]  Task 4 set to pending state with AppFuture: <AppFuture super=<AppFuture at 0x7f291a4fde48 state=pending>>
2020-02-04 14:05:23.487 parsl.dataflow.dflow:452 [INFO]  Task 4 launched on executor threads
2020-02-04 14:05:23.488 parsl.dataflow.dflow:484 [DEBUG]  Adding output dependencies
2020-02-04 14:05:23.488 parsl.dataflow.dflow:708 [INFO]  Task 5 submitted for App run_single_transcript, waiting on tasks []
2020-02-04 14:05:23.488 parsl.dataflow.dflow:714 [DEBUG]  Task 5 set to pending state with AppFuture: <AppFuture super=<AppFuture at 0x7f291a4fdfd0 state=pending>>
2020-02-04 14:05:23.493 parsl.dataflow.dflow:452 [INFO]  Task 5 launched on executor threads
2020-02-04 14:05:23.494 parsl.dataflow.dflow:484 [DEBUG]  Adding output dependencies
2020-02-04 14:05:23.494 parsl.dataflow.dflow:708 [INFO]  Task 6 submitted for App run_single_transcript, waiting on tasks []
2020-02-04 14:05:23.495 parsl.dataflow.dflow:714 [DEBUG]  Task 6 set to pending state with AppFuture: <AppFuture super=<AppFuture at 0x7f291a5324e0 state=pending>>
2020-02-04 14:05:23.495 parsl.dataflow.dflow:452 [INFO]  Task 6 launched on executor threads
2020-02-04 14:05:23.496 parsl.dataflow.dflow:484 [DEBUG]  Adding output dependencies
2020-02-04 14:05:23.496 parsl.dataflow.dflow:708 [INFO]  Task 7 submitted for App run_single_transcript, waiting on tasks []
2020-02-04 14:05:23.505 parsl.dataflow.dflow:714 [DEBUG]  Task 7 set to pending state with AppFuture: <AppFuture super=<AppFuture at 0x7f291a532828 state=pending>>
2020-02-04 14:05:23.506 parsl.dataflow.dflow:452 [INFO]  Task 7 launched on executor threads
2020-02-04 14:05:23.507 parsl.dataflow.dflow:484 [DEBUG]  Adding output dependencies
2020-02-04 14:05:23.507 parsl.dataflow.dflow:708 [INFO]  Task 8 submitted for App run_single_transcript, waiting on tasks []
2020-02-04 14:05:23.507 parsl.dataflow.dflow:714 [DEBUG]  Task 8 set to pending state with AppFuture: <AppFuture super=<AppFuture at 0x7f291a532ac8 state=pending>>
2020-02-04 14:05:23.508 parsl.dataflow.dflow:452 [INFO]  Task 8 launched on executor threads
2020-02-04 14:05:23.516 parsl.dataflow.dflow:484 [DEBUG]  Adding output dependencies
2020-02-04 14:05:23.516 parsl.dataflow.dflow:708 [INFO]  Task 9 submitted for App run_single_transcript, waiting on tasks []
2020-02-04 14:05:23.517 parsl.dataflow.dflow:714 [DEBUG]  Task 9 set to pending state with AppFuture: <AppFuture super=<AppFuture at 0x7f291a532c50 state=pending>>
2020-02-04 14:05:23.517 parsl.dataflow.dflow:452 [INFO]  Task 9 launched on executor threads
2020-02-04 14:05:23.518 parsl.dataflow.dflow:484 [DEBUG]  Adding output dependencies
2020-02-04 14:05:23.518 parsl.dataflow.dflow:708 [INFO]  Task 10 submitted for App run_single_transcript, waiting on tasks []
2020-02-04 14:05:23.518 parsl.dataflow.dflow:714 [DEBUG]  Task 10 set to pending state with AppFuture: <AppFuture super=<AppFuture at 0x7f291a507128 state=pending>>
2020-02-04 14:05:23.522 parsl.dataflow.dflow:452 [INFO]  Task 10 launched on executor threads
2020-02-04 14:05:23.523 parsl.dataflow.dflow:484 [DEBUG]  Adding output dependencies
2020-02-04 14:05:23.524 parsl.dataflow.dflow:708 [INFO]  Task 11 submitted for App run_single_transcript, waiting on tasks []
2020-02-04 14:05:23.524 parsl.dataflow.dflow:714 [DEBUG]  Task 11 set to pending state with AppFuture: <AppFuture super=<AppFuture at 0x7f291a5072b0 state=pending>>
2020-02-04 14:05:23.525 parsl.dataflow.dflow:452 [INFO]  Task 11 launched on executor threads
2020-02-04 14:05:23.525 parsl.dataflow.dflow:484 [DEBUG]  Adding output dependencies
2020-02-04 14:05:23.529 parsl.dataflow.dflow:708 [INFO]  Task 12 submitted for App run_single_transcript, waiting on tasks []
2020-02-04 14:05:23.530 parsl.dataflow.dflow:714 [DEBUG]  Task 12 set to pending state with AppFuture: <AppFuture super=<AppFuture at 0x7f291a507780 state=pending>>
2020-02-04 14:05:23.531 parsl.dataflow.dflow:452 [INFO]  Task 12 launched on executor threads
2020-02-04 14:05:23.534 parsl.dataflow.dflow:484 [DEBUG]  Adding output dependencies
2020-02-04 14:05:23.534 parsl.dataflow.dflow:708 [INFO]  Task 13 submitted for App run_single_transcript, waiting on tasks []
2020-02-04 14:05:23.535 parsl.dataflow.dflow:714 [DEBUG]  Task 13 set to pending state with AppFuture: <AppFuture super=<AppFuture at 0x7f291a5078d0 state=pending>>
2020-02-04 14:05:23.539 parsl.dataflow.dflow:452 [INFO]  Task 13 launched on executor threads
2020-02-04 14:05:23.540 parsl.dataflow.dflow:484 [DEBUG]  Adding output dependencies
2020-02-04 14:05:23.540 parsl.dataflow.dflow:708 [INFO]  Task 14 submitted for App run_single_transcript, waiting on tasks []
2020-02-04 14:05:23.540 parsl.dataflow.dflow:714 [DEBUG]  Task 14 set to pending state with AppFuture: <AppFuture super=<AppFuture at 0x7f291a507d68 state=pending>>
2020-02-04 14:05:23.543 parsl.dataflow.dflow:452 [INFO]  Task 14 launched on executor threads
2020-02-04 14:05:23.545 parsl.dataflow.dflow:484 [DEBUG]  Adding output dependencies
2020-02-04 14:05:23.545 parsl.dataflow.dflow:708 [INFO]  Task 15 submitted for App run_single_transcript, waiting on tasks []
2020-02-04 14:05:23.545 parsl.dataflow.dflow:714 [DEBUG]  Task 15 set to pending state with AppFuture: <AppFuture super=<AppFuture at 0x7f291a507ef0 state=pending>>
2020-02-04 14:05:23.546 parsl.dataflow.dflow:452 [INFO]  Task 15 launched on executor threads
2020-02-04 14:05:23.546 parsl.dataflow.dflow:484 [DEBUG]  Adding output dependencies
2020-02-04 14:05:23.549 parsl.dataflow.dflow:708 [INFO]  Task 16 submitted for App run_single_transcript, waiting on tasks []
2020-02-04 14:05:23.550 parsl.dataflow.dflow:714 [DEBUG]  Task 16 set to pending state with AppFuture: <AppFuture super=<AppFuture at 0x7f291a51b400 state=pending>>
2020-02-04 14:05:23.558 parsl.dataflow.dflow:452 [INFO]  Task 16 launched on executor threads
2020-02-04 14:05:23.559 parsl.dataflow.dflow:484 [DEBUG]  Adding output dependencies
2020-02-04 14:05:23.559 parsl.dataflow.dflow:708 [INFO]  Task 17 submitted for App run_single_transcript, waiting on tasks []
2020-02-04 14:05:23.560 parsl.dataflow.dflow:714 [DEBUG]  Task 17 set to pending state with AppFuture: <AppFuture super=<AppFuture at 0x7f291a51b550 state=pending>>
2020-02-04 14:05:23.561 parsl.dataflow.dflow:452 [INFO]  Task 17 launched on executor threads
2020-02-04 14:05:23.561 parsl.dataflow.dflow:484 [DEBUG]  Adding output dependencies
2020-02-04 14:05:23.561 parsl.dataflow.dflow:708 [INFO]  Task 18 submitted for App run_single_transcript, waiting on tasks []
2020-02-04 14:05:23.562 parsl.dataflow.dflow:714 [DEBUG]  Task 18 set to pending state with AppFuture: <AppFuture super=<AppFuture at 0x7f291a51b9e8 state=pending>>
2020-02-04 14:05:23.562 parsl.dataflow.dflow:452 [INFO]  Task 18 launched on executor threads
2020-02-04 14:05:23.562 parsl.dataflow.dflow:484 [DEBUG]  Adding output dependencies
2020-02-04 14:05:23.563 parsl.dataflow.dflow:708 [INFO]  Task 19 submitted for App run_single_transcript, waiting on tasks []
2020-02-04 14:05:23.563 parsl.dataflow.dflow:714 [DEBUG]  Task 19 set to pending state with AppFuture: <AppFuture super=<AppFuture at 0x7f291a51bd30 state=pending>>
2020-02-04 14:05:23.571 parsl.dataflow.dflow:452 [INFO]  Task 19 launched on executor threads
2020-02-04 14:05:23.572 parsl.dataflow.dflow:484 [DEBUG]  Adding output dependencies
2020-02-04 14:05:23.572 parsl.dataflow.dflow:708 [INFO]  Task 20 submitted for App run_single_transcript, waiting on tasks []
2020-02-04 14:05:23.573 parsl.dataflow.dflow:714 [DEBUG]  Task 20 set to pending state with AppFuture: <AppFuture super=<AppFuture at 0x7f291a526048 state=pending>>
2020-02-04 14:05:23.576 parsl.dataflow.dflow:452 [INFO]  Task 20 launched on executor threads
2020-02-04 14:05:23.576 parsl.dataflow.dflow:484 [DEBUG]  Adding output dependencies
2020-02-04 14:05:23.576 parsl.dataflow.dflow:708 [INFO]  Task 21 submitted for App run_single_transcript, waiting on tasks []
2020-02-04 14:05:23.577 parsl.dataflow.dflow:714 [DEBUG]  Task 21 set to pending state with AppFuture: <AppFuture super=<AppFuture at 0x7f291a526240 state=pending>>
2020-02-04 14:05:23.577 parsl.dataflow.dflow:452 [INFO]  Task 21 launched on executor threads
2020-02-04 14:05:23.577 parsl.dataflow.dflow:484 [DEBUG]  Adding output dependencies
2020-02-04 14:05:23.577 parsl.dataflow.dflow:708 [INFO]  Task 22 submitted for App run_single_transcript, waiting on tasks []
2020-02-04 14:05:23.577 parsl.dataflow.dflow:714 [DEBUG]  Task 22 set to pending state with AppFuture: <AppFuture super=<AppFuture at 0x7f291a526400 state=pending>>
2020-02-04 14:05:23.577 parsl.dataflow.dflow:452 [INFO]  Task 22 launched on executor threads
2020-02-04 14:05:23.577 parsl.dataflow.dflow:484 [DEBUG]  Adding output dependencies
2020-02-04 14:05:23.577 parsl.dataflow.dflow:708 [INFO]  Task 23 submitted for App run_single_transcript, waiting on tasks []
2020-02-04 14:05:23.577 parsl.dataflow.dflow:714 [DEBUG]  Task 23 set to pending state with AppFuture: <AppFuture super=<AppFuture at 0x7f291a5265c0 state=pending>>
2020-02-04 14:05:23.578 parsl.dataflow.dflow:452 [INFO]  Task 23 launched on executor threads
2020-02-04 14:05:23.578 parsl.dataflow.dflow:484 [DEBUG]  Adding output dependencies
2020-02-04 14:05:23.578 parsl.dataflow.dflow:708 [INFO]  Task 24 submitted for App run_single_transcript, waiting on tasks []
2020-02-04 14:05:23.578 parsl.dataflow.dflow:714 [DEBUG]  Task 24 set to pending state with AppFuture: <AppFuture super=<AppFuture at 0x7f291a526780 state=pending>>
2020-02-04 14:05:23.578 parsl.dataflow.dflow:452 [INFO]  Task 24 launched on executor threads
2020-02-04 14:05:23.578 parsl.dataflow.dflow:484 [DEBUG]  Adding output dependencies
2020-02-04 14:05:23.578 parsl.dataflow.dflow:708 [INFO]  Task 25 submitted for App run_single_transcript, waiting on tasks []
2020-02-04 14:05:23.578 parsl.dataflow.dflow:714 [DEBUG]  Task 25 set to pending state with AppFuture: <AppFuture super=<AppFuture at 0x7f291a526940 state=pending>>
2020-02-04 14:05:23.578 parsl.dataflow.dflow:452 [INFO]  Task 25 launched on executor threads
2020-02-04 14:05:23.578 parsl.dataflow.dflow:484 [DEBUG]  Adding output dependencies
2020-02-04 14:05:23.578 parsl.dataflow.dflow:708 [INFO]  Task 26 submitted for App run_single_transcript, waiting on tasks []
2020-02-04 14:05:23.578 parsl.dataflow.dflow:714 [DEBUG]  Task 26 set to pending state with AppFuture: <AppFuture super=<AppFuture at 0x7f291a526b00 state=pending>>
2020-02-04 14:05:23.579 parsl.dataflow.dflow:452 [INFO]  Task 26 launched on executor threads
2020-02-04 14:05:23.579 parsl.dataflow.dflow:484 [DEBUG]  Adding output dependencies
2020-02-04 14:05:23.579 parsl.dataflow.dflow:708 [INFO]  Task 27 submitted for App run_single_transcript, waiting on tasks []
2020-02-04 14:05:23.579 parsl.dataflow.dflow:714 [DEBUG]  Task 27 set to pending state with AppFuture: <AppFuture super=<AppFuture at 0x7f291a526cc0 state=pending>>
2020-02-04 14:05:23.579 parsl.dataflow.dflow:452 [INFO]  Task 27 launched on executor threads
2020-02-04 14:05:23.579 parsl.dataflow.dflow:484 [DEBUG]  Adding output dependencies
2020-02-04 14:05:23.579 parsl.dataflow.dflow:708 [INFO]  Task 28 submitted for App run_single_transcript, waiting on tasks []
2020-02-04 14:05:23.579 parsl.dataflow.dflow:714 [DEBUG]  Task 28 set to pending state with AppFuture: <AppFuture super=<AppFuture at 0x7f291a526e80 state=pending>>
2020-02-04 14:05:23.579 parsl.dataflow.dflow:452 [INFO]  Task 28 launched on executor threads
2020-02-04 14:05:23.579 parsl.dataflow.dflow:484 [DEBUG]  Adding output dependencies
2020-02-04 14:05:23.579 parsl.dataflow.dflow:708 [INFO]  Task 29 submitted for App run_single_transcript, waiting on tasks []
2020-02-04 14:05:23.579 parsl.dataflow.dflow:714 [DEBUG]  Task 29 set to pending state with AppFuture: <AppFuture super=<AppFuture at 0x7f29184ba080 state=pending>>
2020-02-04 14:05:23.580 parsl.dataflow.dflow:452 [INFO]  Task 29 launched on executor threads
2020-02-04 14:05:23.580 parsl.dataflow.dflow:484 [DEBUG]  Adding output dependencies
2020-02-04 14:05:23.580 parsl.dataflow.dflow:708 [INFO]  Task 30 submitted for App run_single_transcript, waiting on tasks []
2020-02-04 14:05:23.580 parsl.dataflow.dflow:714 [DEBUG]  Task 30 set to pending state with AppFuture: <AppFuture super=<AppFuture at 0x7f29184ba240 state=pending>>
2020-02-04 14:05:23.580 parsl.dataflow.dflow:452 [INFO]  Task 30 launched on executor threads
2020-02-04 14:05:23.580 parsl.dataflow.dflow:484 [DEBUG]  Adding output dependencies
2020-02-04 14:05:23.580 parsl.dataflow.dflow:708 [INFO]  Task 31 submitted for App run_single_transcript, waiting on tasks []
2020-02-04 14:05:23.580 parsl.dataflow.dflow:714 [DEBUG]  Task 31 set to pending state with AppFuture: <AppFuture super=<AppFuture at 0x7f29184ba400 state=pending>>
2020-02-04 14:05:23.580 parsl.dataflow.dflow:452 [INFO]  Task 31 launched on executor threads
2020-02-04 14:05:23.580 parsl.dataflow.dflow:484 [DEBUG]  Adding output dependencies
2020-02-04 14:05:23.580 parsl.dataflow.dflow:708 [INFO]  Task 32 submitted for App run_single_transcript, waiting on tasks []
2020-02-04 14:05:23.581 parsl.dataflow.dflow:714 [DEBUG]  Task 32 set to pending state with AppFuture: <AppFuture super=<AppFuture at 0x7f29184ba5c0 state=pending>>
2020-02-04 14:05:23.581 parsl.dataflow.dflow:452 [INFO]  Task 32 launched on executor threads
2020-02-04 14:05:23.581 parsl.dataflow.dflow:484 [DEBUG]  Adding output dependencies
2020-02-04 14:05:23.581 parsl.dataflow.dflow:708 [INFO]  Task 33 submitted for App run_single_transcript, waiting on tasks []
2020-02-04 14:05:23.581 parsl.dataflow.dflow:714 [DEBUG]  Task 33 set to pending state with AppFuture: <AppFuture super=<AppFuture at 0x7f29184ba780 state=pending>>
2020-02-04 14:05:23.581 parsl.dataflow.dflow:452 [INFO]  Task 33 launched on executor threads
2020-02-04 14:05:23.581 parsl.dataflow.dflow:484 [DEBUG]  Adding output dependencies
2020-02-04 14:05:23.581 parsl.dataflow.dflow:708 [INFO]  Task 34 submitted for App run_single_transcript, waiting on tasks []
2020-02-04 14:05:23.581 parsl.dataflow.dflow:714 [DEBUG]  Task 34 set to pending state with AppFuture: <AppFuture super=<AppFuture at 0x7f29184ba940 state=pending>>
2020-02-04 14:05:23.581 parsl.dataflow.dflow:452 [INFO]  Task 34 launched on executor threads
2020-02-04 14:05:23.581 parsl.dataflow.dflow:484 [DEBUG]  Adding output dependencies
2020-02-04 14:05:23.581 parsl.dataflow.dflow:708 [INFO]  Task 35 submitted for App run_single_transcript, waiting on tasks []
2020-02-04 14:05:23.582 parsl.dataflow.dflow:714 [DEBUG]  Task 35 set to pending state with AppFuture: <AppFuture super=<AppFuture at 0x7f29184bab00 state=pending>>
2020-02-04 14:05:23.582 parsl.dataflow.dflow:452 [INFO]  Task 35 launched on executor threads
2020-02-04 14:05:23.582 parsl.dataflow.dflow:484 [DEBUG]  Adding output dependencies
2020-02-04 14:05:23.582 parsl.dataflow.dflow:708 [INFO]  Task 36 submitted for App run_single_transcript, waiting on tasks []
2020-02-04 14:05:23.582 parsl.dataflow.dflow:714 [DEBUG]  Task 36 set to pending state with AppFuture: <AppFuture super=<AppFuture at 0x7f29184bacc0 state=pending>>
2020-02-04 14:05:23.582 parsl.dataflow.dflow:452 [INFO]  Task 36 launched on executor threads
2020-02-04 14:05:23.582 parsl.dataflow.dflow:484 [DEBUG]  Adding output dependencies
2020-02-04 14:05:23.582 parsl.dataflow.dflow:708 [INFO]  Task 37 submitted for App run_single_transcript, waiting on tasks []
2020-02-04 14:05:23.582 parsl.dataflow.dflow:714 [DEBUG]  Task 37 set to pending state with AppFuture: <AppFuture super=<AppFuture at 0x7f29184bae80 state=pending>>
2020-02-04 14:05:23.582 parsl.dataflow.dflow:452 [INFO]  Task 37 launched on executor threads
2020-02-04 14:05:23.582 parsl.dataflow.dflow:484 [DEBUG]  Adding output dependencies
2020-02-04 14:05:23.583 parsl.dataflow.dflow:708 [INFO]  Task 38 submitted for App run_single_transcript, waiting on tasks []
2020-02-04 14:05:23.583 parsl.dataflow.dflow:714 [DEBUG]  Task 38 set to pending state with AppFuture: <AppFuture super=<AppFuture at 0x7f29184c7080 state=pending>>
2020-02-04 14:05:23.583 parsl.dataflow.dflow:452 [INFO]  Task 38 launched on executor threads
2020-02-04 14:05:23.583 parsl.dataflow.dflow:484 [DEBUG]  Adding output dependencies
2020-02-04 14:05:23.583 parsl.dataflow.dflow:708 [INFO]  Task 39 submitted for App run_single_transcript, waiting on tasks []
2020-02-04 14:05:23.583 parsl.dataflow.dflow:714 [DEBUG]  Task 39 set to pending state with AppFuture: <AppFuture super=<AppFuture at 0x7f29184c7240 state=pending>>
2020-02-04 14:05:23.583 parsl.dataflow.dflow:452 [INFO]  Task 39 launched on executor threads
2020-02-04 14:05:23.583 parsl.dataflow.dflow:484 [DEBUG]  Adding output dependencies
2020-02-04 14:05:23.583 parsl.dataflow.dflow:708 [INFO]  Task 40 submitted for App run_single_transcript, waiting on tasks []
2020-02-04 14:05:23.583 parsl.dataflow.dflow:714 [DEBUG]  Task 40 set to pending state with AppFuture: <AppFuture super=<AppFuture at 0x7f29184c7400 state=pending>>
2020-02-04 14:05:23.583 parsl.dataflow.dflow:452 [INFO]  Task 40 launched on executor threads
2020-02-04 14:05:23.584 parsl.dataflow.dflow:484 [DEBUG]  Adding output dependencies
2020-02-04 14:05:23.584 parsl.dataflow.dflow:708 [INFO]  Task 41 submitted for App run_single_transcript, waiting on tasks []
2020-02-04 14:05:23.584 parsl.dataflow.dflow:714 [DEBUG]  Task 41 set to pending state with AppFuture: <AppFuture super=<AppFuture at 0x7f29184c75c0 state=pending>>
2020-02-04 14:05:23.584 parsl.dataflow.dflow:452 [INFO]  Task 41 launched on executor threads
2020-02-04 14:05:23.584 parsl.dataflow.dflow:484 [DEBUG]  Adding output dependencies
2020-02-04 14:05:23.584 parsl.dataflow.dflow:708 [INFO]  Task 42 submitted for App run_single_transcript, waiting on tasks []
2020-02-04 14:05:23.584 parsl.dataflow.dflow:714 [DEBUG]  Task 42 set to pending state with AppFuture: <AppFuture super=<AppFuture at 0x7f29184c7780 state=pending>>
2020-02-04 14:05:23.584 parsl.dataflow.dflow:452 [INFO]  Task 42 launched on executor threads
2020-02-04 14:05:23.584 parsl.dataflow.dflow:484 [DEBUG]  Adding output dependencies
2020-02-04 14:05:23.584 parsl.dataflow.dflow:708 [INFO]  Task 43 submitted for App run_single_transcript, waiting on tasks []
2020-02-04 14:05:23.584 parsl.dataflow.dflow:714 [DEBUG]  Task 43 set to pending state with AppFuture: <AppFuture super=<AppFuture at 0x7f29184c7940 state=pending>>
2020-02-04 14:05:23.584 parsl.dataflow.dflow:452 [INFO]  Task 43 launched on executor threads
2020-02-04 14:05:23.585 parsl.dataflow.dflow:484 [DEBUG]  Adding output dependencies
2020-02-04 14:05:23.585 parsl.dataflow.dflow:708 [INFO]  Task 44 submitted for App run_single_transcript, waiting on tasks []
2020-02-04 14:05:23.585 parsl.dataflow.dflow:714 [DEBUG]  Task 44 set to pending state with AppFuture: <AppFuture super=<AppFuture at 0x7f29184c7b00 state=pending>>
2020-02-04 14:05:23.585 parsl.dataflow.dflow:452 [INFO]  Task 44 launched on executor threads
2020-02-04 14:05:23.585 parsl.dataflow.dflow:484 [DEBUG]  Adding output dependencies
2020-02-04 14:05:23.585 parsl.dataflow.dflow:708 [INFO]  Task 45 submitted for App run_single_transcript, waiting on tasks []
2020-02-04 14:05:23.585 parsl.dataflow.dflow:714 [DEBUG]  Task 45 set to pending state with AppFuture: <AppFuture super=<AppFuture at 0x7f29184c7cc0 state=pending>>
2020-02-04 14:05:23.585 parsl.dataflow.dflow:452 [INFO]  Task 45 launched on executor threads
2020-02-04 14:05:23.585 parsl.dataflow.dflow:484 [DEBUG]  Adding output dependencies
2020-02-04 14:05:23.585 parsl.dataflow.dflow:708 [INFO]  Task 46 submitted for App run_single_transcript, waiting on tasks []
2020-02-04 14:05:23.585 parsl.dataflow.dflow:714 [DEBUG]  Task 46 set to pending state with AppFuture: <AppFuture super=<AppFuture at 0x7f29184c7e80 state=pending>>
2020-02-04 14:05:23.585 parsl.dataflow.dflow:452 [INFO]  Task 46 launched on executor threads
2020-02-04 14:05:23.586 parsl.dataflow.dflow:484 [DEBUG]  Adding output dependencies
2020-02-04 14:05:23.586 parsl.dataflow.dflow:708 [INFO]  Task 47 submitted for App run_single_transcript, waiting on tasks []
2020-02-04 14:05:23.586 parsl.dataflow.dflow:714 [DEBUG]  Task 47 set to pending state with AppFuture: <AppFuture super=<AppFuture at 0x7f29184d0080 state=pending>>
2020-02-04 14:05:23.586 parsl.dataflow.dflow:452 [INFO]  Task 47 launched on executor threads
2020-02-04 14:05:23.586 parsl.dataflow.dflow:484 [DEBUG]  Adding output dependencies
2020-02-04 14:05:23.586 parsl.dataflow.dflow:708 [INFO]  Task 48 submitted for App run_single_transcript, waiting on tasks []
2020-02-04 14:05:23.586 parsl.dataflow.dflow:714 [DEBUG]  Task 48 set to pending state with AppFuture: <AppFuture super=<AppFuture at 0x7f29184d0240 state=pending>>
2020-02-04 14:05:23.586 parsl.dataflow.dflow:452 [INFO]  Task 48 launched on executor threads
2020-02-04 14:05:23.586 parsl.dataflow.dflow:484 [DEBUG]  Adding output dependencies
2020-02-04 14:05:23.586 parsl.dataflow.dflow:708 [INFO]  Task 49 submitted for App run_single_transcript, waiting on tasks []
2020-02-04 14:05:23.586 parsl.dataflow.dflow:714 [DEBUG]  Task 49 set to pending state with AppFuture: <AppFuture super=<AppFuture at 0x7f29184d0400 state=pending>>
2020-02-04 14:05:23.586 parsl.dataflow.dflow:452 [INFO]  Task 49 launched on executor threads
2020-02-04 14:05:23.587 parsl.dataflow.dflow:484 [DEBUG]  Adding output dependencies
2020-02-04 14:05:23.587 parsl.dataflow.dflow:708 [INFO]  Task 50 submitted for App run_single_transcript, waiting on tasks []
2020-02-04 14:05:23.587 parsl.dataflow.dflow:714 [DEBUG]  Task 50 set to pending state with AppFuture: <AppFuture super=<AppFuture at 0x7f29184d05c0 state=pending>>
2020-02-04 14:05:23.587 parsl.dataflow.dflow:452 [INFO]  Task 50 launched on executor threads
2020-02-04 14:05:23.587 parsl.dataflow.dflow:484 [DEBUG]  Adding output dependencies
2020-02-04 14:05:23.587 parsl.dataflow.dflow:708 [INFO]  Task 51 submitted for App run_single_transcript, waiting on tasks []
2020-02-04 14:05:23.587 parsl.dataflow.dflow:714 [DEBUG]  Task 51 set to pending state with AppFuture: <AppFuture super=<AppFuture at 0x7f29184d0780 state=pending>>
2020-02-04 14:05:23.587 parsl.dataflow.dflow:452 [INFO]  Task 51 launched on executor threads
2020-02-04 14:05:23.587 parsl.dataflow.dflow:484 [DEBUG]  Adding output dependencies
2020-02-04 14:05:23.587 parsl.dataflow.dflow:708 [INFO]  Task 52 submitted for App run_single_transcript, waiting on tasks []
2020-02-04 14:05:23.587 parsl.dataflow.dflow:714 [DEBUG]  Task 52 set to pending state with AppFuture: <AppFuture super=<AppFuture at 0x7f29184d0940 state=pending>>
2020-02-04 14:05:23.587 parsl.dataflow.dflow:452 [INFO]  Task 52 launched on executor threads
2020-02-04 14:05:23.588 parsl.dataflow.dflow:484 [DEBUG]  Adding output dependencies
2020-02-04 14:05:23.588 parsl.dataflow.dflow:708 [INFO]  Task 53 submitted for App run_single_transcript, waiting on tasks []
2020-02-04 14:05:23.588 parsl.dataflow.dflow:714 [DEBUG]  Task 53 set to pending state with AppFuture: <AppFuture super=<AppFuture at 0x7f29184d0b00 state=pending>>
2020-02-04 14:05:23.588 parsl.dataflow.dflow:452 [INFO]  Task 53 launched on executor threads
2020-02-04 14:05:23.588 parsl.dataflow.dflow:484 [DEBUG]  Adding output dependencies
2020-02-04 14:05:23.588 parsl.dataflow.dflow:708 [INFO]  Task 54 submitted for App run_single_transcript, waiting on tasks []
2020-02-04 14:05:23.588 parsl.dataflow.dflow:714 [DEBUG]  Task 54 set to pending state with AppFuture: <AppFuture super=<AppFuture at 0x7f29184d0cc0 state=pending>>
2020-02-04 14:05:23.588 parsl.dataflow.dflow:452 [INFO]  Task 54 launched on executor threads
2020-02-04 14:05:23.588 parsl.dataflow.dflow:484 [DEBUG]  Adding output dependencies
2020-02-04 14:05:23.588 parsl.dataflow.dflow:708 [INFO]  Task 55 submitted for App run_single_transcript, waiting on tasks []
2020-02-04 14:05:23.588 parsl.dataflow.dflow:714 [DEBUG]  Task 55 set to pending state with AppFuture: <AppFuture super=<AppFuture at 0x7f29184d0e80 state=pending>>
2020-02-04 14:05:23.589 parsl.dataflow.dflow:452 [INFO]  Task 55 launched on executor threads
2020-02-04 14:05:23.589 parsl.dataflow.dflow:484 [DEBUG]  Adding output dependencies
2020-02-04 14:05:23.589 parsl.dataflow.dflow:708 [INFO]  Task 56 submitted for App run_single_transcript, waiting on tasks []
2020-02-04 14:05:23.589 parsl.dataflow.dflow:714 [DEBUG]  Task 56 set to pending state with AppFuture: <AppFuture super=<AppFuture at 0x7f29184dc080 state=pending>>
2020-02-04 14:05:23.589 parsl.dataflow.dflow:452 [INFO]  Task 56 launched on executor threads
2020-02-04 14:05:23.589 parsl.dataflow.dflow:484 [DEBUG]  Adding output dependencies
2020-02-04 14:05:23.589 parsl.dataflow.dflow:708 [INFO]  Task 57 submitted for App run_single_transcript, waiting on tasks []
2020-02-04 14:05:23.589 parsl.dataflow.dflow:714 [DEBUG]  Task 57 set to pending state with AppFuture: <AppFuture super=<AppFuture at 0x7f29184dc240 state=pending>>
2020-02-04 14:05:23.589 parsl.dataflow.dflow:452 [INFO]  Task 57 launched on executor threads
2020-02-04 14:05:23.589 parsl.dataflow.dflow:484 [DEBUG]  Adding output dependencies
2020-02-04 14:05:23.589 parsl.dataflow.dflow:708 [INFO]  Task 58 submitted for App run_single_transcript, waiting on tasks []
2020-02-04 14:05:23.589 parsl.dataflow.dflow:714 [DEBUG]  Task 58 set to pending state with AppFuture: <AppFuture super=<AppFuture at 0x7f29184dc400 state=pending>>
2020-02-04 14:05:23.590 parsl.dataflow.dflow:452 [INFO]  Task 58 launched on executor threads
2020-02-04 14:05:23.590 parsl.dataflow.dflow:484 [DEBUG]  Adding output dependencies
2020-02-04 14:05:23.590 parsl.dataflow.dflow:708 [INFO]  Task 59 submitted for App run_single_transcript, waiting on tasks []
2020-02-04 14:05:23.590 parsl.dataflow.dflow:714 [DEBUG]  Task 59 set to pending state with AppFuture: <AppFuture super=<AppFuture at 0x7f29184dc5c0 state=pending>>
2020-02-04 14:05:23.590 parsl.dataflow.dflow:452 [INFO]  Task 59 launched on executor threads
2020-02-04 14:05:23.590 parsl.dataflow.dflow:484 [DEBUG]  Adding output dependencies
2020-02-04 14:05:23.590 parsl.dataflow.dflow:708 [INFO]  Task 60 submitted for App run_single_transcript, waiting on tasks []
2020-02-04 14:05:23.590 parsl.dataflow.dflow:714 [DEBUG]  Task 60 set to pending state with AppFuture: <AppFuture super=<AppFuture at 0x7f29184dc780 state=pending>>
2020-02-04 14:05:23.590 parsl.dataflow.dflow:452 [INFO]  Task 60 launched on executor threads
2020-02-04 14:05:23.590 parsl.dataflow.dflow:484 [DEBUG]  Adding output dependencies
2020-02-04 14:05:23.590 parsl.dataflow.dflow:708 [INFO]  Task 61 submitted for App run_single_transcript, waiting on tasks []
2020-02-04 14:05:23.590 parsl.dataflow.dflow:714 [DEBUG]  Task 61 set to pending state with AppFuture: <AppFuture super=<AppFuture at 0x7f29184dc940 state=pending>>
2020-02-04 14:05:23.590 parsl.dataflow.dflow:452 [INFO]  Task 61 launched on executor threads
2020-02-04 14:05:23.591 parsl.dataflow.dflow:484 [DEBUG]  Adding output dependencies
2020-02-04 14:05:23.591 parsl.dataflow.dflow:708 [INFO]  Task 62 submitted for App run_single_transcript, waiting on tasks []
2020-02-04 14:05:23.591 parsl.dataflow.dflow:714 [DEBUG]  Task 62 set to pending state with AppFuture: <AppFuture super=<AppFuture at 0x7f29184dcb00 state=pending>>
2020-02-04 14:05:23.591 parsl.dataflow.dflow:452 [INFO]  Task 62 launched on executor threads
2020-02-04 14:05:23.591 parsl.dataflow.dflow:484 [DEBUG]  Adding output dependencies
2020-02-04 14:05:23.591 parsl.dataflow.dflow:708 [INFO]  Task 63 submitted for App run_single_transcript, waiting on tasks []
2020-02-04 14:05:23.591 parsl.dataflow.dflow:714 [DEBUG]  Task 63 set to pending state with AppFuture: <AppFuture super=<AppFuture at 0x7f29184dccc0 state=pending>>
2020-02-04 14:05:23.591 parsl.dataflow.dflow:452 [INFO]  Task 63 launched on executor threads
2020-02-04 14:05:23.591 parsl.dataflow.dflow:484 [DEBUG]  Adding output dependencies
2020-02-04 14:05:23.591 parsl.dataflow.dflow:708 [INFO]  Task 64 submitted for App run_single_transcript, waiting on tasks []
2020-02-04 14:05:23.591 parsl.dataflow.dflow:714 [DEBUG]  Task 64 set to pending state with AppFuture: <AppFuture super=<AppFuture at 0x7f29184dce80 state=pending>>
2020-02-04 14:05:23.591 parsl.dataflow.dflow:452 [INFO]  Task 64 launched on executor threads
2020-02-04 14:05:23.592 parsl.dataflow.dflow:484 [DEBUG]  Adding output dependencies
2020-02-04 14:05:23.592 parsl.dataflow.dflow:708 [INFO]  Task 65 submitted for App run_single_transcript, waiting on tasks []
2020-02-04 14:05:23.592 parsl.dataflow.dflow:714 [DEBUG]  Task 65 set to pending state with AppFuture: <AppFuture super=<AppFuture at 0x7f29184e7080 state=pending>>
2020-02-04 14:05:23.592 parsl.dataflow.dflow:452 [INFO]  Task 65 launched on executor threads
2020-02-04 14:05:23.592 parsl.dataflow.dflow:484 [DEBUG]  Adding output dependencies
2020-02-04 14:05:23.592 parsl.dataflow.dflow:708 [INFO]  Task 66 submitted for App run_single_transcript, waiting on tasks []
2020-02-04 14:05:23.592 parsl.dataflow.dflow:714 [DEBUG]  Task 66 set to pending state with AppFuture: <AppFuture super=<AppFuture at 0x7f29184e7240 state=pending>>
2020-02-04 14:05:23.592 parsl.dataflow.dflow:452 [INFO]  Task 66 launched on executor threads
2020-02-04 14:05:23.592 parsl.dataflow.dflow:484 [DEBUG]  Adding output dependencies
2020-02-04 14:05:23.592 parsl.dataflow.dflow:708 [INFO]  Task 67 submitted for App run_single_transcript, waiting on tasks []
2020-02-04 14:05:23.592 parsl.dataflow.dflow:714 [DEBUG]  Task 67 set to pending state with AppFuture: <AppFuture super=<AppFuture at 0x7f29184e7400 state=pending>>
2020-02-04 14:05:23.592 parsl.dataflow.dflow:452 [INFO]  Task 67 launched on executor threads
2020-02-04 14:05:23.593 parsl.dataflow.dflow:484 [DEBUG]  Adding output dependencies
2020-02-04 14:05:23.593 parsl.dataflow.dflow:708 [INFO]  Task 68 submitted for App run_single_transcript, waiting on tasks []
2020-02-04 14:05:23.593 parsl.dataflow.dflow:714 [DEBUG]  Task 68 set to pending state with AppFuture: <AppFuture super=<AppFuture at 0x7f29184e75c0 state=pending>>
2020-02-04 14:05:23.593 parsl.dataflow.dflow:452 [INFO]  Task 68 launched on executor threads
2020-02-04 14:05:23.593 parsl.dataflow.dflow:484 [DEBUG]  Adding output dependencies
2020-02-04 14:05:23.593 parsl.dataflow.dflow:708 [INFO]  Task 69 submitted for App run_single_transcript, waiting on tasks []
2020-02-04 14:05:23.593 parsl.dataflow.dflow:714 [DEBUG]  Task 69 set to pending state with AppFuture: <AppFuture super=<AppFuture at 0x7f29184e7780 state=pending>>
2020-02-04 14:05:23.593 parsl.dataflow.dflow:452 [INFO]  Task 69 launched on executor threads
2020-02-04 14:05:23.593 parsl.dataflow.dflow:484 [DEBUG]  Adding output dependencies
2020-02-04 14:05:23.593 parsl.dataflow.dflow:708 [INFO]  Task 70 submitted for App run_single_transcript, waiting on tasks []
2020-02-04 14:05:23.593 parsl.dataflow.dflow:714 [DEBUG]  Task 70 set to pending state with AppFuture: <AppFuture super=<AppFuture at 0x7f29184e7940 state=pending>>
2020-02-04 14:05:23.593 parsl.dataflow.dflow:452 [INFO]  Task 70 launched on executor threads
2020-02-04 14:05:23.593 parsl.dataflow.dflow:484 [DEBUG]  Adding output dependencies
2020-02-04 14:05:23.594 parsl.dataflow.dflow:708 [INFO]  Task 71 submitted for App run_single_transcript, waiting on tasks []
2020-02-04 14:05:23.594 parsl.dataflow.dflow:714 [DEBUG]  Task 71 set to pending state with AppFuture: <AppFuture super=<AppFuture at 0x7f29184e7b00 state=pending>>
2020-02-04 14:05:23.594 parsl.dataflow.dflow:452 [INFO]  Task 71 launched on executor threads
2020-02-04 14:05:23.594 parsl.dataflow.dflow:484 [DEBUG]  Adding output dependencies
2020-02-04 14:05:23.594 parsl.dataflow.dflow:708 [INFO]  Task 72 submitted for App run_single_transcript, waiting on tasks []
2020-02-04 14:05:23.594 parsl.dataflow.dflow:714 [DEBUG]  Task 72 set to pending state with AppFuture: <AppFuture super=<AppFuture at 0x7f29184e7cc0 state=pending>>
2020-02-04 14:05:23.594 parsl.dataflow.dflow:452 [INFO]  Task 72 launched on executor threads
2020-02-04 14:05:23.594 parsl.dataflow.dflow:484 [DEBUG]  Adding output dependencies
2020-02-04 14:05:23.594 parsl.dataflow.dflow:708 [INFO]  Task 73 submitted for App run_single_transcript, waiting on tasks []
2020-02-04 14:05:23.594 parsl.dataflow.dflow:714 [DEBUG]  Task 73 set to pending state with AppFuture: <AppFuture super=<AppFuture at 0x7f29184e7e80 state=pending>>
2020-02-04 14:05:23.594 parsl.dataflow.dflow:452 [INFO]  Task 73 launched on executor threads
2020-02-04 14:05:23.594 parsl.dataflow.dflow:484 [DEBUG]  Adding output dependencies
2020-02-04 14:05:23.595 parsl.dataflow.dflow:708 [INFO]  Task 74 submitted for App run_single_transcript, waiting on tasks []
2020-02-04 14:05:23.595 parsl.dataflow.dflow:714 [DEBUG]  Task 74 set to pending state with AppFuture: <AppFuture super=<AppFuture at 0x7f29184f1080 state=pending>>
2020-02-04 14:05:23.595 parsl.dataflow.dflow:452 [INFO]  Task 74 launched on executor threads
2020-02-04 14:05:23.595 parsl.dataflow.dflow:484 [DEBUG]  Adding output dependencies
2020-02-04 14:05:23.595 parsl.dataflow.dflow:708 [INFO]  Task 75 submitted for App run_single_transcript, waiting on tasks []
2020-02-04 14:05:23.595 parsl.dataflow.dflow:714 [DEBUG]  Task 75 set to pending state with AppFuture: <AppFuture super=<AppFuture at 0x7f29184f1240 state=pending>>
2020-02-04 14:05:23.595 parsl.dataflow.dflow:452 [INFO]  Task 75 launched on executor threads
2020-02-04 14:05:23.595 parsl.dataflow.dflow:484 [DEBUG]  Adding output dependencies
2020-02-04 14:05:23.595 parsl.dataflow.dflow:708 [INFO]  Task 76 submitted for App run_single_transcript, waiting on tasks []
2020-02-04 14:05:23.595 parsl.dataflow.dflow:714 [DEBUG]  Task 76 set to pending state with AppFuture: <AppFuture super=<AppFuture at 0x7f29184f1400 state=pending>>
2020-02-04 14:05:23.595 parsl.dataflow.dflow:452 [INFO]  Task 76 launched on executor threads
2020-02-04 14:05:23.595 parsl.dataflow.dflow:484 [DEBUG]  Adding output dependencies
2020-02-04 14:05:23.596 parsl.dataflow.dflow:708 [INFO]  Task 77 submitted for App run_single_transcript, waiting on tasks []
2020-02-04 14:05:23.596 parsl.dataflow.dflow:714 [DEBUG]  Task 77 set to pending state with AppFuture: <AppFuture super=<AppFuture at 0x7f29184f15c0 state=pending>>
2020-02-04 14:05:23.596 parsl.dataflow.dflow:452 [INFO]  Task 77 launched on executor threads
2020-02-04 14:05:23.596 parsl.dataflow.dflow:484 [DEBUG]  Adding output dependencies
2020-02-04 14:05:23.596 parsl.dataflow.dflow:708 [INFO]  Task 78 submitted for App run_single_transcript, waiting on tasks []
2020-02-04 14:05:23.596 parsl.dataflow.dflow:714 [DEBUG]  Task 78 set to pending state with AppFuture: <AppFuture super=<AppFuture at 0x7f29184f1780 state=pending>>
2020-02-04 14:05:23.596 parsl.dataflow.dflow:452 [INFO]  Task 78 launched on executor threads
2020-02-04 14:05:23.596 parsl.dataflow.dflow:484 [DEBUG]  Adding output dependencies
2020-02-04 14:05:23.596 parsl.dataflow.dflow:708 [INFO]  Task 79 submitted for App run_single_transcript, waiting on tasks []
2020-02-04 14:05:23.596 parsl.dataflow.dflow:714 [DEBUG]  Task 79 set to pending state with AppFuture: <AppFuture super=<AppFuture at 0x7f29184f1940 state=pending>>
2020-02-04 14:05:23.596 parsl.dataflow.dflow:452 [INFO]  Task 79 launched on executor threads
2020-02-04 14:05:23.596 parsl.dataflow.dflow:484 [DEBUG]  Adding output dependencies
2020-02-04 14:05:23.596 parsl.dataflow.dflow:708 [INFO]  Task 80 submitted for App run_single_transcript, waiting on tasks []
2020-02-04 14:05:23.597 parsl.dataflow.dflow:714 [DEBUG]  Task 80 set to pending state with AppFuture: <AppFuture super=<AppFuture at 0x7f29184f1b00 state=pending>>
2020-02-04 14:05:23.597 parsl.dataflow.dflow:452 [INFO]  Task 80 launched on executor threads
2020-02-04 14:05:23.597 parsl.dataflow.dflow:484 [DEBUG]  Adding output dependencies
2020-02-04 14:05:23.597 parsl.dataflow.dflow:708 [INFO]  Task 81 submitted for App run_single_transcript, waiting on tasks []
2020-02-04 14:05:23.597 parsl.dataflow.dflow:714 [DEBUG]  Task 81 set to pending state with AppFuture: <AppFuture super=<AppFuture at 0x7f29184f1cc0 state=pending>>
2020-02-04 14:05:23.597 parsl.dataflow.dflow:452 [INFO]  Task 81 launched on executor threads
2020-02-04 14:05:23.597 parsl.dataflow.dflow:484 [DEBUG]  Adding output dependencies
2020-02-04 14:05:23.597 parsl.dataflow.dflow:708 [INFO]  Task 82 submitted for App run_single_transcript, waiting on tasks []
2020-02-04 14:05:23.597 parsl.dataflow.dflow:714 [DEBUG]  Task 82 set to pending state with AppFuture: <AppFuture super=<AppFuture at 0x7f29184f1e80 state=pending>>
2020-02-04 14:05:23.597 parsl.dataflow.dflow:452 [INFO]  Task 82 launched on executor threads
2020-02-04 14:05:23.597 parsl.dataflow.dflow:484 [DEBUG]  Adding output dependencies
2020-02-04 14:05:23.597 parsl.dataflow.dflow:708 [INFO]  Task 83 submitted for App run_single_transcript, waiting on tasks []
2020-02-04 14:05:23.598 parsl.dataflow.dflow:714 [DEBUG]  Task 83 set to pending state with AppFuture: <AppFuture super=<AppFuture at 0x7f291847d080 state=pending>>
2020-02-04 14:05:23.598 parsl.dataflow.dflow:452 [INFO]  Task 83 launched on executor threads
2020-02-04 14:05:23.598 parsl.dataflow.dflow:484 [DEBUG]  Adding output dependencies
2020-02-04 14:05:23.598 parsl.dataflow.dflow:708 [INFO]  Task 84 submitted for App run_single_transcript, waiting on tasks []
2020-02-04 14:05:23.598 parsl.dataflow.dflow:714 [DEBUG]  Task 84 set to pending state with AppFuture: <AppFuture super=<AppFuture at 0x7f291847d240 state=pending>>
2020-02-04 14:05:23.598 parsl.dataflow.dflow:452 [INFO]  Task 84 launched on executor threads
2020-02-04 14:05:23.598 parsl.dataflow.dflow:484 [DEBUG]  Adding output dependencies
2020-02-04 14:05:23.598 parsl.dataflow.dflow:708 [INFO]  Task 85 submitted for App run_single_transcript, waiting on tasks []
2020-02-04 14:05:23.598 parsl.dataflow.dflow:714 [DEBUG]  Task 85 set to pending state with AppFuture: <AppFuture super=<AppFuture at 0x7f291847d400 state=pending>>
2020-02-04 14:05:23.598 parsl.dataflow.dflow:452 [INFO]  Task 85 launched on executor threads
2020-02-04 14:05:23.598 parsl.dataflow.dflow:484 [DEBUG]  Adding output dependencies
2020-02-04 14:05:23.598 parsl.dataflow.dflow:708 [INFO]  Task 86 submitted for App run_single_transcript, waiting on tasks []
2020-02-04 14:05:23.599 parsl.dataflow.dflow:714 [DEBUG]  Task 86 set to pending state with AppFuture: <AppFuture super=<AppFuture at 0x7f291847d5c0 state=pending>>
2020-02-04 14:05:23.599 parsl.dataflow.dflow:452 [INFO]  Task 86 launched on executor threads
2020-02-04 14:05:23.599 parsl.dataflow.dflow:484 [DEBUG]  Adding output dependencies
2020-02-04 14:05:23.599 parsl.dataflow.dflow:708 [INFO]  Task 87 submitted for App run_single_transcript, waiting on tasks []
2020-02-04 14:05:23.599 parsl.dataflow.dflow:714 [DEBUG]  Task 87 set to pending state with AppFuture: <AppFuture super=<AppFuture at 0x7f291847d780 state=pending>>
2020-02-04 14:05:23.599 parsl.dataflow.dflow:452 [INFO]  Task 87 launched on executor threads
2020-02-04 14:05:23.599 parsl.dataflow.dflow:484 [DEBUG]  Adding output dependencies
2020-02-04 14:05:23.599 parsl.dataflow.dflow:708 [INFO]  Task 88 submitted for App run_single_transcript, waiting on tasks []
2020-02-04 14:05:23.599 parsl.dataflow.dflow:714 [DEBUG]  Task 88 set to pending state with AppFuture: <AppFuture super=<AppFuture at 0x7f291847d940 state=pending>>
2020-02-04 14:05:23.599 parsl.dataflow.dflow:452 [INFO]  Task 88 launched on executor threads
2020-02-04 14:05:23.599 parsl.dataflow.dflow:484 [DEBUG]  Adding output dependencies
2020-02-04 14:05:23.599 parsl.dataflow.dflow:708 [INFO]  Task 89 submitted for App run_single_transcript, waiting on tasks []
2020-02-04 14:05:23.600 parsl.dataflow.dflow:714 [DEBUG]  Task 89 set to pending state with AppFuture: <AppFuture super=<AppFuture at 0x7f291847db00 state=pending>>
2020-02-04 14:05:23.600 parsl.dataflow.dflow:452 [INFO]  Task 89 launched on executor threads
2020-02-04 14:05:23.600 parsl.dataflow.dflow:484 [DEBUG]  Adding output dependencies
2020-02-04 14:05:23.600 parsl.dataflow.dflow:708 [INFO]  Task 90 submitted for App run_single_transcript, waiting on tasks []
2020-02-04 14:05:23.600 parsl.dataflow.dflow:714 [DEBUG]  Task 90 set to pending state with AppFuture: <AppFuture super=<AppFuture at 0x7f291847dcc0 state=pending>>
2020-02-04 14:05:23.600 parsl.dataflow.dflow:452 [INFO]  Task 90 launched on executor threads
2020-02-04 14:05:23.600 parsl.dataflow.dflow:484 [DEBUG]  Adding output dependencies
2020-02-04 14:05:23.600 parsl.dataflow.dflow:708 [INFO]  Task 91 submitted for App run_single_transcript, waiting on tasks []
2020-02-04 14:05:23.600 parsl.dataflow.dflow:714 [DEBUG]  Task 91 set to pending state with AppFuture: <AppFuture super=<AppFuture at 0x7f291847de80 state=pending>>
2020-02-04 14:05:23.600 parsl.dataflow.dflow:452 [INFO]  Task 91 launched on executor threads
2020-02-04 14:05:23.600 parsl.dataflow.dflow:484 [DEBUG]  Adding output dependencies
2020-02-04 14:05:23.600 parsl.dataflow.dflow:708 [INFO]  Task 92 submitted for App run_single_transcript, waiting on tasks []
2020-02-04 14:05:23.601 parsl.dataflow.dflow:714 [DEBUG]  Task 92 set to pending state with AppFuture: <AppFuture super=<AppFuture at 0x7f2918483080 state=pending>>
2020-02-04 14:05:23.601 parsl.dataflow.dflow:452 [INFO]  Task 92 launched on executor threads
2020-02-04 14:05:23.601 parsl.dataflow.dflow:484 [DEBUG]  Adding output dependencies
2020-02-04 14:05:23.601 parsl.dataflow.dflow:708 [INFO]  Task 93 submitted for App run_single_transcript, waiting on tasks []
2020-02-04 14:05:23.601 parsl.dataflow.dflow:714 [DEBUG]  Task 93 set to pending state with AppFuture: <AppFuture super=<AppFuture at 0x7f2918483240 state=pending>>
2020-02-04 14:05:23.601 parsl.dataflow.dflow:452 [INFO]  Task 93 launched on executor threads
2020-02-04 14:05:23.601 parsl.dataflow.dflow:484 [DEBUG]  Adding output dependencies
2020-02-04 14:05:23.601 parsl.dataflow.dflow:708 [INFO]  Task 94 submitted for App run_single_transcript, waiting on tasks []
2020-02-04 14:05:23.601 parsl.dataflow.dflow:714 [DEBUG]  Task 94 set to pending state with AppFuture: <AppFuture super=<AppFuture at 0x7f2918483400 state=pending>>
2020-02-04 14:05:23.601 parsl.dataflow.dflow:452 [INFO]  Task 94 launched on executor threads
2020-02-04 14:05:23.601 parsl.dataflow.dflow:484 [DEBUG]  Adding output dependencies
2020-02-04 14:05:23.601 parsl.dataflow.dflow:708 [INFO]  Task 95 submitted for App run_single_transcript, waiting on tasks []
2020-02-04 14:05:23.601 parsl.dataflow.dflow:714 [DEBUG]  Task 95 set to pending state with AppFuture: <AppFuture super=<AppFuture at 0x7f29184835c0 state=pending>>
2020-02-04 14:05:23.602 parsl.dataflow.dflow:452 [INFO]  Task 95 launched on executor threads
2020-02-04 14:05:23.602 parsl.dataflow.dflow:484 [DEBUG]  Adding output dependencies
2020-02-04 14:05:23.602 parsl.dataflow.dflow:708 [INFO]  Task 96 submitted for App run_single_transcript, waiting on tasks []
2020-02-04 14:05:23.602 parsl.dataflow.dflow:714 [DEBUG]  Task 96 set to pending state with AppFuture: <AppFuture super=<AppFuture at 0x7f2918483780 state=pending>>
2020-02-04 14:05:23.602 parsl.dataflow.dflow:452 [INFO]  Task 96 launched on executor threads
2020-02-04 14:05:23.602 parsl.dataflow.dflow:484 [DEBUG]  Adding output dependencies
2020-02-04 14:05:23.602 parsl.dataflow.dflow:708 [INFO]  Task 97 submitted for App run_single_transcript, waiting on tasks []
2020-02-04 14:05:23.602 parsl.dataflow.dflow:714 [DEBUG]  Task 97 set to pending state with AppFuture: <AppFuture super=<AppFuture at 0x7f2918483940 state=pending>>
2020-02-04 14:05:23.602 parsl.dataflow.dflow:452 [INFO]  Task 97 launched on executor threads
2020-02-04 14:05:23.602 parsl.dataflow.dflow:484 [DEBUG]  Adding output dependencies
2020-02-04 14:05:23.602 parsl.dataflow.dflow:708 [INFO]  Task 98 submitted for App run_single_transcript, waiting on tasks []
2020-02-04 14:05:23.603 parsl.dataflow.dflow:714 [DEBUG]  Task 98 set to pending state with AppFuture: <AppFuture super=<AppFuture at 0x7f2918483b00 state=pending>>
2020-02-04 14:05:23.603 parsl.dataflow.dflow:452 [INFO]  Task 98 launched on executor threads
2020-02-04 14:05:23.603 parsl.dataflow.dflow:484 [DEBUG]  Adding output dependencies
2020-02-04 14:05:23.603 parsl.dataflow.dflow:708 [INFO]  Task 99 submitted for App run_single_transcript, waiting on tasks []
2020-02-04 14:05:23.603 parsl.dataflow.dflow:714 [DEBUG]  Task 99 set to pending state with AppFuture: <AppFuture super=<AppFuture at 0x7f2918483cc0 state=pending>>
2020-02-04 14:05:23.603 parsl.dataflow.dflow:452 [INFO]  Task 99 launched on executor threads
2020-02-04 14:05:23.603 parsl.dataflow.dflow:484 [DEBUG]  Adding output dependencies
2020-02-04 14:05:23.603 parsl.dataflow.dflow:708 [INFO]  Task 100 submitted for App run_single_transcript, waiting on tasks []
2020-02-04 14:05:23.603 parsl.dataflow.dflow:714 [DEBUG]  Task 100 set to pending state with AppFuture: <AppFuture super=<AppFuture at 0x7f2918483e80 state=pending>>
2020-02-04 14:05:23.603 parsl.dataflow.dflow:452 [INFO]  Task 100 launched on executor threads
2020-02-04 14:05:23.603 parsl.dataflow.dflow:484 [DEBUG]  Adding output dependencies
2020-02-04 14:05:23.604 parsl.dataflow.dflow:708 [INFO]  Task 101 submitted for App run_single_transcript, waiting on tasks []
2020-02-04 14:05:23.604 parsl.dataflow.dflow:714 [DEBUG]  Task 101 set to pending state with AppFuture: <AppFuture super=<AppFuture at 0x7f2918492080 state=pending>>
2020-02-04 14:05:23.604 parsl.dataflow.dflow:452 [INFO]  Task 101 launched on executor threads
2020-02-04 14:05:23.604 parsl.dataflow.dflow:484 [DEBUG]  Adding output dependencies
2020-02-04 14:05:23.604 parsl.dataflow.dflow:708 [INFO]  Task 102 submitted for App run_single_transcript, waiting on tasks []
2020-02-04 14:05:23.604 parsl.dataflow.dflow:714 [DEBUG]  Task 102 set to pending state with AppFuture: <AppFuture super=<AppFuture at 0x7f2918492240 state=pending>>
2020-02-04 14:05:23.604 parsl.dataflow.dflow:452 [INFO]  Task 102 launched on executor threads
2020-02-04 14:05:23.604 parsl.dataflow.dflow:484 [DEBUG]  Adding output dependencies
2020-02-04 14:05:23.604 parsl.dataflow.dflow:708 [INFO]  Task 103 submitted for App run_single_transcript, waiting on tasks []
2020-02-04 14:05:23.604 parsl.dataflow.dflow:714 [DEBUG]  Task 103 set to pending state with AppFuture: <AppFuture super=<AppFuture at 0x7f2918492400 state=pending>>
2020-02-04 14:05:23.604 parsl.dataflow.dflow:452 [INFO]  Task 103 launched on executor threads
2020-02-04 14:05:23.604 parsl.dataflow.dflow:484 [DEBUG]  Adding output dependencies
2020-02-04 14:05:23.604 parsl.dataflow.dflow:708 [INFO]  Task 104 submitted for App run_single_transcript, waiting on tasks []
2020-02-04 14:05:23.605 parsl.dataflow.dflow:714 [DEBUG]  Task 104 set to pending state with AppFuture: <AppFuture super=<AppFuture at 0x7f29184925c0 state=pending>>
2020-02-04 14:05:23.605 parsl.dataflow.dflow:452 [INFO]  Task 104 launched on executor threads
2020-02-04 14:05:23.605 parsl.dataflow.dflow:484 [DEBUG]  Adding output dependencies
2020-02-04 14:05:23.605 parsl.dataflow.dflow:708 [INFO]  Task 105 submitted for App run_single_transcript, waiting on tasks []
2020-02-04 14:05:23.605 parsl.dataflow.dflow:714 [DEBUG]  Task 105 set to pending state with AppFuture: <AppFuture super=<AppFuture at 0x7f2918492780 state=pending>>
2020-02-04 14:05:23.605 parsl.dataflow.dflow:452 [INFO]  Task 105 launched on executor threads
2020-02-04 14:05:23.605 parsl.dataflow.dflow:484 [DEBUG]  Adding output dependencies
2020-02-04 14:05:23.605 parsl.dataflow.dflow:708 [INFO]  Task 106 submitted for App run_single_transcript, waiting on tasks []
2020-02-04 14:05:23.605 parsl.dataflow.dflow:714 [DEBUG]  Task 106 set to pending state with AppFuture: <AppFuture super=<AppFuture at 0x7f2918492940 state=pending>>
2020-02-04 14:05:23.605 parsl.dataflow.dflow:452 [INFO]  Task 106 launched on executor threads
2020-02-04 14:05:23.606 parsl.dataflow.dflow:864 [INFO]  DFK cleanup initiated
2020-02-04 14:05:23.606 parsl.dataflow.dflow:750 [INFO]  Summary of tasks in DFK:
2020-02-04 14:05:23.606 parsl.dataflow.dflow:781 [INFO]  Tasks in state States.launched: 0, 1, 2, 3, 4, 5, 6, 7, 8, 9, 10, 11, 12, 13, 14, 15, 16, 17, 18, 19, 20, 21, 22, 23, 24, 25, 26, 27, 28, 29, 30, 31, 32, 33, 34, 35, 36, 37, 38, 39, 40, 41, 42, 43, 44, 45, 46, 47, 48, 49, 50, 51, 52, 53, 54, 55, 56, 57, 58, 59, 60, 61, 62, 63, 64, 65, 66, 67, 68, 69, 70, 71, 72, 73, 74, 75, 76, 77, 78, 79, 80, 81, 82, 83, 84, 85, 86, 87, 88, 89, 90, 91, 92, 93, 94, 95, 96, 97, 98, 99, 100, 101, 102, 103, 104, 105, 106
2020-02-04 14:05:23.606 parsl.dataflow.dflow:788 [INFO]  End of summary
2020-02-04 14:05:23.606 parsl.dataflow.dflow:888 [INFO]  Terminating flow_control and strategy threads
2020-02-04 14:05:23.607 parsl.executors.threads:96 [DEBUG]  Done with executor shutdown
2020-02-04 14:05:23.607 parsl.executors.threads:96 [DEBUG]  Done with executor shutdown
2020-02-04 14:05:23.607 parsl.dataflow.dflow:920 [INFO]  DFK cleanup complete
