2020-02-05 12:48:19.591 parsl:592 Rank:0 [INFO]  Python version: 3.6.4 (default, Feb 10 2018, 20:32:45) 
[GCC 4.8.5 20150623 (Red Hat 4.8.5-16)]
2020-02-05 12:48:19.591 parsl:593 Rank:0 [INFO]  Debug logging: True
2020-02-05 12:48:19.591 parsl:594 Rank:0 [INFO]  Log dir: /home/users/ellenrichards/GRETA/runinfo/101/workers
2020-02-05 12:48:19.591 parsl:595 Rank:0 [INFO]  Manager ID: 0f00f85914cf
2020-02-05 12:48:19.591 parsl:596 Rank:0 [INFO]  Block ID: 8
2020-02-05 12:48:19.591 parsl:597 Rank:0 [INFO]  cores_per_worker: 1.0
2020-02-05 12:48:19.591 parsl:598 Rank:0 [INFO]  mem_per_worker: None
2020-02-05 12:48:19.591 parsl:599 Rank:0 [INFO]  task_url: tcp://172.16.52.2:54991
2020-02-05 12:48:19.591 parsl:600 Rank:0 [INFO]  result_url: tcp://172.16.52.2:54613
2020-02-05 12:48:19.591 parsl:601 Rank:0 [INFO]  max_workers: inf
2020-02-05 12:48:19.591 parsl:602 Rank:0 [INFO]  poll_period: 10
2020-02-05 12:48:19.591 parsl:603 Rank:0 [INFO]  Prefetch capacity: 0
2020-02-05 12:48:19.591 parsl:108 Rank:0 [INFO]  Manager started
2020-02-05 12:48:19.592 parsl:122 Rank:0 [INFO]  Manager connected
2020-02-05 12:48:19.592 parsl:148 Rank:0 [INFO]  Manager will spawn 48 workers
2020-02-05 12:48:19.748 parsl:370 Rank:0 [DEBUG]  Manager synced with workers
2020-02-05 12:48:19.749 parsl:199 Rank:0 [INFO]  [TASK PULL THREAD] starting
2020-02-05 12:48:19.749 parsl:279 Rank:0 [DEBUG]  [RESULT_PUSH_THREAD] Starting thread
2020-02-05 12:48:19.750 parsl:282 Rank:0 [DEBUG]  [RESULT_PUSH_THREAD] push poll period: 0.01
2020-02-05 12:48:19.750 parsl:315 Rank:0 [DEBUG]  [WORKER_WATCHDOG_THREAD] Starting thread
2020-02-05 12:48:19.750 parsl:385 Rank:0 [INFO]  Loop start
2020-02-05 12:48:19.753 parsl:205 Rank:0 [DEBUG]  Sending registration message: b'{"parsl_v": "0.9.0", "python_v": "3.6.4", "worker_count": 48, "block_id": "8", "prefetch_capacity": 0, "max_capacity": 48, "os": "Linux", "hostname": "lettuce.blt.lclark.local", "dir": "/home/users/ellenrichards/GRETA", "cpu_count": 12, "total_memory": 540756623360, "reg_time": "2020-02-05 12:48:19"}'
2020-02-05 12:48:19.753 parsl:218 Rank:0 [DEBUG]  [TASK_PULL_THREAD] ready workers:11, pending tasks:0
2020-02-05 12:48:19.753 parsl:225 Rank:0 [DEBUG]  [TASK_PULL_THREAD] Requesting tasks: 11
2020-02-05 12:48:19.763 parsl:256 Rank:0 [DEBUG]  [TASK_PULL_THREAD] No incoming tasks
2020-02-05 12:48:19.763 parsl:218 Rank:0 [DEBUG]  [TASK_PULL_THREAD] ready workers:11, pending tasks:0
2020-02-05 12:48:19.763 parsl:225 Rank:0 [DEBUG]  [TASK_PULL_THREAD] Requesting tasks: 11
2020-02-05 12:48:19.783 parsl:256 Rank:0 [DEBUG]  [TASK_PULL_THREAD] No incoming tasks
2020-02-05 12:48:19.783 parsl:218 Rank:0 [DEBUG]  [TASK_PULL_THREAD] ready workers:11, pending tasks:0
2020-02-05 12:48:19.783 parsl:225 Rank:0 [DEBUG]  [TASK_PULL_THREAD] Requesting tasks: 11
2020-02-05 12:48:19.824 parsl:256 Rank:0 [DEBUG]  [TASK_PULL_THREAD] No incoming tasks
2020-02-05 12:48:19.824 parsl:218 Rank:0 [DEBUG]  [TASK_PULL_THREAD] ready workers:11, pending tasks:0
2020-02-05 12:48:19.824 parsl:225 Rank:0 [DEBUG]  [TASK_PULL_THREAD] Requesting tasks: 11
2020-02-05 12:48:19.904 parsl:256 Rank:0 [DEBUG]  [TASK_PULL_THREAD] No incoming tasks
2020-02-05 12:48:19.904 parsl:218 Rank:0 [DEBUG]  [TASK_PULL_THREAD] ready workers:48, pending tasks:0
2020-02-05 12:48:19.904 parsl:225 Rank:0 [DEBUG]  [TASK_PULL_THREAD] Requesting tasks: 48
2020-02-05 12:48:20.065 parsl:256 Rank:0 [DEBUG]  [TASK_PULL_THREAD] No incoming tasks
2020-02-05 12:48:20.065 parsl:218 Rank:0 [DEBUG]  [TASK_PULL_THREAD] ready workers:48, pending tasks:0
2020-02-05 12:48:20.065 parsl:225 Rank:0 [DEBUG]  [TASK_PULL_THREAD] Requesting tasks: 48
2020-02-05 12:48:20.386 parsl:256 Rank:0 [DEBUG]  [TASK_PULL_THREAD] No incoming tasks
2020-02-05 12:48:20.386 parsl:218 Rank:0 [DEBUG]  [TASK_PULL_THREAD] ready workers:48, pending tasks:0
2020-02-05 12:48:20.386 parsl:225 Rank:0 [DEBUG]  [TASK_PULL_THREAD] Requesting tasks: 48
2020-02-05 12:48:21.027 parsl:256 Rank:0 [DEBUG]  [TASK_PULL_THREAD] No incoming tasks
2020-02-05 12:48:21.027 parsl:218 Rank:0 [DEBUG]  [TASK_PULL_THREAD] ready workers:48, pending tasks:0
2020-02-05 12:48:21.027 parsl:225 Rank:0 [DEBUG]  [TASK_PULL_THREAD] Requesting tasks: 48
2020-02-05 12:48:22.308 parsl:256 Rank:0 [DEBUG]  [TASK_PULL_THREAD] No incoming tasks
2020-02-05 12:48:22.309 parsl:218 Rank:0 [DEBUG]  [TASK_PULL_THREAD] ready workers:48, pending tasks:0
2020-02-05 12:48:22.309 parsl:225 Rank:0 [DEBUG]  [TASK_PULL_THREAD] Requesting tasks: 48
2020-02-05 12:48:24.871 parsl:256 Rank:0 [DEBUG]  [TASK_PULL_THREAD] No incoming tasks
2020-02-05 12:48:24.872 parsl:218 Rank:0 [DEBUG]  [TASK_PULL_THREAD] ready workers:48, pending tasks:0
2020-02-05 12:48:24.872 parsl:225 Rank:0 [DEBUG]  [TASK_PULL_THREAD] Requesting tasks: 48
2020-02-05 12:48:29.998 parsl:256 Rank:0 [DEBUG]  [TASK_PULL_THREAD] No incoming tasks
2020-02-05 12:48:29.998 parsl:218 Rank:0 [DEBUG]  [TASK_PULL_THREAD] ready workers:48, pending tasks:0
2020-02-05 12:48:29.998 parsl:225 Rank:0 [DEBUG]  [TASK_PULL_THREAD] Requesting tasks: 48
2020-02-05 12:48:40.244 parsl:256 Rank:0 [DEBUG]  [TASK_PULL_THREAD] No incoming tasks
2020-02-05 12:48:40.245 parsl:218 Rank:0 [DEBUG]  [TASK_PULL_THREAD] ready workers:48, pending tasks:0
2020-02-05 12:48:40.245 parsl:225 Rank:0 [DEBUG]  [TASK_PULL_THREAD] Requesting tasks: 48
2020-02-05 12:49:00.725 parsl:256 Rank:0 [DEBUG]  [TASK_PULL_THREAD] No incoming tasks
2020-02-05 12:49:00.726 parsl:218 Rank:0 [DEBUG]  [TASK_PULL_THREAD] ready workers:48, pending tasks:0
2020-02-05 12:49:00.726 parsl:188 Rank:0 [DEBUG]  Return from heartbeat: None
2020-02-05 12:49:00.726 parsl:225 Rank:0 [DEBUG]  [TASK_PULL_THREAD] Requesting tasks: 48
2020-02-05 12:49:00.727 parsl:243 Rank:0 [DEBUG]  Got heartbeat from interchange
2020-02-05 12:49:00.727 parsl:218 Rank:0 [DEBUG]  [TASK_PULL_THREAD] ready workers:48, pending tasks:0
2020-02-05 12:49:00.728 parsl:225 Rank:0 [DEBUG]  [TASK_PULL_THREAD] Requesting tasks: 48
2020-02-05 12:49:00.728 parsl:256 Rank:0 [DEBUG]  [TASK_PULL_THREAD] No incoming tasks
2020-02-05 12:49:00.728 parsl:218 Rank:0 [DEBUG]  [TASK_PULL_THREAD] ready workers:48, pending tasks:0
2020-02-05 12:49:00.728 parsl:225 Rank:0 [DEBUG]  [TASK_PULL_THREAD] Requesting tasks: 48
2020-02-05 12:49:00.748 parsl:256 Rank:0 [DEBUG]  [TASK_PULL_THREAD] No incoming tasks
2020-02-05 12:49:00.748 parsl:218 Rank:0 [DEBUG]  [TASK_PULL_THREAD] ready workers:48, pending tasks:0
2020-02-05 12:49:00.748 parsl:225 Rank:0 [DEBUG]  [TASK_PULL_THREAD] Requesting tasks: 48
2020-02-05 12:49:00.789 parsl:256 Rank:0 [DEBUG]  [TASK_PULL_THREAD] No incoming tasks
2020-02-05 12:49:00.789 parsl:218 Rank:0 [DEBUG]  [TASK_PULL_THREAD] ready workers:48, pending tasks:0
2020-02-05 12:49:00.789 parsl:225 Rank:0 [DEBUG]  [TASK_PULL_THREAD] Requesting tasks: 48
2020-02-05 12:49:00.869 parsl:256 Rank:0 [DEBUG]  [TASK_PULL_THREAD] No incoming tasks
2020-02-05 12:49:00.869 parsl:218 Rank:0 [DEBUG]  [TASK_PULL_THREAD] ready workers:48, pending tasks:0
2020-02-05 12:49:00.869 parsl:225 Rank:0 [DEBUG]  [TASK_PULL_THREAD] Requesting tasks: 48
2020-02-05 12:49:01.030 parsl:256 Rank:0 [DEBUG]  [TASK_PULL_THREAD] No incoming tasks
2020-02-05 12:49:01.030 parsl:218 Rank:0 [DEBUG]  [TASK_PULL_THREAD] ready workers:48, pending tasks:0
2020-02-05 12:49:01.030 parsl:225 Rank:0 [DEBUG]  [TASK_PULL_THREAD] Requesting tasks: 48
2020-02-05 12:49:01.351 parsl:256 Rank:0 [DEBUG]  [TASK_PULL_THREAD] No incoming tasks
2020-02-05 12:49:01.351 parsl:218 Rank:0 [DEBUG]  [TASK_PULL_THREAD] ready workers:48, pending tasks:0
2020-02-05 12:49:01.351 parsl:225 Rank:0 [DEBUG]  [TASK_PULL_THREAD] Requesting tasks: 48
2020-02-05 12:49:01.992 parsl:256 Rank:0 [DEBUG]  [TASK_PULL_THREAD] No incoming tasks
2020-02-05 12:49:01.992 parsl:218 Rank:0 [DEBUG]  [TASK_PULL_THREAD] ready workers:48, pending tasks:0
2020-02-05 12:49:01.992 parsl:225 Rank:0 [DEBUG]  [TASK_PULL_THREAD] Requesting tasks: 48
2020-02-05 12:49:03.273 parsl:256 Rank:0 [DEBUG]  [TASK_PULL_THREAD] No incoming tasks
2020-02-05 12:49:03.274 parsl:218 Rank:0 [DEBUG]  [TASK_PULL_THREAD] ready workers:48, pending tasks:0
2020-02-05 12:49:03.274 parsl:225 Rank:0 [DEBUG]  [TASK_PULL_THREAD] Requesting tasks: 48
2020-02-05 12:49:05.836 parsl:256 Rank:0 [DEBUG]  [TASK_PULL_THREAD] No incoming tasks
2020-02-05 12:49:05.837 parsl:218 Rank:0 [DEBUG]  [TASK_PULL_THREAD] ready workers:48, pending tasks:0
2020-02-05 12:49:05.837 parsl:225 Rank:0 [DEBUG]  [TASK_PULL_THREAD] Requesting tasks: 48
2020-02-05 12:49:10.962 parsl:256 Rank:0 [DEBUG]  [TASK_PULL_THREAD] No incoming tasks
2020-02-05 12:49:10.962 parsl:218 Rank:0 [DEBUG]  [TASK_PULL_THREAD] ready workers:48, pending tasks:0
2020-02-05 12:49:10.962 parsl:225 Rank:0 [DEBUG]  [TASK_PULL_THREAD] Requesting tasks: 48
2020-02-05 12:49:21.213 parsl:256 Rank:0 [DEBUG]  [TASK_PULL_THREAD] No incoming tasks
2020-02-05 12:49:21.213 parsl:218 Rank:0 [DEBUG]  [TASK_PULL_THREAD] ready workers:48, pending tasks:0
2020-02-05 12:49:21.214 parsl:225 Rank:0 [DEBUG]  [TASK_PULL_THREAD] Requesting tasks: 48
2020-02-05 12:49:41.703 parsl:256 Rank:0 [DEBUG]  [TASK_PULL_THREAD] No incoming tasks
2020-02-05 12:49:41.704 parsl:218 Rank:0 [DEBUG]  [TASK_PULL_THREAD] ready workers:48, pending tasks:0
2020-02-05 12:49:41.704 parsl:188 Rank:0 [DEBUG]  Return from heartbeat: None
2020-02-05 12:49:41.704 parsl:225 Rank:0 [DEBUG]  [TASK_PULL_THREAD] Requesting tasks: 48
2020-02-05 12:49:41.705 parsl:243 Rank:0 [DEBUG]  Got heartbeat from interchange
2020-02-05 12:49:41.705 parsl:218 Rank:0 [DEBUG]  [TASK_PULL_THREAD] ready workers:48, pending tasks:0
2020-02-05 12:49:41.705 parsl:225 Rank:0 [DEBUG]  [TASK_PULL_THREAD] Requesting tasks: 48
2020-02-05 12:49:41.706 parsl:256 Rank:0 [DEBUG]  [TASK_PULL_THREAD] No incoming tasks
2020-02-05 12:49:41.706 parsl:218 Rank:0 [DEBUG]  [TASK_PULL_THREAD] ready workers:48, pending tasks:0
2020-02-05 12:49:41.706 parsl:225 Rank:0 [DEBUG]  [TASK_PULL_THREAD] Requesting tasks: 48
2020-02-05 12:49:41.726 parsl:256 Rank:0 [DEBUG]  [TASK_PULL_THREAD] No incoming tasks
2020-02-05 12:49:41.726 parsl:218 Rank:0 [DEBUG]  [TASK_PULL_THREAD] ready workers:48, pending tasks:0
2020-02-05 12:49:41.726 parsl:225 Rank:0 [DEBUG]  [TASK_PULL_THREAD] Requesting tasks: 48
2020-02-05 12:49:41.767 parsl:256 Rank:0 [DEBUG]  [TASK_PULL_THREAD] No incoming tasks
2020-02-05 12:49:41.767 parsl:218 Rank:0 [DEBUG]  [TASK_PULL_THREAD] ready workers:48, pending tasks:0
2020-02-05 12:49:41.767 parsl:225 Rank:0 [DEBUG]  [TASK_PULL_THREAD] Requesting tasks: 48
2020-02-05 12:49:41.847 parsl:256 Rank:0 [DEBUG]  [TASK_PULL_THREAD] No incoming tasks
2020-02-05 12:49:41.847 parsl:218 Rank:0 [DEBUG]  [TASK_PULL_THREAD] ready workers:48, pending tasks:0
2020-02-05 12:49:41.847 parsl:225 Rank:0 [DEBUG]  [TASK_PULL_THREAD] Requesting tasks: 48
2020-02-05 12:49:42.008 parsl:256 Rank:0 [DEBUG]  [TASK_PULL_THREAD] No incoming tasks
2020-02-05 12:49:42.008 parsl:218 Rank:0 [DEBUG]  [TASK_PULL_THREAD] ready workers:48, pending tasks:0
2020-02-05 12:49:42.008 parsl:225 Rank:0 [DEBUG]  [TASK_PULL_THREAD] Requesting tasks: 48
2020-02-05 12:49:42.329 parsl:256 Rank:0 [DEBUG]  [TASK_PULL_THREAD] No incoming tasks
2020-02-05 12:49:42.329 parsl:218 Rank:0 [DEBUG]  [TASK_PULL_THREAD] ready workers:48, pending tasks:0
2020-02-05 12:49:42.329 parsl:225 Rank:0 [DEBUG]  [TASK_PULL_THREAD] Requesting tasks: 48
2020-02-05 12:49:42.970 parsl:256 Rank:0 [DEBUG]  [TASK_PULL_THREAD] No incoming tasks
2020-02-05 12:49:42.970 parsl:218 Rank:0 [DEBUG]  [TASK_PULL_THREAD] ready workers:48, pending tasks:0
2020-02-05 12:49:42.970 parsl:225 Rank:0 [DEBUG]  [TASK_PULL_THREAD] Requesting tasks: 48
2020-02-05 12:49:44.252 parsl:256 Rank:0 [DEBUG]  [TASK_PULL_THREAD] No incoming tasks
2020-02-05 12:49:44.252 parsl:218 Rank:0 [DEBUG]  [TASK_PULL_THREAD] ready workers:48, pending tasks:0
2020-02-05 12:49:44.252 parsl:225 Rank:0 [DEBUG]  [TASK_PULL_THREAD] Requesting tasks: 48
2020-02-05 12:49:46.815 parsl:256 Rank:0 [DEBUG]  [TASK_PULL_THREAD] No incoming tasks
2020-02-05 12:49:46.815 parsl:218 Rank:0 [DEBUG]  [TASK_PULL_THREAD] ready workers:48, pending tasks:0
2020-02-05 12:49:46.815 parsl:225 Rank:0 [DEBUG]  [TASK_PULL_THREAD] Requesting tasks: 48
2020-02-05 12:49:51.940 parsl:256 Rank:0 [DEBUG]  [TASK_PULL_THREAD] No incoming tasks
2020-02-05 12:49:51.940 parsl:218 Rank:0 [DEBUG]  [TASK_PULL_THREAD] ready workers:48, pending tasks:0
2020-02-05 12:49:51.941 parsl:225 Rank:0 [DEBUG]  [TASK_PULL_THREAD] Requesting tasks: 48
2020-02-05 12:50:02.189 parsl:256 Rank:0 [DEBUG]  [TASK_PULL_THREAD] No incoming tasks
2020-02-05 12:50:02.191 parsl:218 Rank:0 [DEBUG]  [TASK_PULL_THREAD] ready workers:48, pending tasks:0
2020-02-05 12:50:02.191 parsl:225 Rank:0 [DEBUG]  [TASK_PULL_THREAD] Requesting tasks: 48
2020-02-05 12:50:22.687 parsl:256 Rank:0 [DEBUG]  [TASK_PULL_THREAD] No incoming tasks
2020-02-05 12:50:22.687 parsl:218 Rank:0 [DEBUG]  [TASK_PULL_THREAD] ready workers:48, pending tasks:0
2020-02-05 12:50:22.688 parsl:188 Rank:0 [DEBUG]  Return from heartbeat: None
2020-02-05 12:50:22.688 parsl:225 Rank:0 [DEBUG]  [TASK_PULL_THREAD] Requesting tasks: 48
2020-02-05 12:50:22.689 parsl:243 Rank:0 [DEBUG]  Got heartbeat from interchange
2020-02-05 12:50:22.689 parsl:218 Rank:0 [DEBUG]  [TASK_PULL_THREAD] ready workers:48, pending tasks:0
2020-02-05 12:50:22.689 parsl:225 Rank:0 [DEBUG]  [TASK_PULL_THREAD] Requesting tasks: 48
2020-02-05 12:50:22.690 parsl:256 Rank:0 [DEBUG]  [TASK_PULL_THREAD] No incoming tasks
2020-02-05 12:50:22.690 parsl:218 Rank:0 [DEBUG]  [TASK_PULL_THREAD] ready workers:48, pending tasks:0
2020-02-05 12:50:22.690 parsl:225 Rank:0 [DEBUG]  [TASK_PULL_THREAD] Requesting tasks: 48
2020-02-05 12:50:22.710 parsl:256 Rank:0 [DEBUG]  [TASK_PULL_THREAD] No incoming tasks
2020-02-05 12:50:22.710 parsl:218 Rank:0 [DEBUG]  [TASK_PULL_THREAD] ready workers:48, pending tasks:0
2020-02-05 12:50:22.710 parsl:225 Rank:0 [DEBUG]  [TASK_PULL_THREAD] Requesting tasks: 48
2020-02-05 12:50:22.750 parsl:256 Rank:0 [DEBUG]  [TASK_PULL_THREAD] No incoming tasks
2020-02-05 12:50:22.751 parsl:218 Rank:0 [DEBUG]  [TASK_PULL_THREAD] ready workers:48, pending tasks:0
2020-02-05 12:50:22.751 parsl:225 Rank:0 [DEBUG]  [TASK_PULL_THREAD] Requesting tasks: 48
2020-02-05 12:50:22.831 parsl:256 Rank:0 [DEBUG]  [TASK_PULL_THREAD] No incoming tasks
2020-02-05 12:50:22.831 parsl:218 Rank:0 [DEBUG]  [TASK_PULL_THREAD] ready workers:48, pending tasks:0
2020-02-05 12:50:22.831 parsl:225 Rank:0 [DEBUG]  [TASK_PULL_THREAD] Requesting tasks: 48
2020-02-05 12:50:22.992 parsl:256 Rank:0 [DEBUG]  [TASK_PULL_THREAD] No incoming tasks
2020-02-05 12:50:22.992 parsl:218 Rank:0 [DEBUG]  [TASK_PULL_THREAD] ready workers:48, pending tasks:0
2020-02-05 12:50:22.992 parsl:225 Rank:0 [DEBUG]  [TASK_PULL_THREAD] Requesting tasks: 48
2020-02-05 12:50:23.313 parsl:256 Rank:0 [DEBUG]  [TASK_PULL_THREAD] No incoming tasks
2020-02-05 12:50:23.313 parsl:218 Rank:0 [DEBUG]  [TASK_PULL_THREAD] ready workers:48, pending tasks:0
2020-02-05 12:50:23.313 parsl:225 Rank:0 [DEBUG]  [TASK_PULL_THREAD] Requesting tasks: 48
2020-02-05 12:50:23.954 parsl:256 Rank:0 [DEBUG]  [TASK_PULL_THREAD] No incoming tasks
2020-02-05 12:50:23.954 parsl:218 Rank:0 [DEBUG]  [TASK_PULL_THREAD] ready workers:48, pending tasks:0
2020-02-05 12:50:23.954 parsl:225 Rank:0 [DEBUG]  [TASK_PULL_THREAD] Requesting tasks: 48
2020-02-05 12:50:25.235 parsl:256 Rank:0 [DEBUG]  [TASK_PULL_THREAD] No incoming tasks
2020-02-05 12:50:25.236 parsl:218 Rank:0 [DEBUG]  [TASK_PULL_THREAD] ready workers:48, pending tasks:0
2020-02-05 12:50:25.236 parsl:225 Rank:0 [DEBUG]  [TASK_PULL_THREAD] Requesting tasks: 48
2020-02-05 12:50:27.799 parsl:256 Rank:0 [DEBUG]  [TASK_PULL_THREAD] No incoming tasks
2020-02-05 12:50:27.799 parsl:218 Rank:0 [DEBUG]  [TASK_PULL_THREAD] ready workers:48, pending tasks:0
2020-02-05 12:50:27.799 parsl:225 Rank:0 [DEBUG]  [TASK_PULL_THREAD] Requesting tasks: 48
2020-02-05 12:50:32.924 parsl:256 Rank:0 [DEBUG]  [TASK_PULL_THREAD] No incoming tasks
2020-02-05 12:50:32.924 parsl:218 Rank:0 [DEBUG]  [TASK_PULL_THREAD] ready workers:48, pending tasks:0
2020-02-05 12:50:32.924 parsl:225 Rank:0 [DEBUG]  [TASK_PULL_THREAD] Requesting tasks: 48
2020-02-05 12:50:43.169 parsl:256 Rank:0 [DEBUG]  [TASK_PULL_THREAD] No incoming tasks
2020-02-05 12:50:43.169 parsl:218 Rank:0 [DEBUG]  [TASK_PULL_THREAD] ready workers:48, pending tasks:0
2020-02-05 12:50:43.169 parsl:225 Rank:0 [DEBUG]  [TASK_PULL_THREAD] Requesting tasks: 48
2020-02-05 12:51:03.657 parsl:256 Rank:0 [DEBUG]  [TASK_PULL_THREAD] No incoming tasks
2020-02-05 12:51:03.658 parsl:218 Rank:0 [DEBUG]  [TASK_PULL_THREAD] ready workers:48, pending tasks:0
2020-02-05 12:51:03.659 parsl:188 Rank:0 [DEBUG]  Return from heartbeat: None
2020-02-05 12:51:03.659 parsl:225 Rank:0 [DEBUG]  [TASK_PULL_THREAD] Requesting tasks: 48
2020-02-05 12:51:03.660 parsl:243 Rank:0 [DEBUG]  Got heartbeat from interchange
2020-02-05 12:51:03.660 parsl:218 Rank:0 [DEBUG]  [TASK_PULL_THREAD] ready workers:48, pending tasks:0
2020-02-05 12:51:03.660 parsl:225 Rank:0 [DEBUG]  [TASK_PULL_THREAD] Requesting tasks: 48
2020-02-05 12:51:03.661 parsl:256 Rank:0 [DEBUG]  [TASK_PULL_THREAD] No incoming tasks
2020-02-05 12:51:03.661 parsl:218 Rank:0 [DEBUG]  [TASK_PULL_THREAD] ready workers:48, pending tasks:0
2020-02-05 12:51:03.661 parsl:225 Rank:0 [DEBUG]  [TASK_PULL_THREAD] Requesting tasks: 48
2020-02-05 12:51:03.681 parsl:256 Rank:0 [DEBUG]  [TASK_PULL_THREAD] No incoming tasks
2020-02-05 12:51:03.681 parsl:218 Rank:0 [DEBUG]  [TASK_PULL_THREAD] ready workers:48, pending tasks:0
2020-02-05 12:51:03.681 parsl:225 Rank:0 [DEBUG]  [TASK_PULL_THREAD] Requesting tasks: 48
2020-02-05 12:51:03.722 parsl:256 Rank:0 [DEBUG]  [TASK_PULL_THREAD] No incoming tasks
2020-02-05 12:51:03.722 parsl:218 Rank:0 [DEBUG]  [TASK_PULL_THREAD] ready workers:48, pending tasks:0
2020-02-05 12:51:03.722 parsl:225 Rank:0 [DEBUG]  [TASK_PULL_THREAD] Requesting tasks: 48
2020-02-05 12:51:03.802 parsl:256 Rank:0 [DEBUG]  [TASK_PULL_THREAD] No incoming tasks
2020-02-05 12:51:03.802 parsl:218 Rank:0 [DEBUG]  [TASK_PULL_THREAD] ready workers:48, pending tasks:0
2020-02-05 12:51:03.802 parsl:225 Rank:0 [DEBUG]  [TASK_PULL_THREAD] Requesting tasks: 48
2020-02-05 12:51:03.963 parsl:256 Rank:0 [DEBUG]  [TASK_PULL_THREAD] No incoming tasks
2020-02-05 12:51:03.963 parsl:218 Rank:0 [DEBUG]  [TASK_PULL_THREAD] ready workers:48, pending tasks:0
2020-02-05 12:51:03.963 parsl:225 Rank:0 [DEBUG]  [TASK_PULL_THREAD] Requesting tasks: 48
2020-02-05 12:51:04.284 parsl:256 Rank:0 [DEBUG]  [TASK_PULL_THREAD] No incoming tasks
2020-02-05 12:51:04.284 parsl:218 Rank:0 [DEBUG]  [TASK_PULL_THREAD] ready workers:48, pending tasks:0
2020-02-05 12:51:04.284 parsl:225 Rank:0 [DEBUG]  [TASK_PULL_THREAD] Requesting tasks: 48
2020-02-05 12:51:04.925 parsl:256 Rank:0 [DEBUG]  [TASK_PULL_THREAD] No incoming tasks
2020-02-05 12:51:04.925 parsl:218 Rank:0 [DEBUG]  [TASK_PULL_THREAD] ready workers:48, pending tasks:0
2020-02-05 12:51:04.925 parsl:225 Rank:0 [DEBUG]  [TASK_PULL_THREAD] Requesting tasks: 48
2020-02-05 12:51:06.207 parsl:256 Rank:0 [DEBUG]  [TASK_PULL_THREAD] No incoming tasks
2020-02-05 12:51:06.207 parsl:218 Rank:0 [DEBUG]  [TASK_PULL_THREAD] ready workers:48, pending tasks:0
2020-02-05 12:51:06.207 parsl:225 Rank:0 [DEBUG]  [TASK_PULL_THREAD] Requesting tasks: 48
2020-02-05 12:51:08.770 parsl:256 Rank:0 [DEBUG]  [TASK_PULL_THREAD] No incoming tasks
2020-02-05 12:51:08.770 parsl:218 Rank:0 [DEBUG]  [TASK_PULL_THREAD] ready workers:48, pending tasks:0
2020-02-05 12:51:08.770 parsl:225 Rank:0 [DEBUG]  [TASK_PULL_THREAD] Requesting tasks: 48
2020-02-05 12:51:13.895 parsl:256 Rank:0 [DEBUG]  [TASK_PULL_THREAD] No incoming tasks
2020-02-05 12:51:13.895 parsl:218 Rank:0 [DEBUG]  [TASK_PULL_THREAD] ready workers:48, pending tasks:0
2020-02-05 12:51:13.896 parsl:225 Rank:0 [DEBUG]  [TASK_PULL_THREAD] Requesting tasks: 48
2020-02-05 12:51:24.138 parsl:256 Rank:0 [DEBUG]  [TASK_PULL_THREAD] No incoming tasks
2020-02-05 12:51:24.139 parsl:218 Rank:0 [DEBUG]  [TASK_PULL_THREAD] ready workers:48, pending tasks:0
2020-02-05 12:51:24.139 parsl:225 Rank:0 [DEBUG]  [TASK_PULL_THREAD] Requesting tasks: 48
2020-02-05 12:51:44.640 parsl:256 Rank:0 [DEBUG]  [TASK_PULL_THREAD] No incoming tasks
2020-02-05 12:51:44.640 parsl:218 Rank:0 [DEBUG]  [TASK_PULL_THREAD] ready workers:48, pending tasks:0
2020-02-05 12:51:44.641 parsl:188 Rank:0 [DEBUG]  Return from heartbeat: None
2020-02-05 12:51:44.641 parsl:225 Rank:0 [DEBUG]  [TASK_PULL_THREAD] Requesting tasks: 48
2020-02-05 12:51:44.642 parsl:243 Rank:0 [DEBUG]  Got heartbeat from interchange
2020-02-05 12:51:44.642 parsl:218 Rank:0 [DEBUG]  [TASK_PULL_THREAD] ready workers:48, pending tasks:0
2020-02-05 12:51:44.642 parsl:225 Rank:0 [DEBUG]  [TASK_PULL_THREAD] Requesting tasks: 48
2020-02-05 12:51:44.642 parsl:256 Rank:0 [DEBUG]  [TASK_PULL_THREAD] No incoming tasks
2020-02-05 12:51:44.642 parsl:218 Rank:0 [DEBUG]  [TASK_PULL_THREAD] ready workers:48, pending tasks:0
2020-02-05 12:51:44.642 parsl:225 Rank:0 [DEBUG]  [TASK_PULL_THREAD] Requesting tasks: 48
2020-02-05 12:51:44.662 parsl:256 Rank:0 [DEBUG]  [TASK_PULL_THREAD] No incoming tasks
2020-02-05 12:51:44.663 parsl:218 Rank:0 [DEBUG]  [TASK_PULL_THREAD] ready workers:48, pending tasks:0
2020-02-05 12:51:44.663 parsl:225 Rank:0 [DEBUG]  [TASK_PULL_THREAD] Requesting tasks: 48
2020-02-05 12:51:44.703 parsl:256 Rank:0 [DEBUG]  [TASK_PULL_THREAD] No incoming tasks
2020-02-05 12:51:44.703 parsl:218 Rank:0 [DEBUG]  [TASK_PULL_THREAD] ready workers:48, pending tasks:0
2020-02-05 12:51:44.703 parsl:225 Rank:0 [DEBUG]  [TASK_PULL_THREAD] Requesting tasks: 48
2020-02-05 12:51:44.784 parsl:256 Rank:0 [DEBUG]  [TASK_PULL_THREAD] No incoming tasks
2020-02-05 12:51:44.784 parsl:218 Rank:0 [DEBUG]  [TASK_PULL_THREAD] ready workers:48, pending tasks:0
2020-02-05 12:51:44.784 parsl:225 Rank:0 [DEBUG]  [TASK_PULL_THREAD] Requesting tasks: 48
2020-02-05 12:51:44.944 parsl:256 Rank:0 [DEBUG]  [TASK_PULL_THREAD] No incoming tasks
2020-02-05 12:51:44.944 parsl:218 Rank:0 [DEBUG]  [TASK_PULL_THREAD] ready workers:48, pending tasks:0
2020-02-05 12:51:44.944 parsl:225 Rank:0 [DEBUG]  [TASK_PULL_THREAD] Requesting tasks: 48
2020-02-05 12:51:45.265 parsl:256 Rank:0 [DEBUG]  [TASK_PULL_THREAD] No incoming tasks
2020-02-05 12:51:45.265 parsl:218 Rank:0 [DEBUG]  [TASK_PULL_THREAD] ready workers:48, pending tasks:0
2020-02-05 12:51:45.265 parsl:225 Rank:0 [DEBUG]  [TASK_PULL_THREAD] Requesting tasks: 48
2020-02-05 12:51:45.906 parsl:256 Rank:0 [DEBUG]  [TASK_PULL_THREAD] No incoming tasks
2020-02-05 12:51:45.906 parsl:218 Rank:0 [DEBUG]  [TASK_PULL_THREAD] ready workers:48, pending tasks:0
2020-02-05 12:51:45.906 parsl:225 Rank:0 [DEBUG]  [TASK_PULL_THREAD] Requesting tasks: 48
2020-02-05 12:51:47.188 parsl:256 Rank:0 [DEBUG]  [TASK_PULL_THREAD] No incoming tasks
2020-02-05 12:51:47.188 parsl:218 Rank:0 [DEBUG]  [TASK_PULL_THREAD] ready workers:48, pending tasks:0
2020-02-05 12:51:47.188 parsl:225 Rank:0 [DEBUG]  [TASK_PULL_THREAD] Requesting tasks: 48
2020-02-05 12:51:49.751 parsl:256 Rank:0 [DEBUG]  [TASK_PULL_THREAD] No incoming tasks
2020-02-05 12:51:49.751 parsl:218 Rank:0 [DEBUG]  [TASK_PULL_THREAD] ready workers:48, pending tasks:0
2020-02-05 12:51:49.751 parsl:225 Rank:0 [DEBUG]  [TASK_PULL_THREAD] Requesting tasks: 48
2020-02-05 12:51:54.877 parsl:256 Rank:0 [DEBUG]  [TASK_PULL_THREAD] No incoming tasks
2020-02-05 12:51:54.877 parsl:218 Rank:0 [DEBUG]  [TASK_PULL_THREAD] ready workers:48, pending tasks:0
2020-02-05 12:51:54.877 parsl:225 Rank:0 [DEBUG]  [TASK_PULL_THREAD] Requesting tasks: 48
2020-02-05 12:52:05.120 parsl:256 Rank:0 [DEBUG]  [TASK_PULL_THREAD] No incoming tasks
2020-02-05 12:52:05.120 parsl:218 Rank:0 [DEBUG]  [TASK_PULL_THREAD] ready workers:48, pending tasks:0
2020-02-05 12:52:05.120 parsl:225 Rank:0 [DEBUG]  [TASK_PULL_THREAD] Requesting tasks: 48
2020-02-05 12:52:25.621 parsl:256 Rank:0 [DEBUG]  [TASK_PULL_THREAD] No incoming tasks
2020-02-05 12:52:25.622 parsl:218 Rank:0 [DEBUG]  [TASK_PULL_THREAD] ready workers:48, pending tasks:0
2020-02-05 12:52:25.622 parsl:188 Rank:0 [DEBUG]  Return from heartbeat: None
2020-02-05 12:52:25.622 parsl:225 Rank:0 [DEBUG]  [TASK_PULL_THREAD] Requesting tasks: 48
2020-02-05 12:52:25.623 parsl:243 Rank:0 [DEBUG]  Got heartbeat from interchange
2020-02-05 12:52:25.624 parsl:218 Rank:0 [DEBUG]  [TASK_PULL_THREAD] ready workers:48, pending tasks:0
2020-02-05 12:52:25.624 parsl:225 Rank:0 [DEBUG]  [TASK_PULL_THREAD] Requesting tasks: 48
2020-02-05 12:52:25.624 parsl:256 Rank:0 [DEBUG]  [TASK_PULL_THREAD] No incoming tasks
2020-02-05 12:52:25.624 parsl:218 Rank:0 [DEBUG]  [TASK_PULL_THREAD] ready workers:48, pending tasks:0
2020-02-05 12:52:25.624 parsl:225 Rank:0 [DEBUG]  [TASK_PULL_THREAD] Requesting tasks: 48
2020-02-05 12:52:25.644 parsl:256 Rank:0 [DEBUG]  [TASK_PULL_THREAD] No incoming tasks
2020-02-05 12:52:25.644 parsl:218 Rank:0 [DEBUG]  [TASK_PULL_THREAD] ready workers:48, pending tasks:0
2020-02-05 12:52:25.645 parsl:225 Rank:0 [DEBUG]  [TASK_PULL_THREAD] Requesting tasks: 48
2020-02-05 12:52:25.685 parsl:256 Rank:0 [DEBUG]  [TASK_PULL_THREAD] No incoming tasks
2020-02-05 12:52:25.685 parsl:218 Rank:0 [DEBUG]  [TASK_PULL_THREAD] ready workers:48, pending tasks:0
2020-02-05 12:52:25.685 parsl:225 Rank:0 [DEBUG]  [TASK_PULL_THREAD] Requesting tasks: 48
2020-02-05 12:52:25.765 parsl:256 Rank:0 [DEBUG]  [TASK_PULL_THREAD] No incoming tasks
2020-02-05 12:52:25.766 parsl:218 Rank:0 [DEBUG]  [TASK_PULL_THREAD] ready workers:48, pending tasks:0
2020-02-05 12:52:25.766 parsl:225 Rank:0 [DEBUG]  [TASK_PULL_THREAD] Requesting tasks: 48
2020-02-05 12:52:25.926 parsl:256 Rank:0 [DEBUG]  [TASK_PULL_THREAD] No incoming tasks
2020-02-05 12:52:25.926 parsl:218 Rank:0 [DEBUG]  [TASK_PULL_THREAD] ready workers:48, pending tasks:0
2020-02-05 12:52:25.926 parsl:225 Rank:0 [DEBUG]  [TASK_PULL_THREAD] Requesting tasks: 48
2020-02-05 12:52:26.247 parsl:256 Rank:0 [DEBUG]  [TASK_PULL_THREAD] No incoming tasks
2020-02-05 12:52:26.247 parsl:218 Rank:0 [DEBUG]  [TASK_PULL_THREAD] ready workers:48, pending tasks:0
2020-02-05 12:52:26.247 parsl:225 Rank:0 [DEBUG]  [TASK_PULL_THREAD] Requesting tasks: 48
2020-02-05 12:52:26.888 parsl:256 Rank:0 [DEBUG]  [TASK_PULL_THREAD] No incoming tasks
2020-02-05 12:52:26.888 parsl:218 Rank:0 [DEBUG]  [TASK_PULL_THREAD] ready workers:48, pending tasks:0
2020-02-05 12:52:26.888 parsl:225 Rank:0 [DEBUG]  [TASK_PULL_THREAD] Requesting tasks: 48
2020-02-05 12:52:28.170 parsl:256 Rank:0 [DEBUG]  [TASK_PULL_THREAD] No incoming tasks
2020-02-05 12:52:28.170 parsl:218 Rank:0 [DEBUG]  [TASK_PULL_THREAD] ready workers:48, pending tasks:0
2020-02-05 12:52:28.170 parsl:225 Rank:0 [DEBUG]  [TASK_PULL_THREAD] Requesting tasks: 48
2020-02-05 12:52:30.733 parsl:256 Rank:0 [DEBUG]  [TASK_PULL_THREAD] No incoming tasks
2020-02-05 12:52:30.733 parsl:218 Rank:0 [DEBUG]  [TASK_PULL_THREAD] ready workers:48, pending tasks:0
2020-02-05 12:52:30.733 parsl:225 Rank:0 [DEBUG]  [TASK_PULL_THREAD] Requesting tasks: 48
2020-02-05 12:52:35.855 parsl:256 Rank:0 [DEBUG]  [TASK_PULL_THREAD] No incoming tasks
2020-02-05 12:52:35.855 parsl:218 Rank:0 [DEBUG]  [TASK_PULL_THREAD] ready workers:48, pending tasks:0
2020-02-05 12:52:35.856 parsl:225 Rank:0 [DEBUG]  [TASK_PULL_THREAD] Requesting tasks: 48
2020-02-05 12:52:46.102 parsl:256 Rank:0 [DEBUG]  [TASK_PULL_THREAD] No incoming tasks
2020-02-05 12:52:46.102 parsl:218 Rank:0 [DEBUG]  [TASK_PULL_THREAD] ready workers:48, pending tasks:0
2020-02-05 12:52:46.103 parsl:225 Rank:0 [DEBUG]  [TASK_PULL_THREAD] Requesting tasks: 48
2020-02-05 12:53:06.602 parsl:256 Rank:0 [DEBUG]  [TASK_PULL_THREAD] No incoming tasks
2020-02-05 12:53:06.603 parsl:218 Rank:0 [DEBUG]  [TASK_PULL_THREAD] ready workers:48, pending tasks:0
2020-02-05 12:53:06.603 parsl:188 Rank:0 [DEBUG]  Return from heartbeat: None
2020-02-05 12:53:06.603 parsl:225 Rank:0 [DEBUG]  [TASK_PULL_THREAD] Requesting tasks: 48
2020-02-05 12:53:06.604 parsl:243 Rank:0 [DEBUG]  Got heartbeat from interchange
2020-02-05 12:53:06.604 parsl:218 Rank:0 [DEBUG]  [TASK_PULL_THREAD] ready workers:48, pending tasks:0
2020-02-05 12:53:06.604 parsl:225 Rank:0 [DEBUG]  [TASK_PULL_THREAD] Requesting tasks: 48
2020-02-05 12:53:06.604 parsl:256 Rank:0 [DEBUG]  [TASK_PULL_THREAD] No incoming tasks
2020-02-05 12:53:06.604 parsl:218 Rank:0 [DEBUG]  [TASK_PULL_THREAD] ready workers:48, pending tasks:0
2020-02-05 12:53:06.604 parsl:225 Rank:0 [DEBUG]  [TASK_PULL_THREAD] Requesting tasks: 48
2020-02-05 12:53:06.625 parsl:256 Rank:0 [DEBUG]  [TASK_PULL_THREAD] No incoming tasks
2020-02-05 12:53:06.625 parsl:218 Rank:0 [DEBUG]  [TASK_PULL_THREAD] ready workers:48, pending tasks:0
2020-02-05 12:53:06.625 parsl:225 Rank:0 [DEBUG]  [TASK_PULL_THREAD] Requesting tasks: 48
2020-02-05 12:53:06.665 parsl:256 Rank:0 [DEBUG]  [TASK_PULL_THREAD] No incoming tasks
2020-02-05 12:53:06.665 parsl:218 Rank:0 [DEBUG]  [TASK_PULL_THREAD] ready workers:48, pending tasks:0
2020-02-05 12:53:06.665 parsl:225 Rank:0 [DEBUG]  [TASK_PULL_THREAD] Requesting tasks: 48
2020-02-05 12:53:06.746 parsl:256 Rank:0 [DEBUG]  [TASK_PULL_THREAD] No incoming tasks
2020-02-05 12:53:06.746 parsl:218 Rank:0 [DEBUG]  [TASK_PULL_THREAD] ready workers:48, pending tasks:0
2020-02-05 12:53:06.746 parsl:225 Rank:0 [DEBUG]  [TASK_PULL_THREAD] Requesting tasks: 48
2020-02-05 12:53:06.906 parsl:256 Rank:0 [DEBUG]  [TASK_PULL_THREAD] No incoming tasks
2020-02-05 12:53:06.906 parsl:218 Rank:0 [DEBUG]  [TASK_PULL_THREAD] ready workers:48, pending tasks:0
2020-02-05 12:53:06.907 parsl:225 Rank:0 [DEBUG]  [TASK_PULL_THREAD] Requesting tasks: 48
2020-02-05 12:53:07.227 parsl:256 Rank:0 [DEBUG]  [TASK_PULL_THREAD] No incoming tasks
2020-02-05 12:53:07.227 parsl:218 Rank:0 [DEBUG]  [TASK_PULL_THREAD] ready workers:48, pending tasks:0
2020-02-05 12:53:07.227 parsl:225 Rank:0 [DEBUG]  [TASK_PULL_THREAD] Requesting tasks: 48
2020-02-05 12:53:07.868 parsl:256 Rank:0 [DEBUG]  [TASK_PULL_THREAD] No incoming tasks
2020-02-05 12:53:07.868 parsl:218 Rank:0 [DEBUG]  [TASK_PULL_THREAD] ready workers:48, pending tasks:0
2020-02-05 12:53:07.869 parsl:225 Rank:0 [DEBUG]  [TASK_PULL_THREAD] Requesting tasks: 48
2020-02-05 12:53:09.150 parsl:256 Rank:0 [DEBUG]  [TASK_PULL_THREAD] No incoming tasks
2020-02-05 12:53:09.150 parsl:218 Rank:0 [DEBUG]  [TASK_PULL_THREAD] ready workers:48, pending tasks:0
2020-02-05 12:53:09.150 parsl:225 Rank:0 [DEBUG]  [TASK_PULL_THREAD] Requesting tasks: 48
2020-02-05 12:53:11.713 parsl:256 Rank:0 [DEBUG]  [TASK_PULL_THREAD] No incoming tasks
2020-02-05 12:53:11.713 parsl:218 Rank:0 [DEBUG]  [TASK_PULL_THREAD] ready workers:48, pending tasks:0
2020-02-05 12:53:11.713 parsl:225 Rank:0 [DEBUG]  [TASK_PULL_THREAD] Requesting tasks: 48
2020-02-05 12:53:16.839 parsl:256 Rank:0 [DEBUG]  [TASK_PULL_THREAD] No incoming tasks
2020-02-05 12:53:16.839 parsl:218 Rank:0 [DEBUG]  [TASK_PULL_THREAD] ready workers:48, pending tasks:0
2020-02-05 12:53:16.839 parsl:225 Rank:0 [DEBUG]  [TASK_PULL_THREAD] Requesting tasks: 48
2020-02-05 12:53:27.089 parsl:256 Rank:0 [DEBUG]  [TASK_PULL_THREAD] No incoming tasks
2020-02-05 12:53:27.090 parsl:218 Rank:0 [DEBUG]  [TASK_PULL_THREAD] ready workers:48, pending tasks:0
2020-02-05 12:53:27.090 parsl:225 Rank:0 [DEBUG]  [TASK_PULL_THREAD] Requesting tasks: 48
2020-02-05 12:53:47.578 parsl:256 Rank:0 [DEBUG]  [TASK_PULL_THREAD] No incoming tasks
2020-02-05 12:53:47.579 parsl:218 Rank:0 [DEBUG]  [TASK_PULL_THREAD] ready workers:48, pending tasks:0
2020-02-05 12:53:47.579 parsl:188 Rank:0 [DEBUG]  Return from heartbeat: None
2020-02-05 12:53:47.579 parsl:225 Rank:0 [DEBUG]  [TASK_PULL_THREAD] Requesting tasks: 48
2020-02-05 12:53:47.580 parsl:243 Rank:0 [DEBUG]  Got heartbeat from interchange
2020-02-05 12:53:47.580 parsl:218 Rank:0 [DEBUG]  [TASK_PULL_THREAD] ready workers:48, pending tasks:0
2020-02-05 12:53:47.580 parsl:225 Rank:0 [DEBUG]  [TASK_PULL_THREAD] Requesting tasks: 48
2020-02-05 12:53:47.580 parsl:256 Rank:0 [DEBUG]  [TASK_PULL_THREAD] No incoming tasks
2020-02-05 12:53:47.580 parsl:218 Rank:0 [DEBUG]  [TASK_PULL_THREAD] ready workers:48, pending tasks:0
2020-02-05 12:53:47.580 parsl:225 Rank:0 [DEBUG]  [TASK_PULL_THREAD] Requesting tasks: 48
2020-02-05 12:53:47.601 parsl:256 Rank:0 [DEBUG]  [TASK_PULL_THREAD] No incoming tasks
2020-02-05 12:53:47.601 parsl:218 Rank:0 [DEBUG]  [TASK_PULL_THREAD] ready workers:48, pending tasks:0
2020-02-05 12:53:47.601 parsl:225 Rank:0 [DEBUG]  [TASK_PULL_THREAD] Requesting tasks: 48
2020-02-05 12:53:47.641 parsl:256 Rank:0 [DEBUG]  [TASK_PULL_THREAD] No incoming tasks
2020-02-05 12:53:47.641 parsl:218 Rank:0 [DEBUG]  [TASK_PULL_THREAD] ready workers:48, pending tasks:0
2020-02-05 12:53:47.641 parsl:225 Rank:0 [DEBUG]  [TASK_PULL_THREAD] Requesting tasks: 48
2020-02-05 12:53:47.722 parsl:256 Rank:0 [DEBUG]  [TASK_PULL_THREAD] No incoming tasks
2020-02-05 12:53:47.722 parsl:218 Rank:0 [DEBUG]  [TASK_PULL_THREAD] ready workers:48, pending tasks:0
2020-02-05 12:53:47.722 parsl:225 Rank:0 [DEBUG]  [TASK_PULL_THREAD] Requesting tasks: 48
2020-02-05 12:53:47.882 parsl:256 Rank:0 [DEBUG]  [TASK_PULL_THREAD] No incoming tasks
2020-02-05 12:53:47.883 parsl:218 Rank:0 [DEBUG]  [TASK_PULL_THREAD] ready workers:48, pending tasks:0
2020-02-05 12:53:47.883 parsl:225 Rank:0 [DEBUG]  [TASK_PULL_THREAD] Requesting tasks: 48
2020-02-05 12:53:48.203 parsl:256 Rank:0 [DEBUG]  [TASK_PULL_THREAD] No incoming tasks
2020-02-05 12:53:48.203 parsl:218 Rank:0 [DEBUG]  [TASK_PULL_THREAD] ready workers:48, pending tasks:0
2020-02-05 12:53:48.204 parsl:225 Rank:0 [DEBUG]  [TASK_PULL_THREAD] Requesting tasks: 48
2020-02-05 12:53:48.844 parsl:256 Rank:0 [DEBUG]  [TASK_PULL_THREAD] No incoming tasks
2020-02-05 12:53:48.845 parsl:218 Rank:0 [DEBUG]  [TASK_PULL_THREAD] ready workers:48, pending tasks:0
2020-02-05 12:53:48.845 parsl:225 Rank:0 [DEBUG]  [TASK_PULL_THREAD] Requesting tasks: 48
2020-02-05 12:53:50.126 parsl:256 Rank:0 [DEBUG]  [TASK_PULL_THREAD] No incoming tasks
2020-02-05 12:53:50.126 parsl:218 Rank:0 [DEBUG]  [TASK_PULL_THREAD] ready workers:48, pending tasks:0
2020-02-05 12:53:50.126 parsl:225 Rank:0 [DEBUG]  [TASK_PULL_THREAD] Requesting tasks: 48
2020-02-05 12:53:52.689 parsl:256 Rank:0 [DEBUG]  [TASK_PULL_THREAD] No incoming tasks
2020-02-05 12:53:52.689 parsl:218 Rank:0 [DEBUG]  [TASK_PULL_THREAD] ready workers:48, pending tasks:0
2020-02-05 12:53:52.690 parsl:225 Rank:0 [DEBUG]  [TASK_PULL_THREAD] Requesting tasks: 48
2020-02-05 12:53:57.815 parsl:256 Rank:0 [DEBUG]  [TASK_PULL_THREAD] No incoming tasks
2020-02-05 12:53:57.815 parsl:218 Rank:0 [DEBUG]  [TASK_PULL_THREAD] ready workers:48, pending tasks:0
2020-02-05 12:53:57.815 parsl:225 Rank:0 [DEBUG]  [TASK_PULL_THREAD] Requesting tasks: 48
2020-02-05 12:54:08.066 parsl:256 Rank:0 [DEBUG]  [TASK_PULL_THREAD] No incoming tasks
2020-02-05 12:54:08.066 parsl:218 Rank:0 [DEBUG]  [TASK_PULL_THREAD] ready workers:48, pending tasks:0
2020-02-05 12:54:08.066 parsl:225 Rank:0 [DEBUG]  [TASK_PULL_THREAD] Requesting tasks: 48
2020-02-05 12:54:28.567 parsl:256 Rank:0 [DEBUG]  [TASK_PULL_THREAD] No incoming tasks
2020-02-05 12:54:28.567 parsl:218 Rank:0 [DEBUG]  [TASK_PULL_THREAD] ready workers:48, pending tasks:0
2020-02-05 12:54:28.568 parsl:188 Rank:0 [DEBUG]  Return from heartbeat: None
2020-02-05 12:54:28.568 parsl:225 Rank:0 [DEBUG]  [TASK_PULL_THREAD] Requesting tasks: 48
2020-02-05 12:54:28.569 parsl:243 Rank:0 [DEBUG]  Got heartbeat from interchange
2020-02-05 12:54:28.569 parsl:218 Rank:0 [DEBUG]  [TASK_PULL_THREAD] ready workers:48, pending tasks:0
2020-02-05 12:54:28.569 parsl:225 Rank:0 [DEBUG]  [TASK_PULL_THREAD] Requesting tasks: 48
2020-02-05 12:54:28.569 parsl:256 Rank:0 [DEBUG]  [TASK_PULL_THREAD] No incoming tasks
2020-02-05 12:54:28.569 parsl:218 Rank:0 [DEBUG]  [TASK_PULL_THREAD] ready workers:48, pending tasks:0
2020-02-05 12:54:28.569 parsl:225 Rank:0 [DEBUG]  [TASK_PULL_THREAD] Requesting tasks: 48
2020-02-05 12:54:28.589 parsl:256 Rank:0 [DEBUG]  [TASK_PULL_THREAD] No incoming tasks
2020-02-05 12:54:28.590 parsl:218 Rank:0 [DEBUG]  [TASK_PULL_THREAD] ready workers:48, pending tasks:0
2020-02-05 12:54:28.590 parsl:225 Rank:0 [DEBUG]  [TASK_PULL_THREAD] Requesting tasks: 48
2020-02-05 12:54:28.630 parsl:256 Rank:0 [DEBUG]  [TASK_PULL_THREAD] No incoming tasks
2020-02-05 12:54:28.630 parsl:218 Rank:0 [DEBUG]  [TASK_PULL_THREAD] ready workers:48, pending tasks:0
2020-02-05 12:54:28.630 parsl:225 Rank:0 [DEBUG]  [TASK_PULL_THREAD] Requesting tasks: 48
2020-02-05 12:54:28.711 parsl:256 Rank:0 [DEBUG]  [TASK_PULL_THREAD] No incoming tasks
2020-02-05 12:54:28.711 parsl:218 Rank:0 [DEBUG]  [TASK_PULL_THREAD] ready workers:48, pending tasks:0
2020-02-05 12:54:28.711 parsl:225 Rank:0 [DEBUG]  [TASK_PULL_THREAD] Requesting tasks: 48
2020-02-05 12:54:28.871 parsl:256 Rank:0 [DEBUG]  [TASK_PULL_THREAD] No incoming tasks
2020-02-05 12:54:28.871 parsl:218 Rank:0 [DEBUG]  [TASK_PULL_THREAD] ready workers:48, pending tasks:0
2020-02-05 12:54:28.871 parsl:225 Rank:0 [DEBUG]  [TASK_PULL_THREAD] Requesting tasks: 48
2020-02-05 12:54:29.192 parsl:256 Rank:0 [DEBUG]  [TASK_PULL_THREAD] No incoming tasks
2020-02-05 12:54:29.192 parsl:218 Rank:0 [DEBUG]  [TASK_PULL_THREAD] ready workers:48, pending tasks:0
2020-02-05 12:54:29.192 parsl:225 Rank:0 [DEBUG]  [TASK_PULL_THREAD] Requesting tasks: 48
2020-02-05 12:54:29.833 parsl:256 Rank:0 [DEBUG]  [TASK_PULL_THREAD] No incoming tasks
2020-02-05 12:54:29.833 parsl:218 Rank:0 [DEBUG]  [TASK_PULL_THREAD] ready workers:48, pending tasks:0
2020-02-05 12:54:29.833 parsl:225 Rank:0 [DEBUG]  [TASK_PULL_THREAD] Requesting tasks: 48
2020-02-05 12:54:31.115 parsl:256 Rank:0 [DEBUG]  [TASK_PULL_THREAD] No incoming tasks
2020-02-05 12:54:31.115 parsl:218 Rank:0 [DEBUG]  [TASK_PULL_THREAD] ready workers:48, pending tasks:0
2020-02-05 12:54:31.115 parsl:225 Rank:0 [DEBUG]  [TASK_PULL_THREAD] Requesting tasks: 48
2020-02-05 12:54:33.678 parsl:256 Rank:0 [DEBUG]  [TASK_PULL_THREAD] No incoming tasks
2020-02-05 12:54:33.678 parsl:218 Rank:0 [DEBUG]  [TASK_PULL_THREAD] ready workers:48, pending tasks:0
2020-02-05 12:54:33.678 parsl:225 Rank:0 [DEBUG]  [TASK_PULL_THREAD] Requesting tasks: 48
2020-02-05 12:54:38.804 parsl:256 Rank:0 [DEBUG]  [TASK_PULL_THREAD] No incoming tasks
2020-02-05 12:54:38.804 parsl:218 Rank:0 [DEBUG]  [TASK_PULL_THREAD] ready workers:48, pending tasks:0
2020-02-05 12:54:38.804 parsl:225 Rank:0 [DEBUG]  [TASK_PULL_THREAD] Requesting tasks: 48
2020-02-05 12:54:49.050 parsl:256 Rank:0 [DEBUG]  [TASK_PULL_THREAD] No incoming tasks
2020-02-05 12:54:49.050 parsl:218 Rank:0 [DEBUG]  [TASK_PULL_THREAD] ready workers:48, pending tasks:0
2020-02-05 12:54:49.050 parsl:225 Rank:0 [DEBUG]  [TASK_PULL_THREAD] Requesting tasks: 48
2020-02-05 12:55:09.531 parsl:256 Rank:0 [DEBUG]  [TASK_PULL_THREAD] No incoming tasks
2020-02-05 12:55:09.531 parsl:218 Rank:0 [DEBUG]  [TASK_PULL_THREAD] ready workers:48, pending tasks:0
2020-02-05 12:55:09.532 parsl:188 Rank:0 [DEBUG]  Return from heartbeat: None
2020-02-05 12:55:09.533 parsl:225 Rank:0 [DEBUG]  [TASK_PULL_THREAD] Requesting tasks: 48
2020-02-05 12:55:09.534 parsl:243 Rank:0 [DEBUG]  Got heartbeat from interchange
2020-02-05 12:55:09.535 parsl:218 Rank:0 [DEBUG]  [TASK_PULL_THREAD] ready workers:48, pending tasks:0
2020-02-05 12:55:09.535 parsl:225 Rank:0 [DEBUG]  [TASK_PULL_THREAD] Requesting tasks: 48
2020-02-05 12:55:09.535 parsl:256 Rank:0 [DEBUG]  [TASK_PULL_THREAD] No incoming tasks
2020-02-05 12:55:09.535 parsl:218 Rank:0 [DEBUG]  [TASK_PULL_THREAD] ready workers:48, pending tasks:0
2020-02-05 12:55:09.535 parsl:225 Rank:0 [DEBUG]  [TASK_PULL_THREAD] Requesting tasks: 48
2020-02-05 12:55:09.555 parsl:256 Rank:0 [DEBUG]  [TASK_PULL_THREAD] No incoming tasks
2020-02-05 12:55:09.555 parsl:218 Rank:0 [DEBUG]  [TASK_PULL_THREAD] ready workers:48, pending tasks:0
2020-02-05 12:55:09.556 parsl:225 Rank:0 [DEBUG]  [TASK_PULL_THREAD] Requesting tasks: 48
2020-02-05 12:55:09.596 parsl:256 Rank:0 [DEBUG]  [TASK_PULL_THREAD] No incoming tasks
2020-02-05 12:55:09.596 parsl:218 Rank:0 [DEBUG]  [TASK_PULL_THREAD] ready workers:48, pending tasks:0
2020-02-05 12:55:09.596 parsl:225 Rank:0 [DEBUG]  [TASK_PULL_THREAD] Requesting tasks: 48
2020-02-05 12:55:09.676 parsl:256 Rank:0 [DEBUG]  [TASK_PULL_THREAD] No incoming tasks
2020-02-05 12:55:09.676 parsl:218 Rank:0 [DEBUG]  [TASK_PULL_THREAD] ready workers:48, pending tasks:0
2020-02-05 12:55:09.677 parsl:225 Rank:0 [DEBUG]  [TASK_PULL_THREAD] Requesting tasks: 48
2020-02-05 12:55:09.837 parsl:256 Rank:0 [DEBUG]  [TASK_PULL_THREAD] No incoming tasks
2020-02-05 12:55:09.837 parsl:218 Rank:0 [DEBUG]  [TASK_PULL_THREAD] ready workers:48, pending tasks:0
2020-02-05 12:55:09.837 parsl:225 Rank:0 [DEBUG]  [TASK_PULL_THREAD] Requesting tasks: 48
2020-02-05 12:55:10.158 parsl:256 Rank:0 [DEBUG]  [TASK_PULL_THREAD] No incoming tasks
2020-02-05 12:55:10.158 parsl:218 Rank:0 [DEBUG]  [TASK_PULL_THREAD] ready workers:48, pending tasks:0
2020-02-05 12:55:10.158 parsl:225 Rank:0 [DEBUG]  [TASK_PULL_THREAD] Requesting tasks: 48
2020-02-05 12:55:10.799 parsl:256 Rank:0 [DEBUG]  [TASK_PULL_THREAD] No incoming tasks
2020-02-05 12:55:10.799 parsl:218 Rank:0 [DEBUG]  [TASK_PULL_THREAD] ready workers:48, pending tasks:0
2020-02-05 12:55:10.799 parsl:225 Rank:0 [DEBUG]  [TASK_PULL_THREAD] Requesting tasks: 48
2020-02-05 12:55:12.081 parsl:256 Rank:0 [DEBUG]  [TASK_PULL_THREAD] No incoming tasks
2020-02-05 12:55:12.081 parsl:218 Rank:0 [DEBUG]  [TASK_PULL_THREAD] ready workers:48, pending tasks:0
2020-02-05 12:55:12.081 parsl:225 Rank:0 [DEBUG]  [TASK_PULL_THREAD] Requesting tasks: 48
2020-02-05 12:55:14.644 parsl:256 Rank:0 [DEBUG]  [TASK_PULL_THREAD] No incoming tasks
2020-02-05 12:55:14.644 parsl:218 Rank:0 [DEBUG]  [TASK_PULL_THREAD] ready workers:48, pending tasks:0
2020-02-05 12:55:14.644 parsl:225 Rank:0 [DEBUG]  [TASK_PULL_THREAD] Requesting tasks: 48
2020-02-05 12:55:19.769 parsl:256 Rank:0 [DEBUG]  [TASK_PULL_THREAD] No incoming tasks
2020-02-05 12:55:19.769 parsl:218 Rank:0 [DEBUG]  [TASK_PULL_THREAD] ready workers:48, pending tasks:0
2020-02-05 12:55:19.770 parsl:225 Rank:0 [DEBUG]  [TASK_PULL_THREAD] Requesting tasks: 48
2020-02-05 12:55:30.020 parsl:256 Rank:0 [DEBUG]  [TASK_PULL_THREAD] No incoming tasks
2020-02-05 12:55:30.020 parsl:218 Rank:0 [DEBUG]  [TASK_PULL_THREAD] ready workers:48, pending tasks:0
2020-02-05 12:55:30.021 parsl:225 Rank:0 [DEBUG]  [TASK_PULL_THREAD] Requesting tasks: 48
2020-02-05 12:55:50.521 parsl:256 Rank:0 [DEBUG]  [TASK_PULL_THREAD] No incoming tasks
2020-02-05 12:55:50.522 parsl:218 Rank:0 [DEBUG]  [TASK_PULL_THREAD] ready workers:48, pending tasks:0
2020-02-05 12:55:50.522 parsl:188 Rank:0 [DEBUG]  Return from heartbeat: None
2020-02-05 12:55:50.522 parsl:225 Rank:0 [DEBUG]  [TASK_PULL_THREAD] Requesting tasks: 48
2020-02-05 12:55:50.523 parsl:243 Rank:0 [DEBUG]  Got heartbeat from interchange
2020-02-05 12:55:50.523 parsl:218 Rank:0 [DEBUG]  [TASK_PULL_THREAD] ready workers:48, pending tasks:0
2020-02-05 12:55:50.524 parsl:225 Rank:0 [DEBUG]  [TASK_PULL_THREAD] Requesting tasks: 48
2020-02-05 12:55:50.524 parsl:256 Rank:0 [DEBUG]  [TASK_PULL_THREAD] No incoming tasks
2020-02-05 12:55:50.524 parsl:218 Rank:0 [DEBUG]  [TASK_PULL_THREAD] ready workers:48, pending tasks:0
2020-02-05 12:55:50.524 parsl:225 Rank:0 [DEBUG]  [TASK_PULL_THREAD] Requesting tasks: 48
2020-02-05 12:55:50.544 parsl:256 Rank:0 [DEBUG]  [TASK_PULL_THREAD] No incoming tasks
2020-02-05 12:55:50.544 parsl:218 Rank:0 [DEBUG]  [TASK_PULL_THREAD] ready workers:48, pending tasks:0
2020-02-05 12:55:50.544 parsl:225 Rank:0 [DEBUG]  [TASK_PULL_THREAD] Requesting tasks: 48
2020-02-05 12:55:50.585 parsl:256 Rank:0 [DEBUG]  [TASK_PULL_THREAD] No incoming tasks
2020-02-05 12:55:50.585 parsl:218 Rank:0 [DEBUG]  [TASK_PULL_THREAD] ready workers:48, pending tasks:0
2020-02-05 12:55:50.585 parsl:225 Rank:0 [DEBUG]  [TASK_PULL_THREAD] Requesting tasks: 48
2020-02-05 12:55:50.665 parsl:256 Rank:0 [DEBUG]  [TASK_PULL_THREAD] No incoming tasks
2020-02-05 12:55:50.665 parsl:218 Rank:0 [DEBUG]  [TASK_PULL_THREAD] ready workers:48, pending tasks:0
2020-02-05 12:55:50.665 parsl:225 Rank:0 [DEBUG]  [TASK_PULL_THREAD] Requesting tasks: 48
2020-02-05 12:55:50.826 parsl:256 Rank:0 [DEBUG]  [TASK_PULL_THREAD] No incoming tasks
2020-02-05 12:55:50.826 parsl:218 Rank:0 [DEBUG]  [TASK_PULL_THREAD] ready workers:48, pending tasks:0
2020-02-05 12:55:50.826 parsl:225 Rank:0 [DEBUG]  [TASK_PULL_THREAD] Requesting tasks: 48
2020-02-05 12:55:51.147 parsl:256 Rank:0 [DEBUG]  [TASK_PULL_THREAD] No incoming tasks
2020-02-05 12:55:51.147 parsl:218 Rank:0 [DEBUG]  [TASK_PULL_THREAD] ready workers:48, pending tasks:0
2020-02-05 12:55:51.147 parsl:225 Rank:0 [DEBUG]  [TASK_PULL_THREAD] Requesting tasks: 48
2020-02-05 12:55:51.788 parsl:256 Rank:0 [DEBUG]  [TASK_PULL_THREAD] No incoming tasks
2020-02-05 12:55:51.788 parsl:218 Rank:0 [DEBUG]  [TASK_PULL_THREAD] ready workers:48, pending tasks:0
2020-02-05 12:55:51.788 parsl:225 Rank:0 [DEBUG]  [TASK_PULL_THREAD] Requesting tasks: 48
2020-02-05 12:55:53.070 parsl:256 Rank:0 [DEBUG]  [TASK_PULL_THREAD] No incoming tasks
2020-02-05 12:55:53.070 parsl:218 Rank:0 [DEBUG]  [TASK_PULL_THREAD] ready workers:48, pending tasks:0
2020-02-05 12:55:53.070 parsl:225 Rank:0 [DEBUG]  [TASK_PULL_THREAD] Requesting tasks: 48
