2020-02-04 20:30:05.688 [IPControllerApp] Created profile dir: '/home/users/ellenrichards/GRETA/runinfo/053/profile_workers'
2020-02-04 20:30:05.704 [IPControllerApp] Hub listening on tcp://*:53433 for registration.
2020-02-04 20:30:05.706 [IPControllerApp] Hub using DB backend: 'DictDB'
2020-02-04 20:30:05.969 [IPControllerApp] hub::created hub
2020-02-04 20:30:05.969 [IPControllerApp] writing connection info to /home/users/ellenrichards/GRETA/runinfo/053/profile_workers/security/ipcontroller-client.json
2020-02-04 20:30:05.970 [IPControllerApp] writing connection info to /home/users/ellenrichards/GRETA/runinfo/053/profile_workers/security/ipcontroller-engine.json
2020-02-04 20:30:05.970 [IPControllerApp] task::using Python leastload Task scheduler
2020-02-04 20:30:05.971 [IPControllerApp] Heartmonitor started
2020-02-04 20:30:05.983 [IPControllerApp] Creating pid file: /home/users/ellenrichards/GRETA/runinfo/053/profile_workers/pid/ipcontroller.pid
2020-02-04 20:30:05.996 [scheduler] Scheduler started [leastload]
2020-02-04 20:30:05.999 [IPControllerApp] client::client b'\x00k\x8bEg' requested 'connection_request'
2020-02-04 20:30:06.000 [IPControllerApp] client::client [b'\x00k\x8bEg'] connected
2020-02-04 20:30:06.688 [IPControllerApp] client::client b'\x00k\x8bEh' requested 'connection_request'
2020-02-04 20:30:06.688 [IPControllerApp] client::client [b'\x00k\x8bEh'] connected
2020-02-04 20:30:18.631 [IPControllerApp] client::client b'bebb8f08-a51cbcb377d041cc22ac4944' requested 'registration_request'
2020-02-04 20:30:23.975 [IPControllerApp] registration::finished registering engine 0:bebb8f08-a51cbcb377d041cc22ac4944
2020-02-04 20:30:23.976 [IPControllerApp] engine::Engine Connected: 0
2020-02-04 20:30:23.981 [IPControllerApp] task::task '507495f5-60f932ca4c56442955689c44' arrived on 0
2020-02-04 20:30:25.495 [IPControllerApp] task::task '507495f5-60f932ca4c56442955689c44' finished on 0
2020-02-04 20:30:25.504 [IPControllerApp] task::task '5dd585d9-9a1e60d7c8284774fd2f21dc' arrived on 0
2020-02-04 20:30:32.975 [IPControllerApp] heartbeat::missed b'bebb8f08-a51cbcb377d041cc22ac4944' : 1
2020-02-04 20:30:35.975 [IPControllerApp] heartbeat::missed b'bebb8f08-a51cbcb377d041cc22ac4944' : 2
2020-02-04 20:30:38.975 [IPControllerApp] heartbeat::missed b'bebb8f08-a51cbcb377d041cc22ac4944' : 3
2020-02-04 20:30:41.975 [IPControllerApp] heartbeat::missed b'bebb8f08-a51cbcb377d041cc22ac4944' : 4
2020-02-04 20:30:44.975 [IPControllerApp] heartbeat::missed b'bebb8f08-a51cbcb377d041cc22ac4944' : 5
2020-02-04 20:30:47.975 [IPControllerApp] heartbeat::missed b'bebb8f08-a51cbcb377d041cc22ac4944' : 6
2020-02-04 20:30:48.193 [IPControllerApp] client::client b'a9821885-6599dfef5403e424d5e3ada3' requested 'registration_request'
2020-02-04 20:30:50.974 [IPControllerApp] heartbeat::missed b'bebb8f08-a51cbcb377d041cc22ac4944' : 7
2020-02-04 20:30:53.975 [IPControllerApp] registration::finished registering engine 1:a9821885-6599dfef5403e424d5e3ada3
2020-02-04 20:30:53.975 [IPControllerApp] engine::Engine Connected: 1
2020-02-04 20:30:53.976 [IPControllerApp] heartbeat::missed b'bebb8f08-a51cbcb377d041cc22ac4944' : 8
2020-02-04 20:30:56.974 [IPControllerApp] heartbeat::missed b'bebb8f08-a51cbcb377d041cc22ac4944' : 9
2020-02-04 20:30:59.975 [IPControllerApp] heartbeat::missed b'bebb8f08-a51cbcb377d041cc22ac4944' : 10
2020-02-04 20:31:02.975 [IPControllerApp] heartbeat::missed b'a9821885-6599dfef5403e424d5e3ada3' : 1
2020-02-04 20:31:02.975 [IPControllerApp] heartbeat::missed b'bebb8f08-a51cbcb377d041cc22ac4944' : 11
2020-02-04 20:31:02.975 [IPControllerApp] registration::unregister_engine(0)
2020-02-04 20:31:05.975 [IPControllerApp] heartbeat::missed b'a9821885-6599dfef5403e424d5e3ada3' : 2
2020-02-04 20:31:07.988 [IPControllerApp] task::task '5dd585d9-9a1e60d7c8284774fd2f21dc' finished on 0
2020-02-04 20:31:08.973 [IPControllerApp] heartbeat::missed b'a9821885-6599dfef5403e424d5e3ada3' : 3
2020-02-04 20:31:11.975 [IPControllerApp] heartbeat::missed b'a9821885-6599dfef5403e424d5e3ada3' : 4
2020-02-04 20:31:14.975 [IPControllerApp] heartbeat::missed b'a9821885-6599dfef5403e424d5e3ada3' : 5
2020-02-04 20:31:17.975 [IPControllerApp] heartbeat::missed b'a9821885-6599dfef5403e424d5e3ada3' : 6
2020-02-04 20:31:19.330 [IPControllerApp] client::client b'3aaa35d9-aec78c0f1d157464d97b025e' requested 'registration_request'
2020-02-04 20:31:20.973 [IPControllerApp] heartbeat::missed b'a9821885-6599dfef5403e424d5e3ada3' : 7
2020-02-04 20:31:23.975 [IPControllerApp] registration::finished registering engine 2:3aaa35d9-aec78c0f1d157464d97b025e
2020-02-04 20:31:23.975 [IPControllerApp] engine::Engine Connected: 2
2020-02-04 20:31:23.976 [IPControllerApp] heartbeat::missed b'a9821885-6599dfef5403e424d5e3ada3' : 8
2020-02-04 20:31:26.974 [IPControllerApp] heartbeat::missed b'a9821885-6599dfef5403e424d5e3ada3' : 9
2020-02-04 20:31:29.975 [IPControllerApp] heartbeat::missed b'a9821885-6599dfef5403e424d5e3ada3' : 10
2020-02-04 20:31:32.975 [IPControllerApp] heartbeat::missed b'a9821885-6599dfef5403e424d5e3ada3' : 11
2020-02-04 20:31:32.975 [IPControllerApp] heartbeat::missed b'3aaa35d9-aec78c0f1d157464d97b025e' : 1
2020-02-04 20:31:32.975 [IPControllerApp] registration::unregister_engine(1)
2020-02-04 20:31:35.975 [IPControllerApp] heartbeat::missed b'3aaa35d9-aec78c0f1d157464d97b025e' : 2
2020-02-04 20:31:38.974 [IPControllerApp] heartbeat::missed b'3aaa35d9-aec78c0f1d157464d97b025e' : 3
2020-02-04 20:31:41.975 [IPControllerApp] heartbeat::missed b'3aaa35d9-aec78c0f1d157464d97b025e' : 4
2020-02-04 20:31:44.975 [IPControllerApp] heartbeat::missed b'3aaa35d9-aec78c0f1d157464d97b025e' : 5
2020-02-04 20:31:47.975 [IPControllerApp] heartbeat::missed b'3aaa35d9-aec78c0f1d157464d97b025e' : 6
2020-02-04 20:31:50.975 [IPControllerApp] heartbeat::missed b'3aaa35d9-aec78c0f1d157464d97b025e' : 7
2020-02-04 20:31:52.009 [IPControllerApp] CRITICAL | Received signal 15, shutting down
2020-02-04 20:31:52.009 [IPControllerApp] CRITICAL | terminating children...
