2020-02-04 14:21:25.586 parsl.dataflow.dflow:83 [DEBUG]  Starting DataFlowKernel with config
Config(
    app_cache=True, 
    checkpoint_files=None, 
    checkpoint_mode=None, 
    checkpoint_period=None, 
    data_management_max_threads=10, 
    executors=[ThreadPoolExecutor(
        label='threads', 
        managed=True, 
        max_threads=20, 
        storage_access=None, 
        thread_name_prefix='', 
        working_dir=None
    )], 
    initialize_logging=True, 
    lazy_errors=True, 
    max_idletime=120.0, 
    monitoring=None, 
    retries=0, 
    run_dir='runinfo', 
    strategy='simple', 
    usage_tracking=False
)
2020-02-04 14:21:25.586 parsl.dataflow.dflow:84 [INFO]  Parsl version: 0.9.0
2020-02-04 14:21:25.586 parsl.dataflow.usage_tracking.usage:126 [DEBUG]  Tracking status: False
2020-02-04 14:21:25.586 parsl.dataflow.usage_tracking.usage:127 [DEBUG]  Testing mode   : False
2020-02-04 14:21:25.586 parsl.dataflow.dflow:110 [INFO]  Run id is: 91cd351c-8843-45e2-98c4-25a20f710e1d
2020-02-04 14:21:25.658 parsl.dataflow.memoization:52 [INFO]  App caching initialized
2020-02-04 14:21:25.658 parsl.dataflow.strategy:125 [DEBUG]  Scaling strategy: simple
2020-02-04 14:21:25.660 parsl.dataflow.dflow:864 [INFO]  DFK cleanup initiated
2020-02-04 14:21:25.660 parsl.dataflow.dflow:750 [INFO]  Summary of tasks in DFK:
2020-02-04 14:21:25.660 parsl.dataflow.dflow:788 [INFO]  End of summary
2020-02-04 14:21:25.660 parsl.dataflow.dflow:888 [INFO]  Terminating flow_control and strategy threads
2020-02-04 14:21:25.660 parsl.executors.threads:96 [DEBUG]  Done with executor shutdown
2020-02-04 14:21:25.661 parsl.executors.threads:96 [DEBUG]  Done with executor shutdown
2020-02-04 14:21:25.661 parsl.dataflow.dflow:920 [INFO]  DFK cleanup complete
