2020-02-04 14:50:37.383 parsl:592 Rank:0 [INFO]  Python version: 3.6.4 (default, Feb 10 2018, 20:32:45) 
[GCC 4.8.5 20150623 (Red Hat 4.8.5-16)]
2020-02-04 14:50:37.383 parsl:593 Rank:0 [INFO]  Debug logging: False
2020-02-04 14:50:37.383 parsl:594 Rank:0 [INFO]  Log dir: /home/users/ellenrichards/GRETA/runinfo/023/workers
2020-02-04 14:50:37.383 parsl:595 Rank:0 [INFO]  Manager ID: 30403c03d4ec
2020-02-04 14:50:37.383 parsl:596 Rank:0 [INFO]  Block ID: 0
2020-02-04 14:50:37.383 parsl:597 Rank:0 [INFO]  cores_per_worker: 1.0
2020-02-04 14:50:37.384 parsl:598 Rank:0 [INFO]  mem_per_worker: None
2020-02-04 14:50:37.384 parsl:599 Rank:0 [INFO]  task_url: tcp://172.16.52.2:54004
2020-02-04 14:50:37.384 parsl:600 Rank:0 [INFO]  result_url: tcp://172.16.52.2:54230
2020-02-04 14:50:37.384 parsl:601 Rank:0 [INFO]  max_workers: inf
2020-02-04 14:50:37.384 parsl:602 Rank:0 [INFO]  poll_period: 10
2020-02-04 14:50:37.384 parsl:603 Rank:0 [INFO]  Prefetch capacity: 0
2020-02-04 14:50:37.384 parsl:108 Rank:0 [INFO]  Manager started
2020-02-04 14:50:37.384 parsl:122 Rank:0 [INFO]  Manager connected
2020-02-04 14:50:37.385 parsl:148 Rank:0 [INFO]  Manager will spawn 32 workers
2020-02-04 14:50:37.482 parsl:199 Rank:0 [INFO]  [TASK PULL THREAD] starting
2020-02-04 14:50:37.484 parsl:385 Rank:0 [INFO]  Loop start
2020-02-04 14:52:48.489 parsl:265 Rank:0 [CRITICAL]  [TASK_PULL_THREAD] Missing contact with interchange beyond heartbeat_threshold
2020-02-04 14:52:48.491 parsl:267 Rank:0 [CRITICAL]  [TASK_PULL_THREAD] Exiting
2020-02-04 14:52:48.491 parsl:390 Rank:0 [CRITICAL]  [MAIN] Received kill event, terminating worker processes
2020-02-04 14:52:48.494 parsl:304 Rank:0 [CRITICAL]  [RESULT_PUSH_THREAD] Exiting
2020-02-04 14:55:57.803 parsl:346 Rank:0 [CRITICAL]  [WORKER_WATCHDOG_THREAD] Exiting
2020-02-04 14:55:57.804 parsl:398 Rank:0 [CRITICAL]  Terminating worker <Process(HTEX-Worker-0, started)>:True
2020-02-04 14:55:57.810 parsl:398 Rank:0 [CRITICAL]  Terminating worker <Process(HTEX-Worker-1, started)>:True
2020-02-04 14:55:57.815 parsl:398 Rank:0 [CRITICAL]  Terminating worker <Process(HTEX-Worker-2, started)>:True
2020-02-04 14:55:57.819 parsl:398 Rank:0 [CRITICAL]  Terminating worker <Process(HTEX-Worker-3, started)>:True
2020-02-04 14:55:57.823 parsl:398 Rank:0 [CRITICAL]  Terminating worker <Process(HTEX-Worker-4, started)>:True
2020-02-04 14:55:57.826 parsl:398 Rank:0 [CRITICAL]  Terminating worker <Process(HTEX-Worker-5, started)>:True
2020-02-04 14:55:57.831 parsl:398 Rank:0 [CRITICAL]  Terminating worker <Process(HTEX-Worker-6, started)>:True
2020-02-04 14:55:57.834 parsl:398 Rank:0 [CRITICAL]  Terminating worker <Process(HTEX-Worker-7, started)>:True
2020-02-04 14:55:57.839 parsl:398 Rank:0 [CRITICAL]  Terminating worker <Process(HTEX-Worker-8, started)>:True
2020-02-04 14:55:57.843 parsl:398 Rank:0 [CRITICAL]  Terminating worker <Process(HTEX-Worker-9, started)>:True
2020-02-04 14:55:57.848 parsl:398 Rank:0 [CRITICAL]  Terminating worker <Process(HTEX-Worker-10, started)>:True
2020-02-04 14:55:57.852 parsl:398 Rank:0 [CRITICAL]  Terminating worker <Process(HTEX-Worker-11, started)>:True
2020-02-04 14:55:57.855 parsl:398 Rank:0 [CRITICAL]  Terminating worker <Process(HTEX-Worker-12, started)>:True
2020-02-04 14:55:57.858 parsl:398 Rank:0 [CRITICAL]  Terminating worker <Process(HTEX-Worker-13, started)>:True
2020-02-04 14:55:57.863 parsl:398 Rank:0 [CRITICAL]  Terminating worker <Process(HTEX-Worker-14, started)>:True
2020-02-04 14:55:57.867 parsl:398 Rank:0 [CRITICAL]  Terminating worker <Process(HTEX-Worker-15, started)>:True
2020-02-04 14:55:57.870 parsl:398 Rank:0 [CRITICAL]  Terminating worker <Process(HTEX-Worker-16, started)>:True
2020-02-04 14:55:57.874 parsl:398 Rank:0 [CRITICAL]  Terminating worker <Process(HTEX-Worker-17, started)>:True
2020-02-04 14:55:57.878 parsl:398 Rank:0 [CRITICAL]  Terminating worker <Process(HTEX-Worker-18, started)>:True
2020-02-04 14:55:57.881 parsl:398 Rank:0 [CRITICAL]  Terminating worker <Process(HTEX-Worker-19, started)>:True
2020-02-04 14:55:57.885 parsl:398 Rank:0 [CRITICAL]  Terminating worker <Process(HTEX-Worker-20, started)>:True
2020-02-04 14:55:57.889 parsl:398 Rank:0 [CRITICAL]  Terminating worker <Process(HTEX-Worker-21, started)>:True
2020-02-04 14:55:57.892 parsl:398 Rank:0 [CRITICAL]  Terminating worker <Process(HTEX-Worker-22, started)>:True
2020-02-04 14:55:57.896 parsl:398 Rank:0 [CRITICAL]  Terminating worker <Process(HTEX-Worker-23, started)>:True
2020-02-04 14:55:57.900 parsl:398 Rank:0 [CRITICAL]  Terminating worker <Process(HTEX-Worker-24, started)>:True
2020-02-04 14:55:57.904 parsl:398 Rank:0 [CRITICAL]  Terminating worker <Process(HTEX-Worker-25, started)>:True
2020-02-04 14:55:57.907 parsl:398 Rank:0 [CRITICAL]  Terminating worker <Process(HTEX-Worker-26, started)>:True
2020-02-04 14:55:57.910 parsl:398 Rank:0 [CRITICAL]  Terminating worker <Process(HTEX-Worker-27, started)>:True
2020-02-04 14:55:57.913 parsl:398 Rank:0 [CRITICAL]  Terminating worker <Process(HTEX-Worker-28, started)>:True
2020-02-04 14:55:57.916 parsl:398 Rank:0 [CRITICAL]  Terminating worker <Process(HTEX-Worker-29, started)>:True
2020-02-04 14:55:57.920 parsl:398 Rank:0 [CRITICAL]  Terminating worker <Process(HTEX-Worker-30, started)>:True
2020-02-04 14:55:57.923 parsl:398 Rank:0 [CRITICAL]  Terminating worker <Process(HTEX-Worker-31, started)>:True
2020-02-04 14:55:57.927 parsl:406 Rank:0 [INFO]  process_worker_pool ran for 320.54197359085083 seconds
2020-02-04 14:55:57.928 parsl:623 Rank:0 [INFO]  process_worker_pool exiting
