2020-02-04 14:27:25.692 parsl.dataflow.dflow:83 [DEBUG]  Starting DataFlowKernel with config
Config(
    app_cache=True, 
    checkpoint_files=None, 
    checkpoint_mode=None, 
    checkpoint_period=None, 
    data_management_max_threads=10, 
    executors=[ThreadPoolExecutor(
        label='threads', 
        managed=True, 
        max_threads=20, 
        storage_access=None, 
        thread_name_prefix='', 
        working_dir=None
    )], 
    initialize_logging=True, 
    lazy_errors=True, 
    max_idletime=120.0, 
    monitoring=None, 
    retries=0, 
    run_dir='runinfo', 
    strategy='simple', 
    usage_tracking=False
)
2020-02-04 14:27:25.692 parsl.dataflow.dflow:84 [INFO]  Parsl version: 0.9.0
2020-02-04 14:27:25.692 parsl.dataflow.usage_tracking.usage:126 [DEBUG]  Tracking status: False
2020-02-04 14:27:25.692 parsl.dataflow.usage_tracking.usage:127 [DEBUG]  Testing mode   : False
2020-02-04 14:27:25.693 parsl.dataflow.dflow:110 [INFO]  Run id is: ca2c7dde-ed02-4287-91d9-653ec50836cf
2020-02-04 14:27:25.766 parsl.dataflow.memoization:52 [INFO]  App caching initialized
2020-02-04 14:27:25.766 parsl.dataflow.strategy:125 [DEBUG]  Scaling strategy: simple
2020-02-04 14:27:25.852 parsl.dataflow.dflow:484 [DEBUG]  Adding output dependencies
2020-02-04 14:27:25.852 parsl.dataflow.dflow:708 [INFO]  Task 0 submitted for App run_single_transcript, waiting on tasks []
2020-02-04 14:27:25.852 parsl.dataflow.dflow:714 [DEBUG]  Task 0 set to pending state with AppFuture: <AppFuture super=<AppFuture at 0x7f1bb3e346a0 state=pending>>
2020-02-04 14:27:25.853 parsl.dataflow.dflow:452 [INFO]  Task 0 launched on executor threads
2020-02-04 14:27:25.853 parsl.dataflow.dflow:484 [DEBUG]  Adding output dependencies
2020-02-04 14:27:25.853 parsl.dataflow.dflow:708 [INFO]  Task 1 submitted for App run_single_transcript, waiting on tasks []
2020-02-04 14:27:25.854 parsl.dataflow.dflow:714 [DEBUG]  Task 1 set to pending state with AppFuture: <AppFuture super=<AppFuture at 0x7f1bb3e34908 state=pending>>
2020-02-04 14:27:25.854 parsl.dataflow.dflow:452 [INFO]  Task 1 launched on executor threads
2020-02-04 14:27:25.854 parsl.dataflow.dflow:484 [DEBUG]  Adding output dependencies
2020-02-04 14:27:25.854 parsl.dataflow.dflow:708 [INFO]  Task 2 submitted for App run_single_transcript, waiting on tasks []
2020-02-04 14:27:25.854 parsl.dataflow.dflow:484 [DEBUG]  Adding output dependencies
2020-02-04 14:27:25.855 parsl.dataflow.dflow:714 [DEBUG]  Task 2 set to pending state with AppFuture: <AppFuture super=<AppFuture at 0x7f1bb3e34c88 state=pending>>
2020-02-04 14:27:25.855 parsl.dataflow.dflow:708 [INFO]  Task 3 submitted for App star_index, waiting on tasks []
2020-02-04 14:27:25.855 parsl.dataflow.dflow:714 [DEBUG]  Task 3 set to pending state with AppFuture: <AppFuture super=<AppFuture at 0x7f1bb3e34ac8 state=pending>>
2020-02-04 14:27:25.856 parsl.dataflow.dflow:452 [INFO]  Task 2 launched on executor threads
2020-02-04 14:27:25.856 parsl.dataflow.dflow:484 [DEBUG]  Adding output dependencies
2020-02-04 14:27:25.856 parsl.dataflow.dflow:708 [INFO]  Task 4 submitted for App run_single_transcript, waiting on tasks []
2020-02-04 14:27:25.856 parsl.dataflow.dflow:714 [DEBUG]  Task 4 set to pending state with AppFuture: <AppFuture super=<AppFuture at 0x7f1bb3e34e48 state=pending>>
2020-02-04 14:27:25.857 parsl.dataflow.dflow:484 [DEBUG]  Adding output dependencies
2020-02-04 14:27:25.858 parsl.dataflow.dflow:708 [INFO]  Task 5 submitted for App star_index, waiting on tasks []
2020-02-04 14:27:25.858 parsl.dataflow.dflow:714 [DEBUG]  Task 5 set to pending state with AppFuture: <AppFuture super=<AppFuture at 0x7f1bb3e6c320 state=pending>>
2020-02-04 14:27:25.858 parsl.dataflow.dflow:452 [INFO]  Task 3 launched on executor threads
2020-02-04 14:27:25.859 parsl.app.bash.1580844445.857154:54 [DEBUG]  Executable: STAR --runThreadN 1 --runMode genomeGenerate --genomeDir  "/home/users/ellenrichards/test_run_1/s008_c41703_g1_i1_m8507/gd" --genomeFastaFiles "/home/users/ellenrichards/test_run_1/s008_c41703_g1_i1_m8507.fasta" --genomeSAindexNbases 2
2020-02-04 14:27:25.860 parsl.dataflow.dflow:484 [DEBUG]  Adding output dependencies
2020-02-04 14:27:25.860 parsl.dataflow.dflow:708 [INFO]  Task 6 submitted for App star_index, waiting on tasks []
2020-02-04 14:27:25.861 parsl.dataflow.dflow:714 [DEBUG]  Task 6 set to pending state with AppFuture: <AppFuture super=<AppFuture at 0x7f1bb3e6c550 state=pending>>
2020-02-04 14:27:25.863 parsl.dataflow.dflow:452 [INFO]  Task 4 launched on executor threads
2020-02-04 14:27:25.865 parsl.dataflow.dflow:484 [DEBUG]  Adding output dependencies
2020-02-04 14:27:25.865 parsl.dataflow.dflow:484 [DEBUG]  Adding output dependencies
2020-02-04 14:27:25.866 parsl.dataflow.dflow:708 [INFO]  Task 7 submitted for App star_index, waiting on tasks []
2020-02-04 14:27:25.868 parsl.dataflow.dflow:708 [INFO]  Task 8 submitted for App run_single_transcript, waiting on tasks []
2020-02-04 14:27:25.868 parsl.dataflow.dflow:452 [INFO]  Task 5 launched on executor threads
2020-02-04 14:27:25.869 parsl.dataflow.dflow:714 [DEBUG]  Task 7 set to pending state with AppFuture: <AppFuture super=<AppFuture at 0x7f1bb3e6cc18 state=pending>>
2020-02-04 14:27:25.870 parsl.dataflow.dflow:452 [INFO]  Task 6 launched on executor threads
2020-02-04 14:27:25.870 parsl.dataflow.dflow:714 [DEBUG]  Task 8 set to pending state with AppFuture: <AppFuture super=<AppFuture at 0x7f1bb3e6cb70 state=pending>>
2020-02-04 14:27:25.870 parsl.app.bash.1580844445.8691924:54 [DEBUG]  Executable: STAR --runThreadN 1 --runMode genomeGenerate --genomeDir  "/home/users/ellenrichards/test_run_1/s008_c16972_g1_i1_m2384/gd" --genomeFastaFiles "/home/users/ellenrichards/test_run_1/s008_c16972_g1_i1_m2384.fasta" --genomeSAindexNbases 2
2020-02-04 14:27:25.871 parsl.app.bash.1580844445.867185:54 [DEBUG]  Executable: STAR --runThreadN 1 --runMode genomeGenerate --genomeDir  "/home/users/ellenrichards/test_run_1/s008_c56733_g1_i3_m22670/gd" --genomeFastaFiles "/home/users/ellenrichards/test_run_1/s008_c56733_g1_i3_m22670.fasta" --genomeSAindexNbases 2
2020-02-04 14:27:25.872 parsl.dataflow.dflow:452 [INFO]  Task 7 launched on executor threads
2020-02-04 14:27:25.872 parsl.app.bash.1580844445.8717484:54 [DEBUG]  Executable: STAR --runThreadN 1 --runMode genomeGenerate --genomeDir  "/home/users/ellenrichards/test_run_1/s012_c60717_g1_i7_m22710/gd" --genomeFastaFiles "/home/users/ellenrichards/test_run_1/s012_c60717_g1_i7_m22710.fasta" --genomeSAindexNbases 2
2020-02-04 14:27:25.873 parsl.dataflow.dflow:452 [INFO]  Task 8 launched on executor threads
2020-02-04 14:27:25.882 parsl.dataflow.dflow:288 [INFO]  Task 3 completed
2020-02-04 14:27:25.887 parsl.dataflow.dflow:484 [DEBUG]  Adding output dependencies
2020-02-04 14:27:25.887 parsl.dataflow.dflow:484 [DEBUG]  Adding output dependencies
2020-02-04 14:27:25.888 parsl.dataflow.dflow:708 [INFO]  Task 9 submitted for App run_single_transcript, waiting on tasks []
2020-02-04 14:27:25.888 parsl.dataflow.dflow:708 [INFO]  Task 10 submitted for App star_index, waiting on tasks []
2020-02-04 14:27:25.889 parsl.dataflow.dflow:714 [DEBUG]  Task 9 set to pending state with AppFuture: <AppFuture super=<AppFuture at 0x7f1bb3e3b198 state=pending>>
2020-02-04 14:27:25.889 parsl.dataflow.dflow:714 [DEBUG]  Task 10 set to pending state with AppFuture: <AppFuture super=<AppFuture at 0x7f1bb3e3b9b0 state=pending>>
2020-02-04 14:27:25.890 parsl.dataflow.dflow:452 [INFO]  Task 9 launched on executor threads
2020-02-04 14:27:25.890 parsl.dataflow.dflow:484 [DEBUG]  Adding output dependencies
2020-02-04 14:27:25.890 parsl.dataflow.dflow:708 [INFO]  Task 11 submitted for App run_single_transcript, waiting on tasks []
2020-02-04 14:27:25.893 parsl.app.errors:158 [DEBUG]  Reraising exception of type <class 'NameError'>
2020-02-04 14:27:25.894 parsl.dataflow.dflow:714 [DEBUG]  Task 11 set to pending state with AppFuture: <AppFuture super=<AppFuture at 0x7f1bb3e3bc88 state=pending>>
2020-02-04 14:27:25.894 parsl.dataflow.dflow:452 [INFO]  Task 10 launched on executor threads
2020-02-04 14:27:25.895 parsl.dataflow.dflow:257 [DEBUG]  Task 4 failed
2020-02-04 14:27:25.895 parsl.dataflow.dflow:484 [DEBUG]  Adding output dependencies
2020-02-04 14:27:25.896 parsl.dataflow.dflow:288 [INFO]  Task 6 completed
2020-02-04 14:27:25.895 parsl.app.bash.1580844445.8908482:54 [DEBUG]  Executable: STAR --runThreadN 1 --runMode genomeGenerate --genomeDir  "/home/users/ellenrichards/test_run_1/s010_c65676_g1_i2_m18249/gd" --genomeFastaFiles "/home/users/ellenrichards/test_run_1/s010_c65676_g1_i2_m18249.fasta" --genomeSAindexNbases 2
2020-02-04 14:27:25.896 parsl.dataflow.dflow:279 [ERROR]  Task 4 failed after 0 retry attempts
Traceback (most recent call last):
  File "/local/cluster/lib/python3.6/site-packages/parsl/dataflow/dflow.py", line 254, in handle_exec_update
    res.reraise()
  File "/local/cluster/lib/python3.6/site-packages/parsl/app/errors.py", line 163, in reraise
    reraise(t, v, tb)
  File "/local/cluster/lib/python3.6/site-packages/six.py", line 692, in reraise
    raise value.with_traceback(tb)
  File "/local/cluster/lib/python3.6/site-packages/parsl/app/errors.py", line 172, in wrapper
    return func(*args, **kwargs)
  File "all.py", line 70, in run_single_transcript
    star_align(directory, mvalue, strsvalue, genomeDir)
  File "/home/users/ellenrichards/GRETA/STAR_align.py", line 23, in star_align
    align = f"SGE_Batch -r {align_svalue} -c  {alignstar} -P 15"
NameError: name 'align_svalue' is not defined
2020-02-04 14:27:25.897 parsl.dataflow.dflow:452 [INFO]  Task 11 launched on executor threads
2020-02-04 14:27:25.897 parsl.dataflow.dflow:708 [INFO]  Task 12 submitted for App star_index, waiting on tasks []
2020-02-04 14:27:25.897 parsl.dataflow.dflow:484 [DEBUG]  Adding output dependencies
2020-02-04 14:27:25.902 parsl.dataflow.dflow:288 [INFO]  Task 5 completed
2020-02-04 14:27:25.902 parsl.dataflow.dflow:288 [INFO]  Task 7 completed
2020-02-04 14:27:25.904 parsl.app.errors:158 [DEBUG]  Reraising exception of type <class 'NameError'>
2020-02-04 14:27:25.904 parsl.dataflow.dflow:484 [DEBUG]  Adding output dependencies
2020-02-04 14:27:25.905 parsl.dataflow.dflow:714 [DEBUG]  Task 12 set to pending state with AppFuture: <AppFuture super=<AppFuture at 0x7f1bb3e53898 state=pending>>
2020-02-04 14:27:25.905 parsl.dataflow.dflow:708 [INFO]  Task 13 submitted for App star_index, waiting on tasks []
2020-02-04 14:27:25.906 parsl.dataflow.dflow:708 [INFO]  Task 14 submitted for App run_single_transcript, waiting on tasks []
2020-02-04 14:27:25.908 parsl.dataflow.dflow:714 [DEBUG]  Task 13 set to pending state with AppFuture: <AppFuture super=<AppFuture at 0x7f1bb3e3b080 state=pending>>
2020-02-04 14:27:25.908 parsl.dataflow.dflow:452 [INFO]  Task 12 launched on executor threads
2020-02-04 14:27:25.908 parsl.dataflow.dflow:714 [DEBUG]  Task 14 set to pending state with AppFuture: <AppFuture super=<AppFuture at 0x7f1bb3e53ac8 state=pending>>
2020-02-04 14:27:25.908 parsl.app.bash.1580844445.9073186:54 [DEBUG]  Executable: STAR --runThreadN 1 --runMode genomeGenerate --genomeDir  "/home/users/ellenrichards/test_run_1/s002_c62731_g1_i3_m33207/gd" --genomeFastaFiles "/home/users/ellenrichards/test_run_1/s002_c62731_g1_i3_m33207.fasta" --genomeSAindexNbases 2
2020-02-04 14:27:25.910 parsl.dataflow.dflow:452 [INFO]  Task 13 launched on executor threads
2020-02-04 14:27:25.911 parsl.app.bash.1580844445.9096696:54 [DEBUG]  Executable: STAR --runThreadN 1 --runMode genomeGenerate --genomeDir  "/home/users/ellenrichards/test_run_1/s012_c60717_g1_i8_m22711/gd" --genomeFastaFiles "/home/users/ellenrichards/test_run_1/s012_c60717_g1_i8_m22711.fasta" --genomeSAindexNbases 2
2020-02-04 14:27:25.911 parsl.dataflow.dflow:452 [INFO]  Task 14 launched on executor threads
2020-02-04 14:27:25.922 parsl.dataflow.dflow:484 [DEBUG]  Adding output dependencies
2020-02-04 14:27:25.922 parsl.dataflow.dflow:288 [INFO]  Task 10 completed
2020-02-04 14:27:25.923 parsl.dataflow.dflow:708 [INFO]  Task 15 submitted for App run_single_transcript, waiting on tasks []
2020-02-04 14:27:25.923 parsl.dataflow.dflow:484 [DEBUG]  Adding output dependencies
2020-02-04 14:27:25.924 parsl.dataflow.dflow:714 [DEBUG]  Task 15 set to pending state with AppFuture: <AppFuture super=<AppFuture at 0x7f1bb3e5d908 state=pending>>
2020-02-04 14:27:25.925 parsl.app.errors:158 [DEBUG]  Reraising exception of type <class 'NameError'>
2020-02-04 14:27:25.925 parsl.dataflow.dflow:708 [INFO]  Task 16 submitted for App star_index, waiting on tasks []
2020-02-04 14:27:25.926 parsl.dataflow.dflow:257 [DEBUG]  Task 11 failed
2020-02-04 14:27:25.926 parsl.dataflow.dflow:452 [INFO]  Task 15 launched on executor threads
2020-02-04 14:27:25.927 parsl.dataflow.dflow:714 [DEBUG]  Task 16 set to pending state with AppFuture: <AppFuture super=<AppFuture at 0x7f1bb3e5d6d8 state=pending>>
2020-02-04 14:27:25.927 parsl.dataflow.dflow:279 [ERROR]  Task 11 failed after 0 retry attempts
Traceback (most recent call last):
  File "/local/cluster/lib/python3.6/site-packages/parsl/dataflow/dflow.py", line 254, in handle_exec_update
    res.reraise()
  File "/local/cluster/lib/python3.6/site-packages/parsl/app/errors.py", line 163, in reraise
    reraise(t, v, tb)
  File "/local/cluster/lib/python3.6/site-packages/six.py", line 692, in reraise
    raise value.with_traceback(tb)
  File "/local/cluster/lib/python3.6/site-packages/parsl/app/errors.py", line 172, in wrapper
    return func(*args, **kwargs)
  File "all.py", line 70, in run_single_transcript
    star_align(directory, mvalue, strsvalue, genomeDir)
  File "/home/users/ellenrichards/GRETA/STAR_align.py", line 23, in star_align
    align = f"SGE_Batch -r {align_svalue} -c  {alignstar} -P 15"
NameError: name 'align_svalue' is not defined
2020-02-04 14:27:25.927 parsl.dataflow.dflow:484 [DEBUG]  Adding output dependencies
2020-02-04 14:27:25.928 parsl.dataflow.dflow:484 [DEBUG]  Adding output dependencies
2020-02-04 14:27:25.929 parsl.dataflow.dflow:452 [INFO]  Task 16 launched on executor threads
2020-02-04 14:27:25.929 parsl.app.errors:158 [DEBUG]  Reraising exception of type <class 'NameError'>
2020-02-04 14:27:25.929 parsl.dataflow.dflow:708 [INFO]  Task 17 submitted for App run_single_transcript, waiting on tasks []
2020-02-04 14:27:25.930 parsl.dataflow.dflow:708 [INFO]  Task 18 submitted for App star_index, waiting on tasks []
2020-02-04 14:27:25.930 parsl.app.bash.1580844445.928533:54 [DEBUG]  Executable: STAR --runThreadN 1 --runMode genomeGenerate --genomeDir  "/home/users/ellenrichards/test_run_1/s002_c47754_g1_i1_m9492/gd" --genomeFastaFiles "/home/users/ellenrichards/test_run_1/s002_c47754_g1_i1_m9492.fasta" --genomeSAindexNbases 2
2020-02-04 14:27:25.931 parsl.dataflow.dflow:714 [DEBUG]  Task 17 set to pending state with AppFuture: <AppFuture super=<AppFuture at 0x7f1bb3e5deb8 state=pending>>
2020-02-04 14:27:25.931 parsl.dataflow.dflow:714 [DEBUG]  Task 18 set to pending state with AppFuture: <AppFuture super=<AppFuture at 0x7f1bb0602160 state=pending>>
2020-02-04 14:27:25.936 parsl.dataflow.dflow:452 [INFO]  Task 17 launched on executor threads
2020-02-04 14:27:25.936 parsl.dataflow.dflow:288 [INFO]  Task 12 completed
2020-02-04 14:27:25.938 parsl.dataflow.dflow:288 [INFO]  Task 13 completed
2020-02-04 14:27:25.938 parsl.dataflow.dflow:484 [DEBUG]  Adding output dependencies
2020-02-04 14:27:25.939 parsl.dataflow.dflow:452 [INFO]  Task 18 launched on executor threads
2020-02-04 14:27:25.939 parsl.dataflow.dflow:484 [DEBUG]  Adding output dependencies
2020-02-04 14:27:25.939 parsl.app.bash.1580844445.9374669:54 [DEBUG]  Executable: STAR --runThreadN 1 --runMode genomeGenerate --genomeDir  "/home/users/ellenrichards/test_run_1/s008_c33195_g1_i1_m5438/gd" --genomeFastaFiles "/home/users/ellenrichards/test_run_1/s008_c33195_g1_i1_m5438.fasta" --genomeSAindexNbases 2
2020-02-04 14:27:25.940 parsl.dataflow.dflow:708 [INFO]  Task 19 submitted for App star_index, waiting on tasks []
2020-02-04 14:27:25.940 parsl.dataflow.dflow:708 [INFO]  Task 20 submitted for App run_single_transcript, waiting on tasks []
2020-02-04 14:27:25.945 parsl.dataflow.dflow:714 [DEBUG]  Task 19 set to pending state with AppFuture: <AppFuture super=<AppFuture at 0x7f1bb0602c18 state=pending>>
2020-02-04 14:27:25.945 parsl.dataflow.dflow:714 [DEBUG]  Task 20 set to pending state with AppFuture: <AppFuture super=<AppFuture at 0x7f1bb0602748 state=pending>>
2020-02-04 14:27:25.948 parsl.dataflow.dflow:452 [INFO]  Task 19 launched on executor threads
2020-02-04 14:27:25.948 parsl.dataflow.dflow:452 [INFO]  Task 20 launched on executor threads
2020-02-04 14:27:25.948 parsl.app.bash.1580844445.946704:54 [DEBUG]  Executable: STAR --runThreadN 1 --runMode genomeGenerate --genomeDir  "/home/users/ellenrichards/test_run_1/s008_c90190_g1_i1_m38949/gd" --genomeFastaFiles "/home/users/ellenrichards/test_run_1/s008_c90190_g1_i1_m38949.fasta" --genomeSAindexNbases 2
2020-02-04 14:27:25.949 parsl.dataflow.dflow:484 [DEBUG]  Adding output dependencies
2020-02-04 14:27:25.950 parsl.dataflow.dflow:708 [INFO]  Task 21 submitted for App run_single_transcript, waiting on tasks []
2020-02-04 14:27:25.950 parsl.dataflow.dflow:714 [DEBUG]  Task 21 set to pending state with AppFuture: <AppFuture super=<AppFuture at 0x7f1bb0602f98 state=pending>>
2020-02-04 14:27:25.954 parsl.dataflow.dflow:452 [INFO]  Task 21 launched on executor threads
2020-02-04 14:27:25.954 parsl.dataflow.dflow:484 [DEBUG]  Adding output dependencies
2020-02-04 14:27:25.955 parsl.dataflow.dflow:708 [INFO]  Task 22 submitted for App run_single_transcript, waiting on tasks []
2020-02-04 14:27:25.955 parsl.dataflow.dflow:288 [INFO]  Task 16 completed
2020-02-04 14:27:25.955 parsl.dataflow.dflow:714 [DEBUG]  Task 22 set to pending state with AppFuture: <AppFuture super=<AppFuture at 0x7f1bb060c2b0 state=pending>>
2020-02-04 14:27:25.956 parsl.dataflow.dflow:484 [DEBUG]  Adding output dependencies
2020-02-04 14:27:25.956 parsl.dataflow.dflow:452 [INFO]  Task 22 launched on executor threads
2020-02-04 14:27:25.957 parsl.dataflow.dflow:708 [INFO]  Task 23 submitted for App star_index, waiting on tasks []
2020-02-04 14:27:25.957 parsl.dataflow.dflow:484 [DEBUG]  Adding output dependencies
2020-02-04 14:27:25.959 parsl.app.errors:158 [DEBUG]  Reraising exception of type <class 'NameError'>
2020-02-04 14:27:25.959 parsl.dataflow.dflow:714 [DEBUG]  Task 23 set to pending state with AppFuture: <AppFuture super=<AppFuture at 0x7f1bb3e5db00 state=pending>>
2020-02-04 14:27:25.960 parsl.dataflow.dflow:484 [DEBUG]  Adding output dependencies
2020-02-04 14:27:25.960 parsl.dataflow.dflow:708 [INFO]  Task 24 submitted for App run_single_transcript, waiting on tasks []
2020-02-04 14:27:25.960 parsl.dataflow.dflow:257 [DEBUG]  Task 17 failed
2020-02-04 14:27:25.960 parsl.dataflow.dflow:288 [INFO]  Task 18 completed
2020-02-04 14:27:25.961 parsl.dataflow.dflow:484 [DEBUG]  Adding output dependencies
2020-02-04 14:27:25.961 parsl.dataflow.dflow:452 [INFO]  Task 23 launched on executor threads
2020-02-04 14:27:25.962 parsl.dataflow.dflow:708 [INFO]  Task 25 submitted for App star_index, waiting on tasks []
2020-02-04 14:27:25.962 parsl.dataflow.dflow:714 [DEBUG]  Task 24 set to pending state with AppFuture: <AppFuture super=<AppFuture at 0x7f1bb060c550 state=pending>>
2020-02-04 14:27:25.962 parsl.app.bash.1580844445.9615102:54 [DEBUG]  Executable: STAR --runThreadN 1 --runMode genomeGenerate --genomeDir  "/home/users/ellenrichards/test_run_1/s008_c32952_g1_i2_m5368/gd" --genomeFastaFiles "/home/users/ellenrichards/test_run_1/s008_c32952_g1_i2_m5368.fasta" --genomeSAindexNbases 2
2020-02-04 14:27:25.962 parsl.dataflow.dflow:279 [ERROR]  Task 17 failed after 0 retry attempts
Traceback (most recent call last):
  File "/local/cluster/lib/python3.6/site-packages/parsl/dataflow/dflow.py", line 254, in handle_exec_update
    res.reraise()
  File "/local/cluster/lib/python3.6/site-packages/parsl/app/errors.py", line 163, in reraise
    reraise(t, v, tb)
  File "/local/cluster/lib/python3.6/site-packages/six.py", line 692, in reraise
    raise value.with_traceback(tb)
  File "/local/cluster/lib/python3.6/site-packages/parsl/app/errors.py", line 172, in wrapper
    return func(*args, **kwargs)
  File "all.py", line 70, in run_single_transcript
    star_align(directory, mvalue, strsvalue, genomeDir)
  File "/home/users/ellenrichards/GRETA/STAR_align.py", line 23, in star_align
    align = f"SGE_Batch -r {align_svalue} -c  {alignstar} -P 15"
NameError: name 'align_svalue' is not defined
2020-02-04 14:27:25.963 parsl.dataflow.dflow:708 [INFO]  Task 26 submitted for App star_index, waiting on tasks []
2020-02-04 14:27:25.963 parsl.dataflow.dflow:714 [DEBUG]  Task 25 set to pending state with AppFuture: <AppFuture super=<AppFuture at 0x7f1bb060c198 state=pending>>
2020-02-04 14:27:25.963 parsl.dataflow.dflow:452 [INFO]  Task 24 launched on executor threads
2020-02-04 14:27:25.967 parsl.app.errors:158 [DEBUG]  Reraising exception of type <class 'NameError'>
2020-02-04 14:27:25.968 parsl.dataflow.dflow:714 [DEBUG]  Task 26 set to pending state with AppFuture: <AppFuture super=<AppFuture at 0x7f1bb060cb70 state=pending>>
2020-02-04 14:27:25.968 parsl.dataflow.dflow:484 [DEBUG]  Adding output dependencies
2020-02-04 14:27:25.968 parsl.dataflow.dflow:452 [INFO]  Task 25 launched on executor threads
2020-02-04 14:27:25.970 parsl.dataflow.dflow:484 [DEBUG]  Adding output dependencies
2020-02-04 14:27:25.970 parsl.dataflow.dflow:288 [INFO]  Task 19 completed
2020-02-04 14:27:25.971 parsl.dataflow.dflow:452 [INFO]  Task 26 launched on executor threads
2020-02-04 14:27:25.971 parsl.app.bash.1580844445.9692428:54 [DEBUG]  Executable: STAR --runThreadN 1 --runMode genomeGenerate --genomeDir  "/home/users/ellenrichards/test_run_1/s010_c65676_g1_i4_m18250Periegops/gd" --genomeFastaFiles "/home/users/ellenrichards/test_run_1/s010_c65676_g1_i4_m18250Periegops.fasta" --genomeSAindexNbases 2
2020-02-04 14:27:25.972 parsl.dataflow.dflow:708 [INFO]  Task 27 submitted for App star_index, waiting on tasks []
2020-02-04 14:27:25.972 parsl.app.bash.1580844445.9718382:54 [DEBUG]  Executable: STAR --runThreadN 1 --runMode genomeGenerate --genomeDir  "/home/users/ellenrichards/test_run_1/s008_c57542_g1_i2_m24298/gd" --genomeFastaFiles "/home/users/ellenrichards/test_run_1/s008_c57542_g1_i2_m24298.fasta" --genomeSAindexNbases 2
2020-02-04 14:27:25.972 parsl.dataflow.dflow:708 [INFO]  Task 28 submitted for App run_single_transcript, waiting on tasks []
2020-02-04 14:27:25.977 parsl.dataflow.dflow:714 [DEBUG]  Task 27 set to pending state with AppFuture: <AppFuture super=<AppFuture at 0x7f1bb060cf98 state=pending>>
2020-02-04 14:27:25.981 parsl.dataflow.dflow:714 [DEBUG]  Task 28 set to pending state with AppFuture: <AppFuture super=<AppFuture at 0x7f1bb060cc50 state=pending>>
2020-02-04 14:27:25.982 parsl.dataflow.dflow:288 [INFO]  Task 23 completed
2020-02-04 14:27:25.982 parsl.dataflow.dflow:452 [INFO]  Task 27 launched on executor threads
2020-02-04 14:27:25.983 parsl.dataflow.dflow:452 [INFO]  Task 28 launched on executor threads
2020-02-04 14:27:25.985 parsl.dataflow.dflow:484 [DEBUG]  Adding output dependencies
2020-02-04 14:27:25.985 parsl.dataflow.dflow:708 [INFO]  Task 29 submitted for App run_single_transcript, waiting on tasks []
2020-02-04 14:27:25.985 parsl.dataflow.dflow:714 [DEBUG]  Task 29 set to pending state with AppFuture: <AppFuture super=<AppFuture at 0x7f1bb06162e8 state=pending>>
2020-02-04 14:27:25.985 parsl.dataflow.dflow:484 [DEBUG]  Adding output dependencies
2020-02-04 14:27:25.985 parsl.dataflow.dflow:452 [INFO]  Task 29 launched on executor threads
2020-02-04 14:27:25.986 parsl.app.bash.1580844445.9834583:54 [DEBUG]  Executable: STAR --runThreadN 1 --runMode genomeGenerate --genomeDir  "/home/users/ellenrichards/test_run_1/s010_c29963_g1_i1_m4044/gd" --genomeFastaFiles "/home/users/ellenrichards/test_run_1/s010_c29963_g1_i1_m4044.fasta" --genomeSAindexNbases 2
2020-02-04 14:27:25.986 parsl.dataflow.dflow:708 [INFO]  Task 30 submitted for App star_index, waiting on tasks []
2020-02-04 14:27:25.986 parsl.dataflow.dflow:484 [DEBUG]  Adding output dependencies
2020-02-04 14:27:25.993 parsl.app.errors:158 [DEBUG]  Reraising exception of type <class 'NameError'>
2020-02-04 14:27:25.993 parsl.dataflow.dflow:288 [INFO]  Task 25 completed
2020-02-04 14:27:25.994 parsl.dataflow.dflow:714 [DEBUG]  Task 30 set to pending state with AppFuture: <AppFuture super=<AppFuture at 0x7f1bb0616940 state=pending>>
2020-02-04 14:27:25.994 parsl.dataflow.dflow:708 [INFO]  Task 31 submitted for App run_single_transcript, waiting on tasks []
2020-02-04 14:27:25.994 parsl.dataflow.dflow:484 [DEBUG]  Adding output dependencies
2020-02-04 14:27:25.995 parsl.dataflow.dflow:257 [DEBUG]  Task 24 failed
2020-02-04 14:27:25.995 parsl.dataflow.dflow:288 [INFO]  Task 26 completed
2020-02-04 14:27:25.995 parsl.dataflow.dflow:452 [INFO]  Task 30 launched on executor threads
2020-02-04 14:27:25.996 parsl.dataflow.dflow:714 [DEBUG]  Task 31 set to pending state with AppFuture: <AppFuture super=<AppFuture at 0x7f1bb0616ba8 state=pending>>
2020-02-04 14:27:25.997 parsl.dataflow.dflow:708 [INFO]  Task 32 submitted for App star_index, waiting on tasks []
2020-02-04 14:27:25.997 parsl.app.bash.1580844445.9961956:54 [DEBUG]  Executable: STAR --runThreadN 1 --runMode genomeGenerate --genomeDir  "/home/users/ellenrichards/test_run_1/s004_c49681_g1_i4_m9094/gd" --genomeFastaFiles "/home/users/ellenrichards/test_run_1/s004_c49681_g1_i4_m9094.fasta" --genomeSAindexNbases 2
2020-02-04 14:27:25.997 parsl.dataflow.dflow:279 [ERROR]  Task 24 failed after 0 retry attempts
Traceback (most recent call last):
  File "/local/cluster/lib/python3.6/site-packages/parsl/dataflow/dflow.py", line 254, in handle_exec_update
    res.reraise()
  File "/local/cluster/lib/python3.6/site-packages/parsl/app/errors.py", line 163, in reraise
    reraise(t, v, tb)
  File "/local/cluster/lib/python3.6/site-packages/six.py", line 692, in reraise
    raise value.with_traceback(tb)
  File "/local/cluster/lib/python3.6/site-packages/parsl/app/errors.py", line 172, in wrapper
    return func(*args, **kwargs)
  File "all.py", line 70, in run_single_transcript
    star_align(directory, mvalue, strsvalue, genomeDir)
  File "/home/users/ellenrichards/GRETA/STAR_align.py", line 23, in star_align
    align = f"SGE_Batch -r {align_svalue} -c  {alignstar} -P 15"
NameError: name 'align_svalue' is not defined
2020-02-04 14:27:25.998 parsl.dataflow.dflow:452 [INFO]  Task 31 launched on executor threads
2020-02-04 14:27:25.998 parsl.dataflow.dflow:714 [DEBUG]  Task 32 set to pending state with AppFuture: <AppFuture super=<AppFuture at 0x7f1bb061e1d0 state=pending>>
2020-02-04 14:27:26.002 parsl.dataflow.dflow:484 [DEBUG]  Adding output dependencies
2020-02-04 14:27:26.003 parsl.app.errors:158 [DEBUG]  Reraising exception of type <class 'NameError'>
2020-02-04 14:27:26.003 parsl.dataflow.dflow:484 [DEBUG]  Adding output dependencies
2020-02-04 14:27:26.004 parsl.dataflow.dflow:452 [INFO]  Task 32 launched on executor threads
2020-02-04 14:27:26.004 parsl.dataflow.dflow:708 [INFO]  Task 33 submitted for App star_index, waiting on tasks []
2020-02-04 14:27:26.005 parsl.dataflow.dflow:288 [INFO]  Task 27 completed
2020-02-04 14:27:26.006 parsl.dataflow.dflow:708 [INFO]  Task 34 submitted for App run_single_transcript, waiting on tasks []
2020-02-04 14:27:26.006 parsl.app.bash.1580844446.0047562:54 [DEBUG]  Executable: STAR --runThreadN 1 --runMode genomeGenerate --genomeDir  "/home/users/ellenrichards/test_run_1/s019_c69502_g1_i5_m15585/gd" --genomeFastaFiles "/home/users/ellenrichards/test_run_1/s019_c69502_g1_i5_m15585.fasta" --genomeSAindexNbases 2
2020-02-04 14:27:26.007 parsl.dataflow.dflow:714 [DEBUG]  Task 33 set to pending state with AppFuture: <AppFuture super=<AppFuture at 0x7f1bb061e7b8 state=pending>>
2020-02-04 14:27:26.007 parsl.dataflow.dflow:714 [DEBUG]  Task 34 set to pending state with AppFuture: <AppFuture super=<AppFuture at 0x7f1bb0616dd8 state=pending>>
2020-02-04 14:27:26.010 parsl.dataflow.dflow:452 [INFO]  Task 33 launched on executor threads
2020-02-04 14:27:26.011 parsl.dataflow.dflow:452 [INFO]  Task 34 launched on executor threads
2020-02-04 14:27:26.013 parsl.dataflow.dflow:484 [DEBUG]  Adding output dependencies
2020-02-04 14:27:26.013 parsl.dataflow.dflow:708 [INFO]  Task 35 submitted for App run_single_transcript, waiting on tasks []
2020-02-04 14:27:26.013 parsl.dataflow.dflow:714 [DEBUG]  Task 35 set to pending state with AppFuture: <AppFuture super=<AppFuture at 0x7f1bb061e6a0 state=pending>>
2020-02-04 14:27:26.014 parsl.dataflow.dflow:452 [INFO]  Task 35 launched on executor threads
2020-02-04 14:27:26.014 parsl.dataflow.dflow:484 [DEBUG]  Adding output dependencies
2020-02-04 14:27:26.014 parsl.app.bash.1580844446.0116813:54 [DEBUG]  Executable: STAR --runThreadN 1 --runMode genomeGenerate --genomeDir  "/home/users/ellenrichards/test_run_1/s008_c59224_g3_i1_m29252/gd" --genomeFastaFiles "/home/users/ellenrichards/test_run_1/s008_c59224_g3_i1_m29252.fasta" --genomeSAindexNbases 2
2020-02-04 14:27:26.014 parsl.dataflow.dflow:708 [INFO]  Task 36 submitted for App run_single_transcript, waiting on tasks []
2020-02-04 14:27:26.015 parsl.dataflow.dflow:484 [DEBUG]  Adding output dependencies
2020-02-04 14:27:26.019 parsl.dataflow.dflow:714 [DEBUG]  Task 36 set to pending state with AppFuture: <AppFuture super=<AppFuture at 0x7f1bb061eef0 state=pending>>
2020-02-04 14:27:26.019 parsl.dataflow.dflow:288 [INFO]  Task 30 completed
2020-02-04 14:27:26.020 parsl.app.errors:158 [DEBUG]  Reraising exception of type <class 'NameError'>
2020-02-04 14:27:26.020 parsl.dataflow.dflow:708 [INFO]  Task 37 submitted for App star_index, waiting on tasks []
2020-02-04 14:27:26.021 parsl.dataflow.dflow:452 [INFO]  Task 36 launched on executor threads
2020-02-04 14:27:26.021 parsl.dataflow.dflow:484 [DEBUG]  Adding output dependencies
2020-02-04 14:27:26.022 parsl.dataflow.dflow:257 [DEBUG]  Task 31 failed
2020-02-04 14:27:26.022 parsl.dataflow.dflow:714 [DEBUG]  Task 37 set to pending state with AppFuture: <AppFuture super=<AppFuture at 0x7f1bb061e908 state=pending>>
2020-02-04 14:27:26.023 parsl.dataflow.dflow:484 [DEBUG]  Adding output dependencies
2020-02-04 14:27:26.023 parsl.dataflow.dflow:484 [DEBUG]  Adding output dependencies
2020-02-04 14:27:26.023 parsl.dataflow.dflow:708 [INFO]  Task 38 submitted for App star_index, waiting on tasks []
2020-02-04 14:27:26.023 parsl.dataflow.dflow:279 [ERROR]  Task 31 failed after 0 retry attempts
Traceback (most recent call last):
  File "/local/cluster/lib/python3.6/site-packages/parsl/dataflow/dflow.py", line 254, in handle_exec_update
    res.reraise()
  File "/local/cluster/lib/python3.6/site-packages/parsl/app/errors.py", line 163, in reraise
    reraise(t, v, tb)
  File "/local/cluster/lib/python3.6/site-packages/six.py", line 692, in reraise
    raise value.with_traceback(tb)
  File "/local/cluster/lib/python3.6/site-packages/parsl/app/errors.py", line 172, in wrapper
    return func(*args, **kwargs)
  File "all.py", line 70, in run_single_transcript
    star_align(directory, mvalue, strsvalue, genomeDir)
  File "/home/users/ellenrichards/GRETA/STAR_align.py", line 23, in star_align
    align = f"SGE_Batch -r {align_svalue} -c  {alignstar} -P 15"
NameError: name 'align_svalue' is not defined
2020-02-04 14:27:26.023 parsl.dataflow.dflow:452 [INFO]  Task 37 launched on executor threads
2020-02-04 14:27:26.024 parsl.dataflow.dflow:708 [INFO]  Task 39 submitted for App star_index, waiting on tasks []
2020-02-04 14:27:26.025 parsl.dataflow.dflow:708 [INFO]  Task 40 submitted for App run_single_transcript, waiting on tasks []
2020-02-04 14:27:26.025 parsl.app.bash.1580844446.0241516:54 [DEBUG]  Executable: STAR --runThreadN 1 --runMode genomeGenerate --genomeDir  "/home/users/ellenrichards/test_run_1/s008_c56952_g1_i2_m23101/gd" --genomeFastaFiles "/home/users/ellenrichards/test_run_1/s008_c56952_g1_i2_m23101.fasta" --genomeSAindexNbases 2
2020-02-04 14:27:26.025 parsl.dataflow.dflow:714 [DEBUG]  Task 38 set to pending state with AppFuture: <AppFuture super=<AppFuture at 0x7f1bb0627240 state=pending>>
2020-02-04 14:27:26.026 parsl.app.errors:158 [DEBUG]  Reraising exception of type <class 'NameError'>
2020-02-04 14:27:26.026 parsl.dataflow.dflow:714 [DEBUG]  Task 39 set to pending state with AppFuture: <AppFuture super=<AppFuture at 0x7f1bb0627630 state=pending>>
2020-02-04 14:27:26.026 parsl.dataflow.dflow:714 [DEBUG]  Task 40 set to pending state with AppFuture: <AppFuture super=<AppFuture at 0x7f1bb06270b8 state=pending>>
2020-02-04 14:27:26.030 parsl.dataflow.dflow:452 [INFO]  Task 38 launched on executor threads
2020-02-04 14:27:26.033 parsl.dataflow.dflow:288 [INFO]  Task 32 completed
2020-02-04 14:27:26.033 parsl.dataflow.dflow:452 [INFO]  Task 39 launched on executor threads
2020-02-04 14:27:26.034 parsl.dataflow.dflow:452 [INFO]  Task 40 launched on executor threads
2020-02-04 14:27:26.034 parsl.app.bash.1580844446.0316703:54 [DEBUG]  Executable: STAR --runThreadN 1 --runMode genomeGenerate --genomeDir  "/home/users/ellenrichards/test_run_1/s008_c90193_g1_i1_m38951/gd" --genomeFastaFiles "/home/users/ellenrichards/test_run_1/s008_c90193_g1_i1_m38951.fasta" --genomeSAindexNbases 2
2020-02-04 14:27:26.035 parsl.dataflow.dflow:288 [INFO]  Task 33 completed
2020-02-04 14:27:26.035 parsl.app.bash.1580844446.0342202:54 [DEBUG]  Executable: STAR --runThreadN 1 --runMode genomeGenerate --genomeDir  "/home/users/ellenrichards/test_run_1/s012_c56483_g1_i3_m15877/gd" --genomeFastaFiles "/home/users/ellenrichards/test_run_1/s012_c56483_g1_i3_m15877.fasta" --genomeSAindexNbases 2
2020-02-04 14:27:26.036 parsl.dataflow.dflow:484 [DEBUG]  Adding output dependencies
2020-02-04 14:27:26.036 parsl.dataflow.dflow:484 [DEBUG]  Adding output dependencies
2020-02-04 14:27:26.042 parsl.dataflow.dflow:708 [INFO]  Task 41 submitted for App run_single_transcript, waiting on tasks []
2020-02-04 14:27:26.043 parsl.dataflow.dflow:708 [INFO]  Task 42 submitted for App star_index, waiting on tasks []
2020-02-04 14:27:26.043 parsl.dataflow.dflow:714 [DEBUG]  Task 41 set to pending state with AppFuture: <AppFuture super=<AppFuture at 0x7f1bb0627f98 state=pending>>
2020-02-04 14:27:26.045 parsl.app.errors:158 [DEBUG]  Reraising exception of type <class 'NameError'>
2020-02-04 14:27:26.045 parsl.dataflow.dflow:714 [DEBUG]  Task 42 set to pending state with AppFuture: <AppFuture super=<AppFuture at 0x7f1bb0627f60 state=pending>>
2020-02-04 14:27:26.045 parsl.dataflow.dflow:288 [INFO]  Task 37 completed
2020-02-04 14:27:26.046 parsl.dataflow.dflow:452 [INFO]  Task 41 launched on executor threads
2020-02-04 14:27:26.046 parsl.dataflow.dflow:257 [DEBUG]  Task 36 failed
2020-02-04 14:27:26.046 parsl.dataflow.dflow:452 [INFO]  Task 42 launched on executor threads
2020-02-04 14:27:26.047 parsl.dataflow.dflow:484 [DEBUG]  Adding output dependencies
2020-02-04 14:27:26.048 parsl.dataflow.dflow:484 [DEBUG]  Adding output dependencies
2020-02-04 14:27:26.048 parsl.app.bash.1580844446.04703:54 [DEBUG]  Executable: STAR --runThreadN 1 --runMode genomeGenerate --genomeDir  "/home/users/ellenrichards/test_run_1/s008_c46694_g2_i1_m11196/gd" --genomeFastaFiles "/home/users/ellenrichards/test_run_1/s008_c46694_g2_i1_m11196.fasta" --genomeSAindexNbases 2
2020-02-04 14:27:26.048 parsl.dataflow.dflow:279 [ERROR]  Task 36 failed after 0 retry attempts
Traceback (most recent call last):
  File "/local/cluster/lib/python3.6/site-packages/parsl/dataflow/dflow.py", line 254, in handle_exec_update
    res.reraise()
  File "/local/cluster/lib/python3.6/site-packages/parsl/app/errors.py", line 163, in reraise
    reraise(t, v, tb)
  File "/local/cluster/lib/python3.6/site-packages/six.py", line 692, in reraise
    raise value.with_traceback(tb)
  File "/local/cluster/lib/python3.6/site-packages/parsl/app/errors.py", line 172, in wrapper
    return func(*args, **kwargs)
  File "all.py", line 70, in run_single_transcript
    star_align(directory, mvalue, strsvalue, genomeDir)
  File "/home/users/ellenrichards/GRETA/STAR_align.py", line 23, in star_align
    align = f"SGE_Batch -r {align_svalue} -c  {alignstar} -P 15"
NameError: name 'align_svalue' is not defined
2020-02-04 14:27:26.048 parsl.dataflow.dflow:708 [INFO]  Task 43 submitted for App star_index, waiting on tasks []
2020-02-04 14:27:26.049 parsl.dataflow.dflow:708 [INFO]  Task 44 submitted for App run_single_transcript, waiting on tasks []
2020-02-04 14:27:26.053 parsl.dataflow.dflow:288 [INFO]  Task 38 completed
2020-02-04 14:27:26.053 parsl.app.errors:158 [DEBUG]  Reraising exception of type <class 'NameError'>
2020-02-04 14:27:26.054 parsl.dataflow.dflow:714 [DEBUG]  Task 43 set to pending state with AppFuture: <AppFuture super=<AppFuture at 0x7f1bb05b1a20 state=pending>>
2020-02-04 14:27:26.054 parsl.dataflow.dflow:714 [DEBUG]  Task 44 set to pending state with AppFuture: <AppFuture super=<AppFuture at 0x7f1bb0627940 state=pending>>
2020-02-04 14:27:26.055 parsl.dataflow.dflow:452 [INFO]  Task 43 launched on executor threads
2020-02-04 14:27:26.056 parsl.dataflow.dflow:452 [INFO]  Task 44 launched on executor threads
2020-02-04 14:27:26.056 parsl.dataflow.dflow:484 [DEBUG]  Adding output dependencies
2020-02-04 14:27:26.057 parsl.dataflow.dflow:708 [INFO]  Task 45 submitted for App run_single_transcript, waiting on tasks []
2020-02-04 14:27:26.057 parsl.dataflow.dflow:714 [DEBUG]  Task 45 set to pending state with AppFuture: <AppFuture super=<AppFuture at 0x7f1bb05b1c50 state=pending>>
2020-02-04 14:27:26.057 parsl.app.bash.1580844446.0556147:54 [DEBUG]  Executable: STAR --runThreadN 1 --runMode genomeGenerate --genomeDir  "/home/users/ellenrichards/test_run_1/s021_c80513_g1_i1_m18081/gd" --genomeFastaFiles "/home/users/ellenrichards/test_run_1/s021_c80513_g1_i1_m18081.fasta" --genomeSAindexNbases 2
2020-02-04 14:27:26.057 parsl.dataflow.dflow:452 [INFO]  Task 45 launched on executor threads
2020-02-04 14:27:26.057 parsl.dataflow.dflow:484 [DEBUG]  Adding output dependencies
2020-02-04 14:27:26.058 parsl.dataflow.dflow:288 [INFO]  Task 39 completed
2020-02-04 14:27:26.061 parsl.dataflow.dflow:484 [DEBUG]  Adding output dependencies
2020-02-04 14:27:26.061 parsl.dataflow.dflow:708 [INFO]  Task 46 submitted for App star_index, waiting on tasks []
2020-02-04 14:27:26.062 parsl.dataflow.dflow:708 [INFO]  Task 47 submitted for App run_single_transcript, waiting on tasks []
2020-02-04 14:27:26.062 parsl.dataflow.dflow:714 [DEBUG]  Task 46 set to pending state with AppFuture: <AppFuture super=<AppFuture at 0x7f1bb05be128 state=pending>>
2020-02-04 14:27:26.062 parsl.dataflow.dflow:484 [DEBUG]  Adding output dependencies
2020-02-04 14:27:26.063 parsl.dataflow.dflow:714 [DEBUG]  Task 47 set to pending state with AppFuture: <AppFuture super=<AppFuture at 0x7f1bb05be198 state=pending>>
2020-02-04 14:27:26.063 parsl.dataflow.dflow:452 [INFO]  Task 46 launched on executor threads
2020-02-04 14:27:26.063 parsl.dataflow.dflow:708 [INFO]  Task 48 submitted for App star_index, waiting on tasks []
2020-02-04 14:27:26.063 parsl.dataflow.dflow:452 [INFO]  Task 47 launched on executor threads
2020-02-04 14:27:26.063 parsl.dataflow.dflow:714 [DEBUG]  Task 48 set to pending state with AppFuture: <AppFuture super=<AppFuture at 0x7f1bb05be0f0 state=pending>>
2020-02-04 14:27:26.064 parsl.dataflow.dflow:484 [DEBUG]  Adding output dependencies
2020-02-04 14:27:26.064 parsl.dataflow.dflow:452 [INFO]  Task 48 launched on executor threads
2020-02-04 14:27:26.064 parsl.dataflow.dflow:708 [INFO]  Task 49 submitted for App run_single_transcript, waiting on tasks []
2020-02-04 14:27:26.064 parsl.dataflow.dflow:714 [DEBUG]  Task 49 set to pending state with AppFuture: <AppFuture super=<AppFuture at 0x7f1bb05be4a8 state=pending>>
2020-02-04 14:27:26.064 parsl.dataflow.dflow:452 [INFO]  Task 49 launched on executor threads
2020-02-04 14:27:26.065 parsl.dataflow.dflow:484 [DEBUG]  Adding output dependencies
2020-02-04 14:27:26.065 parsl.dataflow.dflow:708 [INFO]  Task 50 submitted for App run_single_transcript, waiting on tasks []
2020-02-04 14:27:26.065 parsl.dataflow.dflow:714 [DEBUG]  Task 50 set to pending state with AppFuture: <AppFuture super=<AppFuture at 0x7f1bb05be0b8 state=pending>>
2020-02-04 14:27:26.065 parsl.dataflow.dflow:452 [INFO]  Task 50 launched on executor threads
2020-02-04 14:27:26.065 parsl.dataflow.dflow:484 [DEBUG]  Adding output dependencies
2020-02-04 14:27:26.065 parsl.dataflow.dflow:708 [INFO]  Task 51 submitted for App run_single_transcript, waiting on tasks []
2020-02-04 14:27:26.065 parsl.dataflow.dflow:714 [DEBUG]  Task 51 set to pending state with AppFuture: <AppFuture super=<AppFuture at 0x7f1bb05be630 state=pending>>
2020-02-04 14:27:26.065 parsl.dataflow.dflow:452 [INFO]  Task 51 launched on executor threads
2020-02-04 14:27:26.065 parsl.dataflow.dflow:288 [INFO]  Task 42 completed
2020-02-04 14:27:26.066 parsl.dataflow.dflow:484 [DEBUG]  Adding output dependencies
2020-02-04 14:27:26.067 parsl.dataflow.dflow:708 [INFO]  Task 52 submitted for App run_single_transcript, waiting on tasks []
2020-02-04 14:27:26.067 parsl.dataflow.dflow:714 [DEBUG]  Task 52 set to pending state with AppFuture: <AppFuture super=<AppFuture at 0x7f1bb05be7f0 state=pending>>
2020-02-04 14:27:26.067 parsl.dataflow.dflow:452 [INFO]  Task 52 launched on executor threads
2020-02-04 14:27:26.067 parsl.dataflow.dflow:484 [DEBUG]  Adding output dependencies
2020-02-04 14:27:26.067 parsl.app.bash.1580844446.066318:54 [DEBUG]  Executable: STAR --runThreadN 1 --runMode genomeGenerate --genomeDir  "/home/users/ellenrichards/test_run_1/s008_c33157_g1_i1_m5420/gd" --genomeFastaFiles "/home/users/ellenrichards/test_run_1/s008_c33157_g1_i1_m5420.fasta" --genomeSAindexNbases 2
2020-02-04 14:27:26.068 parsl.dataflow.dflow:708 [INFO]  Task 53 submitted for App run_single_transcript, waiting on tasks []
2020-02-04 14:27:26.073 parsl.dataflow.dflow:714 [DEBUG]  Task 53 set to pending state with AppFuture: <AppFuture super=<AppFuture at 0x7f1bb05beb00 state=pending>>
2020-02-04 14:27:26.073 parsl.dataflow.dflow:452 [INFO]  Task 53 launched on executor threads
2020-02-04 14:27:26.074 parsl.dataflow.dflow:484 [DEBUG]  Adding output dependencies
2020-02-04 14:27:26.074 parsl.dataflow.dflow:708 [INFO]  Task 54 submitted for App run_single_transcript, waiting on tasks []
2020-02-04 14:27:26.074 parsl.dataflow.dflow:714 [DEBUG]  Task 54 set to pending state with AppFuture: <AppFuture super=<AppFuture at 0x7f1bb05bed68 state=pending>>
2020-02-04 14:27:26.074 parsl.dataflow.dflow:452 [INFO]  Task 54 launched on executor threads
2020-02-04 14:27:26.074 parsl.dataflow.dflow:484 [DEBUG]  Adding output dependencies
2020-02-04 14:27:26.074 parsl.dataflow.dflow:708 [INFO]  Task 55 submitted for App run_single_transcript, waiting on tasks []
2020-02-04 14:27:26.074 parsl.dataflow.dflow:714 [DEBUG]  Task 55 set to pending state with AppFuture: <AppFuture super=<AppFuture at 0x7f1bb05bef28 state=pending>>
2020-02-04 14:27:26.074 parsl.dataflow.dflow:452 [INFO]  Task 55 launched on executor threads
2020-02-04 14:27:26.075 parsl.dataflow.dflow:484 [DEBUG]  Adding output dependencies
2020-02-04 14:27:26.075 parsl.dataflow.dflow:708 [INFO]  Task 56 submitted for App run_single_transcript, waiting on tasks []
2020-02-04 14:27:26.075 parsl.dataflow.dflow:714 [DEBUG]  Task 56 set to pending state with AppFuture: <AppFuture super=<AppFuture at 0x7f1bb05c1128 state=pending>>
2020-02-04 14:27:26.075 parsl.dataflow.dflow:452 [INFO]  Task 56 launched on executor threads
2020-02-04 14:27:26.075 parsl.dataflow.dflow:484 [DEBUG]  Adding output dependencies
2020-02-04 14:27:26.075 parsl.dataflow.dflow:708 [INFO]  Task 57 submitted for App run_single_transcript, waiting on tasks []
2020-02-04 14:27:26.075 parsl.dataflow.dflow:714 [DEBUG]  Task 57 set to pending state with AppFuture: <AppFuture super=<AppFuture at 0x7f1bb05c12e8 state=pending>>
2020-02-04 14:27:26.075 parsl.dataflow.dflow:452 [INFO]  Task 57 launched on executor threads
2020-02-04 14:27:26.075 parsl.dataflow.dflow:484 [DEBUG]  Adding output dependencies
2020-02-04 14:27:26.075 parsl.dataflow.dflow:708 [INFO]  Task 58 submitted for App run_single_transcript, waiting on tasks []
2020-02-04 14:27:26.076 parsl.dataflow.dflow:714 [DEBUG]  Task 58 set to pending state with AppFuture: <AppFuture super=<AppFuture at 0x7f1bb05c14a8 state=pending>>
2020-02-04 14:27:26.076 parsl.dataflow.dflow:452 [INFO]  Task 58 launched on executor threads
2020-02-04 14:27:26.076 parsl.dataflow.dflow:484 [DEBUG]  Adding output dependencies
2020-02-04 14:27:26.076 parsl.dataflow.dflow:708 [INFO]  Task 59 submitted for App run_single_transcript, waiting on tasks []
2020-02-04 14:27:26.076 parsl.dataflow.dflow:714 [DEBUG]  Task 59 set to pending state with AppFuture: <AppFuture super=<AppFuture at 0x7f1bb05c15c0 state=pending>>
2020-02-04 14:27:26.076 parsl.dataflow.dflow:452 [INFO]  Task 59 launched on executor threads
2020-02-04 14:27:26.076 parsl.dataflow.dflow:484 [DEBUG]  Adding output dependencies
2020-02-04 14:27:26.076 parsl.dataflow.dflow:708 [INFO]  Task 60 submitted for App run_single_transcript, waiting on tasks []
2020-02-04 14:27:26.076 parsl.dataflow.dflow:714 [DEBUG]  Task 60 set to pending state with AppFuture: <AppFuture super=<AppFuture at 0x7f1bb05c1780 state=pending>>
2020-02-04 14:27:26.077 parsl.dataflow.dflow:452 [INFO]  Task 60 launched on executor threads
2020-02-04 14:27:26.077 parsl.dataflow.dflow:484 [DEBUG]  Adding output dependencies
2020-02-04 14:27:26.077 parsl.dataflow.dflow:708 [INFO]  Task 61 submitted for App run_single_transcript, waiting on tasks []
2020-02-04 14:27:26.077 parsl.dataflow.dflow:714 [DEBUG]  Task 61 set to pending state with AppFuture: <AppFuture super=<AppFuture at 0x7f1bb05c1940 state=pending>>
2020-02-04 14:27:26.077 parsl.dataflow.dflow:452 [INFO]  Task 61 launched on executor threads
2020-02-04 14:27:26.077 parsl.dataflow.dflow:484 [DEBUG]  Adding output dependencies
2020-02-04 14:27:26.077 parsl.dataflow.dflow:708 [INFO]  Task 62 submitted for App run_single_transcript, waiting on tasks []
2020-02-04 14:27:26.077 parsl.dataflow.dflow:714 [DEBUG]  Task 62 set to pending state with AppFuture: <AppFuture super=<AppFuture at 0x7f1bb05c1b00 state=pending>>
2020-02-04 14:27:26.077 parsl.dataflow.dflow:452 [INFO]  Task 62 launched on executor threads
2020-02-04 14:27:26.078 parsl.dataflow.dflow:484 [DEBUG]  Adding output dependencies
2020-02-04 14:27:26.078 parsl.dataflow.dflow:708 [INFO]  Task 63 submitted for App run_single_transcript, waiting on tasks []
2020-02-04 14:27:26.078 parsl.dataflow.dflow:714 [DEBUG]  Task 63 set to pending state with AppFuture: <AppFuture super=<AppFuture at 0x7f1bb05c1cc0 state=pending>>
2020-02-04 14:27:26.078 parsl.dataflow.dflow:452 [INFO]  Task 63 launched on executor threads
2020-02-04 14:27:26.078 parsl.dataflow.dflow:484 [DEBUG]  Adding output dependencies
2020-02-04 14:27:26.078 parsl.dataflow.dflow:708 [INFO]  Task 64 submitted for App run_single_transcript, waiting on tasks []
2020-02-04 14:27:26.078 parsl.dataflow.dflow:714 [DEBUG]  Task 64 set to pending state with AppFuture: <AppFuture super=<AppFuture at 0x7f1bb05c1e80 state=pending>>
2020-02-04 14:27:26.078 parsl.dataflow.dflow:452 [INFO]  Task 64 launched on executor threads
2020-02-04 14:27:26.078 parsl.dataflow.dflow:484 [DEBUG]  Adding output dependencies
2020-02-04 14:27:26.078 parsl.dataflow.dflow:708 [INFO]  Task 65 submitted for App run_single_transcript, waiting on tasks []
2020-02-04 14:27:26.079 parsl.dataflow.dflow:714 [DEBUG]  Task 65 set to pending state with AppFuture: <AppFuture super=<AppFuture at 0x7f1bb05cd080 state=pending>>
2020-02-04 14:27:26.079 parsl.dataflow.dflow:452 [INFO]  Task 65 launched on executor threads
2020-02-04 14:27:26.079 parsl.dataflow.dflow:484 [DEBUG]  Adding output dependencies
2020-02-04 14:27:26.079 parsl.dataflow.dflow:708 [INFO]  Task 66 submitted for App run_single_transcript, waiting on tasks []
2020-02-04 14:27:26.079 parsl.dataflow.dflow:714 [DEBUG]  Task 66 set to pending state with AppFuture: <AppFuture super=<AppFuture at 0x7f1bb05cd240 state=pending>>
2020-02-04 14:27:26.079 parsl.dataflow.dflow:452 [INFO]  Task 66 launched on executor threads
2020-02-04 14:27:26.079 parsl.dataflow.dflow:484 [DEBUG]  Adding output dependencies
2020-02-04 14:27:26.079 parsl.dataflow.dflow:708 [INFO]  Task 67 submitted for App run_single_transcript, waiting on tasks []
2020-02-04 14:27:26.079 parsl.dataflow.dflow:714 [DEBUG]  Task 67 set to pending state with AppFuture: <AppFuture super=<AppFuture at 0x7f1bb05cd400 state=pending>>
2020-02-04 14:27:26.079 parsl.dataflow.dflow:452 [INFO]  Task 67 launched on executor threads
2020-02-04 14:27:26.080 parsl.dataflow.dflow:484 [DEBUG]  Adding output dependencies
2020-02-04 14:27:26.080 parsl.dataflow.dflow:708 [INFO]  Task 68 submitted for App run_single_transcript, waiting on tasks []
2020-02-04 14:27:26.080 parsl.dataflow.dflow:714 [DEBUG]  Task 68 set to pending state with AppFuture: <AppFuture super=<AppFuture at 0x7f1bb05cd5c0 state=pending>>
2020-02-04 14:27:26.080 parsl.dataflow.dflow:452 [INFO]  Task 68 launched on executor threads
2020-02-04 14:27:26.080 parsl.dataflow.dflow:484 [DEBUG]  Adding output dependencies
2020-02-04 14:27:26.080 parsl.dataflow.dflow:708 [INFO]  Task 69 submitted for App run_single_transcript, waiting on tasks []
2020-02-04 14:27:26.080 parsl.dataflow.dflow:714 [DEBUG]  Task 69 set to pending state with AppFuture: <AppFuture super=<AppFuture at 0x7f1bb05cd780 state=pending>>
2020-02-04 14:27:26.080 parsl.dataflow.dflow:452 [INFO]  Task 69 launched on executor threads
2020-02-04 14:27:26.080 parsl.dataflow.dflow:484 [DEBUG]  Adding output dependencies
2020-02-04 14:27:26.080 parsl.dataflow.dflow:708 [INFO]  Task 70 submitted for App run_single_transcript, waiting on tasks []
2020-02-04 14:27:26.081 parsl.dataflow.dflow:714 [DEBUG]  Task 70 set to pending state with AppFuture: <AppFuture super=<AppFuture at 0x7f1bb05cd940 state=pending>>
2020-02-04 14:27:26.081 parsl.dataflow.dflow:452 [INFO]  Task 70 launched on executor threads
2020-02-04 14:27:26.081 parsl.dataflow.dflow:484 [DEBUG]  Adding output dependencies
2020-02-04 14:27:26.081 parsl.dataflow.dflow:708 [INFO]  Task 71 submitted for App run_single_transcript, waiting on tasks []
2020-02-04 14:27:26.081 parsl.dataflow.dflow:714 [DEBUG]  Task 71 set to pending state with AppFuture: <AppFuture super=<AppFuture at 0x7f1bb05cdb00 state=pending>>
2020-02-04 14:27:26.081 parsl.dataflow.dflow:452 [INFO]  Task 71 launched on executor threads
2020-02-04 14:27:26.081 parsl.dataflow.dflow:484 [DEBUG]  Adding output dependencies
2020-02-04 14:27:26.081 parsl.dataflow.dflow:708 [INFO]  Task 72 submitted for App run_single_transcript, waiting on tasks []
2020-02-04 14:27:26.081 parsl.dataflow.dflow:714 [DEBUG]  Task 72 set to pending state with AppFuture: <AppFuture super=<AppFuture at 0x7f1bb05cdcc0 state=pending>>
2020-02-04 14:27:26.081 parsl.dataflow.dflow:452 [INFO]  Task 72 launched on executor threads
2020-02-04 14:27:26.082 parsl.dataflow.dflow:484 [DEBUG]  Adding output dependencies
2020-02-04 14:27:26.082 parsl.dataflow.dflow:288 [INFO]  Task 43 completed
2020-02-04 14:27:26.082 parsl.dataflow.dflow:708 [INFO]  Task 73 submitted for App run_single_transcript, waiting on tasks []
2020-02-04 14:27:26.082 parsl.dataflow.dflow:714 [DEBUG]  Task 73 set to pending state with AppFuture: <AppFuture super=<AppFuture at 0x7f1bb05cde80 state=pending>>
2020-02-04 14:27:26.082 parsl.dataflow.dflow:452 [INFO]  Task 73 launched on executor threads
2020-02-04 14:27:26.083 parsl.dataflow.dflow:484 [DEBUG]  Adding output dependencies
2020-02-04 14:27:26.083 parsl.dataflow.dflow:708 [INFO]  Task 74 submitted for App run_single_transcript, waiting on tasks []
2020-02-04 14:27:26.083 parsl.dataflow.dflow:484 [DEBUG]  Adding output dependencies
2020-02-04 14:27:26.083 parsl.dataflow.dflow:714 [DEBUG]  Task 74 set to pending state with AppFuture: <AppFuture super=<AppFuture at 0x7f1bb05da080 state=pending>>
2020-02-04 14:27:26.083 parsl.dataflow.dflow:708 [INFO]  Task 75 submitted for App star_index, waiting on tasks []
2020-02-04 14:27:26.083 parsl.dataflow.dflow:452 [INFO]  Task 74 launched on executor threads
2020-02-04 14:27:26.084 parsl.dataflow.dflow:714 [DEBUG]  Task 75 set to pending state with AppFuture: <AppFuture super=<AppFuture at 0x7f1bb05da128 state=pending>>
2020-02-04 14:27:26.084 parsl.dataflow.dflow:484 [DEBUG]  Adding output dependencies
2020-02-04 14:27:26.084 parsl.dataflow.dflow:452 [INFO]  Task 75 launched on executor threads
2020-02-04 14:27:26.084 parsl.dataflow.dflow:708 [INFO]  Task 76 submitted for App run_single_transcript, waiting on tasks []
2020-02-04 14:27:26.084 parsl.dataflow.dflow:714 [DEBUG]  Task 76 set to pending state with AppFuture: <AppFuture super=<AppFuture at 0x7f1bb05da390 state=pending>>
2020-02-04 14:27:26.084 parsl.dataflow.dflow:452 [INFO]  Task 76 launched on executor threads
2020-02-04 14:27:26.085 parsl.dataflow.dflow:484 [DEBUG]  Adding output dependencies
2020-02-04 14:27:26.085 parsl.dataflow.dflow:708 [INFO]  Task 77 submitted for App run_single_transcript, waiting on tasks []
2020-02-04 14:27:26.085 parsl.dataflow.dflow:714 [DEBUG]  Task 77 set to pending state with AppFuture: <AppFuture super=<AppFuture at 0x7f1bb05da5c0 state=pending>>
2020-02-04 14:27:26.085 parsl.dataflow.dflow:452 [INFO]  Task 77 launched on executor threads
2020-02-04 14:27:26.085 parsl.dataflow.dflow:484 [DEBUG]  Adding output dependencies
2020-02-04 14:27:26.085 parsl.dataflow.dflow:708 [INFO]  Task 78 submitted for App run_single_transcript, waiting on tasks []
2020-02-04 14:27:26.085 parsl.dataflow.dflow:714 [DEBUG]  Task 78 set to pending state with AppFuture: <AppFuture super=<AppFuture at 0x7f1bb05da780 state=pending>>
2020-02-04 14:27:26.085 parsl.dataflow.dflow:452 [INFO]  Task 78 launched on executor threads
2020-02-04 14:27:26.085 parsl.dataflow.dflow:484 [DEBUG]  Adding output dependencies
2020-02-04 14:27:26.085 parsl.dataflow.dflow:708 [INFO]  Task 79 submitted for App run_single_transcript, waiting on tasks []
2020-02-04 14:27:26.085 parsl.dataflow.dflow:714 [DEBUG]  Task 79 set to pending state with AppFuture: <AppFuture super=<AppFuture at 0x7f1bb05da940 state=pending>>
2020-02-04 14:27:26.086 parsl.dataflow.dflow:452 [INFO]  Task 79 launched on executor threads
2020-02-04 14:27:26.086 parsl.dataflow.dflow:484 [DEBUG]  Adding output dependencies
2020-02-04 14:27:26.086 parsl.dataflow.dflow:708 [INFO]  Task 80 submitted for App run_single_transcript, waiting on tasks []
2020-02-04 14:27:26.086 parsl.dataflow.dflow:714 [DEBUG]  Task 80 set to pending state with AppFuture: <AppFuture super=<AppFuture at 0x7f1bb05dab00 state=pending>>
2020-02-04 14:27:26.086 parsl.dataflow.dflow:452 [INFO]  Task 80 launched on executor threads
2020-02-04 14:27:26.086 parsl.dataflow.dflow:484 [DEBUG]  Adding output dependencies
2020-02-04 14:27:26.086 parsl.dataflow.dflow:708 [INFO]  Task 81 submitted for App run_single_transcript, waiting on tasks []
2020-02-04 14:27:26.086 parsl.dataflow.dflow:714 [DEBUG]  Task 81 set to pending state with AppFuture: <AppFuture super=<AppFuture at 0x7f1bb05dacc0 state=pending>>
2020-02-04 14:27:26.086 parsl.dataflow.dflow:452 [INFO]  Task 81 launched on executor threads
2020-02-04 14:27:26.087 parsl.dataflow.dflow:484 [DEBUG]  Adding output dependencies
2020-02-04 14:27:26.087 parsl.dataflow.dflow:708 [INFO]  Task 82 submitted for App run_single_transcript, waiting on tasks []
2020-02-04 14:27:26.087 parsl.dataflow.dflow:714 [DEBUG]  Task 82 set to pending state with AppFuture: <AppFuture super=<AppFuture at 0x7f1bb05dae80 state=pending>>
2020-02-04 14:27:26.087 parsl.dataflow.dflow:452 [INFO]  Task 82 launched on executor threads
2020-02-04 14:27:26.087 parsl.dataflow.dflow:288 [INFO]  Task 46 completed
2020-02-04 14:27:26.087 parsl.dataflow.dflow:484 [DEBUG]  Adding output dependencies
2020-02-04 14:27:26.088 parsl.dataflow.dflow:708 [INFO]  Task 83 submitted for App run_single_transcript, waiting on tasks []
2020-02-04 14:27:26.088 parsl.dataflow.dflow:714 [DEBUG]  Task 83 set to pending state with AppFuture: <AppFuture super=<AppFuture at 0x7f1bb05e6080 state=pending>>
2020-02-04 14:27:26.089 parsl.dataflow.dflow:452 [INFO]  Task 83 launched on executor threads
2020-02-04 14:27:26.088 parsl.app.bash.1580844446.087802:54 [DEBUG]  Executable: STAR --runThreadN 1 --runMode genomeGenerate --genomeDir  "/home/users/ellenrichards/test_run_1/s008_c9794_g1_i1_m1373/gd" --genomeFastaFiles "/home/users/ellenrichards/test_run_1/s008_c9794_g1_i1_m1373.fasta" --genomeSAindexNbases 2
2020-02-04 14:27:26.089 parsl.dataflow.dflow:484 [DEBUG]  Adding output dependencies
2020-02-04 14:27:26.093 parsl.dataflow.dflow:708 [INFO]  Task 84 submitted for App run_single_transcript, waiting on tasks []
2020-02-04 14:27:26.093 parsl.dataflow.dflow:714 [DEBUG]  Task 84 set to pending state with AppFuture: <AppFuture super=<AppFuture at 0x7f1bb05e6470 state=pending>>
2020-02-04 14:27:26.094 parsl.dataflow.dflow:452 [INFO]  Task 84 launched on executor threads
2020-02-04 14:27:26.094 parsl.dataflow.dflow:484 [DEBUG]  Adding output dependencies
2020-02-04 14:27:26.094 parsl.dataflow.dflow:708 [INFO]  Task 85 submitted for App run_single_transcript, waiting on tasks []
2020-02-04 14:27:26.094 parsl.dataflow.dflow:714 [DEBUG]  Task 85 set to pending state with AppFuture: <AppFuture super=<AppFuture at 0x7f1bb05e65f8 state=pending>>
2020-02-04 14:27:26.094 parsl.dataflow.dflow:452 [INFO]  Task 85 launched on executor threads
2020-02-04 14:27:26.095 parsl.dataflow.dflow:484 [DEBUG]  Adding output dependencies
2020-02-04 14:27:26.095 parsl.dataflow.dflow:708 [INFO]  Task 86 submitted for App run_single_transcript, waiting on tasks []
2020-02-04 14:27:26.095 parsl.dataflow.dflow:714 [DEBUG]  Task 86 set to pending state with AppFuture: <AppFuture super=<AppFuture at 0x7f1bb05e67b8 state=pending>>
2020-02-04 14:27:26.095 parsl.dataflow.dflow:452 [INFO]  Task 86 launched on executor threads
2020-02-04 14:27:26.095 parsl.dataflow.dflow:484 [DEBUG]  Adding output dependencies
2020-02-04 14:27:26.095 parsl.dataflow.dflow:708 [INFO]  Task 87 submitted for App run_single_transcript, waiting on tasks []
2020-02-04 14:27:26.095 parsl.dataflow.dflow:714 [DEBUG]  Task 87 set to pending state with AppFuture: <AppFuture super=<AppFuture at 0x7f1bb05e6978 state=pending>>
2020-02-04 14:27:26.096 parsl.dataflow.dflow:452 [INFO]  Task 87 launched on executor threads
2020-02-04 14:27:26.096 parsl.dataflow.dflow:484 [DEBUG]  Adding output dependencies
2020-02-04 14:27:26.096 parsl.dataflow.dflow:708 [INFO]  Task 88 submitted for App run_single_transcript, waiting on tasks []
2020-02-04 14:27:26.096 parsl.dataflow.dflow:714 [DEBUG]  Task 88 set to pending state with AppFuture: <AppFuture super=<AppFuture at 0x7f1bb05e6b38 state=pending>>
2020-02-04 14:27:26.096 parsl.dataflow.dflow:452 [INFO]  Task 88 launched on executor threads
2020-02-04 14:27:26.096 parsl.dataflow.dflow:484 [DEBUG]  Adding output dependencies
2020-02-04 14:27:26.096 parsl.dataflow.dflow:708 [INFO]  Task 89 submitted for App run_single_transcript, waiting on tasks []
2020-02-04 14:27:26.097 parsl.dataflow.dflow:714 [DEBUG]  Task 89 set to pending state with AppFuture: <AppFuture super=<AppFuture at 0x7f1bb05e6400 state=pending>>
2020-02-04 14:27:26.097 parsl.dataflow.dflow:452 [INFO]  Task 89 launched on executor threads
2020-02-04 14:27:26.097 parsl.dataflow.dflow:484 [DEBUG]  Adding output dependencies
2020-02-04 14:27:26.097 parsl.dataflow.dflow:708 [INFO]  Task 90 submitted for App run_single_transcript, waiting on tasks []
2020-02-04 14:27:26.097 parsl.dataflow.dflow:714 [DEBUG]  Task 90 set to pending state with AppFuture: <AppFuture super=<AppFuture at 0x7f1bb05e6e10 state=pending>>
2020-02-04 14:27:26.097 parsl.dataflow.dflow:452 [INFO]  Task 90 launched on executor threads
2020-02-04 14:27:26.097 parsl.dataflow.dflow:484 [DEBUG]  Adding output dependencies
2020-02-04 14:27:26.098 parsl.dataflow.dflow:708 [INFO]  Task 91 submitted for App run_single_transcript, waiting on tasks []
2020-02-04 14:27:26.098 parsl.dataflow.dflow:714 [DEBUG]  Task 91 set to pending state with AppFuture: <AppFuture super=<AppFuture at 0x7f1bb05e6fd0 state=pending>>
2020-02-04 14:27:26.098 parsl.dataflow.dflow:452 [INFO]  Task 91 launched on executor threads
2020-02-04 14:27:26.098 parsl.dataflow.dflow:484 [DEBUG]  Adding output dependencies
2020-02-04 14:27:26.098 parsl.dataflow.dflow:708 [INFO]  Task 92 submitted for App run_single_transcript, waiting on tasks []
2020-02-04 14:27:26.098 parsl.dataflow.dflow:714 [DEBUG]  Task 92 set to pending state with AppFuture: <AppFuture super=<AppFuture at 0x7f1bb056f1d0 state=pending>>
2020-02-04 14:27:26.098 parsl.dataflow.dflow:452 [INFO]  Task 92 launched on executor threads
2020-02-04 14:27:26.099 parsl.dataflow.dflow:484 [DEBUG]  Adding output dependencies
2020-02-04 14:27:26.099 parsl.dataflow.dflow:708 [INFO]  Task 93 submitted for App run_single_transcript, waiting on tasks []
2020-02-04 14:27:26.099 parsl.dataflow.dflow:714 [DEBUG]  Task 93 set to pending state with AppFuture: <AppFuture super=<AppFuture at 0x7f1bb056f390 state=pending>>
2020-02-04 14:27:26.099 parsl.dataflow.dflow:452 [INFO]  Task 93 launched on executor threads
2020-02-04 14:27:26.099 parsl.dataflow.dflow:484 [DEBUG]  Adding output dependencies
2020-02-04 14:27:26.099 parsl.dataflow.dflow:708 [INFO]  Task 94 submitted for App run_single_transcript, waiting on tasks []
2020-02-04 14:27:26.099 parsl.dataflow.dflow:714 [DEBUG]  Task 94 set to pending state with AppFuture: <AppFuture super=<AppFuture at 0x7f1bb056f550 state=pending>>
2020-02-04 14:27:26.099 parsl.dataflow.dflow:452 [INFO]  Task 94 launched on executor threads
2020-02-04 14:27:26.100 parsl.dataflow.dflow:484 [DEBUG]  Adding output dependencies
2020-02-04 14:27:26.100 parsl.dataflow.dflow:708 [INFO]  Task 95 submitted for App run_single_transcript, waiting on tasks []
2020-02-04 14:27:26.100 parsl.dataflow.dflow:714 [DEBUG]  Task 95 set to pending state with AppFuture: <AppFuture super=<AppFuture at 0x7f1bb056f710 state=pending>>
2020-02-04 14:27:26.100 parsl.dataflow.dflow:452 [INFO]  Task 95 launched on executor threads
2020-02-04 14:27:26.100 parsl.dataflow.dflow:484 [DEBUG]  Adding output dependencies
2020-02-04 14:27:26.100 parsl.dataflow.dflow:708 [INFO]  Task 96 submitted for App run_single_transcript, waiting on tasks []
2020-02-04 14:27:26.100 parsl.dataflow.dflow:714 [DEBUG]  Task 96 set to pending state with AppFuture: <AppFuture super=<AppFuture at 0x7f1bb056f8d0 state=pending>>
2020-02-04 14:27:26.101 parsl.dataflow.dflow:452 [INFO]  Task 96 launched on executor threads
2020-02-04 14:27:26.101 parsl.dataflow.dflow:484 [DEBUG]  Adding output dependencies
2020-02-04 14:27:26.101 parsl.dataflow.dflow:708 [INFO]  Task 97 submitted for App run_single_transcript, waiting on tasks []
2020-02-04 14:27:26.101 parsl.dataflow.dflow:714 [DEBUG]  Task 97 set to pending state with AppFuture: <AppFuture super=<AppFuture at 0x7f1bb056fa90 state=pending>>
2020-02-04 14:27:26.101 parsl.dataflow.dflow:452 [INFO]  Task 97 launched on executor threads
2020-02-04 14:27:26.101 parsl.dataflow.dflow:484 [DEBUG]  Adding output dependencies
2020-02-04 14:27:26.101 parsl.dataflow.dflow:708 [INFO]  Task 98 submitted for App run_single_transcript, waiting on tasks []
2020-02-04 14:27:26.101 parsl.dataflow.dflow:714 [DEBUG]  Task 98 set to pending state with AppFuture: <AppFuture super=<AppFuture at 0x7f1bb056fc50 state=pending>>
2020-02-04 14:27:26.102 parsl.dataflow.dflow:452 [INFO]  Task 98 launched on executor threads
2020-02-04 14:27:26.102 parsl.dataflow.dflow:484 [DEBUG]  Adding output dependencies
2020-02-04 14:27:26.102 parsl.dataflow.dflow:708 [INFO]  Task 99 submitted for App run_single_transcript, waiting on tasks []
2020-02-04 14:27:26.102 parsl.dataflow.dflow:714 [DEBUG]  Task 99 set to pending state with AppFuture: <AppFuture super=<AppFuture at 0x7f1bb056fe10 state=pending>>
2020-02-04 14:27:26.102 parsl.dataflow.dflow:452 [INFO]  Task 99 launched on executor threads
2020-02-04 14:27:26.102 parsl.dataflow.dflow:484 [DEBUG]  Adding output dependencies
2020-02-04 14:27:26.102 parsl.dataflow.dflow:708 [INFO]  Task 100 submitted for App run_single_transcript, waiting on tasks []
2020-02-04 14:27:26.102 parsl.dataflow.dflow:714 [DEBUG]  Task 100 set to pending state with AppFuture: <AppFuture super=<AppFuture at 0x7f1bb056ffd0 state=pending>>
2020-02-04 14:27:26.103 parsl.dataflow.dflow:452 [INFO]  Task 100 launched on executor threads
2020-02-04 14:27:26.103 parsl.dataflow.dflow:484 [DEBUG]  Adding output dependencies
2020-02-04 14:27:26.103 parsl.dataflow.dflow:708 [INFO]  Task 101 submitted for App run_single_transcript, waiting on tasks []
2020-02-04 14:27:26.103 parsl.dataflow.dflow:714 [DEBUG]  Task 101 set to pending state with AppFuture: <AppFuture super=<AppFuture at 0x7f1bb05791d0 state=pending>>
2020-02-04 14:27:26.103 parsl.dataflow.dflow:452 [INFO]  Task 101 launched on executor threads
2020-02-04 14:27:26.103 parsl.dataflow.dflow:484 [DEBUG]  Adding output dependencies
2020-02-04 14:27:26.103 parsl.dataflow.dflow:708 [INFO]  Task 102 submitted for App run_single_transcript, waiting on tasks []
2020-02-04 14:27:26.103 parsl.dataflow.dflow:714 [DEBUG]  Task 102 set to pending state with AppFuture: <AppFuture super=<AppFuture at 0x7f1bb0579390 state=pending>>
2020-02-04 14:27:26.104 parsl.dataflow.dflow:452 [INFO]  Task 102 launched on executor threads
2020-02-04 14:27:26.104 parsl.dataflow.dflow:484 [DEBUG]  Adding output dependencies
2020-02-04 14:27:26.104 parsl.dataflow.dflow:708 [INFO]  Task 103 submitted for App run_single_transcript, waiting on tasks []
2020-02-04 14:27:26.104 parsl.dataflow.dflow:714 [DEBUG]  Task 103 set to pending state with AppFuture: <AppFuture super=<AppFuture at 0x7f1bb0579550 state=pending>>
2020-02-04 14:27:26.104 parsl.dataflow.dflow:452 [INFO]  Task 103 launched on executor threads
2020-02-04 14:27:26.104 parsl.dataflow.dflow:484 [DEBUG]  Adding output dependencies
2020-02-04 14:27:26.104 parsl.dataflow.dflow:708 [INFO]  Task 104 submitted for App run_single_transcript, waiting on tasks []
2020-02-04 14:27:26.104 parsl.dataflow.dflow:714 [DEBUG]  Task 104 set to pending state with AppFuture: <AppFuture super=<AppFuture at 0x7f1bb0579710 state=pending>>
2020-02-04 14:27:26.105 parsl.dataflow.dflow:452 [INFO]  Task 104 launched on executor threads
2020-02-04 14:27:26.105 parsl.dataflow.dflow:484 [DEBUG]  Adding output dependencies
2020-02-04 14:27:26.105 parsl.dataflow.dflow:708 [INFO]  Task 105 submitted for App run_single_transcript, waiting on tasks []
2020-02-04 14:27:26.105 parsl.dataflow.dflow:714 [DEBUG]  Task 105 set to pending state with AppFuture: <AppFuture super=<AppFuture at 0x7f1bb05798d0 state=pending>>
2020-02-04 14:27:26.105 parsl.dataflow.dflow:452 [INFO]  Task 105 launched on executor threads
2020-02-04 14:27:26.105 parsl.dataflow.dflow:484 [DEBUG]  Adding output dependencies
2020-02-04 14:27:26.105 parsl.dataflow.dflow:708 [INFO]  Task 106 submitted for App run_single_transcript, waiting on tasks []
2020-02-04 14:27:26.105 parsl.dataflow.dflow:714 [DEBUG]  Task 106 set to pending state with AppFuture: <AppFuture super=<AppFuture at 0x7f1bb0579a90 state=pending>>
2020-02-04 14:27:26.106 parsl.dataflow.dflow:452 [INFO]  Task 106 launched on executor threads
2020-02-04 14:27:26.106 parsl.dataflow.dflow:484 [DEBUG]  Adding output dependencies
2020-02-04 14:27:26.106 parsl.dataflow.dflow:708 [INFO]  Task 107 submitted for App run_single_transcript, waiting on tasks []
2020-02-04 14:27:26.106 parsl.dataflow.dflow:714 [DEBUG]  Task 107 set to pending state with AppFuture: <AppFuture super=<AppFuture at 0x7f1bb0579c50 state=pending>>
2020-02-04 14:27:26.106 parsl.dataflow.dflow:452 [INFO]  Task 107 launched on executor threads
2020-02-04 14:27:26.106 parsl.dataflow.dflow:484 [DEBUG]  Adding output dependencies
2020-02-04 14:27:26.106 parsl.dataflow.dflow:708 [INFO]  Task 108 submitted for App run_single_transcript, waiting on tasks []
2020-02-04 14:27:26.106 parsl.dataflow.dflow:714 [DEBUG]  Task 108 set to pending state with AppFuture: <AppFuture super=<AppFuture at 0x7f1bb0579e10 state=pending>>
2020-02-04 14:27:26.107 parsl.dataflow.dflow:452 [INFO]  Task 108 launched on executor threads
2020-02-04 14:27:26.107 parsl.dataflow.dflow:288 [INFO]  Task 48 completed
2020-02-04 14:27:26.107 parsl.dataflow.dflow:484 [DEBUG]  Adding output dependencies
2020-02-04 14:27:26.107 parsl.dataflow.dflow:708 [INFO]  Task 109 submitted for App run_single_transcript, waiting on tasks []
2020-02-04 14:27:26.107 parsl.dataflow.dflow:714 [DEBUG]  Task 109 set to pending state with AppFuture: <AppFuture super=<AppFuture at 0x7f1bb0579fd0 state=pending>>
2020-02-04 14:27:26.108 parsl.dataflow.dflow:452 [INFO]  Task 109 launched on executor threads
2020-02-04 14:27:26.108 parsl.dataflow.dflow:484 [DEBUG]  Adding output dependencies
2020-02-04 14:27:26.108 parsl.dataflow.dflow:708 [INFO]  Task 110 submitted for App run_single_transcript, waiting on tasks []
2020-02-04 14:27:26.108 parsl.dataflow.dflow:714 [DEBUG]  Task 110 set to pending state with AppFuture: <AppFuture super=<AppFuture at 0x7f1bb0583128 state=pending>>
2020-02-04 14:27:26.108 parsl.dataflow.dflow:452 [INFO]  Task 110 launched on executor threads
2020-02-04 14:27:26.108 parsl.dataflow.dflow:484 [DEBUG]  Adding output dependencies
2020-02-04 14:27:26.109 parsl.dataflow.dflow:484 [DEBUG]  Adding output dependencies
2020-02-04 14:27:26.109 parsl.dataflow.dflow:708 [INFO]  Task 111 submitted for App star_index, waiting on tasks []
2020-02-04 14:27:26.109 parsl.dataflow.dflow:708 [INFO]  Task 112 submitted for App run_single_transcript, waiting on tasks []
2020-02-04 14:27:26.109 parsl.dataflow.dflow:714 [DEBUG]  Task 111 set to pending state with AppFuture: <AppFuture super=<AppFuture at 0x7f1bb0583470 state=pending>>
2020-02-04 14:27:26.109 parsl.dataflow.dflow:714 [DEBUG]  Task 112 set to pending state with AppFuture: <AppFuture super=<AppFuture at 0x7f1bb0583390 state=pending>>
2020-02-04 14:27:26.109 parsl.dataflow.dflow:452 [INFO]  Task 111 launched on executor threads
2020-02-04 14:27:26.110 parsl.dataflow.dflow:452 [INFO]  Task 112 launched on executor threads
2020-02-04 14:27:26.110 parsl.dataflow.dflow:484 [DEBUG]  Adding output dependencies
2020-02-04 14:27:26.110 parsl.dataflow.dflow:708 [INFO]  Task 113 submitted for App run_single_transcript, waiting on tasks []
2020-02-04 14:27:26.110 parsl.dataflow.dflow:714 [DEBUG]  Task 113 set to pending state with AppFuture: <AppFuture super=<AppFuture at 0x7f1bb0583780 state=pending>>
2020-02-04 14:27:26.110 parsl.dataflow.dflow:452 [INFO]  Task 113 launched on executor threads
2020-02-04 14:27:26.110 parsl.dataflow.dflow:484 [DEBUG]  Adding output dependencies
2020-02-04 14:27:26.110 parsl.dataflow.dflow:708 [INFO]  Task 114 submitted for App run_single_transcript, waiting on tasks []
2020-02-04 14:27:26.111 parsl.dataflow.dflow:714 [DEBUG]  Task 114 set to pending state with AppFuture: <AppFuture super=<AppFuture at 0x7f1bb05838d0 state=pending>>
2020-02-04 14:27:26.111 parsl.dataflow.dflow:452 [INFO]  Task 114 launched on executor threads
2020-02-04 14:27:26.111 parsl.dataflow.dflow:484 [DEBUG]  Adding output dependencies
2020-02-04 14:27:26.111 parsl.dataflow.dflow:708 [INFO]  Task 115 submitted for App run_single_transcript, waiting on tasks []
2020-02-04 14:27:26.111 parsl.dataflow.dflow:714 [DEBUG]  Task 115 set to pending state with AppFuture: <AppFuture super=<AppFuture at 0x7f1bb0583a90 state=pending>>
2020-02-04 14:27:26.111 parsl.dataflow.dflow:452 [INFO]  Task 115 launched on executor threads
2020-02-04 14:27:26.111 parsl.dataflow.dflow:484 [DEBUG]  Adding output dependencies
2020-02-04 14:27:26.111 parsl.dataflow.dflow:708 [INFO]  Task 116 submitted for App run_single_transcript, waiting on tasks []
2020-02-04 14:27:26.112 parsl.dataflow.dflow:714 [DEBUG]  Task 116 set to pending state with AppFuture: <AppFuture super=<AppFuture at 0x7f1bb0583c50 state=pending>>
2020-02-04 14:27:26.112 parsl.dataflow.dflow:452 [INFO]  Task 116 launched on executor threads
2020-02-04 14:27:26.112 parsl.dataflow.dflow:484 [DEBUG]  Adding output dependencies
2020-02-04 14:27:26.112 parsl.dataflow.dflow:708 [INFO]  Task 117 submitted for App run_single_transcript, waiting on tasks []
2020-02-04 14:27:26.112 parsl.dataflow.dflow:714 [DEBUG]  Task 117 set to pending state with AppFuture: <AppFuture super=<AppFuture at 0x7f1bb0583e10 state=pending>>
2020-02-04 14:27:26.112 parsl.dataflow.dflow:452 [INFO]  Task 117 launched on executor threads
2020-02-04 14:27:26.112 parsl.dataflow.dflow:484 [DEBUG]  Adding output dependencies
2020-02-04 14:27:26.112 parsl.dataflow.dflow:708 [INFO]  Task 118 submitted for App run_single_transcript, waiting on tasks []
2020-02-04 14:27:26.113 parsl.dataflow.dflow:714 [DEBUG]  Task 118 set to pending state with AppFuture: <AppFuture super=<AppFuture at 0x7f1bb0583fd0 state=pending>>
2020-02-04 14:27:26.113 parsl.dataflow.dflow:452 [INFO]  Task 118 launched on executor threads
2020-02-04 14:27:26.113 parsl.dataflow.dflow:484 [DEBUG]  Adding output dependencies
2020-02-04 14:27:26.113 parsl.dataflow.dflow:708 [INFO]  Task 119 submitted for App run_single_transcript, waiting on tasks []
2020-02-04 14:27:26.113 parsl.dataflow.dflow:714 [DEBUG]  Task 119 set to pending state with AppFuture: <AppFuture super=<AppFuture at 0x7f1bb058f1d0 state=pending>>
2020-02-04 14:27:26.113 parsl.dataflow.dflow:452 [INFO]  Task 119 launched on executor threads
2020-02-04 14:27:26.113 parsl.dataflow.dflow:484 [DEBUG]  Adding output dependencies
2020-02-04 14:27:26.113 parsl.dataflow.dflow:708 [INFO]  Task 120 submitted for App run_single_transcript, waiting on tasks []
2020-02-04 14:27:26.113 parsl.dataflow.dflow:714 [DEBUG]  Task 120 set to pending state with AppFuture: <AppFuture super=<AppFuture at 0x7f1bb058f390 state=pending>>
2020-02-04 14:27:26.114 parsl.dataflow.dflow:452 [INFO]  Task 120 launched on executor threads
2020-02-04 14:27:26.114 parsl.dataflow.dflow:484 [DEBUG]  Adding output dependencies
2020-02-04 14:27:26.114 parsl.dataflow.dflow:708 [INFO]  Task 121 submitted for App run_single_transcript, waiting on tasks []
2020-02-04 14:27:26.114 parsl.dataflow.dflow:714 [DEBUG]  Task 121 set to pending state with AppFuture: <AppFuture super=<AppFuture at 0x7f1bb058f550 state=pending>>
2020-02-04 14:27:26.114 parsl.dataflow.dflow:452 [INFO]  Task 121 launched on executor threads
2020-02-04 14:27:26.114 parsl.dataflow.dflow:484 [DEBUG]  Adding output dependencies
2020-02-04 14:27:26.114 parsl.dataflow.dflow:708 [INFO]  Task 122 submitted for App run_single_transcript, waiting on tasks []
2020-02-04 14:27:26.114 parsl.dataflow.dflow:714 [DEBUG]  Task 122 set to pending state with AppFuture: <AppFuture super=<AppFuture at 0x7f1bb058f710 state=pending>>
2020-02-04 14:27:26.115 parsl.dataflow.dflow:452 [INFO]  Task 122 launched on executor threads
2020-02-04 14:27:26.115 parsl.dataflow.dflow:484 [DEBUG]  Adding output dependencies
2020-02-04 14:27:26.115 parsl.dataflow.dflow:708 [INFO]  Task 123 submitted for App run_single_transcript, waiting on tasks []
2020-02-04 14:27:26.115 parsl.dataflow.dflow:714 [DEBUG]  Task 123 set to pending state with AppFuture: <AppFuture super=<AppFuture at 0x7f1bb058f8d0 state=pending>>
2020-02-04 14:27:26.115 parsl.dataflow.dflow:452 [INFO]  Task 123 launched on executor threads
2020-02-04 14:27:26.115 parsl.dataflow.dflow:484 [DEBUG]  Adding output dependencies
2020-02-04 14:27:26.115 parsl.dataflow.dflow:708 [INFO]  Task 124 submitted for App run_single_transcript, waiting on tasks []
2020-02-04 14:27:26.115 parsl.dataflow.dflow:714 [DEBUG]  Task 124 set to pending state with AppFuture: <AppFuture super=<AppFuture at 0x7f1bb058fa90 state=pending>>
2020-02-04 14:27:26.115 parsl.dataflow.dflow:452 [INFO]  Task 124 launched on executor threads
2020-02-04 14:27:26.116 parsl.dataflow.dflow:484 [DEBUG]  Adding output dependencies
2020-02-04 14:27:26.116 parsl.dataflow.dflow:708 [INFO]  Task 125 submitted for App run_single_transcript, waiting on tasks []
2020-02-04 14:27:26.116 parsl.dataflow.dflow:714 [DEBUG]  Task 125 set to pending state with AppFuture: <AppFuture super=<AppFuture at 0x7f1bb058fc50 state=pending>>
2020-02-04 14:27:26.116 parsl.dataflow.dflow:452 [INFO]  Task 125 launched on executor threads
2020-02-04 14:27:26.116 parsl.dataflow.dflow:484 [DEBUG]  Adding output dependencies
2020-02-04 14:27:26.116 parsl.dataflow.dflow:708 [INFO]  Task 126 submitted for App run_single_transcript, waiting on tasks []
2020-02-04 14:27:26.116 parsl.dataflow.dflow:714 [DEBUG]  Task 126 set to pending state with AppFuture: <AppFuture super=<AppFuture at 0x7f1bb058fe10 state=pending>>
2020-02-04 14:27:26.116 parsl.dataflow.dflow:452 [INFO]  Task 126 launched on executor threads
2020-02-04 14:27:26.116 parsl.dataflow.dflow:484 [DEBUG]  Adding output dependencies
2020-02-04 14:27:26.117 parsl.dataflow.dflow:708 [INFO]  Task 127 submitted for App run_single_transcript, waiting on tasks []
2020-02-04 14:27:26.117 parsl.dataflow.dflow:714 [DEBUG]  Task 127 set to pending state with AppFuture: <AppFuture super=<AppFuture at 0x7f1bb058ffd0 state=pending>>
2020-02-04 14:27:26.117 parsl.dataflow.dflow:452 [INFO]  Task 127 launched on executor threads
2020-02-04 14:27:26.117 parsl.dataflow.dflow:484 [DEBUG]  Adding output dependencies
2020-02-04 14:27:26.117 parsl.dataflow.dflow:708 [INFO]  Task 128 submitted for App run_single_transcript, waiting on tasks []
2020-02-04 14:27:26.117 parsl.dataflow.dflow:714 [DEBUG]  Task 128 set to pending state with AppFuture: <AppFuture super=<AppFuture at 0x7f1bb05991d0 state=pending>>
2020-02-04 14:27:26.117 parsl.dataflow.dflow:452 [INFO]  Task 128 launched on executor threads
2020-02-04 14:27:26.117 parsl.dataflow.dflow:484 [DEBUG]  Adding output dependencies
2020-02-04 14:27:26.117 parsl.dataflow.dflow:708 [INFO]  Task 129 submitted for App run_single_transcript, waiting on tasks []
2020-02-04 14:27:26.118 parsl.dataflow.dflow:714 [DEBUG]  Task 129 set to pending state with AppFuture: <AppFuture super=<AppFuture at 0x7f1bb0599390 state=pending>>
2020-02-04 14:27:26.118 parsl.dataflow.dflow:452 [INFO]  Task 129 launched on executor threads
2020-02-04 14:27:26.118 parsl.dataflow.dflow:484 [DEBUG]  Adding output dependencies
2020-02-04 14:27:26.118 parsl.dataflow.dflow:708 [INFO]  Task 130 submitted for App run_single_transcript, waiting on tasks []
2020-02-04 14:27:26.118 parsl.dataflow.dflow:714 [DEBUG]  Task 130 set to pending state with AppFuture: <AppFuture super=<AppFuture at 0x7f1bb0599550 state=pending>>
2020-02-04 14:27:26.118 parsl.dataflow.dflow:452 [INFO]  Task 130 launched on executor threads
2020-02-04 14:27:26.118 parsl.dataflow.dflow:484 [DEBUG]  Adding output dependencies
2020-02-04 14:27:26.118 parsl.dataflow.dflow:708 [INFO]  Task 131 submitted for App run_single_transcript, waiting on tasks []
2020-02-04 14:27:26.118 parsl.dataflow.dflow:714 [DEBUG]  Task 131 set to pending state with AppFuture: <AppFuture super=<AppFuture at 0x7f1bb0599710 state=pending>>
2020-02-04 14:27:26.119 parsl.dataflow.dflow:452 [INFO]  Task 131 launched on executor threads
2020-02-04 14:27:26.119 parsl.dataflow.dflow:484 [DEBUG]  Adding output dependencies
2020-02-04 14:27:26.119 parsl.dataflow.dflow:708 [INFO]  Task 132 submitted for App run_single_transcript, waiting on tasks []
2020-02-04 14:27:26.119 parsl.dataflow.dflow:714 [DEBUG]  Task 132 set to pending state with AppFuture: <AppFuture super=<AppFuture at 0x7f1bb05998d0 state=pending>>
2020-02-04 14:27:26.119 parsl.dataflow.dflow:452 [INFO]  Task 132 launched on executor threads
2020-02-04 14:27:26.119 parsl.dataflow.dflow:864 [INFO]  DFK cleanup initiated
2020-02-04 14:27:26.120 parsl.dataflow.dflow:750 [INFO]  Summary of tasks in DFK:
2020-02-04 14:27:26.120 parsl.dataflow.dflow:781 [INFO]  Tasks in state States.done: 3, 5, 6, 7, 10, 12, 13, 16, 18, 19, 23, 25, 26, 27, 30, 32, 33, 37, 38, 39, 42, 43, 46, 48
2020-02-04 14:27:26.120 parsl.dataflow.dflow:781 [INFO]  Tasks in state States.failed: 4, 11, 17, 24, 31, 36
2020-02-04 14:27:26.120 parsl.dataflow.dflow:781 [INFO]  Tasks in state States.launched: 0, 1, 2, 8, 9, 14, 15, 20, 21, 22, 28, 29, 34, 35, 40, 41, 44, 45, 47, 49, 50, 51, 52, 53, 54, 55, 56, 57, 58, 59, 60, 61, 62, 63, 64, 65, 66, 67, 68, 69, 70, 71, 72, 73, 74, 75, 76, 77, 78, 79, 80, 81, 82, 83, 84, 85, 86, 87, 88, 89, 90, 91, 92, 93, 94, 95, 96, 97, 98, 99, 100, 101, 102, 103, 104, 105, 106, 107, 108, 109, 110, 111, 112, 113, 114, 115, 116, 117, 118, 119, 120, 121, 122, 123, 124, 125, 126, 127, 128, 129, 130, 131, 132
2020-02-04 14:27:26.120 parsl.dataflow.dflow:788 [INFO]  End of summary
2020-02-04 14:27:26.121 parsl.dataflow.dflow:888 [INFO]  Terminating flow_control and strategy threads
2020-02-04 14:27:26.121 parsl.executors.threads:96 [DEBUG]  Done with executor shutdown
2020-02-04 14:27:26.121 parsl.executors.threads:96 [DEBUG]  Done with executor shutdown
2020-02-04 14:27:26.121 parsl.dataflow.dflow:920 [INFO]  DFK cleanup complete
