2020-02-04 14:13:16.881 parsl.dataflow.dflow:83 [DEBUG]  Starting DataFlowKernel with config
Config(
    app_cache=True, 
    checkpoint_files=None, 
    checkpoint_mode=None, 
    checkpoint_period=None, 
    data_management_max_threads=10, 
    executors=[ThreadPoolExecutor(
        label='threads', 
        managed=True, 
        max_threads=20, 
        storage_access=None, 
        thread_name_prefix='', 
        working_dir=None
    )], 
    initialize_logging=True, 
    lazy_errors=True, 
    max_idletime=120.0, 
    monitoring=None, 
    retries=0, 
    run_dir='runinfo', 
    strategy='simple', 
    usage_tracking=False
)
2020-02-04 14:13:16.881 parsl.dataflow.dflow:84 [INFO]  Parsl version: 0.9.0
2020-02-04 14:13:16.881 parsl.dataflow.usage_tracking.usage:126 [DEBUG]  Tracking status: False
2020-02-04 14:13:16.882 parsl.dataflow.usage_tracking.usage:127 [DEBUG]  Testing mode   : False
2020-02-04 14:13:16.882 parsl.dataflow.dflow:110 [INFO]  Run id is: ff103894-8117-474d-921a-1837033d73c4
2020-02-04 14:13:16.962 parsl.dataflow.memoization:52 [INFO]  App caching initialized
2020-02-04 14:13:16.962 parsl.dataflow.strategy:125 [DEBUG]  Scaling strategy: simple
2020-02-04 14:13:17.048 parsl.dataflow.dflow:484 [DEBUG]  Adding output dependencies
2020-02-04 14:13:17.049 parsl.dataflow.dflow:708 [INFO]  Task 0 submitted for App run_single_transcript, waiting on tasks []
2020-02-04 14:13:17.049 parsl.dataflow.dflow:714 [DEBUG]  Task 0 set to pending state with AppFuture: <AppFuture super=<AppFuture at 0x7f003eb0f278 state=pending>>
2020-02-04 14:13:17.049 parsl.dataflow.dflow:452 [INFO]  Task 0 launched on executor threads
2020-02-04 14:13:17.050 parsl.dataflow.dflow:484 [DEBUG]  Adding output dependencies
2020-02-04 14:13:17.050 parsl.dataflow.dflow:708 [INFO]  Task 1 submitted for App run_single_transcript, waiting on tasks []
2020-02-04 14:13:17.050 parsl.dataflow.dflow:714 [DEBUG]  Task 1 set to pending state with AppFuture: <AppFuture super=<AppFuture at 0x7f003eb0f5f8 state=pending>>
2020-02-04 14:13:17.051 parsl.dataflow.dflow:452 [INFO]  Task 1 launched on executor threads
2020-02-04 14:13:17.053 parsl.dataflow.dflow:484 [DEBUG]  Adding output dependencies
2020-02-04 14:13:17.054 parsl.dataflow.dflow:708 [INFO]  Task 2 submitted for App run_single_transcript, waiting on tasks []
2020-02-04 14:13:17.054 parsl.dataflow.dflow:714 [DEBUG]  Task 2 set to pending state with AppFuture: <AppFuture super=<AppFuture at 0x7f003eb0f748 state=pending>>
2020-02-04 14:13:17.058 parsl.dataflow.dflow:452 [INFO]  Task 2 launched on executor threads
2020-02-04 14:13:17.059 parsl.dataflow.dflow:484 [DEBUG]  Adding output dependencies
2020-02-04 14:13:17.059 parsl.dataflow.dflow:708 [INFO]  Task 3 submitted for App run_single_transcript, waiting on tasks []
2020-02-04 14:13:17.059 parsl.dataflow.dflow:714 [DEBUG]  Task 3 set to pending state with AppFuture: <AppFuture super=<AppFuture at 0x7f003eb0fb38 state=pending>>
2020-02-04 14:13:17.060 parsl.dataflow.dflow:452 [INFO]  Task 3 launched on executor threads
2020-02-04 14:13:17.060 parsl.dataflow.dflow:484 [DEBUG]  Adding output dependencies
2020-02-04 14:13:17.060 parsl.dataflow.dflow:708 [INFO]  Task 4 submitted for App run_single_transcript, waiting on tasks []
2020-02-04 14:13:17.063 parsl.dataflow.dflow:714 [DEBUG]  Task 4 set to pending state with AppFuture: <AppFuture super=<AppFuture at 0x7f003eb0fe80 state=pending>>
2020-02-04 14:13:17.065 parsl.dataflow.dflow:452 [INFO]  Task 4 launched on executor threads
2020-02-04 14:13:17.065 parsl.dataflow.dflow:484 [DEBUG]  Adding output dependencies
2020-02-04 14:13:17.066 parsl.dataflow.dflow:708 [INFO]  Task 5 submitted for App run_single_transcript, waiting on tasks []
2020-02-04 14:13:17.066 parsl.dataflow.dflow:714 [DEBUG]  Task 5 set to pending state with AppFuture: <AppFuture super=<AppFuture at 0x7f003eb48198 state=pending>>
2020-02-04 14:13:17.066 parsl.dataflow.dflow:452 [INFO]  Task 5 launched on executor threads
2020-02-04 14:13:17.069 parsl.dataflow.dflow:484 [DEBUG]  Adding output dependencies
2020-02-04 14:13:17.070 parsl.dataflow.dflow:708 [INFO]  Task 6 submitted for App run_single_transcript, waiting on tasks []
2020-02-04 14:13:17.070 parsl.dataflow.dflow:714 [DEBUG]  Task 6 set to pending state with AppFuture: <AppFuture super=<AppFuture at 0x7f003eb48358 state=pending>>
2020-02-04 14:13:17.073 parsl.dataflow.dflow:452 [INFO]  Task 6 launched on executor threads
2020-02-04 14:13:17.074 parsl.dataflow.dflow:484 [DEBUG]  Adding output dependencies
2020-02-04 14:13:17.074 parsl.dataflow.dflow:708 [INFO]  Task 7 submitted for App run_single_transcript, waiting on tasks []
2020-02-04 14:13:17.074 parsl.dataflow.dflow:714 [DEBUG]  Task 7 set to pending state with AppFuture: <AppFuture super=<AppFuture at 0x7f003eb487b8 state=pending>>
2020-02-04 14:13:17.075 parsl.dataflow.dflow:452 [INFO]  Task 7 launched on executor threads
2020-02-04 14:13:17.076 parsl.dataflow.dflow:484 [DEBUG]  Adding output dependencies
2020-02-04 14:13:17.076 parsl.dataflow.dflow:708 [INFO]  Task 8 submitted for App run_single_transcript, waiting on tasks []
2020-02-04 14:13:17.076 parsl.dataflow.dflow:714 [DEBUG]  Task 8 set to pending state with AppFuture: <AppFuture super=<AppFuture at 0x7f003eb48b00 state=pending>>
2020-02-04 14:13:17.084 parsl.dataflow.dflow:452 [INFO]  Task 8 launched on executor threads
2020-02-04 14:13:17.087 parsl.dataflow.dflow:484 [DEBUG]  Adding output dependencies
2020-02-04 14:13:17.087 parsl.dataflow.dflow:708 [INFO]  Task 9 submitted for App run_single_transcript, waiting on tasks []
2020-02-04 14:13:17.088 parsl.dataflow.dflow:714 [DEBUG]  Task 9 set to pending state with AppFuture: <AppFuture super=<AppFuture at 0x7f003eb48be0 state=pending>>
2020-02-04 14:13:17.091 parsl.dataflow.dflow:452 [INFO]  Task 9 launched on executor threads
2020-02-04 14:13:17.092 parsl.dataflow.dflow:484 [DEBUG]  Adding output dependencies
2020-02-04 14:13:17.092 parsl.dataflow.dflow:708 [INFO]  Task 10 submitted for App run_single_transcript, waiting on tasks []
2020-02-04 14:13:17.092 parsl.dataflow.dflow:714 [DEBUG]  Task 10 set to pending state with AppFuture: <AppFuture super=<AppFuture at 0x7f003eb48f60 state=pending>>
2020-02-04 14:13:17.093 parsl.dataflow.dflow:452 [INFO]  Task 10 launched on executor threads
2020-02-04 14:13:17.093 parsl.dataflow.dflow:484 [DEBUG]  Adding output dependencies
2020-02-04 14:13:17.093 parsl.dataflow.dflow:708 [INFO]  Task 11 submitted for App run_single_transcript, waiting on tasks []
2020-02-04 14:13:17.093 parsl.dataflow.dflow:714 [DEBUG]  Task 11 set to pending state with AppFuture: <AppFuture super=<AppFuture at 0x7f003eb17438 state=pending>>
2020-02-04 14:13:17.101 parsl.dataflow.dflow:452 [INFO]  Task 11 launched on executor threads
2020-02-04 14:13:17.102 parsl.dataflow.dflow:484 [DEBUG]  Adding output dependencies
2020-02-04 14:13:17.102 parsl.dataflow.dflow:708 [INFO]  Task 12 submitted for App run_single_transcript, waiting on tasks []
2020-02-04 14:13:17.102 parsl.dataflow.dflow:714 [DEBUG]  Task 12 set to pending state with AppFuture: <AppFuture super=<AppFuture at 0x7f003eb17748 state=pending>>
2020-02-04 14:13:17.107 parsl.dataflow.dflow:452 [INFO]  Task 12 launched on executor threads
2020-02-04 14:13:17.108 parsl.dataflow.dflow:484 [DEBUG]  Adding output dependencies
2020-02-04 14:13:17.108 parsl.dataflow.dflow:708 [INFO]  Task 13 submitted for App run_single_transcript, waiting on tasks []
2020-02-04 14:13:17.108 parsl.dataflow.dflow:714 [DEBUG]  Task 13 set to pending state with AppFuture: <AppFuture super=<AppFuture at 0x7f003eb178d0 state=pending>>
2020-02-04 14:13:17.112 parsl.dataflow.dflow:452 [INFO]  Task 13 launched on executor threads
2020-02-04 14:13:17.113 parsl.dataflow.dflow:484 [DEBUG]  Adding output dependencies
2020-02-04 14:13:17.113 parsl.dataflow.dflow:708 [INFO]  Task 14 submitted for App run_single_transcript, waiting on tasks []
2020-02-04 14:13:17.113 parsl.dataflow.dflow:714 [DEBUG]  Task 14 set to pending state with AppFuture: <AppFuture super=<AppFuture at 0x7f003eb17d68 state=pending>>
2020-02-04 14:13:17.117 parsl.dataflow.dflow:452 [INFO]  Task 14 launched on executor threads
2020-02-04 14:13:17.118 parsl.dataflow.dflow:484 [DEBUG]  Adding output dependencies
2020-02-04 14:13:17.118 parsl.dataflow.dflow:708 [INFO]  Task 15 submitted for App run_single_transcript, waiting on tasks []
2020-02-04 14:13:17.118 parsl.dataflow.dflow:714 [DEBUG]  Task 15 set to pending state with AppFuture: <AppFuture super=<AppFuture at 0x7f003eb300b8 state=pending>>
2020-02-04 14:13:17.119 parsl.dataflow.dflow:452 [INFO]  Task 15 launched on executor threads
2020-02-04 14:13:17.122 parsl.dataflow.dflow:484 [DEBUG]  Adding output dependencies
2020-02-04 14:13:17.122 parsl.dataflow.dflow:708 [INFO]  Task 16 submitted for App run_single_transcript, waiting on tasks []
2020-02-04 14:13:17.123 parsl.dataflow.dflow:714 [DEBUG]  Task 16 set to pending state with AppFuture: <AppFuture super=<AppFuture at 0x7f003eb30240 state=pending>>
2020-02-04 14:13:17.124 parsl.dataflow.dflow:452 [INFO]  Task 16 launched on executor threads
2020-02-04 14:13:17.124 parsl.dataflow.dflow:484 [DEBUG]  Adding output dependencies
2020-02-04 14:13:17.124 parsl.dataflow.dflow:708 [INFO]  Task 17 submitted for App run_single_transcript, waiting on tasks []
2020-02-04 14:13:17.125 parsl.dataflow.dflow:714 [DEBUG]  Task 17 set to pending state with AppFuture: <AppFuture super=<AppFuture at 0x7f003eb30710 state=pending>>
2020-02-04 14:13:17.133 parsl.dataflow.dflow:452 [INFO]  Task 17 launched on executor threads
2020-02-04 14:13:17.133 parsl.dataflow.dflow:484 [DEBUG]  Adding output dependencies
2020-02-04 14:13:17.134 parsl.dataflow.dflow:708 [INFO]  Task 18 submitted for App run_single_transcript, waiting on tasks []
2020-02-04 14:13:17.134 parsl.dataflow.dflow:714 [DEBUG]  Task 18 set to pending state with AppFuture: <AppFuture super=<AppFuture at 0x7f003eb309e8 state=pending>>
2020-02-04 14:13:17.135 parsl.dataflow.dflow:452 [INFO]  Task 18 launched on executor threads
2020-02-04 14:13:17.139 parsl.dataflow.dflow:484 [DEBUG]  Adding output dependencies
2020-02-04 14:13:17.139 parsl.dataflow.dflow:708 [INFO]  Task 19 submitted for App run_single_transcript, waiting on tasks []
2020-02-04 14:13:17.140 parsl.dataflow.dflow:714 [DEBUG]  Task 19 set to pending state with AppFuture: <AppFuture super=<AppFuture at 0x7f003eb30d30 state=pending>>
2020-02-04 14:13:17.141 parsl.dataflow.dflow:452 [INFO]  Task 19 launched on executor threads
2020-02-04 14:13:17.141 parsl.dataflow.dflow:484 [DEBUG]  Adding output dependencies
2020-02-04 14:13:17.141 parsl.dataflow.dflow:708 [INFO]  Task 20 submitted for App run_single_transcript, waiting on tasks []
2020-02-04 14:13:17.146 parsl.dataflow.dflow:714 [DEBUG]  Task 20 set to pending state with AppFuture: <AppFuture super=<AppFuture at 0x7f003eb30e80 state=pending>>
2020-02-04 14:13:17.147 parsl.dataflow.dflow:452 [INFO]  Task 20 launched on executor threads
2020-02-04 14:13:17.147 parsl.dataflow.dflow:484 [DEBUG]  Adding output dependencies
2020-02-04 14:13:17.147 parsl.dataflow.dflow:708 [INFO]  Task 21 submitted for App run_single_transcript, waiting on tasks []
2020-02-04 14:13:17.150 parsl.dataflow.dflow:714 [DEBUG]  Task 21 set to pending state with AppFuture: <AppFuture super=<AppFuture at 0x7f003eb3c278 state=pending>>
2020-02-04 14:13:17.151 parsl.dataflow.dflow:452 [INFO]  Task 21 launched on executor threads
2020-02-04 14:13:17.151 parsl.dataflow.dflow:484 [DEBUG]  Adding output dependencies
2020-02-04 14:13:17.151 parsl.dataflow.dflow:708 [INFO]  Task 22 submitted for App run_single_transcript, waiting on tasks []
2020-02-04 14:13:17.151 parsl.dataflow.dflow:714 [DEBUG]  Task 22 set to pending state with AppFuture: <AppFuture super=<AppFuture at 0x7f003eb3c400 state=pending>>
2020-02-04 14:13:17.151 parsl.dataflow.dflow:452 [INFO]  Task 22 launched on executor threads
2020-02-04 14:13:17.152 parsl.dataflow.dflow:484 [DEBUG]  Adding output dependencies
2020-02-04 14:13:17.152 parsl.dataflow.dflow:708 [INFO]  Task 23 submitted for App run_single_transcript, waiting on tasks []
2020-02-04 14:13:17.152 parsl.dataflow.dflow:714 [DEBUG]  Task 23 set to pending state with AppFuture: <AppFuture super=<AppFuture at 0x7f003eb3c5c0 state=pending>>
2020-02-04 14:13:17.152 parsl.dataflow.dflow:452 [INFO]  Task 23 launched on executor threads
2020-02-04 14:13:17.152 parsl.dataflow.dflow:484 [DEBUG]  Adding output dependencies
2020-02-04 14:13:17.152 parsl.dataflow.dflow:708 [INFO]  Task 24 submitted for App run_single_transcript, waiting on tasks []
2020-02-04 14:13:17.152 parsl.dataflow.dflow:714 [DEBUG]  Task 24 set to pending state with AppFuture: <AppFuture super=<AppFuture at 0x7f003eb3c780 state=pending>>
2020-02-04 14:13:17.152 parsl.dataflow.dflow:452 [INFO]  Task 24 launched on executor threads
2020-02-04 14:13:17.152 parsl.dataflow.dflow:484 [DEBUG]  Adding output dependencies
2020-02-04 14:13:17.152 parsl.dataflow.dflow:708 [INFO]  Task 25 submitted for App run_single_transcript, waiting on tasks []
2020-02-04 14:13:17.152 parsl.dataflow.dflow:714 [DEBUG]  Task 25 set to pending state with AppFuture: <AppFuture super=<AppFuture at 0x7f003eb3c940 state=pending>>
2020-02-04 14:13:17.152 parsl.dataflow.dflow:452 [INFO]  Task 25 launched on executor threads
2020-02-04 14:13:17.153 parsl.dataflow.dflow:484 [DEBUG]  Adding output dependencies
2020-02-04 14:13:17.153 parsl.dataflow.dflow:708 [INFO]  Task 26 submitted for App run_single_transcript, waiting on tasks []
2020-02-04 14:13:17.153 parsl.dataflow.dflow:714 [DEBUG]  Task 26 set to pending state with AppFuture: <AppFuture super=<AppFuture at 0x7f003eb3cb00 state=pending>>
2020-02-04 14:13:17.153 parsl.dataflow.dflow:452 [INFO]  Task 26 launched on executor threads
2020-02-04 14:13:17.153 parsl.dataflow.dflow:484 [DEBUG]  Adding output dependencies
2020-02-04 14:13:17.153 parsl.dataflow.dflow:708 [INFO]  Task 27 submitted for App run_single_transcript, waiting on tasks []
2020-02-04 14:13:17.153 parsl.dataflow.dflow:714 [DEBUG]  Task 27 set to pending state with AppFuture: <AppFuture super=<AppFuture at 0x7f003eb3ccc0 state=pending>>
2020-02-04 14:13:17.153 parsl.dataflow.dflow:452 [INFO]  Task 27 launched on executor threads
2020-02-04 14:13:17.153 parsl.dataflow.dflow:484 [DEBUG]  Adding output dependencies
2020-02-04 14:13:17.153 parsl.dataflow.dflow:708 [INFO]  Task 28 submitted for App run_single_transcript, waiting on tasks []
2020-02-04 14:13:17.153 parsl.dataflow.dflow:714 [DEBUG]  Task 28 set to pending state with AppFuture: <AppFuture super=<AppFuture at 0x7f003eb3ce80 state=pending>>
2020-02-04 14:13:17.153 parsl.dataflow.dflow:452 [INFO]  Task 28 launched on executor threads
2020-02-04 14:13:17.154 parsl.dataflow.dflow:484 [DEBUG]  Adding output dependencies
2020-02-04 14:13:17.154 parsl.dataflow.dflow:708 [INFO]  Task 29 submitted for App run_single_transcript, waiting on tasks []
2020-02-04 14:13:17.154 parsl.dataflow.dflow:714 [DEBUG]  Task 29 set to pending state with AppFuture: <AppFuture super=<AppFuture at 0x7f003c2cd080 state=pending>>
2020-02-04 14:13:17.154 parsl.dataflow.dflow:452 [INFO]  Task 29 launched on executor threads
2020-02-04 14:13:17.154 parsl.dataflow.dflow:484 [DEBUG]  Adding output dependencies
2020-02-04 14:13:17.154 parsl.dataflow.dflow:708 [INFO]  Task 30 submitted for App run_single_transcript, waiting on tasks []
2020-02-04 14:13:17.154 parsl.dataflow.dflow:714 [DEBUG]  Task 30 set to pending state with AppFuture: <AppFuture super=<AppFuture at 0x7f003c2cd240 state=pending>>
2020-02-04 14:13:17.154 parsl.dataflow.dflow:452 [INFO]  Task 30 launched on executor threads
2020-02-04 14:13:17.154 parsl.dataflow.dflow:484 [DEBUG]  Adding output dependencies
2020-02-04 14:13:17.154 parsl.dataflow.dflow:708 [INFO]  Task 31 submitted for App run_single_transcript, waiting on tasks []
2020-02-04 14:13:17.154 parsl.dataflow.dflow:714 [DEBUG]  Task 31 set to pending state with AppFuture: <AppFuture super=<AppFuture at 0x7f003c2cd400 state=pending>>
2020-02-04 14:13:17.154 parsl.dataflow.dflow:452 [INFO]  Task 31 launched on executor threads
2020-02-04 14:13:17.154 parsl.dataflow.dflow:484 [DEBUG]  Adding output dependencies
2020-02-04 14:13:17.155 parsl.dataflow.dflow:708 [INFO]  Task 32 submitted for App run_single_transcript, waiting on tasks []
2020-02-04 14:13:17.155 parsl.dataflow.dflow:714 [DEBUG]  Task 32 set to pending state with AppFuture: <AppFuture super=<AppFuture at 0x7f003c2cd5c0 state=pending>>
2020-02-04 14:13:17.155 parsl.dataflow.dflow:452 [INFO]  Task 32 launched on executor threads
2020-02-04 14:13:17.155 parsl.dataflow.dflow:484 [DEBUG]  Adding output dependencies
2020-02-04 14:13:17.155 parsl.dataflow.dflow:708 [INFO]  Task 33 submitted for App run_single_transcript, waiting on tasks []
2020-02-04 14:13:17.155 parsl.dataflow.dflow:714 [DEBUG]  Task 33 set to pending state with AppFuture: <AppFuture super=<AppFuture at 0x7f003c2cd780 state=pending>>
2020-02-04 14:13:17.155 parsl.dataflow.dflow:452 [INFO]  Task 33 launched on executor threads
2020-02-04 14:13:17.155 parsl.dataflow.dflow:484 [DEBUG]  Adding output dependencies
2020-02-04 14:13:17.155 parsl.dataflow.dflow:708 [INFO]  Task 34 submitted for App run_single_transcript, waiting on tasks []
2020-02-04 14:13:17.155 parsl.dataflow.dflow:714 [DEBUG]  Task 34 set to pending state with AppFuture: <AppFuture super=<AppFuture at 0x7f003c2cd940 state=pending>>
2020-02-04 14:13:17.155 parsl.dataflow.dflow:452 [INFO]  Task 34 launched on executor threads
2020-02-04 14:13:17.155 parsl.dataflow.dflow:484 [DEBUG]  Adding output dependencies
2020-02-04 14:13:17.156 parsl.dataflow.dflow:708 [INFO]  Task 35 submitted for App run_single_transcript, waiting on tasks []
2020-02-04 14:13:17.156 parsl.dataflow.dflow:714 [DEBUG]  Task 35 set to pending state with AppFuture: <AppFuture super=<AppFuture at 0x7f003c2cdb00 state=pending>>
2020-02-04 14:13:17.156 parsl.dataflow.dflow:452 [INFO]  Task 35 launched on executor threads
2020-02-04 14:13:17.156 parsl.dataflow.dflow:484 [DEBUG]  Adding output dependencies
2020-02-04 14:13:17.156 parsl.dataflow.dflow:708 [INFO]  Task 36 submitted for App run_single_transcript, waiting on tasks []
2020-02-04 14:13:17.156 parsl.dataflow.dflow:714 [DEBUG]  Task 36 set to pending state with AppFuture: <AppFuture super=<AppFuture at 0x7f003c2cdcc0 state=pending>>
2020-02-04 14:13:17.156 parsl.dataflow.dflow:452 [INFO]  Task 36 launched on executor threads
2020-02-04 14:13:17.156 parsl.dataflow.dflow:484 [DEBUG]  Adding output dependencies
2020-02-04 14:13:17.156 parsl.dataflow.dflow:708 [INFO]  Task 37 submitted for App run_single_transcript, waiting on tasks []
2020-02-04 14:13:17.156 parsl.dataflow.dflow:714 [DEBUG]  Task 37 set to pending state with AppFuture: <AppFuture super=<AppFuture at 0x7f003c2cde80 state=pending>>
2020-02-04 14:13:17.157 parsl.dataflow.dflow:452 [INFO]  Task 37 launched on executor threads
2020-02-04 14:13:17.157 parsl.dataflow.dflow:484 [DEBUG]  Adding output dependencies
2020-02-04 14:13:17.157 parsl.dataflow.dflow:708 [INFO]  Task 38 submitted for App run_single_transcript, waiting on tasks []
2020-02-04 14:13:17.157 parsl.dataflow.dflow:714 [DEBUG]  Task 38 set to pending state with AppFuture: <AppFuture super=<AppFuture at 0x7f003c2d9080 state=pending>>
2020-02-04 14:13:17.157 parsl.dataflow.dflow:452 [INFO]  Task 38 launched on executor threads
2020-02-04 14:13:17.157 parsl.dataflow.dflow:484 [DEBUG]  Adding output dependencies
2020-02-04 14:13:17.157 parsl.dataflow.dflow:708 [INFO]  Task 39 submitted for App run_single_transcript, waiting on tasks []
2020-02-04 14:13:17.157 parsl.dataflow.dflow:714 [DEBUG]  Task 39 set to pending state with AppFuture: <AppFuture super=<AppFuture at 0x7f003c2d9240 state=pending>>
2020-02-04 14:13:17.157 parsl.dataflow.dflow:452 [INFO]  Task 39 launched on executor threads
2020-02-04 14:13:17.157 parsl.dataflow.dflow:484 [DEBUG]  Adding output dependencies
2020-02-04 14:13:17.157 parsl.dataflow.dflow:708 [INFO]  Task 40 submitted for App run_single_transcript, waiting on tasks []
2020-02-04 14:13:17.158 parsl.dataflow.dflow:714 [DEBUG]  Task 40 set to pending state with AppFuture: <AppFuture super=<AppFuture at 0x7f003c2d9400 state=pending>>
2020-02-04 14:13:17.158 parsl.dataflow.dflow:452 [INFO]  Task 40 launched on executor threads
2020-02-04 14:13:17.158 parsl.dataflow.dflow:484 [DEBUG]  Adding output dependencies
2020-02-04 14:13:17.158 parsl.dataflow.dflow:708 [INFO]  Task 41 submitted for App run_single_transcript, waiting on tasks []
2020-02-04 14:13:17.158 parsl.dataflow.dflow:714 [DEBUG]  Task 41 set to pending state with AppFuture: <AppFuture super=<AppFuture at 0x7f003c2d95c0 state=pending>>
2020-02-04 14:13:17.158 parsl.dataflow.dflow:452 [INFO]  Task 41 launched on executor threads
2020-02-04 14:13:17.158 parsl.dataflow.dflow:484 [DEBUG]  Adding output dependencies
2020-02-04 14:13:17.158 parsl.dataflow.dflow:708 [INFO]  Task 42 submitted for App run_single_transcript, waiting on tasks []
2020-02-04 14:13:17.158 parsl.dataflow.dflow:714 [DEBUG]  Task 42 set to pending state with AppFuture: <AppFuture super=<AppFuture at 0x7f003c2d9780 state=pending>>
2020-02-04 14:13:17.158 parsl.dataflow.dflow:452 [INFO]  Task 42 launched on executor threads
2020-02-04 14:13:17.159 parsl.dataflow.dflow:484 [DEBUG]  Adding output dependencies
2020-02-04 14:13:17.159 parsl.dataflow.dflow:708 [INFO]  Task 43 submitted for App run_single_transcript, waiting on tasks []
2020-02-04 14:13:17.159 parsl.dataflow.dflow:714 [DEBUG]  Task 43 set to pending state with AppFuture: <AppFuture super=<AppFuture at 0x7f003c2d9940 state=pending>>
2020-02-04 14:13:17.159 parsl.dataflow.dflow:452 [INFO]  Task 43 launched on executor threads
2020-02-04 14:13:17.159 parsl.dataflow.dflow:484 [DEBUG]  Adding output dependencies
2020-02-04 14:13:17.159 parsl.dataflow.dflow:708 [INFO]  Task 44 submitted for App run_single_transcript, waiting on tasks []
2020-02-04 14:13:17.159 parsl.dataflow.dflow:714 [DEBUG]  Task 44 set to pending state with AppFuture: <AppFuture super=<AppFuture at 0x7f003c2d9b00 state=pending>>
2020-02-04 14:13:17.159 parsl.dataflow.dflow:452 [INFO]  Task 44 launched on executor threads
2020-02-04 14:13:17.159 parsl.dataflow.dflow:484 [DEBUG]  Adding output dependencies
2020-02-04 14:13:17.159 parsl.dataflow.dflow:708 [INFO]  Task 45 submitted for App run_single_transcript, waiting on tasks []
2020-02-04 14:13:17.159 parsl.dataflow.dflow:714 [DEBUG]  Task 45 set to pending state with AppFuture: <AppFuture super=<AppFuture at 0x7f003c2d9cc0 state=pending>>
2020-02-04 14:13:17.159 parsl.dataflow.dflow:452 [INFO]  Task 45 launched on executor threads
2020-02-04 14:13:17.160 parsl.dataflow.dflow:484 [DEBUG]  Adding output dependencies
2020-02-04 14:13:17.160 parsl.dataflow.dflow:708 [INFO]  Task 46 submitted for App run_single_transcript, waiting on tasks []
2020-02-04 14:13:17.160 parsl.dataflow.dflow:714 [DEBUG]  Task 46 set to pending state with AppFuture: <AppFuture super=<AppFuture at 0x7f003c2d9e80 state=pending>>
2020-02-04 14:13:17.160 parsl.dataflow.dflow:452 [INFO]  Task 46 launched on executor threads
2020-02-04 14:13:17.160 parsl.dataflow.dflow:484 [DEBUG]  Adding output dependencies
2020-02-04 14:13:17.160 parsl.dataflow.dflow:708 [INFO]  Task 47 submitted for App run_single_transcript, waiting on tasks []
2020-02-04 14:13:17.160 parsl.dataflow.dflow:714 [DEBUG]  Task 47 set to pending state with AppFuture: <AppFuture super=<AppFuture at 0x7f003c2e6080 state=pending>>
2020-02-04 14:13:17.160 parsl.dataflow.dflow:452 [INFO]  Task 47 launched on executor threads
2020-02-04 14:13:17.160 parsl.dataflow.dflow:484 [DEBUG]  Adding output dependencies
2020-02-04 14:13:17.160 parsl.dataflow.dflow:708 [INFO]  Task 48 submitted for App run_single_transcript, waiting on tasks []
2020-02-04 14:13:17.160 parsl.dataflow.dflow:714 [DEBUG]  Task 48 set to pending state with AppFuture: <AppFuture super=<AppFuture at 0x7f003c2e6240 state=pending>>
2020-02-04 14:13:17.160 parsl.dataflow.dflow:452 [INFO]  Task 48 launched on executor threads
2020-02-04 14:13:17.160 parsl.dataflow.dflow:484 [DEBUG]  Adding output dependencies
2020-02-04 14:13:17.161 parsl.dataflow.dflow:708 [INFO]  Task 49 submitted for App run_single_transcript, waiting on tasks []
2020-02-04 14:13:17.161 parsl.dataflow.dflow:714 [DEBUG]  Task 49 set to pending state with AppFuture: <AppFuture super=<AppFuture at 0x7f003c2e6400 state=pending>>
2020-02-04 14:13:17.161 parsl.dataflow.dflow:452 [INFO]  Task 49 launched on executor threads
2020-02-04 14:13:17.161 parsl.dataflow.dflow:484 [DEBUG]  Adding output dependencies
2020-02-04 14:13:17.161 parsl.dataflow.dflow:708 [INFO]  Task 50 submitted for App run_single_transcript, waiting on tasks []
2020-02-04 14:13:17.161 parsl.dataflow.dflow:714 [DEBUG]  Task 50 set to pending state with AppFuture: <AppFuture super=<AppFuture at 0x7f003c2e65c0 state=pending>>
2020-02-04 14:13:17.161 parsl.dataflow.dflow:452 [INFO]  Task 50 launched on executor threads
2020-02-04 14:13:17.161 parsl.dataflow.dflow:484 [DEBUG]  Adding output dependencies
2020-02-04 14:13:17.161 parsl.dataflow.dflow:708 [INFO]  Task 51 submitted for App run_single_transcript, waiting on tasks []
2020-02-04 14:13:17.161 parsl.dataflow.dflow:714 [DEBUG]  Task 51 set to pending state with AppFuture: <AppFuture super=<AppFuture at 0x7f003c2e6780 state=pending>>
2020-02-04 14:13:17.161 parsl.dataflow.dflow:452 [INFO]  Task 51 launched on executor threads
2020-02-04 14:13:17.161 parsl.dataflow.dflow:484 [DEBUG]  Adding output dependencies
2020-02-04 14:13:17.162 parsl.dataflow.dflow:708 [INFO]  Task 52 submitted for App run_single_transcript, waiting on tasks []
2020-02-04 14:13:17.162 parsl.dataflow.dflow:714 [DEBUG]  Task 52 set to pending state with AppFuture: <AppFuture super=<AppFuture at 0x7f003c2e6940 state=pending>>
2020-02-04 14:13:17.162 parsl.dataflow.dflow:452 [INFO]  Task 52 launched on executor threads
2020-02-04 14:13:17.162 parsl.dataflow.dflow:484 [DEBUG]  Adding output dependencies
2020-02-04 14:13:17.162 parsl.dataflow.dflow:708 [INFO]  Task 53 submitted for App run_single_transcript, waiting on tasks []
2020-02-04 14:13:17.162 parsl.dataflow.dflow:714 [DEBUG]  Task 53 set to pending state with AppFuture: <AppFuture super=<AppFuture at 0x7f003c2e6b00 state=pending>>
2020-02-04 14:13:17.162 parsl.dataflow.dflow:452 [INFO]  Task 53 launched on executor threads
2020-02-04 14:13:17.162 parsl.dataflow.dflow:484 [DEBUG]  Adding output dependencies
2020-02-04 14:13:17.162 parsl.dataflow.dflow:708 [INFO]  Task 54 submitted for App run_single_transcript, waiting on tasks []
2020-02-04 14:13:17.162 parsl.dataflow.dflow:714 [DEBUG]  Task 54 set to pending state with AppFuture: <AppFuture super=<AppFuture at 0x7f003c2e6cc0 state=pending>>
2020-02-04 14:13:17.162 parsl.dataflow.dflow:452 [INFO]  Task 54 launched on executor threads
2020-02-04 14:13:17.162 parsl.dataflow.dflow:484 [DEBUG]  Adding output dependencies
2020-02-04 14:13:17.162 parsl.dataflow.dflow:708 [INFO]  Task 55 submitted for App run_single_transcript, waiting on tasks []
2020-02-04 14:13:17.163 parsl.dataflow.dflow:714 [DEBUG]  Task 55 set to pending state with AppFuture: <AppFuture super=<AppFuture at 0x7f003c2e6e80 state=pending>>
2020-02-04 14:13:17.163 parsl.dataflow.dflow:452 [INFO]  Task 55 launched on executor threads
2020-02-04 14:13:17.163 parsl.dataflow.dflow:484 [DEBUG]  Adding output dependencies
2020-02-04 14:13:17.163 parsl.dataflow.dflow:708 [INFO]  Task 56 submitted for App run_single_transcript, waiting on tasks []
2020-02-04 14:13:17.163 parsl.dataflow.dflow:714 [DEBUG]  Task 56 set to pending state with AppFuture: <AppFuture super=<AppFuture at 0x7f003c2f1080 state=pending>>
2020-02-04 14:13:17.163 parsl.dataflow.dflow:452 [INFO]  Task 56 launched on executor threads
2020-02-04 14:13:17.163 parsl.dataflow.dflow:484 [DEBUG]  Adding output dependencies
2020-02-04 14:13:17.163 parsl.dataflow.dflow:708 [INFO]  Task 57 submitted for App run_single_transcript, waiting on tasks []
2020-02-04 14:13:17.163 parsl.dataflow.dflow:714 [DEBUG]  Task 57 set to pending state with AppFuture: <AppFuture super=<AppFuture at 0x7f003c2f1240 state=pending>>
2020-02-04 14:13:17.163 parsl.dataflow.dflow:452 [INFO]  Task 57 launched on executor threads
2020-02-04 14:13:17.163 parsl.dataflow.dflow:484 [DEBUG]  Adding output dependencies
2020-02-04 14:13:17.163 parsl.dataflow.dflow:708 [INFO]  Task 58 submitted for App run_single_transcript, waiting on tasks []
2020-02-04 14:13:17.164 parsl.dataflow.dflow:714 [DEBUG]  Task 58 set to pending state with AppFuture: <AppFuture super=<AppFuture at 0x7f003c2f1400 state=pending>>
2020-02-04 14:13:17.164 parsl.dataflow.dflow:452 [INFO]  Task 58 launched on executor threads
2020-02-04 14:13:17.164 parsl.dataflow.dflow:484 [DEBUG]  Adding output dependencies
2020-02-04 14:13:17.164 parsl.dataflow.dflow:708 [INFO]  Task 59 submitted for App run_single_transcript, waiting on tasks []
2020-02-04 14:13:17.164 parsl.dataflow.dflow:714 [DEBUG]  Task 59 set to pending state with AppFuture: <AppFuture super=<AppFuture at 0x7f003c2f15c0 state=pending>>
2020-02-04 14:13:17.164 parsl.dataflow.dflow:452 [INFO]  Task 59 launched on executor threads
2020-02-04 14:13:17.164 parsl.dataflow.dflow:484 [DEBUG]  Adding output dependencies
2020-02-04 14:13:17.164 parsl.dataflow.dflow:708 [INFO]  Task 60 submitted for App run_single_transcript, waiting on tasks []
2020-02-04 14:13:17.164 parsl.dataflow.dflow:714 [DEBUG]  Task 60 set to pending state with AppFuture: <AppFuture super=<AppFuture at 0x7f003c2f1780 state=pending>>
2020-02-04 14:13:17.164 parsl.dataflow.dflow:452 [INFO]  Task 60 launched on executor threads
2020-02-04 14:13:17.164 parsl.dataflow.dflow:484 [DEBUG]  Adding output dependencies
2020-02-04 14:13:17.164 parsl.dataflow.dflow:708 [INFO]  Task 61 submitted for App run_single_transcript, waiting on tasks []
2020-02-04 14:13:17.164 parsl.dataflow.dflow:714 [DEBUG]  Task 61 set to pending state with AppFuture: <AppFuture super=<AppFuture at 0x7f003c2f1940 state=pending>>
2020-02-04 14:13:17.165 parsl.dataflow.dflow:452 [INFO]  Task 61 launched on executor threads
2020-02-04 14:13:17.165 parsl.dataflow.dflow:484 [DEBUG]  Adding output dependencies
2020-02-04 14:13:17.165 parsl.dataflow.dflow:708 [INFO]  Task 62 submitted for App run_single_transcript, waiting on tasks []
2020-02-04 14:13:17.165 parsl.dataflow.dflow:714 [DEBUG]  Task 62 set to pending state with AppFuture: <AppFuture super=<AppFuture at 0x7f003c2f1b00 state=pending>>
2020-02-04 14:13:17.165 parsl.dataflow.dflow:452 [INFO]  Task 62 launched on executor threads
2020-02-04 14:13:17.165 parsl.dataflow.dflow:484 [DEBUG]  Adding output dependencies
2020-02-04 14:13:17.165 parsl.dataflow.dflow:708 [INFO]  Task 63 submitted for App run_single_transcript, waiting on tasks []
2020-02-04 14:13:17.165 parsl.dataflow.dflow:714 [DEBUG]  Task 63 set to pending state with AppFuture: <AppFuture super=<AppFuture at 0x7f003c2f1cc0 state=pending>>
2020-02-04 14:13:17.165 parsl.dataflow.dflow:452 [INFO]  Task 63 launched on executor threads
2020-02-04 14:13:17.165 parsl.dataflow.dflow:484 [DEBUG]  Adding output dependencies
2020-02-04 14:13:17.165 parsl.dataflow.dflow:708 [INFO]  Task 64 submitted for App run_single_transcript, waiting on tasks []
2020-02-04 14:13:17.165 parsl.dataflow.dflow:714 [DEBUG]  Task 64 set to pending state with AppFuture: <AppFuture super=<AppFuture at 0x7f003c2f1e80 state=pending>>
2020-02-04 14:13:17.165 parsl.dataflow.dflow:452 [INFO]  Task 64 launched on executor threads
2020-02-04 14:13:17.166 parsl.dataflow.dflow:484 [DEBUG]  Adding output dependencies
2020-02-04 14:13:17.166 parsl.dataflow.dflow:708 [INFO]  Task 65 submitted for App run_single_transcript, waiting on tasks []
2020-02-04 14:13:17.166 parsl.dataflow.dflow:714 [DEBUG]  Task 65 set to pending state with AppFuture: <AppFuture super=<AppFuture at 0x7f003c2fa080 state=pending>>
2020-02-04 14:13:17.166 parsl.dataflow.dflow:452 [INFO]  Task 65 launched on executor threads
2020-02-04 14:13:17.166 parsl.dataflow.dflow:484 [DEBUG]  Adding output dependencies
2020-02-04 14:13:17.166 parsl.dataflow.dflow:708 [INFO]  Task 66 submitted for App run_single_transcript, waiting on tasks []
2020-02-04 14:13:17.166 parsl.dataflow.dflow:714 [DEBUG]  Task 66 set to pending state with AppFuture: <AppFuture super=<AppFuture at 0x7f003c2fa240 state=pending>>
2020-02-04 14:13:17.166 parsl.dataflow.dflow:452 [INFO]  Task 66 launched on executor threads
2020-02-04 14:13:17.166 parsl.dataflow.dflow:484 [DEBUG]  Adding output dependencies
2020-02-04 14:13:17.166 parsl.dataflow.dflow:708 [INFO]  Task 67 submitted for App run_single_transcript, waiting on tasks []
2020-02-04 14:13:17.166 parsl.dataflow.dflow:714 [DEBUG]  Task 67 set to pending state with AppFuture: <AppFuture super=<AppFuture at 0x7f003c2fa400 state=pending>>
2020-02-04 14:13:17.166 parsl.dataflow.dflow:452 [INFO]  Task 67 launched on executor threads
2020-02-04 14:13:17.166 parsl.dataflow.dflow:484 [DEBUG]  Adding output dependencies
2020-02-04 14:13:17.167 parsl.dataflow.dflow:708 [INFO]  Task 68 submitted for App run_single_transcript, waiting on tasks []
2020-02-04 14:13:17.167 parsl.dataflow.dflow:714 [DEBUG]  Task 68 set to pending state with AppFuture: <AppFuture super=<AppFuture at 0x7f003c2fa5c0 state=pending>>
2020-02-04 14:13:17.167 parsl.dataflow.dflow:452 [INFO]  Task 68 launched on executor threads
2020-02-04 14:13:17.167 parsl.dataflow.dflow:484 [DEBUG]  Adding output dependencies
2020-02-04 14:13:17.167 parsl.dataflow.dflow:708 [INFO]  Task 69 submitted for App run_single_transcript, waiting on tasks []
2020-02-04 14:13:17.167 parsl.dataflow.dflow:714 [DEBUG]  Task 69 set to pending state with AppFuture: <AppFuture super=<AppFuture at 0x7f003c2fa780 state=pending>>
2020-02-04 14:13:17.167 parsl.dataflow.dflow:452 [INFO]  Task 69 launched on executor threads
2020-02-04 14:13:17.167 parsl.dataflow.dflow:484 [DEBUG]  Adding output dependencies
2020-02-04 14:13:17.167 parsl.dataflow.dflow:708 [INFO]  Task 70 submitted for App run_single_transcript, waiting on tasks []
2020-02-04 14:13:17.167 parsl.dataflow.dflow:714 [DEBUG]  Task 70 set to pending state with AppFuture: <AppFuture super=<AppFuture at 0x7f003c2fa940 state=pending>>
2020-02-04 14:13:17.167 parsl.dataflow.dflow:452 [INFO]  Task 70 launched on executor threads
2020-02-04 14:13:17.167 parsl.dataflow.dflow:484 [DEBUG]  Adding output dependencies
2020-02-04 14:13:17.167 parsl.dataflow.dflow:708 [INFO]  Task 71 submitted for App run_single_transcript, waiting on tasks []
2020-02-04 14:13:17.168 parsl.dataflow.dflow:714 [DEBUG]  Task 71 set to pending state with AppFuture: <AppFuture super=<AppFuture at 0x7f003c2fab00 state=pending>>
2020-02-04 14:13:17.168 parsl.dataflow.dflow:452 [INFO]  Task 71 launched on executor threads
2020-02-04 14:13:17.168 parsl.dataflow.dflow:484 [DEBUG]  Adding output dependencies
2020-02-04 14:13:17.168 parsl.dataflow.dflow:708 [INFO]  Task 72 submitted for App run_single_transcript, waiting on tasks []
2020-02-04 14:13:17.168 parsl.dataflow.dflow:714 [DEBUG]  Task 72 set to pending state with AppFuture: <AppFuture super=<AppFuture at 0x7f003c2facc0 state=pending>>
2020-02-04 14:13:17.168 parsl.dataflow.dflow:452 [INFO]  Task 72 launched on executor threads
2020-02-04 14:13:17.168 parsl.dataflow.dflow:484 [DEBUG]  Adding output dependencies
2020-02-04 14:13:17.168 parsl.dataflow.dflow:708 [INFO]  Task 73 submitted for App run_single_transcript, waiting on tasks []
2020-02-04 14:13:17.169 parsl.dataflow.dflow:714 [DEBUG]  Task 73 set to pending state with AppFuture: <AppFuture super=<AppFuture at 0x7f003c2fae80 state=pending>>
2020-02-04 14:13:17.169 parsl.dataflow.dflow:452 [INFO]  Task 73 launched on executor threads
2020-02-04 14:13:17.169 parsl.dataflow.dflow:484 [DEBUG]  Adding output dependencies
2020-02-04 14:13:17.169 parsl.dataflow.dflow:708 [INFO]  Task 74 submitted for App run_single_transcript, waiting on tasks []
2020-02-04 14:13:17.169 parsl.dataflow.dflow:714 [DEBUG]  Task 74 set to pending state with AppFuture: <AppFuture super=<AppFuture at 0x7f003c303080 state=pending>>
2020-02-04 14:13:17.169 parsl.dataflow.dflow:452 [INFO]  Task 74 launched on executor threads
2020-02-04 14:13:17.169 parsl.dataflow.dflow:484 [DEBUG]  Adding output dependencies
2020-02-04 14:13:17.169 parsl.dataflow.dflow:708 [INFO]  Task 75 submitted for App run_single_transcript, waiting on tasks []
2020-02-04 14:13:17.169 parsl.dataflow.dflow:714 [DEBUG]  Task 75 set to pending state with AppFuture: <AppFuture super=<AppFuture at 0x7f003c303240 state=pending>>
2020-02-04 14:13:17.170 parsl.dataflow.dflow:452 [INFO]  Task 75 launched on executor threads
2020-02-04 14:13:17.170 parsl.dataflow.dflow:484 [DEBUG]  Adding output dependencies
2020-02-04 14:13:17.170 parsl.dataflow.dflow:708 [INFO]  Task 76 submitted for App run_single_transcript, waiting on tasks []
2020-02-04 14:13:17.170 parsl.dataflow.dflow:714 [DEBUG]  Task 76 set to pending state with AppFuture: <AppFuture super=<AppFuture at 0x7f003c303400 state=pending>>
2020-02-04 14:13:17.170 parsl.dataflow.dflow:452 [INFO]  Task 76 launched on executor threads
2020-02-04 14:13:17.170 parsl.dataflow.dflow:484 [DEBUG]  Adding output dependencies
2020-02-04 14:13:17.170 parsl.dataflow.dflow:708 [INFO]  Task 77 submitted for App run_single_transcript, waiting on tasks []
2020-02-04 14:13:17.170 parsl.dataflow.dflow:714 [DEBUG]  Task 77 set to pending state with AppFuture: <AppFuture super=<AppFuture at 0x7f003c3035c0 state=pending>>
2020-02-04 14:13:17.170 parsl.dataflow.dflow:452 [INFO]  Task 77 launched on executor threads
2020-02-04 14:13:17.170 parsl.dataflow.dflow:484 [DEBUG]  Adding output dependencies
2020-02-04 14:13:17.170 parsl.dataflow.dflow:708 [INFO]  Task 78 submitted for App run_single_transcript, waiting on tasks []
2020-02-04 14:13:17.170 parsl.dataflow.dflow:714 [DEBUG]  Task 78 set to pending state with AppFuture: <AppFuture super=<AppFuture at 0x7f003c303780 state=pending>>
2020-02-04 14:13:17.170 parsl.dataflow.dflow:452 [INFO]  Task 78 launched on executor threads
2020-02-04 14:13:17.171 parsl.dataflow.dflow:484 [DEBUG]  Adding output dependencies
2020-02-04 14:13:17.171 parsl.dataflow.dflow:708 [INFO]  Task 79 submitted for App run_single_transcript, waiting on tasks []
2020-02-04 14:13:17.171 parsl.dataflow.dflow:714 [DEBUG]  Task 79 set to pending state with AppFuture: <AppFuture super=<AppFuture at 0x7f003c303940 state=pending>>
2020-02-04 14:13:17.171 parsl.dataflow.dflow:452 [INFO]  Task 79 launched on executor threads
2020-02-04 14:13:17.171 parsl.dataflow.dflow:484 [DEBUG]  Adding output dependencies
2020-02-04 14:13:17.171 parsl.dataflow.dflow:708 [INFO]  Task 80 submitted for App run_single_transcript, waiting on tasks []
2020-02-04 14:13:17.171 parsl.dataflow.dflow:714 [DEBUG]  Task 80 set to pending state with AppFuture: <AppFuture super=<AppFuture at 0x7f003c303b00 state=pending>>
2020-02-04 14:13:17.171 parsl.dataflow.dflow:452 [INFO]  Task 80 launched on executor threads
2020-02-04 14:13:17.171 parsl.dataflow.dflow:484 [DEBUG]  Adding output dependencies
2020-02-04 14:13:17.171 parsl.dataflow.dflow:708 [INFO]  Task 81 submitted for App run_single_transcript, waiting on tasks []
2020-02-04 14:13:17.171 parsl.dataflow.dflow:714 [DEBUG]  Task 81 set to pending state with AppFuture: <AppFuture super=<AppFuture at 0x7f003c303cc0 state=pending>>
2020-02-04 14:13:17.171 parsl.dataflow.dflow:452 [INFO]  Task 81 launched on executor threads
2020-02-04 14:13:17.172 parsl.dataflow.dflow:484 [DEBUG]  Adding output dependencies
2020-02-04 14:13:17.172 parsl.dataflow.dflow:708 [INFO]  Task 82 submitted for App run_single_transcript, waiting on tasks []
2020-02-04 14:13:17.172 parsl.dataflow.dflow:714 [DEBUG]  Task 82 set to pending state with AppFuture: <AppFuture super=<AppFuture at 0x7f003c303e80 state=pending>>
2020-02-04 14:13:17.172 parsl.dataflow.dflow:452 [INFO]  Task 82 launched on executor threads
2020-02-04 14:13:17.172 parsl.dataflow.dflow:484 [DEBUG]  Adding output dependencies
2020-02-04 14:13:17.172 parsl.dataflow.dflow:708 [INFO]  Task 83 submitted for App run_single_transcript, waiting on tasks []
2020-02-04 14:13:17.172 parsl.dataflow.dflow:714 [DEBUG]  Task 83 set to pending state with AppFuture: <AppFuture super=<AppFuture at 0x7f003c290080 state=pending>>
2020-02-04 14:13:17.172 parsl.dataflow.dflow:452 [INFO]  Task 83 launched on executor threads
2020-02-04 14:13:17.172 parsl.dataflow.dflow:484 [DEBUG]  Adding output dependencies
2020-02-04 14:13:17.172 parsl.dataflow.dflow:708 [INFO]  Task 84 submitted for App run_single_transcript, waiting on tasks []
2020-02-04 14:13:17.172 parsl.dataflow.dflow:714 [DEBUG]  Task 84 set to pending state with AppFuture: <AppFuture super=<AppFuture at 0x7f003c290240 state=pending>>
2020-02-04 14:13:17.172 parsl.dataflow.dflow:452 [INFO]  Task 84 launched on executor threads
2020-02-04 14:13:17.172 parsl.dataflow.dflow:484 [DEBUG]  Adding output dependencies
2020-02-04 14:13:17.173 parsl.dataflow.dflow:708 [INFO]  Task 85 submitted for App run_single_transcript, waiting on tasks []
2020-02-04 14:13:17.173 parsl.dataflow.dflow:714 [DEBUG]  Task 85 set to pending state with AppFuture: <AppFuture super=<AppFuture at 0x7f003c290400 state=pending>>
2020-02-04 14:13:17.173 parsl.dataflow.dflow:452 [INFO]  Task 85 launched on executor threads
2020-02-04 14:13:17.173 parsl.dataflow.dflow:484 [DEBUG]  Adding output dependencies
2020-02-04 14:13:17.173 parsl.dataflow.dflow:708 [INFO]  Task 86 submitted for App run_single_transcript, waiting on tasks []
2020-02-04 14:13:17.173 parsl.dataflow.dflow:714 [DEBUG]  Task 86 set to pending state with AppFuture: <AppFuture super=<AppFuture at 0x7f003c2905c0 state=pending>>
2020-02-04 14:13:17.173 parsl.dataflow.dflow:452 [INFO]  Task 86 launched on executor threads
2020-02-04 14:13:17.173 parsl.dataflow.dflow:484 [DEBUG]  Adding output dependencies
2020-02-04 14:13:17.173 parsl.dataflow.dflow:708 [INFO]  Task 87 submitted for App run_single_transcript, waiting on tasks []
2020-02-04 14:13:17.173 parsl.dataflow.dflow:714 [DEBUG]  Task 87 set to pending state with AppFuture: <AppFuture super=<AppFuture at 0x7f003c290780 state=pending>>
2020-02-04 14:13:17.173 parsl.dataflow.dflow:452 [INFO]  Task 87 launched on executor threads
2020-02-04 14:13:17.174 parsl.dataflow.dflow:484 [DEBUG]  Adding output dependencies
2020-02-04 14:13:17.174 parsl.dataflow.dflow:708 [INFO]  Task 88 submitted for App run_single_transcript, waiting on tasks []
2020-02-04 14:13:17.174 parsl.dataflow.dflow:714 [DEBUG]  Task 88 set to pending state with AppFuture: <AppFuture super=<AppFuture at 0x7f003c290940 state=pending>>
2020-02-04 14:13:17.174 parsl.dataflow.dflow:452 [INFO]  Task 88 launched on executor threads
2020-02-04 14:13:17.174 parsl.dataflow.dflow:484 [DEBUG]  Adding output dependencies
2020-02-04 14:13:17.174 parsl.dataflow.dflow:708 [INFO]  Task 89 submitted for App run_single_transcript, waiting on tasks []
2020-02-04 14:13:17.174 parsl.dataflow.dflow:714 [DEBUG]  Task 89 set to pending state with AppFuture: <AppFuture super=<AppFuture at 0x7f003c290b00 state=pending>>
2020-02-04 14:13:17.174 parsl.dataflow.dflow:452 [INFO]  Task 89 launched on executor threads
2020-02-04 14:13:17.174 parsl.dataflow.dflow:484 [DEBUG]  Adding output dependencies
2020-02-04 14:13:17.174 parsl.dataflow.dflow:708 [INFO]  Task 90 submitted for App run_single_transcript, waiting on tasks []
2020-02-04 14:13:17.174 parsl.dataflow.dflow:714 [DEBUG]  Task 90 set to pending state with AppFuture: <AppFuture super=<AppFuture at 0x7f003c290cc0 state=pending>>
2020-02-04 14:13:17.174 parsl.dataflow.dflow:452 [INFO]  Task 90 launched on executor threads
2020-02-04 14:13:17.174 parsl.dataflow.dflow:484 [DEBUG]  Adding output dependencies
2020-02-04 14:13:17.175 parsl.dataflow.dflow:708 [INFO]  Task 91 submitted for App run_single_transcript, waiting on tasks []
2020-02-04 14:13:17.175 parsl.dataflow.dflow:714 [DEBUG]  Task 91 set to pending state with AppFuture: <AppFuture super=<AppFuture at 0x7f003c290e80 state=pending>>
2020-02-04 14:13:17.175 parsl.dataflow.dflow:452 [INFO]  Task 91 launched on executor threads
2020-02-04 14:13:17.175 parsl.dataflow.dflow:484 [DEBUG]  Adding output dependencies
2020-02-04 14:13:17.175 parsl.dataflow.dflow:708 [INFO]  Task 92 submitted for App run_single_transcript, waiting on tasks []
2020-02-04 14:13:17.175 parsl.dataflow.dflow:714 [DEBUG]  Task 92 set to pending state with AppFuture: <AppFuture super=<AppFuture at 0x7f003c298080 state=pending>>
2020-02-04 14:13:17.175 parsl.dataflow.dflow:452 [INFO]  Task 92 launched on executor threads
2020-02-04 14:13:17.175 parsl.dataflow.dflow:484 [DEBUG]  Adding output dependencies
2020-02-04 14:13:17.175 parsl.dataflow.dflow:708 [INFO]  Task 93 submitted for App run_single_transcript, waiting on tasks []
2020-02-04 14:13:17.175 parsl.dataflow.dflow:714 [DEBUG]  Task 93 set to pending state with AppFuture: <AppFuture super=<AppFuture at 0x7f003c298240 state=pending>>
2020-02-04 14:13:17.175 parsl.dataflow.dflow:452 [INFO]  Task 93 launched on executor threads
2020-02-04 14:13:17.175 parsl.dataflow.dflow:484 [DEBUG]  Adding output dependencies
2020-02-04 14:13:17.176 parsl.dataflow.dflow:708 [INFO]  Task 94 submitted for App run_single_transcript, waiting on tasks []
2020-02-04 14:13:17.176 parsl.dataflow.dflow:714 [DEBUG]  Task 94 set to pending state with AppFuture: <AppFuture super=<AppFuture at 0x7f003c298400 state=pending>>
2020-02-04 14:13:17.176 parsl.dataflow.dflow:452 [INFO]  Task 94 launched on executor threads
2020-02-04 14:13:17.176 parsl.dataflow.dflow:484 [DEBUG]  Adding output dependencies
2020-02-04 14:13:17.176 parsl.dataflow.dflow:708 [INFO]  Task 95 submitted for App run_single_transcript, waiting on tasks []
2020-02-04 14:13:17.176 parsl.dataflow.dflow:714 [DEBUG]  Task 95 set to pending state with AppFuture: <AppFuture super=<AppFuture at 0x7f003c2985c0 state=pending>>
2020-02-04 14:13:17.176 parsl.dataflow.dflow:452 [INFO]  Task 95 launched on executor threads
2020-02-04 14:13:17.176 parsl.dataflow.dflow:484 [DEBUG]  Adding output dependencies
2020-02-04 14:13:17.176 parsl.dataflow.dflow:708 [INFO]  Task 96 submitted for App run_single_transcript, waiting on tasks []
2020-02-04 14:13:17.176 parsl.dataflow.dflow:714 [DEBUG]  Task 96 set to pending state with AppFuture: <AppFuture super=<AppFuture at 0x7f003c298780 state=pending>>
2020-02-04 14:13:17.176 parsl.dataflow.dflow:452 [INFO]  Task 96 launched on executor threads
2020-02-04 14:13:17.176 parsl.dataflow.dflow:484 [DEBUG]  Adding output dependencies
2020-02-04 14:13:17.176 parsl.dataflow.dflow:708 [INFO]  Task 97 submitted for App run_single_transcript, waiting on tasks []
2020-02-04 14:13:17.176 parsl.dataflow.dflow:714 [DEBUG]  Task 97 set to pending state with AppFuture: <AppFuture super=<AppFuture at 0x7f003c298940 state=pending>>
2020-02-04 14:13:17.177 parsl.dataflow.dflow:452 [INFO]  Task 97 launched on executor threads
2020-02-04 14:13:17.177 parsl.dataflow.dflow:484 [DEBUG]  Adding output dependencies
2020-02-04 14:13:17.177 parsl.dataflow.dflow:708 [INFO]  Task 98 submitted for App run_single_transcript, waiting on tasks []
2020-02-04 14:13:17.177 parsl.dataflow.dflow:714 [DEBUG]  Task 98 set to pending state with AppFuture: <AppFuture super=<AppFuture at 0x7f003c298b00 state=pending>>
2020-02-04 14:13:17.177 parsl.dataflow.dflow:452 [INFO]  Task 98 launched on executor threads
2020-02-04 14:13:17.177 parsl.dataflow.dflow:484 [DEBUG]  Adding output dependencies
2020-02-04 14:13:17.177 parsl.dataflow.dflow:708 [INFO]  Task 99 submitted for App run_single_transcript, waiting on tasks []
2020-02-04 14:13:17.177 parsl.dataflow.dflow:714 [DEBUG]  Task 99 set to pending state with AppFuture: <AppFuture super=<AppFuture at 0x7f003c298cc0 state=pending>>
2020-02-04 14:13:17.177 parsl.dataflow.dflow:452 [INFO]  Task 99 launched on executor threads
2020-02-04 14:13:17.177 parsl.dataflow.dflow:484 [DEBUG]  Adding output dependencies
2020-02-04 14:13:17.177 parsl.dataflow.dflow:708 [INFO]  Task 100 submitted for App run_single_transcript, waiting on tasks []
2020-02-04 14:13:17.177 parsl.dataflow.dflow:714 [DEBUG]  Task 100 set to pending state with AppFuture: <AppFuture super=<AppFuture at 0x7f003c298e80 state=pending>>
2020-02-04 14:13:17.177 parsl.dataflow.dflow:452 [INFO]  Task 100 launched on executor threads
2020-02-04 14:13:17.178 parsl.dataflow.dflow:484 [DEBUG]  Adding output dependencies
2020-02-04 14:13:17.178 parsl.dataflow.dflow:708 [INFO]  Task 101 submitted for App run_single_transcript, waiting on tasks []
2020-02-04 14:13:17.178 parsl.dataflow.dflow:714 [DEBUG]  Task 101 set to pending state with AppFuture: <AppFuture super=<AppFuture at 0x7f003c2a4080 state=pending>>
2020-02-04 14:13:17.178 parsl.dataflow.dflow:452 [INFO]  Task 101 launched on executor threads
2020-02-04 14:13:17.178 parsl.dataflow.dflow:484 [DEBUG]  Adding output dependencies
2020-02-04 14:13:17.178 parsl.dataflow.dflow:708 [INFO]  Task 102 submitted for App run_single_transcript, waiting on tasks []
2020-02-04 14:13:17.178 parsl.dataflow.dflow:714 [DEBUG]  Task 102 set to pending state with AppFuture: <AppFuture super=<AppFuture at 0x7f003c2a4240 state=pending>>
2020-02-04 14:13:17.178 parsl.dataflow.dflow:452 [INFO]  Task 102 launched on executor threads
2020-02-04 14:13:17.178 parsl.dataflow.dflow:484 [DEBUG]  Adding output dependencies
2020-02-04 14:13:17.178 parsl.dataflow.dflow:708 [INFO]  Task 103 submitted for App run_single_transcript, waiting on tasks []
2020-02-04 14:13:17.178 parsl.dataflow.dflow:714 [DEBUG]  Task 103 set to pending state with AppFuture: <AppFuture super=<AppFuture at 0x7f003c2a4400 state=pending>>
2020-02-04 14:13:17.178 parsl.dataflow.dflow:452 [INFO]  Task 103 launched on executor threads
2020-02-04 14:13:17.178 parsl.dataflow.dflow:484 [DEBUG]  Adding output dependencies
2020-02-04 14:13:17.179 parsl.dataflow.dflow:708 [INFO]  Task 104 submitted for App run_single_transcript, waiting on tasks []
2020-02-04 14:13:17.179 parsl.dataflow.dflow:714 [DEBUG]  Task 104 set to pending state with AppFuture: <AppFuture super=<AppFuture at 0x7f003c2a45c0 state=pending>>
2020-02-04 14:13:17.179 parsl.dataflow.dflow:452 [INFO]  Task 104 launched on executor threads
2020-02-04 14:13:17.179 parsl.dataflow.dflow:484 [DEBUG]  Adding output dependencies
2020-02-04 14:13:17.179 parsl.dataflow.dflow:708 [INFO]  Task 105 submitted for App run_single_transcript, waiting on tasks []
2020-02-04 14:13:17.179 parsl.dataflow.dflow:714 [DEBUG]  Task 105 set to pending state with AppFuture: <AppFuture super=<AppFuture at 0x7f003c2a4780 state=pending>>
2020-02-04 14:13:17.179 parsl.dataflow.dflow:452 [INFO]  Task 105 launched on executor threads
2020-02-04 14:13:17.179 parsl.dataflow.dflow:484 [DEBUG]  Adding output dependencies
2020-02-04 14:13:17.179 parsl.dataflow.dflow:708 [INFO]  Task 106 submitted for App run_single_transcript, waiting on tasks []
2020-02-04 14:13:17.179 parsl.dataflow.dflow:714 [DEBUG]  Task 106 set to pending state with AppFuture: <AppFuture super=<AppFuture at 0x7f003c2a4940 state=pending>>
2020-02-04 14:13:17.179 parsl.dataflow.dflow:452 [INFO]  Task 106 launched on executor threads
2020-02-04 14:13:17.180 parsl.dataflow.dflow:864 [INFO]  DFK cleanup initiated
2020-02-04 14:13:17.180 parsl.dataflow.dflow:750 [INFO]  Summary of tasks in DFK:
2020-02-04 14:13:17.180 parsl.dataflow.dflow:781 [INFO]  Tasks in state States.launched: 0, 1, 2, 3, 4, 5, 6, 7, 8, 9, 10, 11, 12, 13, 14, 15, 16, 17, 18, 19, 20, 21, 22, 23, 24, 25, 26, 27, 28, 29, 30, 31, 32, 33, 34, 35, 36, 37, 38, 39, 40, 41, 42, 43, 44, 45, 46, 47, 48, 49, 50, 51, 52, 53, 54, 55, 56, 57, 58, 59, 60, 61, 62, 63, 64, 65, 66, 67, 68, 69, 70, 71, 72, 73, 74, 75, 76, 77, 78, 79, 80, 81, 82, 83, 84, 85, 86, 87, 88, 89, 90, 91, 92, 93, 94, 95, 96, 97, 98, 99, 100, 101, 102, 103, 104, 105, 106
2020-02-04 14:13:17.180 parsl.dataflow.dflow:788 [INFO]  End of summary
2020-02-04 14:13:17.180 parsl.dataflow.dflow:888 [INFO]  Terminating flow_control and strategy threads
2020-02-04 14:13:17.180 parsl.executors.threads:96 [DEBUG]  Done with executor shutdown
2020-02-04 14:13:17.181 parsl.executors.threads:96 [DEBUG]  Done with executor shutdown
2020-02-04 14:13:17.181 parsl.dataflow.dflow:920 [INFO]  DFK cleanup complete
