2020-02-04 15:33:31.912 parsl.dataflow.dflow:83 [DEBUG]  Starting DataFlowKernel with config
Config(
    app_cache=True, 
    checkpoint_files=None, 
    checkpoint_mode=None, 
    checkpoint_period=None, 
    data_management_max_threads=10, 
    executors=[HighThroughputExecutor(
        address='172.16.52.2', 
        cores_per_worker=1.0, 
        heartbeat_period=30, 
        heartbeat_threshold=120, 
        interchange_port_range=(55000, 56000), 
        label='workers', 
        launch_cmd='process_worker_pool.py {debug} {max_workers} -p {prefetch_capacity} -c {cores_per_worker} -m {mem_per_worker} --poll {poll_period} --task_url={task_url} --result_url={result_url} --logdir={logdir} --block_id={{block_id}} --hb_period={heartbeat_period} --hb_threshold={heartbeat_threshold} ', 
        managed=True, 
        max_workers=inf, 
        mem_per_worker=None, 
        poll_period=10, 
        prefetch_capacity=0, 
        provider=GridEngineProvider(
            channel=LocalChannel(
                envs={}, 
                script_dir=None, 
                userhome='/home/users/ellenrichards/GRETA'
            ), 
            init_blocks=1, 
            launcher=SingleNodeLauncher(), 
            max_blocks=20, 
            min_blocks=0, 
            nodes_per_block=1, 
            parallelism=1, 
            scheduler_options='', 
            walltime='00:10:00', 
            worker_init=''
        ), 
        storage_access=None, 
        suppress_failure=True, 
        worker_debug=False, 
        worker_logdir_root=None, 
        worker_port_range=(54000, 55000), 
        worker_ports=None, 
        working_dir=None
    ), ThreadPoolExecutor(
        label='login', 
        managed=True, 
        max_threads=20, 
        storage_access=None, 
        thread_name_prefix='', 
        working_dir=None
    )], 
    initialize_logging=True, 
    lazy_errors=True, 
    max_idletime=120.0, 
    monitoring=None, 
    retries=0, 
    run_dir='runinfo', 
    strategy='simple', 
    usage_tracking=False
)
2020-02-04 15:33:31.913 parsl.dataflow.dflow:84 [INFO]  Parsl version: 0.9.0
2020-02-04 15:33:31.913 parsl.dataflow.usage_tracking.usage:126 [DEBUG]  Tracking status: False
2020-02-04 15:33:31.913 parsl.dataflow.usage_tracking.usage:127 [DEBUG]  Testing mode   : False
2020-02-04 15:33:31.913 parsl.dataflow.dflow:110 [INFO]  Run id is: ba3ecaf2-3baf-4112-909c-e722c2ce2898
2020-02-04 15:33:31.988 parsl.dataflow.memoization:52 [INFO]  App caching initialized
2020-02-04 15:33:31.990 parsl.executors.high_throughput.executor:453 [DEBUG]  Starting queue management thread
2020-02-04 15:33:31.991 parsl.executors.high_throughput.executor:326 [DEBUG]  [MTHREAD] queue management worker starting
2020-02-04 15:33:31.991 parsl.executors.high_throughput.executor:457 [DEBUG]  Started queue management thread
2020-02-04 15:33:32.003 parsl.executors.high_throughput.executor:289 [DEBUG]  Created management thread: <Thread(HTEX-Queue-Management-Thread, started daemon 140348911245056)>
2020-02-04 15:33:32.003 parsl.executors.high_throughput.executor:263 [DEBUG]  Launch command: process_worker_pool.py   -p 0 -c 1.0 -m None --poll 10 --task_url=tcp://172.16.52.2:54464 --result_url=tcp://172.16.52.2:54576 --logdir=/home/users/ellenrichards/GRETA/runinfo/027/workers --block_id={block_id} --hb_period=30 --hb_threshold=120 
2020-02-04 15:33:32.003 parsl.executors.high_throughput.executor:266 [DEBUG]  Starting HighThroughputExecutor with provider:
GridEngineProvider(
    channel=LocalChannel(
        envs={}, 
        script_dir='/home/users/ellenrichards/GRETA/runinfo/027/submit_scripts', 
        userhome='/home/users/ellenrichards/GRETA'
    ), 
    init_blocks=1, 
    launcher=SingleNodeLauncher(), 
    max_blocks=20, 
    min_blocks=0, 
    nodes_per_block=1, 
    parallelism=1, 
    scheduler_options='', 
    walltime='00:10:00', 
    worker_init=''
)
2020-02-04 15:33:32.006 parsl.providers.grid_engine.grid_engine:96 [DEBUG]  Requesting one block with 1 nodes per block and 1 tasks per node
2020-02-04 15:33:32.007 parsl.providers.grid_engine.grid_engine:139 [DEBUG]  Writing submit script
2020-02-04 15:33:32.043 parsl.executors.high_throughput.executor:569 [DEBUG]  Launched block 0->19885
2020-02-04 15:33:32.044 parsl.dataflow.strategy:125 [DEBUG]  Scaling strategy: simple
2020-02-04 15:33:32.045 parsl.dataflow.dflow:864 [INFO]  DFK cleanup initiated
2020-02-04 15:33:32.045 parsl.dataflow.dflow:750 [INFO]  Summary of tasks in DFK:
2020-02-04 15:33:32.046 parsl.dataflow.dflow:788 [INFO]  End of summary
2020-02-04 15:33:32.046 parsl.dataflow.dflow:888 [INFO]  Terminating flow_control and strategy threads
2020-02-04 15:33:32.083 parsl.executors.high_throughput.executor:634 [INFO]  Attempting HighThroughputExecutor shutdown
2020-02-04 15:33:32.083 parsl.executors.high_throughput.executor:638 [INFO]  Finished HighThroughputExecutor shutdown attempt
2020-02-04 15:33:32.083 parsl.executors.threads:96 [DEBUG]  Done with executor shutdown
2020-02-04 15:33:32.083 parsl.executors.threads:96 [DEBUG]  Done with executor shutdown
2020-02-04 15:33:32.084 parsl.dataflow.dflow:920 [INFO]  DFK cleanup complete
