2020-02-04 20:32:57.064 parsl.dataflow.dflow:83 [DEBUG]  Starting DataFlowKernel with config
Config(
    app_cache=True, 
    checkpoint_files=None, 
    checkpoint_mode=None, 
    checkpoint_period=None, 
    data_management_max_threads=10, 
    executors=[IPyParallelExecutor(
        container_image=None, 
        controller=Controller(
            interfaces=None, 
            ipython_dir='~/.ipython', 
            log=True, 
            mode='auto', 
            port=None, 
            port_range=None, 
            profile='default', 
            public_ip=None, 
            reuse=False
        ), 
        engine_debug_level=None, 
        engine_dir=None, 
        label='workers', 
        managed=True, 
        provider=GridEngineProvider(
            channel=LocalChannel(
                envs={}, 
                script_dir=None, 
                userhome='/home/users/ellenrichards/GRETA'
            ), 
            init_blocks=1, 
            launcher=SingleNodeLauncher(), 
            max_blocks=20, 
            min_blocks=0, 
            nodes_per_block=1, 
            parallelism=1, 
            scheduler_options='', 
            walltime='00:10:00', 
            worker_init=''
        ), 
        storage_access=None, 
        workers_per_node=10, 
        working_dir=None
    ), ThreadPoolExecutor(
        label='login', 
        managed=True, 
        max_threads=20, 
        storage_access=None, 
        thread_name_prefix='', 
        working_dir=None
    )], 
    initialize_logging=True, 
    lazy_errors=True, 
    max_idletime=120.0, 
    monitoring=None, 
    retries=0, 
    run_dir='runinfo', 
    strategy='simple', 
    usage_tracking=False
)
2020-02-04 20:32:57.064 parsl.dataflow.dflow:84 [INFO]  Parsl version: 0.9.0
2020-02-04 20:32:57.064 parsl.dataflow.usage_tracking.usage:126 [DEBUG]  Tracking status: False
2020-02-04 20:32:57.064 parsl.dataflow.usage_tracking.usage:127 [DEBUG]  Testing mode   : False
2020-02-04 20:32:57.065 parsl.dataflow.dflow:110 [INFO]  Run id is: ec3ad7bd-5f54-4f88-a735-5aab84ad5fa0
2020-02-04 20:32:57.139 parsl.dataflow.memoization:52 [INFO]  App caching initialized
2020-02-04 20:32:57.140 parsl.executors.ipp_controller:99 [DEBUG]  Starting ipcontroller with 'ipcontroller --ipython-dir=/home/users/ellenrichards/GRETA/runinfo/054 --ip=* --profile=workers   '
2020-02-04 20:32:59.550 parsl.executors.ipp:104 [DEBUG]  Waiting for /home/users/ellenrichards/GRETA/runinfo/054/profile_workers/security/ipcontroller-client.json
2020-02-04 20:32:59.581 parsl.executors.ipp:120 [DEBUG]  Starting IPyParallelExecutor with provider:
GridEngineProvider(
    channel=LocalChannel(
        envs={}, 
        script_dir='/home/users/ellenrichards/GRETA/runinfo/054/submit_scripts', 
        userhome='/home/users/ellenrichards/GRETA'
    ), 
    init_blocks=1, 
    launcher=SingleNodeLauncher(), 
    max_blocks=20, 
    min_blocks=0, 
    nodes_per_block=1, 
    parallelism=1, 
    scheduler_options='', 
    walltime='00:10:00', 
    worker_init=''
)
2020-02-04 20:32:59.588 parsl.providers.grid_engine.grid_engine:96 [DEBUG]  Requesting one block with 1 nodes per block and 10 tasks per node
2020-02-04 20:32:59.588 parsl.providers.grid_engine.grid_engine:139 [DEBUG]  Writing submit script
2020-02-04 20:32:59.627 parsl.executors.ipp:239 [DEBUG]  Launched block 0:19942
2020-02-04 20:32:59.627 parsl.executors.ipp:246 [ERROR]  No execution provider available
2020-02-04 20:32:59.629 parsl.executors.ipp:129 [DEBUG]  Starting executor
2020-02-04 20:32:59.629 parsl.dataflow.strategy:125 [DEBUG]  Scaling strategy: simple
2020-02-04 20:32:59.750 parsl.dataflow.dflow:484 [DEBUG]  Adding output dependencies
2020-02-04 20:32:59.750 parsl.dataflow.dflow:708 [INFO]  Task 0 submitted for App star_index, waiting on tasks []
2020-02-04 20:32:59.750 parsl.dataflow.dflow:714 [DEBUG]  Task 0 set to pending state with AppFuture: <AppFuture super=<AppFuture at 0x7fadbaef6160 state=pending>>
2020-02-04 20:32:59.845 parsl.dataflow.dflow:452 [INFO]  Task 0 launched on executor workers
2020-02-04 20:33:00.672 parsl.dataflow.strategy:200 [DEBUG]  Executor workers has 1 active tasks, 0/0/1 running/submitted/pending blocks, and 0 connected workers
2020-02-04 20:33:05.670 parsl.dataflow.strategy:200 [DEBUG]  Executor workers has 1 active tasks, 1/0/0 running/submitted/pending blocks, and 0 connected workers
2020-02-04 20:33:10.068 parsl.dataflow.dflow:288 [INFO]  Task 0 completed
2020-02-04 20:33:10.069 parsl.dataflow.dflow:484 [DEBUG]  Adding output dependencies
2020-02-04 20:33:10.069 parsl.dataflow.dflow:708 [INFO]  Task 1 submitted for App star_align, waiting on tasks []
2020-02-04 20:33:10.069 parsl.dataflow.dflow:714 [DEBUG]  Task 1 set to pending state with AppFuture: <AppFuture super=<AppFuture at 0x7fad5cea1e10 state=pending>>
2020-02-04 20:33:10.071 parsl.dataflow.dflow:452 [INFO]  Task 1 launched on executor workers
2020-02-04 20:33:10.670 parsl.dataflow.strategy:200 [DEBUG]  Executor workers has 1 active tasks, 1/0/0 running/submitted/pending blocks, and 10 connected workers
2020-02-04 20:33:15.673 parsl.dataflow.strategy:200 [DEBUG]  Executor workers has 1 active tasks, 0/0/0 running/submitted/pending blocks, and 10 connected workers
2020-02-04 20:33:15.674 parsl.dataflow.strategy:259 [DEBUG]  Requesting 1 more blocks
2020-02-04 20:33:15.674 parsl.providers.grid_engine.grid_engine:96 [DEBUG]  Requesting one block with 1 nodes per block and 10 tasks per node
2020-02-04 20:33:15.674 parsl.providers.grid_engine.grid_engine:139 [DEBUG]  Writing submit script
2020-02-04 20:33:15.714 parsl.executors.ipp:239 [DEBUG]  Launched block 0:19943
2020-02-04 20:33:15.714 parsl.executors.ipp:246 [ERROR]  No execution provider available
2020-02-04 20:33:20.671 parsl.dataflow.strategy:200 [DEBUG]  Executor workers has 1 active tasks, 1/0/0 running/submitted/pending blocks, and 10 connected workers
2020-02-04 20:33:25.669 parsl.dataflow.strategy:200 [DEBUG]  Executor workers has 1 active tasks, 1/0/0 running/submitted/pending blocks, and 20 connected workers
2020-02-04 20:33:30.672 parsl.dataflow.strategy:200 [DEBUG]  Executor workers has 1 active tasks, 0/0/0 running/submitted/pending blocks, and 20 connected workers
2020-02-04 20:33:30.673 parsl.dataflow.strategy:259 [DEBUG]  Requesting 1 more blocks
2020-02-04 20:33:30.673 parsl.providers.grid_engine.grid_engine:96 [DEBUG]  Requesting one block with 1 nodes per block and 10 tasks per node
2020-02-04 20:33:30.673 parsl.providers.grid_engine.grid_engine:139 [DEBUG]  Writing submit script
2020-02-04 20:33:30.712 parsl.executors.ipp:239 [DEBUG]  Launched block 0:19944
2020-02-04 20:33:30.713 parsl.executors.ipp:246 [ERROR]  No execution provider available
2020-02-04 20:33:35.670 parsl.dataflow.strategy:200 [DEBUG]  Executor workers has 1 active tasks, 1/0/0 running/submitted/pending blocks, and 20 connected workers
2020-02-04 20:33:40.670 parsl.dataflow.strategy:200 [DEBUG]  Executor workers has 1 active tasks, 1/0/0 running/submitted/pending blocks, and 30 connected workers
2020-02-04 20:33:45.673 parsl.dataflow.strategy:200 [DEBUG]  Executor workers has 1 active tasks, 0/0/0 running/submitted/pending blocks, and 30 connected workers
2020-02-04 20:33:45.673 parsl.dataflow.strategy:259 [DEBUG]  Requesting 1 more blocks
2020-02-04 20:33:45.674 parsl.providers.grid_engine.grid_engine:96 [DEBUG]  Requesting one block with 1 nodes per block and 10 tasks per node
2020-02-04 20:33:45.674 parsl.providers.grid_engine.grid_engine:139 [DEBUG]  Writing submit script
2020-02-04 20:33:45.712 parsl.executors.ipp:239 [DEBUG]  Launched block 0:19945
2020-02-04 20:33:45.713 parsl.executors.ipp:246 [ERROR]  No execution provider available
2020-02-04 20:33:50.670 parsl.dataflow.strategy:200 [DEBUG]  Executor workers has 1 active tasks, 1/0/0 running/submitted/pending blocks, and 20 connected workers
2020-02-04 20:33:52.039 parsl.dataflow.dflow:257 [DEBUG]  Task 1 failed
2020-02-04 20:33:52.039 parsl.dataflow.dflow:279 [ERROR]  Task 1 failed after 0 retry attempts
Traceback (most recent call last):
  File "/local/cluster/lib/python3.6/site-packages/parsl/dataflow/dflow.py", line 252, in handle_exec_update
    res = future.result()
  File "/local/cluster/lib/python3.6/concurrent/futures/_base.py", line 425, in result
    return self.__get_result()
  File "/local/cluster/lib/python3.6/concurrent/futures/_base.py", line 384, in __get_result
    raise self._exception
  File "/local/cluster/lib/python3.6/site-packages/ipyparallel/client/asyncresult.py", line 226, in _resolve_result
    raise r
ipyparallel.error.RemoteError: EngineError(Engine b'20c33dc4-f8d99871f9023e2b58795c31' died while running task '0a70acff-af72bd67cfde801cdb3e5dd0')
2020-02-04 20:33:55.670 parsl.dataflow.strategy:200 [DEBUG]  Executor workers has 0 active tasks, 1/0/0 running/submitted/pending blocks, and 30 connected workers
2020-02-04 20:33:55.670 parsl.dataflow.strategy:226 [DEBUG]  Executor workers has 0 active tasks; starting kill timer (if idle time exceeds 120.0s, resources will be removed)
2020-02-04 20:34:00.670 parsl.dataflow.strategy:200 [DEBUG]  Executor workers has 0 active tasks, 0/0/0 running/submitted/pending blocks, and 30 connected workers
2020-02-04 20:34:04.106 parsl.dataflow.dflow:864 [INFO]  DFK cleanup initiated
2020-02-04 20:34:04.106 parsl.dataflow.dflow:750 [INFO]  Summary of tasks in DFK:
2020-02-04 20:34:04.107 parsl.dataflow.dflow:781 [INFO]  Tasks in state States.done: 0
2020-02-04 20:34:04.107 parsl.dataflow.dflow:781 [INFO]  Tasks in state States.failed: 1
2020-02-04 20:34:04.107 parsl.dataflow.dflow:788 [INFO]  End of summary
2020-02-04 20:34:04.107 parsl.dataflow.dflow:888 [INFO]  Terminating flow_control and strategy threads
2020-02-04 20:34:04.183 parsl.executors.ipp:292 [DEBUG]  IPP:Shutdown sequence: Attempting controller kill
2020-02-04 20:34:04.384 parsl.executors.ipp_controller:159 [DEBUG]  Controller exited with 0
2020-02-04 20:34:04.385 parsl.executors.ipp:302 [DEBUG]  Done with executor shutdown
2020-02-04 20:34:04.385 parsl.executors.threads:96 [DEBUG]  Done with executor shutdown
2020-02-04 20:34:04.385 parsl.executors.threads:96 [DEBUG]  Done with executor shutdown
2020-02-04 20:34:04.385 parsl.dataflow.dflow:920 [INFO]  DFK cleanup complete
