2020-02-05 12:48:18.722 parsl:592 Rank:0 [INFO]  Python version: 3.6.4 (default, Feb 10 2018, 20:32:45) 
[GCC 4.8.5 20150623 (Red Hat 4.8.5-16)]
2020-02-05 12:48:18.722 parsl:593 Rank:0 [INFO]  Debug logging: True
2020-02-05 12:48:18.722 parsl:594 Rank:0 [INFO]  Log dir: /home/users/ellenrichards/GRETA/runinfo/101/workers
2020-02-05 12:48:18.723 parsl:595 Rank:0 [INFO]  Manager ID: 2953bf97f8ba
2020-02-05 12:48:18.723 parsl:596 Rank:0 [INFO]  Block ID: 11
2020-02-05 12:48:18.723 parsl:597 Rank:0 [INFO]  cores_per_worker: 1.0
2020-02-05 12:48:18.723 parsl:598 Rank:0 [INFO]  mem_per_worker: None
2020-02-05 12:48:18.723 parsl:599 Rank:0 [INFO]  task_url: tcp://172.16.52.2:54991
2020-02-05 12:48:18.723 parsl:600 Rank:0 [INFO]  result_url: tcp://172.16.52.2:54613
2020-02-05 12:48:18.723 parsl:601 Rank:0 [INFO]  max_workers: inf
2020-02-05 12:48:18.723 parsl:602 Rank:0 [INFO]  poll_period: 10
2020-02-05 12:48:18.723 parsl:603 Rank:0 [INFO]  Prefetch capacity: 0
2020-02-05 12:48:18.723 parsl:108 Rank:0 [INFO]  Manager started
2020-02-05 12:48:18.723 parsl:122 Rank:0 [INFO]  Manager connected
2020-02-05 12:48:18.724 parsl:148 Rank:0 [INFO]  Manager will spawn 48 workers
2020-02-05 12:48:18.845 parsl:370 Rank:0 [DEBUG]  Manager synced with workers
2020-02-05 12:48:18.845 parsl:199 Rank:0 [INFO]  [TASK PULL THREAD] starting
2020-02-05 12:48:18.846 parsl:279 Rank:0 [DEBUG]  [RESULT_PUSH_THREAD] Starting thread
2020-02-05 12:48:18.846 parsl:282 Rank:0 [DEBUG]  [RESULT_PUSH_THREAD] push poll period: 0.01
2020-02-05 12:48:18.846 parsl:315 Rank:0 [DEBUG]  [WORKER_WATCHDOG_THREAD] Starting thread
2020-02-05 12:48:18.846 parsl:385 Rank:0 [INFO]  Loop start
2020-02-05 12:48:18.849 parsl:205 Rank:0 [DEBUG]  Sending registration message: b'{"parsl_v": "0.9.0", "python_v": "3.6.4", "worker_count": 48, "block_id": "11", "prefetch_capacity": 0, "max_capacity": 48, "os": "Linux", "hostname": "tomato.blt.lclark.local", "dir": "/home/users/ellenrichards/GRETA", "cpu_count": 12, "total_memory": 540756611072, "reg_time": "2020-02-05 12:48:18"}'
2020-02-05 12:48:18.849 parsl:218 Rank:0 [DEBUG]  [TASK_PULL_THREAD] ready workers:48, pending tasks:0
2020-02-05 12:48:18.849 parsl:225 Rank:0 [DEBUG]  [TASK_PULL_THREAD] Requesting tasks: 48
2020-02-05 12:48:18.854 parsl:248 Rank:0 [DEBUG]  [TASK_PULL_THREAD] Got tasks: [49, 50, 51, 52, 53, 54, 55, 56, 57, 58, 59, 60, 61, 62, 63, 64, 65, 66, 67, 68, 69, 70, 71, 72, 73, 74, 75, 76, 77, 78, 79, 80, 81, 82, 83, 84, 85, 86, 87, 88, 89, 90, 91, 92, 93, 94, 95, 96] of 48
2020-02-05 12:48:18.856 parsl:218 Rank:0 [DEBUG]  [TASK_PULL_THREAD] ready workers:48, pending tasks:47
2020-02-05 12:48:18.856 parsl:225 Rank:0 [DEBUG]  [TASK_PULL_THREAD] Requesting tasks: 48
2020-02-05 12:48:18.856 parsl:256 Rank:0 [DEBUG]  [TASK_PULL_THREAD] No incoming tasks
2020-02-05 12:48:18.856 parsl:218 Rank:0 [DEBUG]  [TASK_PULL_THREAD] ready workers:48, pending tasks:43
2020-02-05 12:48:18.856 parsl:225 Rank:0 [DEBUG]  [TASK_PULL_THREAD] Requesting tasks: 48
2020-02-05 12:48:18.877 parsl:256 Rank:0 [DEBUG]  [TASK_PULL_THREAD] No incoming tasks
2020-02-05 12:48:18.877 parsl:218 Rank:0 [DEBUG]  [TASK_PULL_THREAD] ready workers:26, pending tasks:0
2020-02-05 12:48:18.877 parsl:225 Rank:0 [DEBUG]  [TASK_PULL_THREAD] Requesting tasks: 26
2020-02-05 12:48:18.917 parsl:256 Rank:0 [DEBUG]  [TASK_PULL_THREAD] No incoming tasks
2020-02-05 12:48:18.917 parsl:218 Rank:0 [DEBUG]  [TASK_PULL_THREAD] ready workers:0, pending tasks:0
2020-02-05 12:48:18.998 parsl:256 Rank:0 [DEBUG]  [TASK_PULL_THREAD] No incoming tasks
2020-02-05 12:48:18.998 parsl:218 Rank:0 [DEBUG]  [TASK_PULL_THREAD] ready workers:0, pending tasks:0
2020-02-05 12:48:19.158 parsl:256 Rank:0 [DEBUG]  [TASK_PULL_THREAD] No incoming tasks
2020-02-05 12:48:19.158 parsl:218 Rank:0 [DEBUG]  [TASK_PULL_THREAD] ready workers:0, pending tasks:0
2020-02-05 12:48:19.479 parsl:256 Rank:0 [DEBUG]  [TASK_PULL_THREAD] No incoming tasks
2020-02-05 12:48:19.479 parsl:218 Rank:0 [DEBUG]  [TASK_PULL_THREAD] ready workers:0, pending tasks:0
2020-02-05 12:48:20.119 parsl:256 Rank:0 [DEBUG]  [TASK_PULL_THREAD] No incoming tasks
2020-02-05 12:48:20.120 parsl:218 Rank:0 [DEBUG]  [TASK_PULL_THREAD] ready workers:0, pending tasks:0
2020-02-05 12:48:21.401 parsl:256 Rank:0 [DEBUG]  [TASK_PULL_THREAD] No incoming tasks
2020-02-05 12:48:21.401 parsl:218 Rank:0 [DEBUG]  [TASK_PULL_THREAD] ready workers:47, pending tasks:0
2020-02-05 12:48:21.401 parsl:225 Rank:0 [DEBUG]  [TASK_PULL_THREAD] Requesting tasks: 47
2020-02-05 12:48:23.964 parsl:256 Rank:0 [DEBUG]  [TASK_PULL_THREAD] No incoming tasks
2020-02-05 12:48:23.965 parsl:218 Rank:0 [DEBUG]  [TASK_PULL_THREAD] ready workers:47, pending tasks:0
2020-02-05 12:48:23.965 parsl:225 Rank:0 [DEBUG]  [TASK_PULL_THREAD] Requesting tasks: 47
2020-02-05 12:48:29.090 parsl:256 Rank:0 [DEBUG]  [TASK_PULL_THREAD] No incoming tasks
2020-02-05 12:48:29.090 parsl:218 Rank:0 [DEBUG]  [TASK_PULL_THREAD] ready workers:47, pending tasks:0
2020-02-05 12:48:29.090 parsl:225 Rank:0 [DEBUG]  [TASK_PULL_THREAD] Requesting tasks: 47
2020-02-05 12:48:39.340 parsl:256 Rank:0 [DEBUG]  [TASK_PULL_THREAD] No incoming tasks
2020-02-05 12:48:39.341 parsl:218 Rank:0 [DEBUG]  [TASK_PULL_THREAD] ready workers:47, pending tasks:0
2020-02-05 12:48:39.341 parsl:225 Rank:0 [DEBUG]  [TASK_PULL_THREAD] Requesting tasks: 47
2020-02-05 12:48:59.842 parsl:256 Rank:0 [DEBUG]  [TASK_PULL_THREAD] No incoming tasks
2020-02-05 12:48:59.842 parsl:218 Rank:0 [DEBUG]  [TASK_PULL_THREAD] ready workers:47, pending tasks:0
2020-02-05 12:48:59.842 parsl:188 Rank:0 [DEBUG]  Return from heartbeat: None
2020-02-05 12:48:59.842 parsl:225 Rank:0 [DEBUG]  [TASK_PULL_THREAD] Requesting tasks: 47
2020-02-05 12:48:59.844 parsl:243 Rank:0 [DEBUG]  Got heartbeat from interchange
2020-02-05 12:48:59.844 parsl:218 Rank:0 [DEBUG]  [TASK_PULL_THREAD] ready workers:47, pending tasks:0
2020-02-05 12:48:59.844 parsl:225 Rank:0 [DEBUG]  [TASK_PULL_THREAD] Requesting tasks: 47
2020-02-05 12:48:59.844 parsl:256 Rank:0 [DEBUG]  [TASK_PULL_THREAD] No incoming tasks
2020-02-05 12:48:59.844 parsl:218 Rank:0 [DEBUG]  [TASK_PULL_THREAD] ready workers:47, pending tasks:0
2020-02-05 12:48:59.844 parsl:225 Rank:0 [DEBUG]  [TASK_PULL_THREAD] Requesting tasks: 47
2020-02-05 12:48:59.865 parsl:256 Rank:0 [DEBUG]  [TASK_PULL_THREAD] No incoming tasks
2020-02-05 12:48:59.865 parsl:218 Rank:0 [DEBUG]  [TASK_PULL_THREAD] ready workers:47, pending tasks:0
2020-02-05 12:48:59.865 parsl:225 Rank:0 [DEBUG]  [TASK_PULL_THREAD] Requesting tasks: 47
2020-02-05 12:48:59.905 parsl:256 Rank:0 [DEBUG]  [TASK_PULL_THREAD] No incoming tasks
2020-02-05 12:48:59.905 parsl:218 Rank:0 [DEBUG]  [TASK_PULL_THREAD] ready workers:47, pending tasks:0
2020-02-05 12:48:59.905 parsl:225 Rank:0 [DEBUG]  [TASK_PULL_THREAD] Requesting tasks: 47
2020-02-05 12:48:59.985 parsl:256 Rank:0 [DEBUG]  [TASK_PULL_THREAD] No incoming tasks
2020-02-05 12:48:59.985 parsl:218 Rank:0 [DEBUG]  [TASK_PULL_THREAD] ready workers:47, pending tasks:0
2020-02-05 12:48:59.985 parsl:225 Rank:0 [DEBUG]  [TASK_PULL_THREAD] Requesting tasks: 47
2020-02-05 12:49:00.146 parsl:256 Rank:0 [DEBUG]  [TASK_PULL_THREAD] No incoming tasks
2020-02-05 12:49:00.146 parsl:218 Rank:0 [DEBUG]  [TASK_PULL_THREAD] ready workers:47, pending tasks:0
2020-02-05 12:49:00.146 parsl:225 Rank:0 [DEBUG]  [TASK_PULL_THREAD] Requesting tasks: 47
2020-02-05 12:49:00.466 parsl:256 Rank:0 [DEBUG]  [TASK_PULL_THREAD] No incoming tasks
2020-02-05 12:49:00.466 parsl:218 Rank:0 [DEBUG]  [TASK_PULL_THREAD] ready workers:47, pending tasks:0
2020-02-05 12:49:00.466 parsl:225 Rank:0 [DEBUG]  [TASK_PULL_THREAD] Requesting tasks: 47
2020-02-05 12:49:01.107 parsl:256 Rank:0 [DEBUG]  [TASK_PULL_THREAD] No incoming tasks
2020-02-05 12:49:01.107 parsl:218 Rank:0 [DEBUG]  [TASK_PULL_THREAD] ready workers:47, pending tasks:0
2020-02-05 12:49:01.107 parsl:225 Rank:0 [DEBUG]  [TASK_PULL_THREAD] Requesting tasks: 47
2020-02-05 12:49:02.389 parsl:256 Rank:0 [DEBUG]  [TASK_PULL_THREAD] No incoming tasks
2020-02-05 12:49:02.389 parsl:218 Rank:0 [DEBUG]  [TASK_PULL_THREAD] ready workers:47, pending tasks:0
2020-02-05 12:49:02.389 parsl:225 Rank:0 [DEBUG]  [TASK_PULL_THREAD] Requesting tasks: 47
2020-02-05 12:49:04.951 parsl:256 Rank:0 [DEBUG]  [TASK_PULL_THREAD] No incoming tasks
2020-02-05 12:49:04.952 parsl:218 Rank:0 [DEBUG]  [TASK_PULL_THREAD] ready workers:47, pending tasks:0
2020-02-05 12:49:04.952 parsl:225 Rank:0 [DEBUG]  [TASK_PULL_THREAD] Requesting tasks: 47
2020-02-05 12:49:10.077 parsl:256 Rank:0 [DEBUG]  [TASK_PULL_THREAD] No incoming tasks
2020-02-05 12:49:10.077 parsl:218 Rank:0 [DEBUG]  [TASK_PULL_THREAD] ready workers:47, pending tasks:0
2020-02-05 12:49:10.077 parsl:225 Rank:0 [DEBUG]  [TASK_PULL_THREAD] Requesting tasks: 47
2020-02-05 12:49:20.328 parsl:256 Rank:0 [DEBUG]  [TASK_PULL_THREAD] No incoming tasks
2020-02-05 12:49:20.328 parsl:218 Rank:0 [DEBUG]  [TASK_PULL_THREAD] ready workers:47, pending tasks:0
2020-02-05 12:49:20.328 parsl:225 Rank:0 [DEBUG]  [TASK_PULL_THREAD] Requesting tasks: 47
2020-02-05 12:49:40.824 parsl:256 Rank:0 [DEBUG]  [TASK_PULL_THREAD] No incoming tasks
2020-02-05 12:49:40.824 parsl:218 Rank:0 [DEBUG]  [TASK_PULL_THREAD] ready workers:47, pending tasks:0
2020-02-05 12:49:40.824 parsl:188 Rank:0 [DEBUG]  Return from heartbeat: None
2020-02-05 12:49:40.824 parsl:225 Rank:0 [DEBUG]  [TASK_PULL_THREAD] Requesting tasks: 47
2020-02-05 12:49:40.826 parsl:243 Rank:0 [DEBUG]  Got heartbeat from interchange
2020-02-05 12:49:40.826 parsl:218 Rank:0 [DEBUG]  [TASK_PULL_THREAD] ready workers:47, pending tasks:0
2020-02-05 12:49:40.826 parsl:225 Rank:0 [DEBUG]  [TASK_PULL_THREAD] Requesting tasks: 47
2020-02-05 12:49:40.826 parsl:256 Rank:0 [DEBUG]  [TASK_PULL_THREAD] No incoming tasks
2020-02-05 12:49:40.826 parsl:218 Rank:0 [DEBUG]  [TASK_PULL_THREAD] ready workers:47, pending tasks:0
2020-02-05 12:49:40.826 parsl:225 Rank:0 [DEBUG]  [TASK_PULL_THREAD] Requesting tasks: 47
2020-02-05 12:49:40.846 parsl:256 Rank:0 [DEBUG]  [TASK_PULL_THREAD] No incoming tasks
2020-02-05 12:49:40.847 parsl:218 Rank:0 [DEBUG]  [TASK_PULL_THREAD] ready workers:47, pending tasks:0
2020-02-05 12:49:40.847 parsl:225 Rank:0 [DEBUG]  [TASK_PULL_THREAD] Requesting tasks: 47
2020-02-05 12:49:40.887 parsl:256 Rank:0 [DEBUG]  [TASK_PULL_THREAD] No incoming tasks
2020-02-05 12:49:40.887 parsl:218 Rank:0 [DEBUG]  [TASK_PULL_THREAD] ready workers:47, pending tasks:0
2020-02-05 12:49:40.887 parsl:225 Rank:0 [DEBUG]  [TASK_PULL_THREAD] Requesting tasks: 47
2020-02-05 12:49:40.967 parsl:256 Rank:0 [DEBUG]  [TASK_PULL_THREAD] No incoming tasks
2020-02-05 12:49:40.968 parsl:218 Rank:0 [DEBUG]  [TASK_PULL_THREAD] ready workers:47, pending tasks:0
2020-02-05 12:49:40.968 parsl:225 Rank:0 [DEBUG]  [TASK_PULL_THREAD] Requesting tasks: 47
2020-02-05 12:49:41.128 parsl:256 Rank:0 [DEBUG]  [TASK_PULL_THREAD] No incoming tasks
2020-02-05 12:49:41.128 parsl:218 Rank:0 [DEBUG]  [TASK_PULL_THREAD] ready workers:47, pending tasks:0
2020-02-05 12:49:41.128 parsl:225 Rank:0 [DEBUG]  [TASK_PULL_THREAD] Requesting tasks: 47
2020-02-05 12:49:41.449 parsl:256 Rank:0 [DEBUG]  [TASK_PULL_THREAD] No incoming tasks
2020-02-05 12:49:41.449 parsl:218 Rank:0 [DEBUG]  [TASK_PULL_THREAD] ready workers:47, pending tasks:0
2020-02-05 12:49:41.449 parsl:225 Rank:0 [DEBUG]  [TASK_PULL_THREAD] Requesting tasks: 47
2020-02-05 12:49:42.090 parsl:256 Rank:0 [DEBUG]  [TASK_PULL_THREAD] No incoming tasks
2020-02-05 12:49:42.090 parsl:218 Rank:0 [DEBUG]  [TASK_PULL_THREAD] ready workers:47, pending tasks:0
2020-02-05 12:49:42.090 parsl:225 Rank:0 [DEBUG]  [TASK_PULL_THREAD] Requesting tasks: 47
2020-02-05 12:49:43.371 parsl:256 Rank:0 [DEBUG]  [TASK_PULL_THREAD] No incoming tasks
2020-02-05 12:49:43.372 parsl:218 Rank:0 [DEBUG]  [TASK_PULL_THREAD] ready workers:47, pending tasks:0
2020-02-05 12:49:43.372 parsl:225 Rank:0 [DEBUG]  [TASK_PULL_THREAD] Requesting tasks: 47
2020-02-05 12:49:45.934 parsl:256 Rank:0 [DEBUG]  [TASK_PULL_THREAD] No incoming tasks
2020-02-05 12:49:45.935 parsl:218 Rank:0 [DEBUG]  [TASK_PULL_THREAD] ready workers:47, pending tasks:0
2020-02-05 12:49:45.935 parsl:225 Rank:0 [DEBUG]  [TASK_PULL_THREAD] Requesting tasks: 47
2020-02-05 12:49:51.060 parsl:256 Rank:0 [DEBUG]  [TASK_PULL_THREAD] No incoming tasks
2020-02-05 12:49:51.060 parsl:218 Rank:0 [DEBUG]  [TASK_PULL_THREAD] ready workers:47, pending tasks:0
2020-02-05 12:49:51.060 parsl:225 Rank:0 [DEBUG]  [TASK_PULL_THREAD] Requesting tasks: 47
2020-02-05 12:50:01.311 parsl:256 Rank:0 [DEBUG]  [TASK_PULL_THREAD] No incoming tasks
2020-02-05 12:50:01.311 parsl:218 Rank:0 [DEBUG]  [TASK_PULL_THREAD] ready workers:47, pending tasks:0
2020-02-05 12:50:01.312 parsl:225 Rank:0 [DEBUG]  [TASK_PULL_THREAD] Requesting tasks: 47
2020-02-05 12:50:21.813 parsl:256 Rank:0 [DEBUG]  [TASK_PULL_THREAD] No incoming tasks
2020-02-05 12:50:21.813 parsl:218 Rank:0 [DEBUG]  [TASK_PULL_THREAD] ready workers:47, pending tasks:0
2020-02-05 12:50:21.814 parsl:188 Rank:0 [DEBUG]  Return from heartbeat: None
2020-02-05 12:50:21.814 parsl:225 Rank:0 [DEBUG]  [TASK_PULL_THREAD] Requesting tasks: 47
2020-02-05 12:50:21.815 parsl:243 Rank:0 [DEBUG]  Got heartbeat from interchange
2020-02-05 12:50:21.815 parsl:218 Rank:0 [DEBUG]  [TASK_PULL_THREAD] ready workers:47, pending tasks:0
2020-02-05 12:50:21.815 parsl:225 Rank:0 [DEBUG]  [TASK_PULL_THREAD] Requesting tasks: 47
2020-02-05 12:50:21.815 parsl:256 Rank:0 [DEBUG]  [TASK_PULL_THREAD] No incoming tasks
2020-02-05 12:50:21.815 parsl:218 Rank:0 [DEBUG]  [TASK_PULL_THREAD] ready workers:47, pending tasks:0
2020-02-05 12:50:21.815 parsl:225 Rank:0 [DEBUG]  [TASK_PULL_THREAD] Requesting tasks: 47
2020-02-05 12:50:21.836 parsl:256 Rank:0 [DEBUG]  [TASK_PULL_THREAD] No incoming tasks
2020-02-05 12:50:21.836 parsl:218 Rank:0 [DEBUG]  [TASK_PULL_THREAD] ready workers:47, pending tasks:0
2020-02-05 12:50:21.836 parsl:225 Rank:0 [DEBUG]  [TASK_PULL_THREAD] Requesting tasks: 47
2020-02-05 12:50:21.876 parsl:256 Rank:0 [DEBUG]  [TASK_PULL_THREAD] No incoming tasks
2020-02-05 12:50:21.876 parsl:218 Rank:0 [DEBUG]  [TASK_PULL_THREAD] ready workers:47, pending tasks:0
2020-02-05 12:50:21.876 parsl:225 Rank:0 [DEBUG]  [TASK_PULL_THREAD] Requesting tasks: 47
2020-02-05 12:50:21.957 parsl:256 Rank:0 [DEBUG]  [TASK_PULL_THREAD] No incoming tasks
2020-02-05 12:50:21.957 parsl:218 Rank:0 [DEBUG]  [TASK_PULL_THREAD] ready workers:47, pending tasks:0
2020-02-05 12:50:21.957 parsl:225 Rank:0 [DEBUG]  [TASK_PULL_THREAD] Requesting tasks: 47
2020-02-05 12:50:22.117 parsl:256 Rank:0 [DEBUG]  [TASK_PULL_THREAD] No incoming tasks
2020-02-05 12:50:22.117 parsl:218 Rank:0 [DEBUG]  [TASK_PULL_THREAD] ready workers:47, pending tasks:0
2020-02-05 12:50:22.117 parsl:225 Rank:0 [DEBUG]  [TASK_PULL_THREAD] Requesting tasks: 47
2020-02-05 12:50:22.438 parsl:256 Rank:0 [DEBUG]  [TASK_PULL_THREAD] No incoming tasks
2020-02-05 12:50:22.438 parsl:218 Rank:0 [DEBUG]  [TASK_PULL_THREAD] ready workers:47, pending tasks:0
2020-02-05 12:50:22.438 parsl:225 Rank:0 [DEBUG]  [TASK_PULL_THREAD] Requesting tasks: 47
2020-02-05 12:50:23.079 parsl:256 Rank:0 [DEBUG]  [TASK_PULL_THREAD] No incoming tasks
2020-02-05 12:50:23.079 parsl:218 Rank:0 [DEBUG]  [TASK_PULL_THREAD] ready workers:47, pending tasks:0
2020-02-05 12:50:23.079 parsl:225 Rank:0 [DEBUG]  [TASK_PULL_THREAD] Requesting tasks: 47
2020-02-05 12:50:24.361 parsl:256 Rank:0 [DEBUG]  [TASK_PULL_THREAD] No incoming tasks
2020-02-05 12:50:24.362 parsl:218 Rank:0 [DEBUG]  [TASK_PULL_THREAD] ready workers:47, pending tasks:0
2020-02-05 12:50:24.362 parsl:225 Rank:0 [DEBUG]  [TASK_PULL_THREAD] Requesting tasks: 47
2020-02-05 12:50:26.925 parsl:256 Rank:0 [DEBUG]  [TASK_PULL_THREAD] No incoming tasks
2020-02-05 12:50:26.925 parsl:218 Rank:0 [DEBUG]  [TASK_PULL_THREAD] ready workers:47, pending tasks:0
2020-02-05 12:50:26.925 parsl:225 Rank:0 [DEBUG]  [TASK_PULL_THREAD] Requesting tasks: 47
2020-02-05 12:50:32.050 parsl:256 Rank:0 [DEBUG]  [TASK_PULL_THREAD] No incoming tasks
2020-02-05 12:50:32.050 parsl:218 Rank:0 [DEBUG]  [TASK_PULL_THREAD] ready workers:47, pending tasks:0
2020-02-05 12:50:32.050 parsl:225 Rank:0 [DEBUG]  [TASK_PULL_THREAD] Requesting tasks: 47
2020-02-05 12:50:42.301 parsl:256 Rank:0 [DEBUG]  [TASK_PULL_THREAD] No incoming tasks
2020-02-05 12:50:42.302 parsl:218 Rank:0 [DEBUG]  [TASK_PULL_THREAD] ready workers:47, pending tasks:0
2020-02-05 12:50:42.302 parsl:225 Rank:0 [DEBUG]  [TASK_PULL_THREAD] Requesting tasks: 47
2020-02-05 12:51:02.803 parsl:256 Rank:0 [DEBUG]  [TASK_PULL_THREAD] No incoming tasks
2020-02-05 12:51:02.803 parsl:218 Rank:0 [DEBUG]  [TASK_PULL_THREAD] ready workers:47, pending tasks:0
2020-02-05 12:51:02.804 parsl:188 Rank:0 [DEBUG]  Return from heartbeat: None
2020-02-05 12:51:02.804 parsl:225 Rank:0 [DEBUG]  [TASK_PULL_THREAD] Requesting tasks: 47
2020-02-05 12:51:02.805 parsl:243 Rank:0 [DEBUG]  Got heartbeat from interchange
2020-02-05 12:51:02.805 parsl:218 Rank:0 [DEBUG]  [TASK_PULL_THREAD] ready workers:47, pending tasks:0
2020-02-05 12:51:02.805 parsl:225 Rank:0 [DEBUG]  [TASK_PULL_THREAD] Requesting tasks: 47
2020-02-05 12:51:02.805 parsl:256 Rank:0 [DEBUG]  [TASK_PULL_THREAD] No incoming tasks
2020-02-05 12:51:02.805 parsl:218 Rank:0 [DEBUG]  [TASK_PULL_THREAD] ready workers:47, pending tasks:0
2020-02-05 12:51:02.805 parsl:225 Rank:0 [DEBUG]  [TASK_PULL_THREAD] Requesting tasks: 47
2020-02-05 12:51:02.825 parsl:256 Rank:0 [DEBUG]  [TASK_PULL_THREAD] No incoming tasks
2020-02-05 12:51:02.825 parsl:218 Rank:0 [DEBUG]  [TASK_PULL_THREAD] ready workers:47, pending tasks:0
2020-02-05 12:51:02.825 parsl:225 Rank:0 [DEBUG]  [TASK_PULL_THREAD] Requesting tasks: 47
2020-02-05 12:51:02.865 parsl:256 Rank:0 [DEBUG]  [TASK_PULL_THREAD] No incoming tasks
2020-02-05 12:51:02.865 parsl:218 Rank:0 [DEBUG]  [TASK_PULL_THREAD] ready workers:47, pending tasks:0
2020-02-05 12:51:02.866 parsl:225 Rank:0 [DEBUG]  [TASK_PULL_THREAD] Requesting tasks: 47
2020-02-05 12:51:02.946 parsl:256 Rank:0 [DEBUG]  [TASK_PULL_THREAD] No incoming tasks
2020-02-05 12:51:02.946 parsl:218 Rank:0 [DEBUG]  [TASK_PULL_THREAD] ready workers:47, pending tasks:0
2020-02-05 12:51:02.946 parsl:225 Rank:0 [DEBUG]  [TASK_PULL_THREAD] Requesting tasks: 47
2020-02-05 12:51:03.106 parsl:256 Rank:0 [DEBUG]  [TASK_PULL_THREAD] No incoming tasks
2020-02-05 12:51:03.106 parsl:218 Rank:0 [DEBUG]  [TASK_PULL_THREAD] ready workers:47, pending tasks:0
2020-02-05 12:51:03.106 parsl:225 Rank:0 [DEBUG]  [TASK_PULL_THREAD] Requesting tasks: 47
2020-02-05 12:51:03.427 parsl:256 Rank:0 [DEBUG]  [TASK_PULL_THREAD] No incoming tasks
2020-02-05 12:51:03.427 parsl:218 Rank:0 [DEBUG]  [TASK_PULL_THREAD] ready workers:47, pending tasks:0
2020-02-05 12:51:03.427 parsl:225 Rank:0 [DEBUG]  [TASK_PULL_THREAD] Requesting tasks: 47
2020-02-05 12:51:04.067 parsl:256 Rank:0 [DEBUG]  [TASK_PULL_THREAD] No incoming tasks
2020-02-05 12:51:04.068 parsl:218 Rank:0 [DEBUG]  [TASK_PULL_THREAD] ready workers:47, pending tasks:0
2020-02-05 12:51:04.068 parsl:225 Rank:0 [DEBUG]  [TASK_PULL_THREAD] Requesting tasks: 47
2020-02-05 12:51:05.349 parsl:256 Rank:0 [DEBUG]  [TASK_PULL_THREAD] No incoming tasks
2020-02-05 12:51:05.349 parsl:218 Rank:0 [DEBUG]  [TASK_PULL_THREAD] ready workers:47, pending tasks:0
2020-02-05 12:51:05.349 parsl:225 Rank:0 [DEBUG]  [TASK_PULL_THREAD] Requesting tasks: 47
2020-02-05 12:51:07.912 parsl:256 Rank:0 [DEBUG]  [TASK_PULL_THREAD] No incoming tasks
2020-02-05 12:51:07.912 parsl:218 Rank:0 [DEBUG]  [TASK_PULL_THREAD] ready workers:47, pending tasks:0
2020-02-05 12:51:07.912 parsl:225 Rank:0 [DEBUG]  [TASK_PULL_THREAD] Requesting tasks: 47
2020-02-05 12:51:13.037 parsl:256 Rank:0 [DEBUG]  [TASK_PULL_THREAD] No incoming tasks
2020-02-05 12:51:13.037 parsl:218 Rank:0 [DEBUG]  [TASK_PULL_THREAD] ready workers:47, pending tasks:0
2020-02-05 12:51:13.037 parsl:225 Rank:0 [DEBUG]  [TASK_PULL_THREAD] Requesting tasks: 47
2020-02-05 12:51:23.288 parsl:256 Rank:0 [DEBUG]  [TASK_PULL_THREAD] No incoming tasks
2020-02-05 12:51:23.288 parsl:218 Rank:0 [DEBUG]  [TASK_PULL_THREAD] ready workers:47, pending tasks:0
2020-02-05 12:51:23.288 parsl:225 Rank:0 [DEBUG]  [TASK_PULL_THREAD] Requesting tasks: 47
2020-02-05 12:51:43.789 parsl:256 Rank:0 [DEBUG]  [TASK_PULL_THREAD] No incoming tasks
2020-02-05 12:51:43.790 parsl:218 Rank:0 [DEBUG]  [TASK_PULL_THREAD] ready workers:47, pending tasks:0
2020-02-05 12:51:43.790 parsl:188 Rank:0 [DEBUG]  Return from heartbeat: None
2020-02-05 12:51:43.790 parsl:225 Rank:0 [DEBUG]  [TASK_PULL_THREAD] Requesting tasks: 47
2020-02-05 12:51:43.791 parsl:243 Rank:0 [DEBUG]  Got heartbeat from interchange
2020-02-05 12:51:43.791 parsl:218 Rank:0 [DEBUG]  [TASK_PULL_THREAD] ready workers:47, pending tasks:0
2020-02-05 12:51:43.791 parsl:225 Rank:0 [DEBUG]  [TASK_PULL_THREAD] Requesting tasks: 47
2020-02-05 12:51:43.791 parsl:256 Rank:0 [DEBUG]  [TASK_PULL_THREAD] No incoming tasks
2020-02-05 12:51:43.791 parsl:218 Rank:0 [DEBUG]  [TASK_PULL_THREAD] ready workers:47, pending tasks:0
2020-02-05 12:51:43.791 parsl:225 Rank:0 [DEBUG]  [TASK_PULL_THREAD] Requesting tasks: 47
2020-02-05 12:51:43.811 parsl:256 Rank:0 [DEBUG]  [TASK_PULL_THREAD] No incoming tasks
2020-02-05 12:51:43.811 parsl:218 Rank:0 [DEBUG]  [TASK_PULL_THREAD] ready workers:47, pending tasks:0
2020-02-05 12:51:43.811 parsl:225 Rank:0 [DEBUG]  [TASK_PULL_THREAD] Requesting tasks: 47
2020-02-05 12:51:43.852 parsl:256 Rank:0 [DEBUG]  [TASK_PULL_THREAD] No incoming tasks
2020-02-05 12:51:43.852 parsl:218 Rank:0 [DEBUG]  [TASK_PULL_THREAD] ready workers:47, pending tasks:0
2020-02-05 12:51:43.852 parsl:225 Rank:0 [DEBUG]  [TASK_PULL_THREAD] Requesting tasks: 47
2020-02-05 12:51:43.932 parsl:256 Rank:0 [DEBUG]  [TASK_PULL_THREAD] No incoming tasks
2020-02-05 12:51:43.932 parsl:218 Rank:0 [DEBUG]  [TASK_PULL_THREAD] ready workers:47, pending tasks:0
2020-02-05 12:51:43.932 parsl:225 Rank:0 [DEBUG]  [TASK_PULL_THREAD] Requesting tasks: 47
2020-02-05 12:51:44.092 parsl:256 Rank:0 [DEBUG]  [TASK_PULL_THREAD] No incoming tasks
2020-02-05 12:51:44.092 parsl:218 Rank:0 [DEBUG]  [TASK_PULL_THREAD] ready workers:47, pending tasks:0
2020-02-05 12:51:44.092 parsl:225 Rank:0 [DEBUG]  [TASK_PULL_THREAD] Requesting tasks: 47
2020-02-05 12:51:44.413 parsl:256 Rank:0 [DEBUG]  [TASK_PULL_THREAD] No incoming tasks
2020-02-05 12:51:44.413 parsl:218 Rank:0 [DEBUG]  [TASK_PULL_THREAD] ready workers:47, pending tasks:0
2020-02-05 12:51:44.413 parsl:225 Rank:0 [DEBUG]  [TASK_PULL_THREAD] Requesting tasks: 47
2020-02-05 12:51:45.054 parsl:256 Rank:0 [DEBUG]  [TASK_PULL_THREAD] No incoming tasks
2020-02-05 12:51:45.054 parsl:218 Rank:0 [DEBUG]  [TASK_PULL_THREAD] ready workers:47, pending tasks:0
2020-02-05 12:51:45.054 parsl:225 Rank:0 [DEBUG]  [TASK_PULL_THREAD] Requesting tasks: 47
2020-02-05 12:51:46.335 parsl:256 Rank:0 [DEBUG]  [TASK_PULL_THREAD] No incoming tasks
2020-02-05 12:51:46.335 parsl:218 Rank:0 [DEBUG]  [TASK_PULL_THREAD] ready workers:47, pending tasks:0
2020-02-05 12:51:46.335 parsl:225 Rank:0 [DEBUG]  [TASK_PULL_THREAD] Requesting tasks: 47
2020-02-05 12:51:48.898 parsl:256 Rank:0 [DEBUG]  [TASK_PULL_THREAD] No incoming tasks
2020-02-05 12:51:48.898 parsl:218 Rank:0 [DEBUG]  [TASK_PULL_THREAD] ready workers:47, pending tasks:0
2020-02-05 12:51:48.898 parsl:225 Rank:0 [DEBUG]  [TASK_PULL_THREAD] Requesting tasks: 47
2020-02-05 12:51:54.023 parsl:256 Rank:0 [DEBUG]  [TASK_PULL_THREAD] No incoming tasks
2020-02-05 12:51:54.024 parsl:218 Rank:0 [DEBUG]  [TASK_PULL_THREAD] ready workers:47, pending tasks:0
2020-02-05 12:51:54.024 parsl:225 Rank:0 [DEBUG]  [TASK_PULL_THREAD] Requesting tasks: 47
2020-02-05 12:52:04.274 parsl:256 Rank:0 [DEBUG]  [TASK_PULL_THREAD] No incoming tasks
2020-02-05 12:52:04.274 parsl:218 Rank:0 [DEBUG]  [TASK_PULL_THREAD] ready workers:47, pending tasks:0
2020-02-05 12:52:04.275 parsl:225 Rank:0 [DEBUG]  [TASK_PULL_THREAD] Requesting tasks: 47
2020-02-05 12:52:24.775 parsl:256 Rank:0 [DEBUG]  [TASK_PULL_THREAD] No incoming tasks
2020-02-05 12:52:24.776 parsl:218 Rank:0 [DEBUG]  [TASK_PULL_THREAD] ready workers:47, pending tasks:0
2020-02-05 12:52:24.776 parsl:188 Rank:0 [DEBUG]  Return from heartbeat: None
2020-02-05 12:52:24.776 parsl:225 Rank:0 [DEBUG]  [TASK_PULL_THREAD] Requesting tasks: 47
2020-02-05 12:52:24.777 parsl:243 Rank:0 [DEBUG]  Got heartbeat from interchange
2020-02-05 12:52:24.777 parsl:218 Rank:0 [DEBUG]  [TASK_PULL_THREAD] ready workers:47, pending tasks:0
2020-02-05 12:52:24.777 parsl:225 Rank:0 [DEBUG]  [TASK_PULL_THREAD] Requesting tasks: 47
2020-02-05 12:52:24.777 parsl:256 Rank:0 [DEBUG]  [TASK_PULL_THREAD] No incoming tasks
2020-02-05 12:52:24.777 parsl:218 Rank:0 [DEBUG]  [TASK_PULL_THREAD] ready workers:47, pending tasks:0
2020-02-05 12:52:24.777 parsl:225 Rank:0 [DEBUG]  [TASK_PULL_THREAD] Requesting tasks: 47
2020-02-05 12:52:24.798 parsl:256 Rank:0 [DEBUG]  [TASK_PULL_THREAD] No incoming tasks
2020-02-05 12:52:24.798 parsl:218 Rank:0 [DEBUG]  [TASK_PULL_THREAD] ready workers:47, pending tasks:0
2020-02-05 12:52:24.798 parsl:225 Rank:0 [DEBUG]  [TASK_PULL_THREAD] Requesting tasks: 47
2020-02-05 12:52:24.838 parsl:256 Rank:0 [DEBUG]  [TASK_PULL_THREAD] No incoming tasks
2020-02-05 12:52:24.838 parsl:218 Rank:0 [DEBUG]  [TASK_PULL_THREAD] ready workers:47, pending tasks:0
2020-02-05 12:52:24.838 parsl:225 Rank:0 [DEBUG]  [TASK_PULL_THREAD] Requesting tasks: 47
2020-02-05 12:52:24.918 parsl:256 Rank:0 [DEBUG]  [TASK_PULL_THREAD] No incoming tasks
2020-02-05 12:52:24.918 parsl:218 Rank:0 [DEBUG]  [TASK_PULL_THREAD] ready workers:47, pending tasks:0
2020-02-05 12:52:24.918 parsl:225 Rank:0 [DEBUG]  [TASK_PULL_THREAD] Requesting tasks: 47
2020-02-05 12:52:25.079 parsl:256 Rank:0 [DEBUG]  [TASK_PULL_THREAD] No incoming tasks
2020-02-05 12:52:25.079 parsl:218 Rank:0 [DEBUG]  [TASK_PULL_THREAD] ready workers:47, pending tasks:0
2020-02-05 12:52:25.079 parsl:225 Rank:0 [DEBUG]  [TASK_PULL_THREAD] Requesting tasks: 47
2020-02-05 12:52:25.399 parsl:256 Rank:0 [DEBUG]  [TASK_PULL_THREAD] No incoming tasks
2020-02-05 12:52:25.399 parsl:218 Rank:0 [DEBUG]  [TASK_PULL_THREAD] ready workers:47, pending tasks:0
2020-02-05 12:52:25.399 parsl:225 Rank:0 [DEBUG]  [TASK_PULL_THREAD] Requesting tasks: 47
2020-02-05 12:52:26.040 parsl:256 Rank:0 [DEBUG]  [TASK_PULL_THREAD] No incoming tasks
2020-02-05 12:52:26.040 parsl:218 Rank:0 [DEBUG]  [TASK_PULL_THREAD] ready workers:47, pending tasks:0
2020-02-05 12:52:26.040 parsl:225 Rank:0 [DEBUG]  [TASK_PULL_THREAD] Requesting tasks: 47
2020-02-05 12:52:27.321 parsl:256 Rank:0 [DEBUG]  [TASK_PULL_THREAD] No incoming tasks
2020-02-05 12:52:27.322 parsl:218 Rank:0 [DEBUG]  [TASK_PULL_THREAD] ready workers:47, pending tasks:0
2020-02-05 12:52:27.322 parsl:225 Rank:0 [DEBUG]  [TASK_PULL_THREAD] Requesting tasks: 47
2020-02-05 12:52:29.884 parsl:256 Rank:0 [DEBUG]  [TASK_PULL_THREAD] No incoming tasks
2020-02-05 12:52:29.884 parsl:218 Rank:0 [DEBUG]  [TASK_PULL_THREAD] ready workers:47, pending tasks:0
2020-02-05 12:52:29.884 parsl:225 Rank:0 [DEBUG]  [TASK_PULL_THREAD] Requesting tasks: 47
2020-02-05 12:52:35.010 parsl:256 Rank:0 [DEBUG]  [TASK_PULL_THREAD] No incoming tasks
2020-02-05 12:52:35.010 parsl:218 Rank:0 [DEBUG]  [TASK_PULL_THREAD] ready workers:47, pending tasks:0
2020-02-05 12:52:35.010 parsl:225 Rank:0 [DEBUG]  [TASK_PULL_THREAD] Requesting tasks: 47
2020-02-05 12:52:45.260 parsl:256 Rank:0 [DEBUG]  [TASK_PULL_THREAD] No incoming tasks
2020-02-05 12:52:45.261 parsl:218 Rank:0 [DEBUG]  [TASK_PULL_THREAD] ready workers:47, pending tasks:0
2020-02-05 12:52:45.261 parsl:225 Rank:0 [DEBUG]  [TASK_PULL_THREAD] Requesting tasks: 47
2020-02-05 12:53:05.762 parsl:256 Rank:0 [DEBUG]  [TASK_PULL_THREAD] No incoming tasks
2020-02-05 12:53:05.762 parsl:218 Rank:0 [DEBUG]  [TASK_PULL_THREAD] ready workers:47, pending tasks:0
2020-02-05 12:53:05.762 parsl:188 Rank:0 [DEBUG]  Return from heartbeat: None
2020-02-05 12:53:05.762 parsl:225 Rank:0 [DEBUG]  [TASK_PULL_THREAD] Requesting tasks: 47
2020-02-05 12:53:05.763 parsl:243 Rank:0 [DEBUG]  Got heartbeat from interchange
2020-02-05 12:53:05.763 parsl:218 Rank:0 [DEBUG]  [TASK_PULL_THREAD] ready workers:47, pending tasks:0
2020-02-05 12:53:05.763 parsl:225 Rank:0 [DEBUG]  [TASK_PULL_THREAD] Requesting tasks: 47
2020-02-05 12:53:05.764 parsl:256 Rank:0 [DEBUG]  [TASK_PULL_THREAD] No incoming tasks
2020-02-05 12:53:05.764 parsl:218 Rank:0 [DEBUG]  [TASK_PULL_THREAD] ready workers:47, pending tasks:0
2020-02-05 12:53:05.764 parsl:225 Rank:0 [DEBUG]  [TASK_PULL_THREAD] Requesting tasks: 47
2020-02-05 12:53:05.784 parsl:256 Rank:0 [DEBUG]  [TASK_PULL_THREAD] No incoming tasks
2020-02-05 12:53:05.784 parsl:218 Rank:0 [DEBUG]  [TASK_PULL_THREAD] ready workers:47, pending tasks:0
2020-02-05 12:53:05.784 parsl:225 Rank:0 [DEBUG]  [TASK_PULL_THREAD] Requesting tasks: 47
2020-02-05 12:53:05.824 parsl:256 Rank:0 [DEBUG]  [TASK_PULL_THREAD] No incoming tasks
2020-02-05 12:53:05.824 parsl:218 Rank:0 [DEBUG]  [TASK_PULL_THREAD] ready workers:47, pending tasks:0
2020-02-05 12:53:05.824 parsl:225 Rank:0 [DEBUG]  [TASK_PULL_THREAD] Requesting tasks: 47
2020-02-05 12:53:05.904 parsl:256 Rank:0 [DEBUG]  [TASK_PULL_THREAD] No incoming tasks
2020-02-05 12:53:05.905 parsl:218 Rank:0 [DEBUG]  [TASK_PULL_THREAD] ready workers:47, pending tasks:0
2020-02-05 12:53:05.905 parsl:225 Rank:0 [DEBUG]  [TASK_PULL_THREAD] Requesting tasks: 47
2020-02-05 12:53:06.065 parsl:256 Rank:0 [DEBUG]  [TASK_PULL_THREAD] No incoming tasks
2020-02-05 12:53:06.065 parsl:218 Rank:0 [DEBUG]  [TASK_PULL_THREAD] ready workers:47, pending tasks:0
2020-02-05 12:53:06.065 parsl:225 Rank:0 [DEBUG]  [TASK_PULL_THREAD] Requesting tasks: 47
2020-02-05 12:53:06.385 parsl:256 Rank:0 [DEBUG]  [TASK_PULL_THREAD] No incoming tasks
2020-02-05 12:53:06.386 parsl:218 Rank:0 [DEBUG]  [TASK_PULL_THREAD] ready workers:47, pending tasks:0
2020-02-05 12:53:06.386 parsl:225 Rank:0 [DEBUG]  [TASK_PULL_THREAD] Requesting tasks: 47
2020-02-05 12:53:07.026 parsl:256 Rank:0 [DEBUG]  [TASK_PULL_THREAD] No incoming tasks
2020-02-05 12:53:07.026 parsl:218 Rank:0 [DEBUG]  [TASK_PULL_THREAD] ready workers:47, pending tasks:0
2020-02-05 12:53:07.026 parsl:225 Rank:0 [DEBUG]  [TASK_PULL_THREAD] Requesting tasks: 47
2020-02-05 12:53:08.308 parsl:256 Rank:0 [DEBUG]  [TASK_PULL_THREAD] No incoming tasks
2020-02-05 12:53:08.308 parsl:218 Rank:0 [DEBUG]  [TASK_PULL_THREAD] ready workers:47, pending tasks:0
2020-02-05 12:53:08.308 parsl:225 Rank:0 [DEBUG]  [TASK_PULL_THREAD] Requesting tasks: 47
2020-02-05 12:53:10.871 parsl:256 Rank:0 [DEBUG]  [TASK_PULL_THREAD] No incoming tasks
2020-02-05 12:53:10.871 parsl:218 Rank:0 [DEBUG]  [TASK_PULL_THREAD] ready workers:47, pending tasks:0
2020-02-05 12:53:10.871 parsl:225 Rank:0 [DEBUG]  [TASK_PULL_THREAD] Requesting tasks: 47
2020-02-05 12:53:15.996 parsl:256 Rank:0 [DEBUG]  [TASK_PULL_THREAD] No incoming tasks
2020-02-05 12:53:15.996 parsl:218 Rank:0 [DEBUG]  [TASK_PULL_THREAD] ready workers:47, pending tasks:0
2020-02-05 12:53:15.996 parsl:225 Rank:0 [DEBUG]  [TASK_PULL_THREAD] Requesting tasks: 47
2020-02-05 12:53:26.247 parsl:256 Rank:0 [DEBUG]  [TASK_PULL_THREAD] No incoming tasks
2020-02-05 12:53:26.247 parsl:218 Rank:0 [DEBUG]  [TASK_PULL_THREAD] ready workers:47, pending tasks:0
2020-02-05 12:53:26.247 parsl:225 Rank:0 [DEBUG]  [TASK_PULL_THREAD] Requesting tasks: 47
2020-02-05 12:53:46.741 parsl:256 Rank:0 [DEBUG]  [TASK_PULL_THREAD] No incoming tasks
2020-02-05 12:53:46.741 parsl:218 Rank:0 [DEBUG]  [TASK_PULL_THREAD] ready workers:47, pending tasks:0
2020-02-05 12:53:46.742 parsl:188 Rank:0 [DEBUG]  Return from heartbeat: None
2020-02-05 12:53:46.742 parsl:225 Rank:0 [DEBUG]  [TASK_PULL_THREAD] Requesting tasks: 47
2020-02-05 12:53:46.743 parsl:243 Rank:0 [DEBUG]  Got heartbeat from interchange
2020-02-05 12:53:46.743 parsl:218 Rank:0 [DEBUG]  [TASK_PULL_THREAD] ready workers:47, pending tasks:0
2020-02-05 12:53:46.744 parsl:225 Rank:0 [DEBUG]  [TASK_PULL_THREAD] Requesting tasks: 47
2020-02-05 12:53:46.744 parsl:256 Rank:0 [DEBUG]  [TASK_PULL_THREAD] No incoming tasks
2020-02-05 12:53:46.744 parsl:218 Rank:0 [DEBUG]  [TASK_PULL_THREAD] ready workers:47, pending tasks:0
2020-02-05 12:53:46.744 parsl:225 Rank:0 [DEBUG]  [TASK_PULL_THREAD] Requesting tasks: 47
2020-02-05 12:53:46.764 parsl:256 Rank:0 [DEBUG]  [TASK_PULL_THREAD] No incoming tasks
2020-02-05 12:53:46.764 parsl:218 Rank:0 [DEBUG]  [TASK_PULL_THREAD] ready workers:47, pending tasks:0
2020-02-05 12:53:46.764 parsl:225 Rank:0 [DEBUG]  [TASK_PULL_THREAD] Requesting tasks: 47
2020-02-05 12:53:46.804 parsl:256 Rank:0 [DEBUG]  [TASK_PULL_THREAD] No incoming tasks
2020-02-05 12:53:46.804 parsl:218 Rank:0 [DEBUG]  [TASK_PULL_THREAD] ready workers:47, pending tasks:0
2020-02-05 12:53:46.805 parsl:225 Rank:0 [DEBUG]  [TASK_PULL_THREAD] Requesting tasks: 47
2020-02-05 12:53:46.885 parsl:256 Rank:0 [DEBUG]  [TASK_PULL_THREAD] No incoming tasks
2020-02-05 12:53:46.885 parsl:218 Rank:0 [DEBUG]  [TASK_PULL_THREAD] ready workers:47, pending tasks:0
2020-02-05 12:53:46.885 parsl:225 Rank:0 [DEBUG]  [TASK_PULL_THREAD] Requesting tasks: 47
2020-02-05 12:53:47.045 parsl:256 Rank:0 [DEBUG]  [TASK_PULL_THREAD] No incoming tasks
2020-02-05 12:53:47.045 parsl:218 Rank:0 [DEBUG]  [TASK_PULL_THREAD] ready workers:47, pending tasks:0
2020-02-05 12:53:47.045 parsl:225 Rank:0 [DEBUG]  [TASK_PULL_THREAD] Requesting tasks: 47
2020-02-05 12:53:47.366 parsl:256 Rank:0 [DEBUG]  [TASK_PULL_THREAD] No incoming tasks
2020-02-05 12:53:47.366 parsl:218 Rank:0 [DEBUG]  [TASK_PULL_THREAD] ready workers:47, pending tasks:0
2020-02-05 12:53:47.366 parsl:225 Rank:0 [DEBUG]  [TASK_PULL_THREAD] Requesting tasks: 47
2020-02-05 12:53:48.007 parsl:256 Rank:0 [DEBUG]  [TASK_PULL_THREAD] No incoming tasks
2020-02-05 12:53:48.007 parsl:218 Rank:0 [DEBUG]  [TASK_PULL_THREAD] ready workers:47, pending tasks:0
2020-02-05 12:53:48.007 parsl:225 Rank:0 [DEBUG]  [TASK_PULL_THREAD] Requesting tasks: 47
2020-02-05 12:53:49.288 parsl:256 Rank:0 [DEBUG]  [TASK_PULL_THREAD] No incoming tasks
2020-02-05 12:53:49.289 parsl:218 Rank:0 [DEBUG]  [TASK_PULL_THREAD] ready workers:47, pending tasks:0
2020-02-05 12:53:49.289 parsl:225 Rank:0 [DEBUG]  [TASK_PULL_THREAD] Requesting tasks: 47
2020-02-05 12:53:51.851 parsl:256 Rank:0 [DEBUG]  [TASK_PULL_THREAD] No incoming tasks
2020-02-05 12:53:51.852 parsl:218 Rank:0 [DEBUG]  [TASK_PULL_THREAD] ready workers:47, pending tasks:0
2020-02-05 12:53:51.852 parsl:225 Rank:0 [DEBUG]  [TASK_PULL_THREAD] Requesting tasks: 47
2020-02-05 12:53:56.977 parsl:256 Rank:0 [DEBUG]  [TASK_PULL_THREAD] No incoming tasks
2020-02-05 12:53:56.977 parsl:218 Rank:0 [DEBUG]  [TASK_PULL_THREAD] ready workers:47, pending tasks:0
2020-02-05 12:53:56.977 parsl:225 Rank:0 [DEBUG]  [TASK_PULL_THREAD] Requesting tasks: 47
2020-02-05 12:54:07.228 parsl:256 Rank:0 [DEBUG]  [TASK_PULL_THREAD] No incoming tasks
2020-02-05 12:54:07.228 parsl:218 Rank:0 [DEBUG]  [TASK_PULL_THREAD] ready workers:47, pending tasks:0
2020-02-05 12:54:07.228 parsl:225 Rank:0 [DEBUG]  [TASK_PULL_THREAD] Requesting tasks: 47
2020-02-05 12:54:27.729 parsl:256 Rank:0 [DEBUG]  [TASK_PULL_THREAD] No incoming tasks
2020-02-05 12:54:27.730 parsl:218 Rank:0 [DEBUG]  [TASK_PULL_THREAD] ready workers:47, pending tasks:0
2020-02-05 12:54:27.730 parsl:188 Rank:0 [DEBUG]  Return from heartbeat: None
2020-02-05 12:54:27.730 parsl:225 Rank:0 [DEBUG]  [TASK_PULL_THREAD] Requesting tasks: 47
2020-02-05 12:54:27.731 parsl:243 Rank:0 [DEBUG]  Got heartbeat from interchange
2020-02-05 12:54:27.731 parsl:218 Rank:0 [DEBUG]  [TASK_PULL_THREAD] ready workers:47, pending tasks:0
2020-02-05 12:54:27.731 parsl:225 Rank:0 [DEBUG]  [TASK_PULL_THREAD] Requesting tasks: 47
2020-02-05 12:54:27.731 parsl:256 Rank:0 [DEBUG]  [TASK_PULL_THREAD] No incoming tasks
2020-02-05 12:54:27.731 parsl:218 Rank:0 [DEBUG]  [TASK_PULL_THREAD] ready workers:47, pending tasks:0
2020-02-05 12:54:27.731 parsl:225 Rank:0 [DEBUG]  [TASK_PULL_THREAD] Requesting tasks: 47
2020-02-05 12:54:27.751 parsl:256 Rank:0 [DEBUG]  [TASK_PULL_THREAD] No incoming tasks
2020-02-05 12:54:27.751 parsl:218 Rank:0 [DEBUG]  [TASK_PULL_THREAD] ready workers:47, pending tasks:0
2020-02-05 12:54:27.752 parsl:225 Rank:0 [DEBUG]  [TASK_PULL_THREAD] Requesting tasks: 47
2020-02-05 12:54:27.792 parsl:256 Rank:0 [DEBUG]  [TASK_PULL_THREAD] No incoming tasks
2020-02-05 12:54:27.792 parsl:218 Rank:0 [DEBUG]  [TASK_PULL_THREAD] ready workers:47, pending tasks:0
2020-02-05 12:54:27.792 parsl:225 Rank:0 [DEBUG]  [TASK_PULL_THREAD] Requesting tasks: 47
2020-02-05 12:54:27.872 parsl:256 Rank:0 [DEBUG]  [TASK_PULL_THREAD] No incoming tasks
2020-02-05 12:54:27.872 parsl:218 Rank:0 [DEBUG]  [TASK_PULL_THREAD] ready workers:47, pending tasks:0
2020-02-05 12:54:27.873 parsl:225 Rank:0 [DEBUG]  [TASK_PULL_THREAD] Requesting tasks: 47
2020-02-05 12:54:28.033 parsl:256 Rank:0 [DEBUG]  [TASK_PULL_THREAD] No incoming tasks
2020-02-05 12:54:28.033 parsl:218 Rank:0 [DEBUG]  [TASK_PULL_THREAD] ready workers:47, pending tasks:0
2020-02-05 12:54:28.033 parsl:225 Rank:0 [DEBUG]  [TASK_PULL_THREAD] Requesting tasks: 47
2020-02-05 12:54:28.354 parsl:256 Rank:0 [DEBUG]  [TASK_PULL_THREAD] No incoming tasks
2020-02-05 12:54:28.354 parsl:218 Rank:0 [DEBUG]  [TASK_PULL_THREAD] ready workers:47, pending tasks:0
2020-02-05 12:54:28.354 parsl:225 Rank:0 [DEBUG]  [TASK_PULL_THREAD] Requesting tasks: 47
2020-02-05 12:54:28.995 parsl:256 Rank:0 [DEBUG]  [TASK_PULL_THREAD] No incoming tasks
2020-02-05 12:54:28.995 parsl:218 Rank:0 [DEBUG]  [TASK_PULL_THREAD] ready workers:47, pending tasks:0
2020-02-05 12:54:28.995 parsl:225 Rank:0 [DEBUG]  [TASK_PULL_THREAD] Requesting tasks: 47
2020-02-05 12:54:30.276 parsl:256 Rank:0 [DEBUG]  [TASK_PULL_THREAD] No incoming tasks
2020-02-05 12:54:30.276 parsl:218 Rank:0 [DEBUG]  [TASK_PULL_THREAD] ready workers:47, pending tasks:0
2020-02-05 12:54:30.277 parsl:225 Rank:0 [DEBUG]  [TASK_PULL_THREAD] Requesting tasks: 47
2020-02-05 12:54:32.839 parsl:256 Rank:0 [DEBUG]  [TASK_PULL_THREAD] No incoming tasks
2020-02-05 12:54:32.839 parsl:218 Rank:0 [DEBUG]  [TASK_PULL_THREAD] ready workers:47, pending tasks:0
2020-02-05 12:54:32.840 parsl:225 Rank:0 [DEBUG]  [TASK_PULL_THREAD] Requesting tasks: 47
2020-02-05 12:54:37.965 parsl:256 Rank:0 [DEBUG]  [TASK_PULL_THREAD] No incoming tasks
2020-02-05 12:54:37.965 parsl:218 Rank:0 [DEBUG]  [TASK_PULL_THREAD] ready workers:47, pending tasks:0
2020-02-05 12:54:37.965 parsl:225 Rank:0 [DEBUG]  [TASK_PULL_THREAD] Requesting tasks: 47
2020-02-05 12:54:48.216 parsl:256 Rank:0 [DEBUG]  [TASK_PULL_THREAD] No incoming tasks
2020-02-05 12:54:48.216 parsl:218 Rank:0 [DEBUG]  [TASK_PULL_THREAD] ready workers:47, pending tasks:0
2020-02-05 12:54:48.216 parsl:225 Rank:0 [DEBUG]  [TASK_PULL_THREAD] Requesting tasks: 47
2020-02-05 12:55:08.717 parsl:256 Rank:0 [DEBUG]  [TASK_PULL_THREAD] No incoming tasks
2020-02-05 12:55:08.718 parsl:218 Rank:0 [DEBUG]  [TASK_PULL_THREAD] ready workers:47, pending tasks:0
2020-02-05 12:55:08.718 parsl:188 Rank:0 [DEBUG]  Return from heartbeat: None
2020-02-05 12:55:08.718 parsl:225 Rank:0 [DEBUG]  [TASK_PULL_THREAD] Requesting tasks: 47
2020-02-05 12:55:08.719 parsl:243 Rank:0 [DEBUG]  Got heartbeat from interchange
2020-02-05 12:55:08.719 parsl:218 Rank:0 [DEBUG]  [TASK_PULL_THREAD] ready workers:47, pending tasks:0
2020-02-05 12:55:08.719 parsl:225 Rank:0 [DEBUG]  [TASK_PULL_THREAD] Requesting tasks: 47
2020-02-05 12:55:08.719 parsl:256 Rank:0 [DEBUG]  [TASK_PULL_THREAD] No incoming tasks
2020-02-05 12:55:08.720 parsl:218 Rank:0 [DEBUG]  [TASK_PULL_THREAD] ready workers:47, pending tasks:0
2020-02-05 12:55:08.720 parsl:225 Rank:0 [DEBUG]  [TASK_PULL_THREAD] Requesting tasks: 47
2020-02-05 12:55:08.740 parsl:256 Rank:0 [DEBUG]  [TASK_PULL_THREAD] No incoming tasks
2020-02-05 12:55:08.740 parsl:218 Rank:0 [DEBUG]  [TASK_PULL_THREAD] ready workers:47, pending tasks:0
2020-02-05 12:55:08.740 parsl:225 Rank:0 [DEBUG]  [TASK_PULL_THREAD] Requesting tasks: 47
2020-02-05 12:55:08.781 parsl:256 Rank:0 [DEBUG]  [TASK_PULL_THREAD] No incoming tasks
2020-02-05 12:55:08.781 parsl:218 Rank:0 [DEBUG]  [TASK_PULL_THREAD] ready workers:47, pending tasks:0
2020-02-05 12:55:08.781 parsl:225 Rank:0 [DEBUG]  [TASK_PULL_THREAD] Requesting tasks: 47
2020-02-05 12:55:08.861 parsl:256 Rank:0 [DEBUG]  [TASK_PULL_THREAD] No incoming tasks
2020-02-05 12:55:08.861 parsl:218 Rank:0 [DEBUG]  [TASK_PULL_THREAD] ready workers:47, pending tasks:0
2020-02-05 12:55:08.861 parsl:225 Rank:0 [DEBUG]  [TASK_PULL_THREAD] Requesting tasks: 47
2020-02-05 12:55:09.022 parsl:256 Rank:0 [DEBUG]  [TASK_PULL_THREAD] No incoming tasks
2020-02-05 12:55:09.022 parsl:218 Rank:0 [DEBUG]  [TASK_PULL_THREAD] ready workers:47, pending tasks:0
2020-02-05 12:55:09.022 parsl:225 Rank:0 [DEBUG]  [TASK_PULL_THREAD] Requesting tasks: 47
2020-02-05 12:55:09.342 parsl:256 Rank:0 [DEBUG]  [TASK_PULL_THREAD] No incoming tasks
2020-02-05 12:55:09.343 parsl:218 Rank:0 [DEBUG]  [TASK_PULL_THREAD] ready workers:47, pending tasks:0
2020-02-05 12:55:09.343 parsl:225 Rank:0 [DEBUG]  [TASK_PULL_THREAD] Requesting tasks: 47
2020-02-05 12:55:09.983 parsl:256 Rank:0 [DEBUG]  [TASK_PULL_THREAD] No incoming tasks
2020-02-05 12:55:09.984 parsl:218 Rank:0 [DEBUG]  [TASK_PULL_THREAD] ready workers:47, pending tasks:0
2020-02-05 12:55:09.984 parsl:225 Rank:0 [DEBUG]  [TASK_PULL_THREAD] Requesting tasks: 47
2020-02-05 12:55:11.265 parsl:256 Rank:0 [DEBUG]  [TASK_PULL_THREAD] No incoming tasks
2020-02-05 12:55:11.265 parsl:218 Rank:0 [DEBUG]  [TASK_PULL_THREAD] ready workers:47, pending tasks:0
2020-02-05 12:55:11.265 parsl:225 Rank:0 [DEBUG]  [TASK_PULL_THREAD] Requesting tasks: 47
2020-02-05 12:55:13.828 parsl:256 Rank:0 [DEBUG]  [TASK_PULL_THREAD] No incoming tasks
2020-02-05 12:55:13.828 parsl:218 Rank:0 [DEBUG]  [TASK_PULL_THREAD] ready workers:47, pending tasks:0
2020-02-05 12:55:13.828 parsl:225 Rank:0 [DEBUG]  [TASK_PULL_THREAD] Requesting tasks: 47
2020-02-05 12:55:18.954 parsl:256 Rank:0 [DEBUG]  [TASK_PULL_THREAD] No incoming tasks
2020-02-05 12:55:18.954 parsl:218 Rank:0 [DEBUG]  [TASK_PULL_THREAD] ready workers:47, pending tasks:0
2020-02-05 12:55:18.954 parsl:225 Rank:0 [DEBUG]  [TASK_PULL_THREAD] Requesting tasks: 47
2020-02-05 12:55:29.204 parsl:256 Rank:0 [DEBUG]  [TASK_PULL_THREAD] No incoming tasks
2020-02-05 12:55:29.205 parsl:218 Rank:0 [DEBUG]  [TASK_PULL_THREAD] ready workers:47, pending tasks:0
2020-02-05 12:55:29.205 parsl:225 Rank:0 [DEBUG]  [TASK_PULL_THREAD] Requesting tasks: 47
2020-02-05 12:55:49.706 parsl:256 Rank:0 [DEBUG]  [TASK_PULL_THREAD] No incoming tasks
2020-02-05 12:55:49.707 parsl:218 Rank:0 [DEBUG]  [TASK_PULL_THREAD] ready workers:47, pending tasks:0
2020-02-05 12:55:49.707 parsl:188 Rank:0 [DEBUG]  Return from heartbeat: None
2020-02-05 12:55:49.707 parsl:225 Rank:0 [DEBUG]  [TASK_PULL_THREAD] Requesting tasks: 47
2020-02-05 12:55:49.708 parsl:243 Rank:0 [DEBUG]  Got heartbeat from interchange
2020-02-05 12:55:49.708 parsl:218 Rank:0 [DEBUG]  [TASK_PULL_THREAD] ready workers:47, pending tasks:0
2020-02-05 12:55:49.708 parsl:225 Rank:0 [DEBUG]  [TASK_PULL_THREAD] Requesting tasks: 47
2020-02-05 12:55:49.708 parsl:256 Rank:0 [DEBUG]  [TASK_PULL_THREAD] No incoming tasks
2020-02-05 12:55:49.708 parsl:218 Rank:0 [DEBUG]  [TASK_PULL_THREAD] ready workers:47, pending tasks:0
2020-02-05 12:55:49.708 parsl:225 Rank:0 [DEBUG]  [TASK_PULL_THREAD] Requesting tasks: 47
2020-02-05 12:55:49.729 parsl:256 Rank:0 [DEBUG]  [TASK_PULL_THREAD] No incoming tasks
2020-02-05 12:55:49.729 parsl:218 Rank:0 [DEBUG]  [TASK_PULL_THREAD] ready workers:47, pending tasks:0
2020-02-05 12:55:49.729 parsl:225 Rank:0 [DEBUG]  [TASK_PULL_THREAD] Requesting tasks: 47
2020-02-05 12:55:49.769 parsl:256 Rank:0 [DEBUG]  [TASK_PULL_THREAD] No incoming tasks
2020-02-05 12:55:49.769 parsl:218 Rank:0 [DEBUG]  [TASK_PULL_THREAD] ready workers:47, pending tasks:0
2020-02-05 12:55:49.769 parsl:225 Rank:0 [DEBUG]  [TASK_PULL_THREAD] Requesting tasks: 47
2020-02-05 12:55:49.850 parsl:256 Rank:0 [DEBUG]  [TASK_PULL_THREAD] No incoming tasks
2020-02-05 12:55:49.850 parsl:218 Rank:0 [DEBUG]  [TASK_PULL_THREAD] ready workers:47, pending tasks:0
2020-02-05 12:55:49.850 parsl:225 Rank:0 [DEBUG]  [TASK_PULL_THREAD] Requesting tasks: 47
2020-02-05 12:55:50.010 parsl:256 Rank:0 [DEBUG]  [TASK_PULL_THREAD] No incoming tasks
2020-02-05 12:55:50.010 parsl:218 Rank:0 [DEBUG]  [TASK_PULL_THREAD] ready workers:47, pending tasks:0
2020-02-05 12:55:50.011 parsl:225 Rank:0 [DEBUG]  [TASK_PULL_THREAD] Requesting tasks: 47
2020-02-05 12:55:50.331 parsl:256 Rank:0 [DEBUG]  [TASK_PULL_THREAD] No incoming tasks
2020-02-05 12:55:50.331 parsl:218 Rank:0 [DEBUG]  [TASK_PULL_THREAD] ready workers:47, pending tasks:0
2020-02-05 12:55:50.331 parsl:225 Rank:0 [DEBUG]  [TASK_PULL_THREAD] Requesting tasks: 47
2020-02-05 12:55:50.972 parsl:256 Rank:0 [DEBUG]  [TASK_PULL_THREAD] No incoming tasks
2020-02-05 12:55:50.972 parsl:218 Rank:0 [DEBUG]  [TASK_PULL_THREAD] ready workers:47, pending tasks:0
2020-02-05 12:55:50.972 parsl:225 Rank:0 [DEBUG]  [TASK_PULL_THREAD] Requesting tasks: 47
2020-02-05 12:55:52.254 parsl:256 Rank:0 [DEBUG]  [TASK_PULL_THREAD] No incoming tasks
2020-02-05 12:55:52.254 parsl:218 Rank:0 [DEBUG]  [TASK_PULL_THREAD] ready workers:47, pending tasks:0
2020-02-05 12:55:52.254 parsl:225 Rank:0 [DEBUG]  [TASK_PULL_THREAD] Requesting tasks: 47
