2020-02-04 17:33:03.289 [IPEngineApp] Loading url_file 'runinfo/054/ipengine.3aa6444a-efa2-4eae-97c3-479ff173b5cf.json'
2020-02-04 17:33:03.289 [IPEngineApp] Loading url_file 'runinfo/054/ipengine.3aa6444a-efa2-4eae-97c3-479ff173b5cf.json'
2020-02-04 17:33:03.290 [IPEngineApp] Loading url_file 'runinfo/054/ipengine.3aa6444a-efa2-4eae-97c3-479ff173b5cf.json'
2020-02-04 17:33:03.290 [IPEngineApp] Loading url_file 'runinfo/054/ipengine.3aa6444a-efa2-4eae-97c3-479ff173b5cf.json'
2020-02-04 17:33:03.291 [IPEngineApp] Loading url_file 'runinfo/054/ipengine.3aa6444a-efa2-4eae-97c3-479ff173b5cf.json'
2020-02-04 17:33:03.303 [IPEngineApp] Loading url_file 'runinfo/054/ipengine.3aa6444a-efa2-4eae-97c3-479ff173b5cf.json'
2020-02-04 17:33:03.330 [IPEngineApp] Loading url_file 'runinfo/054/ipengine.3aa6444a-efa2-4eae-97c3-479ff173b5cf.json'
2020-02-04 17:33:03.333 [IPEngineApp] Loading url_file 'runinfo/054/ipengine.3aa6444a-efa2-4eae-97c3-479ff173b5cf.json'
2020-02-04 17:33:03.353 [IPEngineApp] Registering with controller at tcp://192.168.0.1:33551
2020-02-04 17:33:03.359 [IPEngineApp] Loading url_file 'runinfo/054/ipengine.3aa6444a-efa2-4eae-97c3-479ff173b5cf.json'
2020-02-04 17:33:03.360 [IPEngineApp] Registering with controller at tcp://192.168.0.1:33551
2020-02-04 17:33:03.363 [IPEngineApp] Registering with controller at tcp://192.168.0.1:33551
2020-02-04 17:33:03.364 [IPEngineApp] Registering with controller at tcp://192.168.0.1:33551
2020-02-04 17:33:03.364 [IPEngineApp] Registering with controller at tcp://192.168.0.1:33551
2020-02-04 17:33:03.365 [IPEngineApp] Loading url_file 'runinfo/054/ipengine.3aa6444a-efa2-4eae-97c3-479ff173b5cf.json'
2020-02-04 17:33:03.371 [IPEngineApp] Registering with controller at tcp://192.168.0.1:33551
2020-02-04 17:33:03.393 [IPEngineApp] Registering with controller at tcp://192.168.0.1:33551
2020-02-04 17:33:03.394 [IPEngineApp] Registering with controller at tcp://192.168.0.1:33551
2020-02-04 17:33:03.418 [IPEngineApp] Registering with controller at tcp://192.168.0.1:33551
2020-02-04 17:33:03.441 [IPEngineApp] Registering with controller at tcp://192.168.0.1:33551
2020-02-04 17:33:03.448 [IPEngineApp] Starting to monitor the heartbeat signal from the hub every 3010 ms.
2020-02-04 17:33:03.451 [IPEngineApp] Starting to monitor the heartbeat signal from the hub every 3010 ms.
2020-02-04 17:33:03.454 [IPEngineApp] Completed registration with id 1
2020-02-04 17:33:03.457 [IPEngineApp] Completed registration with id 0
2020-02-04 17:33:03.475 [IPEngineApp] Starting to monitor the heartbeat signal from the hub every 3010 ms.
2020-02-04 17:33:03.476 [IPEngineApp] Starting to monitor the heartbeat signal from the hub every 3010 ms.
2020-02-04 17:33:03.481 [IPEngineApp] Completed registration with id 5
2020-02-04 17:33:03.483 [IPEngineApp] Completed registration with id 3
2020-02-04 17:33:03.489 [IPEngineApp] Starting to monitor the heartbeat signal from the hub every 3010 ms.
2020-02-04 17:33:03.490 [IPEngineApp] Starting to monitor the heartbeat signal from the hub every 3010 ms.
2020-02-04 17:33:03.491 [IPEngineApp] Starting to monitor the heartbeat signal from the hub every 3010 ms.
2020-02-04 17:33:03.499 [IPEngineApp] Completed registration with id 7
2020-02-04 17:33:03.499 [IPEngineApp] Completed registration with id 4
2020-02-04 17:33:03.501 [IPEngineApp] Completed registration with id 2
2020-02-04 17:33:03.512 [IPEngineApp] Starting to monitor the heartbeat signal from the hub every 3010 ms.
2020-02-04 17:33:03.515 [IPEngineApp] Starting to monitor the heartbeat signal from the hub every 3010 ms.
2020-02-04 17:33:03.520 [IPEngineApp] Completed registration with id 8
2020-02-04 17:33:03.522 [IPEngineApp] Starting to monitor the heartbeat signal from the hub every 3010 ms.
2020-02-04 17:33:03.524 [IPEngineApp] Completed registration with id 6
2020-02-04 17:33:03.533 [IPEngineApp] Completed registration with id 9
DEBUG:__main__.1580866389.8111987:Executable: STAR --runThreadN 1 --runMode genomeGenerate --genomeDir  "/home/users/ellenrichards/test_run_1/s008_c41703_g1_i1_m8507/gd" --genomeFastaFiles "/home/users/ellenrichards/test_run_1/s008_c41703_g1_i1_m8507.fasta" --genomeSAindexNbases 2
Feb 04 17:33:09 ..... started STAR run
Feb 04 17:33:09 ... starting to generate Genome files
Feb 04 17:33:09 ... starting to sort Suffix Array. This may take a long time...
Feb 04 17:33:09 ... sorting Suffix Array chunks and saving them to disk...
Feb 04 17:33:09 ... loading chunks from disk, packing SA...
Feb 04 17:33:09 ... finished generating suffix array
Feb 04 17:33:09 ... generating Suffix Array index
Feb 04 17:33:09 ... completed Suffix Array index
Feb 04 17:33:09 ... writing Genome to disk ...
Feb 04 17:33:09 ... writing Suffix Array to disk ...
Feb 04 17:33:09 ... writing SAindex to disk
Feb 04 17:33:09 ..... finished successfully
DEBUG:__main__.1580866391.3414667:Executable: STAR --runMode alignReads --runThreadN 15 --genomeDir "/home/users/ellenrichards/test_run_1/s008_c41703_g1_i1_m8507/gd"  --readFilesIn /home/users/ellenrichards/binfordlab/raw_reads/"lane1-s008-indexRPI8-ACTTGA-MP1fe_S8_L001_R1_001.fastq"  /home/users/ellenrichards/binfordlab/raw_reads/"lane1-s008-indexRPI8-ACTTGA-MP1fe_S8_L001_R2_001.fastq" --outFileNamePrefix "/home/users/ellenrichards/test_run_1/s008_c41703_g1_i1_m8507/8" --outSAMtype BAM SortedByCoordinate --limitBAMsortRAM 40000000000
Feb 04 17:33:11 ..... started STAR run
Feb 04 17:33:11 ..... loading genome
Feb 04 17:33:11 ..... started mapping
